{"logTime": "1014/014913", "correlationVector":"ETd5ctJiAOxmfuzkZto4iy.1","action":"SyncServerConnectionManagerRequest", "result":"SYNC_SERVER_OK", "context":{"environment":"Prod_southindia_prod-s01-004-apac-southindia", "migrationStage":"NotStarted", "server":"akswtt01900001t"}}
{"logTime": "1014/014915", "correlationVector":"ETd5ctJiAOxmfuzkZto4iy.2","action":"AAD.Mip.Unpack", "result":"Fail", "context":MIP_CLOUD_COMMERCIAL:Network error}
{"logTime": "1014/014915", "correlationVector":"ETd5ctJiAOxmfuzkZto4iy.3","action":"AAD.GetKeyResponse", "result":"Fail", "context":Keys=-1.LastKeyStatus=.State=None. Tags: . Emails: ["nkosinathi.radebe@khonology.com"]}
{"logTime": "1014/014915", "correlationVector":"ETd5ctJiAOxmfuzkZto4iy.4","action":"ProcessGetUpdates", "result":"Done", "context":{"dataType":"Encryption Keys", "deleted":"0", "process_failed_to_decrypt":"0", "process_pending_decryption":"0", "process_success":"1", "total":"1"}}
{"logTime": "1014/015001", "correlationVector":"IfLJAebN9UK/zd2NCDKoY8.1","action":"SyncServerConnectionManagerRequest", "result":"SYNC_SERVER_OK", "context":{"environment":"Prod_southindia_prod-s01-004-apac-southindia", "migrationStage":"NotStarted", "server":"akswtt01900001h"}}
{"logTime": "1014/015002", "correlationVector":"IfLJAebN9UK/zd2NCDKoY8.2","action":"AAD.Mip.Unpack", "result":"Success", "context":MIP_CLOUD_COMMERCIAL:Success}
{"logTime": "1014/015002", "correlationVector":"IfLJAebN9UK/zd2NCDKoY8.3","action":"EncryptionKeysManager::SetEncryptionKeys:", "result":"Success", "context":Key names[1]:[mkftBucTWQRS6JKJCifdVYPOiBCCyW4vEFCqRCNDCIkjj2XmGj9mRMdfls73ulg1NKZFcJBaEaHwgjPzZ/sqYQ==]}
{"logTime": "1014/015002", "correlationVector":"IfLJAebN9UK/zd2NCDKoY8.4","action":"AAD.GetKeyResponse", "result":"Success", "context":Keys=1.LastKeyStatus=Active. 2025-05-21 11:54:31 +02.State=None. Tags: Current_encryption_keys_tag = 77+9M2bvv73vv70YQTDGqDldVELvv73NlTYSWm/euO+/vU4TFe+/ve+/ve+/ve+/ve+/vQ==, Updated_current_encryption_keys_tag = Empty. Emails: ["nkosinathi.radebe@khonology.com"]}
{"logTime": "1014/015002", "correlationVector":"ETd5ctJiAOxmfuzkZto4iy","action":"Initial GetUpdates", "result":"", "context":Reason: NEW_CLIENT. cV=ETd5ctJiAOxmfuzkZto4iy}
{"logTime": "1014/015002", "correlationVector":"ETd5ctJiAOxmfuzkZto4iy.5","action":"GetUpdates Response", "result":"Success", "context":Received 1 update(s). cV=ETd5ctJiAOxmfuzkZto4iy.0;server=akswtt01900001t;cloudType=Multitenant;environment=Prod_southindia_prod-s01-004-apac-southindia;migrationStage=NotStarted}
{"logTime": "1014/015002", "correlationVector":"IfLJAebN9UK/zd2NCDKoY8","action":"Initial GetUpdates", "result":"", "context":Reason: NEW_CLIENT. cV=IfLJAebN9UK/zd2NCDKoY8}
{"logTime": "1014/015002", "correlationVector":"IfLJAebN9UK/zd2NCDKoY8.5","action":"GetUpdates Response", "result":"Success", "context":Received 0 update(s). cV=IfLJAebN9UK/zd2NCDKoY8.0;server=akswtt01900001h;cloudType=Multitenant;environment=Prod_southindia_prod-s01-004-apac-southindia;migrationStage=NotStarted}
{"logTime": "1014/015002", "correlationVector":"VZrxCvXjVXGQjvqDTLhCaN","action":"Initial GetUpdates", "result":"", "context":Reason: NEW_CLIENT. cV=VZrxCvXjVXGQjvqDTLhCaN}
{"logTime": "1014/015005", "correlationVector":"VZrxCvXjVXGQjvqDTLhCaN.1","action":"SyncServerConnectionManagerRequest", "result":"SYNC_SERVER_OK", "context":{"environment":"Prod_southindia_prod-s01-004-apac-southindia", "migrationStage":"NotStarted", "server":"akswtt01900002g"}}
{"logTime": "1014/015005", "correlationVector":"VZrxCvXjVXGQjvqDTLhCaN.2","action":"ProcessGetUpdates", "result":"Done", "context":{"dataType":"Preferences", "deleted":"0", "process_failed_to_decrypt":"0", "process_pending_decryption":"0", "process_success":"47", "total":"47"}}
{"logTime": "1014/015005", "correlationVector":"VZrxCvXjVXGQjvqDTLhCaN.3","action":"ProcessGetUpdates", "result":"Done", "context":{"dataType":"Passwords", "deleted":"0", "process_failed_to_decrypt":"0", "process_pending_decryption":"0", "process_success":"2", "total":"2"}}
{"logTime": "1014/015005", "correlationVector":"VZrxCvXjVXGQjvqDTLhCaN.4","action":"ProcessGetUpdates", "result":"Done", "context":{"dataType":"Device Info", "deleted":"0", "process_failed_to_decrypt":"0", "process_pending_decryption":"0", "process_success":"32", "total":"32"}}
{"logTime": "1014/015005", "correlationVector":"VZrxCvXjVXGQjvqDTLhCaN.5","action":"GetUpdates Response", "result":"Success", "context":Received 81 update(s). cV=VZrxCvXjVXGQjvqDTLhCaN.0;server=akswtt01900002g;cloudType=Multitenant;environment=Prod_southindia_prod-s01-004-apac-southindia;migrationStage=NotStarted Some updates remain.}
{"logTime": "1014/015005", "correlationVector":"4XcMo9EEB+vlWIvRHD1SVA","action":"Initial GetUpdates", "result":"", "context":Reason: NEW_CLIENT. cV=4XcMo9EEB+vlWIvRHD1SVA}
{"logTime": "1014/015006", "correlationVector":"4XcMo9EEB+vlWIvRHD1SVA.1","action":"SyncServerConnectionManagerRequest", "result":"SYNC_SERVER_OK", "context":{"environment":"Prod_southindia_prod-s01-004-apac-southindia", "migrationStage":"NotStarted", "server":"akswtt019000024"}}
{"logTime": "1014/015006", "correlationVector":"4XcMo9EEB+vlWIvRHD1SVA.2","action":"ProcessGetUpdates", "result":"Done", "context":{"dataType":"Preferences", "deleted":"0", "process_failed_to_decrypt":"0", "process_pending_decryption":"0", "process_success":"12", "total":"12"}}
{"logTime": "1014/015006", "correlationVector":"4XcMo9EEB+vlWIvRHD1SVA.3","action":"ProcessGetUpdates", "result":"Done", "context":{"dataType":"Passwords", "deleted":"0", "process_failed_to_decrypt":"0", "process_pending_decryption":"0", "process_success":"1", "total":"1"}}
{"logTime": "1014/015006", "correlationVector":"4XcMo9EEB+vlWIvRHD1SVA.4","action":"ProcessGetUpdates", "result":"Done", "context":{"dataType":"Device Info", "deleted":"0", "process_failed_to_decrypt":"0", "process_pending_decryption":"0", "process_success":"236", "total":"236"}}
{"logTime": "1014/015006", "correlationVector":"4XcMo9EEB+vlWIvRHD1SVA.5","action":"GetUpdates Response", "result":"Success", "context":Received 249 update(s). cV=4XcMo9EEB+vlWIvRHD1SVA.0;server=akswtt019000024;cloudType=Multitenant;environment=Prod_southindia_prod-s01-004-apac-southindia;migrationStage=NotStarted Some updates remain.}
{"logTime": "1014/015006", "correlationVector":"sNdeZLCaPhh7dhT2qkxd+n","action":"Initial GetUpdates", "result":"", "context":Reason: NEW_CLIENT. cV=sNdeZLCaPhh7dhT2qkxd+n}
{"logTime": "1014/015007", "correlationVector":"sNdeZLCaPhh7dhT2qkxd+n.1","action":"SyncServerConnectionManagerRequest", "result":"SYNC_SERVER_OK", "context":{"environment":"Prod_southindia_prod-s01-004-apac-southindia", "migrationStage":"NotStarted", "server":"akswtt01900001w"}}
{"logTime": "1014/015007", "correlationVector":"sNdeZLCaPhh7dhT2qkxd+n.2","action":"ProcessGetUpdates", "result":"Done", "context":{"dataType":"Preferences", "deleted":"0", "process_failed_to_decrypt":"0", "process_pending_decryption":"0", "process_success":"2", "total":"2"}}
{"logTime": "1014/015007", "correlationVector":"sNdeZLCaPhh7dhT2qkxd+n.3","action":"ProcessGetUpdates", "result":"Done", "context":{"dataType":"Passwords", "deleted":"0", "process_failed_to_decrypt":"0", "process_pending_decryption":"0", "process_success":"73", "total":"73"}}
{"logTime": "1014/015007", "correlationVector":"sNdeZLCaPhh7dhT2qkxd+n.4","action":"ProcessGetUpdates", "result":"Done", "context":{"dataType":"Device Info", "deleted":"0", "process_failed_to_decrypt":"0", "process_pending_decryption":"0", "process_success":"5", "total":"5"}}
{"logTime": "1014/015007", "correlationVector":"sNdeZLCaPhh7dhT2qkxd+n.5","action":"GetUpdates Response", "result":"Success", "context":Received 80 update(s). cV=sNdeZLCaPhh7dhT2qkxd+n.0;server=akswtt01900001w;cloudType=Multitenant;environment=Prod_southindia_prod-s01-004-apac-southindia;migrationStage=NotStarted}
{"logTime": "1014/015007", "correlationVector":"M9p+dhLqsFjhRMuhnwtAej","action":"Initial GetUpdates", "result":"", "context":Reason: NEW_CLIENT. cV=M9p+dhLqsFjhRMuhnwtAej}
{"logTime": "1014/015007", "correlationVector":"M9p+dhLqsFjhRMuhnwtAej.1","action":"SyncServerConnectionManagerRequest", "result":"SYNC_SERVER_OK", "context":{"environment":"Prod_southindia_prod-s01-004-apac-southindia", "migrationStage":"NotStarted", "server":"akswtt019000024"}}
{"logTime": "1014/015007", "correlationVector":"M9p+dhLqsFjhRMuhnwtAej.2","action":"ProcessGetUpdates", "result":"Done", "context":{"dataType":"Bookmarks", "deleted":"0", "process_failed_to_decrypt":"0", "process_pending_decryption":"0", "process_success":"8", "total":"8"}}
{"logTime": "1014/015007", "correlationVector":"M9p+dhLqsFjhRMuhnwtAej.3","action":"GetUpdates Response", "result":"Success", "context":Received 8 update(s). cV=M9p+dhLqsFjhRMuhnwtAej.0;server=akswtt019000024;cloudType=Multitenant;environment=Prod_southindia_prod-s01-004-apac-southindia;migrationStage=NotStarted}
{"logTime": "1014/015007", "correlationVector":"z1GlWn9q+VT1ne274iUR7+","action":"Initial GetUpdates", "result":"", "context":Reason: NEW_CLIENT. cV=z1GlWn9q+VT1ne274iUR7+}
{"logTime": "1014/015008", "correlationVector":"z1GlWn9q+VT1ne274iUR7+.1","action":"SyncServerConnectionManagerRequest", "result":"SYNC_SERVER_OK", "context":{"environment":"Prod_southindia_prod-s01-004-apac-southindia", "migrationStage":"NotStarted", "server":"akswtt01900002m"}}
{"logTime": "1014/015008", "correlationVector":"z1GlWn9q+VT1ne274iUR7+.2","action":"ProcessGetUpdates", "result":"Done", "context":{"dataType":"Autofill", "deleted":"0", "process_failed_to_decrypt":"0", "process_pending_decryption":"0", "process_success":"1", "total":"1"}}
{"logTime": "1014/015008", "correlationVector":"z1GlWn9q+VT1ne274iUR7+.3","action":"ProcessGetUpdates", "result":"Done", "context":{"dataType":"Collection", "deleted":"0", "process_failed_to_decrypt":"0", "process_pending_decryption":"0", "process_success":"2", "total":"2"}}
{"logTime": "1014/015008", "correlationVector":"z1GlWn9q+VT1ne274iUR7+.4","action":"ProcessGetUpdates", "result":"Done", "context":{"dataType":"Edge Hub App Usage", "deleted":"0", "process_failed_to_decrypt":"0", "process_pending_decryption":"0", "process_success":"9", "total":"9"}}
{"logTime": "1014/015008", "correlationVector":"z1GlWn9q+VT1ne274iUR7+.5","action":"GetUpdates Response", "result":"Success", "context":Received 12 update(s). cV=z1GlWn9q+VT1ne274iUR7+.0;server=akswtt01900002m;cloudType=Multitenant;environment=Prod_southindia_prod-s01-004-apac-southindia;migrationStage=NotStarted Some updates remain.}
{"logTime": "1014/015008", "correlationVector":"QtydE0VPSS8HvQlIMKdD+r","action":"Initial GetUpdates", "result":"", "context":Reason: NEW_CLIENT. cV=QtydE0VPSS8HvQlIMKdD+r}
{"logTime": "1014/015011", "correlationVector":"QtydE0VPSS8HvQlIMKdD+r.1","action":"SyncServerConnectionManagerRequest", "result":"SYNC_SERVER_OK", "context":{"environment":"Prod_southindia_prod-s01-004-apac-southindia", "migrationStage":"NotStarted", "server":"akswtt019000024"}}
{"logTime": "1014/015011", "correlationVector":"QtydE0VPSS8HvQlIMKdD+r.2","action":"ProcessGetUpdates", "result":"Done", "context":{"dataType":"Edge Hub App Usage", "deleted":"0", "process_failed_to_decrypt":"0", "process_pending_decryption":"0", "process_success":"1", "total":"1"}}
{"logTime": "1014/015011", "correlationVector":"QtydE0VPSS8HvQlIMKdD+r.3","action":"GetUpdates Response", "result":"Success", "context":Received 1 update(s). cV=QtydE0VPSS8HvQlIMKdD+r.0;server=akswtt019000024;cloudType=Multitenant;environment=Prod_southindia_prod-s01-004-apac-southindia;migrationStage=NotStarted Some updates remain.}
{"logTime": "1014/015011", "correlationVector":"tT6eZSWZ2iOL86W0nCXVlf","action":"Initial GetUpdates", "result":"", "context":Reason: NEW_CLIENT. cV=tT6eZSWZ2iOL86W0nCXVlf}
{"logTime": "1014/015012", "correlationVector":"tT6eZSWZ2iOL86W0nCXVlf.1","action":"SyncServerConnectionManagerRequest", "result":"SYNC_SERVER_OK", "context":{"environment":"Prod_southindia_prod-s01-004-apac-southindia", "migrationStage":"NotStarted", "server":"akswtt01900002m"}}
{"logTime": "1014/015012", "correlationVector":"tT6eZSWZ2iOL86W0nCXVlf.2","action":"ProcessGetUpdates", "result":"Done", "context":{"dataType":"Autofill Profiles", "deleted":"0", "process_failed_to_decrypt":"0", "process_pending_decryption":"0", "process_success":"1", "total":"1"}}
{"logTime": "1014/015012", "correlationVector":"tT6eZSWZ2iOL86W0nCXVlf.3","action":"ProcessGetUpdates", "result":"Done", "context":{"dataType":"Autofill", "deleted":"0", "process_failed_to_decrypt":"0", "process_pending_decryption":"0", "process_success":"14", "total":"14"}}
{"logTime": "1014/015012", "correlationVector":"tT6eZSWZ2iOL86W0nCXVlf.4","action":"ProcessGetUpdates", "result":"Done", "context":{"dataType":"Edge Hub App Usage", "deleted":"0", "process_failed_to_decrypt":"0", "process_pending_decryption":"0", "process_success":"1", "total":"1"}}
{"logTime": "1014/015012", "correlationVector":"tT6eZSWZ2iOL86W0nCXVlf.5","action":"GetUpdates Response", "result":"Success", "context":Received 16 update(s). cV=tT6eZSWZ2iOL86W0nCXVlf.0;server=akswtt01900002m;cloudType=Multitenant;environment=Prod_southindia_prod-s01-004-apac-southindia;migrationStage=NotStarted Some updates remain.}
{"logTime": "1014/015012", "correlationVector":"kE/GvkurqbSmubQCgqX2/0","action":"Initial GetUpdates", "result":"", "context":Reason: NEW_CLIENT. cV=kE/GvkurqbSmubQCgqX2/0}
{"logTime": "1014/015013", "correlationVector":"kE/GvkurqbSmubQCgqX2/0.1","action":"SyncServerConnectionManagerRequest", "result":"SYNC_SERVER_OK", "context":{"environment":"Prod_southindia_prod-s01-004-apac-southindia", "migrationStage":"NotStarted", "server":"akswtt01900002m"}}
{"logTime": "1014/015013", "correlationVector":"kE/GvkurqbSmubQCgqX2/0.2","action":"ProcessGetUpdates", "result":"Done", "context":{"dataType":"Autofill Profiles", "deleted":"0", "process_failed_to_decrypt":"0", "process_pending_decryption":"0", "process_success":"3", "total":"3"}}
{"logTime": "1014/015013", "correlationVector":"kE/GvkurqbSmubQCgqX2/0.3","action":"ProcessGetUpdates", "result":"Done", "context":{"dataType":"Autofill", "deleted":"0", "process_failed_to_decrypt":"0", "process_pending_decryption":"0", "process_success":"14", "total":"14"}}
{"logTime": "1014/015013", "correlationVector":"kE/GvkurqbSmubQCgqX2/0.4","action":"ProcessGetUpdates", "result":"Done", "context":{"dataType":"History Delete Directives", "deleted":"0", "process_failed_to_decrypt":"0", "process_pending_decryption":"0", "process_success":"3", "total":"3"}}
{"logTime": "1014/015013", "correlationVector":"kE/GvkurqbSmubQCgqX2/0.5","action":"ProcessGetUpdates", "result":"Done", "context":{"dataType":"Edge Hub App Usage", "deleted":"0", "process_failed_to_decrypt":"0", "process_pending_decryption":"0", "process_success":"2", "total":"2"}}
{"logTime": "1014/015013", "correlationVector":"kE/GvkurqbSmubQCgqX2/0.6","action":"GetUpdates Response", "result":"Success", "context":Received 22 update(s). cV=kE/GvkurqbSmubQCgqX2/0.0;server=akswtt01900002m;cloudType=Multitenant;environment=Prod_southindia_prod-s01-004-apac-southindia;migrationStage=NotStarted Some updates remain.}
{"logTime": "1014/015013", "correlationVector":"vom+edyompwPtFBlLpQB3G","action":"Initial GetUpdates", "result":"", "context":Reason: NEW_CLIENT. cV=vom+edyompwPtFBlLpQB3G}
{"logTime": "1014/015014", "correlationVector":"vom+edyompwPtFBlLpQB3G.1","action":"SyncServerConnectionManagerRequest", "result":"SYNC_SERVER_OK", "context":{"environment":"Prod_southindia_prod-s01-004-apac-southindia", "migrationStage":"NotStarted", "server":"akswtt01900001b"}}
{"logTime": "1014/015014", "correlationVector":"vom+edyompwPtFBlLpQB3G.2","action":"ProcessGetUpdates", "result":"Done", "context":{"dataType":"Autofill Profiles", "deleted":"0", "process_failed_to_decrypt":"0", "process_pending_decryption":"0", "process_success":"2", "total":"2"}}
{"logTime": "1014/015014", "correlationVector":"vom+edyompwPtFBlLpQB3G.3","action":"ProcessGetUpdates", "result":"Done", "context":{"dataType":"Autofill", "deleted":"0", "process_failed_to_decrypt":"0", "process_pending_decryption":"0", "process_success":"5", "total":"5"}}
{"logTime": "1014/015014", "correlationVector":"vom+edyompwPtFBlLpQB3G.4","action":"ProcessGetUpdates", "result":"Done", "context":{"dataType":"Sessions", "deleted":"0", "process_failed_to_decrypt":"0", "process_pending_decryption":"0", "process_success":"70", "total":"70"}}
{"logTime": "1014/015014", "correlationVector":"vom+edyompwPtFBlLpQB3G.5","action":"ProcessGetUpdates", "result":"Done", "context":{"dataType":"History Delete Directives", "deleted":"0", "process_failed_to_decrypt":"0", "process_pending_decryption":"0", "process_success":"3", "total":"3"}}
{"logTime": "1014/015014", "correlationVector":"vom+edyompwPtFBlLpQB3G.6","action":"ProcessGetUpdates", "result":"Done", "context":{"dataType":"Edge Hub App Usage", "deleted":"0", "process_failed_to_decrypt":"0", "process_pending_decryption":"0", "process_success":"9", "total":"9"}}
{"logTime": "1014/015014", "correlationVector":"vom+edyompwPtFBlLpQB3G.7","action":"GetUpdates Response", "result":"Success", "context":Received 89 update(s). cV=vom+edyompwPtFBlLpQB3G.0;server=akswtt01900001b;cloudType=Multitenant;environment=Prod_southindia_prod-s01-004-apac-southindia;migrationStage=NotStarted Some updates remain.}
{"logTime": "1014/015014", "correlationVector":"L2wujXoG5qb+I6eklITZW7","action":"Initial GetUpdates", "result":"", "context":Reason: NEW_CLIENT. cV=L2wujXoG5qb+I6eklITZW7}
{"logTime": "1014/015015", "correlationVector":"L2wujXoG5qb+I6eklITZW7.1","action":"SyncServerConnectionManagerRequest", "result":"SYNC_SERVER_OK", "context":{"environment":"Prod_southindia_prod-s01-004-apac-southindia", "migrationStage":"NotStarted", "server":"akswtt01900002s"}}
{"logTime": "1014/015015", "correlationVector":"L2wujXoG5qb+I6eklITZW7.2","action":"ProcessGetUpdates", "result":"Done", "context":{"dataType":"Autofill Profiles", "deleted":"0", "process_failed_to_decrypt":"0", "process_pending_decryption":"0", "process_success":"1", "total":"1"}}
{"logTime": "1014/015015", "correlationVector":"L2wujXoG5qb+I6eklITZW7.3","action":"ProcessGetUpdates", "result":"Done", "context":{"dataType":"Extensions", "deleted":"0", "process_failed_to_decrypt":"0", "process_pending_decryption":"0", "process_success":"1", "total":"1"}}
{"logTime": "1014/015015", "correlationVector":"L2wujXoG5qb+I6eklITZW7.4","action":"ProcessGetUpdates", "result":"Done", "context":{"dataType":"Sessions", "deleted":"0", "process_failed_to_decrypt":"0", "process_pending_decryption":"0", "process_success":"138", "total":"138"}}
{"logTime": "1014/015015", "correlationVector":"L2wujXoG5qb+I6eklITZW7.5","action":"ProcessGetUpdates", "result":"Done", "context":{"dataType":"History Delete Directives", "deleted":"0", "process_failed_to_decrypt":"0", "process_pending_decryption":"0", "process_success":"4", "total":"4"}}
{"logTime": "1014/015015", "correlationVector":"L2wujXoG5qb+I6eklITZW7.6","action":"ProcessGetUpdates", "result":"Done", "context":{"dataType":"Edge Hub App Usage", "deleted":"0", "process_failed_to_decrypt":"0", "process_pending_decryption":"0", "process_success":"49", "total":"49"}}
{"logTime": "1014/015015", "correlationVector":"L2wujXoG5qb+I6eklITZW7.7","action":"GetUpdates Response", "result":"Success", "context":Received 193 update(s). cV=L2wujXoG5qb+I6eklITZW7.0;server=akswtt01900002s;cloudType=Multitenant;environment=Prod_southindia_prod-s01-004-apac-southindia;migrationStage=NotStarted Some updates remain.}
{"logTime": "1014/015015", "correlationVector":"DHFI9ALuUerm2ioM/rgOPW","action":"Initial GetUpdates", "result":"", "context":Reason: NEW_CLIENT. cV=DHFI9ALuUerm2ioM/rgOPW}
{"logTime": "1014/015016", "correlationVector":"DHFI9ALuUerm2ioM/rgOPW.1","action":"SyncServerConnectionManagerRequest", "result":"SYNC_SERVER_OK", "context":{"environment":"Prod_southindia_prod-s01-004-apac-southindia", "migrationStage":"NotStarted", "server":"akswtt01900001b"}}
{"logTime": "1014/015016", "correlationVector":"DHFI9ALuUerm2ioM/rgOPW.2","action":"ProcessGetUpdates", "result":"Done", "context":{"dataType":"Autofill Profiles", "deleted":"0", "process_failed_to_decrypt":"0", "process_pending_decryption":"0", "process_success":"4", "total":"4"}}
{"logTime": "1014/015016", "correlationVector":"DHFI9ALuUerm2ioM/rgOPW.3","action":"ProcessGetUpdates", "result":"Done", "context":{"dataType":"Sessions", "deleted":"0", "process_failed_to_decrypt":"0", "process_pending_decryption":"0", "process_success":"136", "total":"136"}}
{"logTime": "1014/015016", "correlationVector":"DHFI9ALuUerm2ioM/rgOPW.4","action":"ProcessGetUpdates", "result":"Done", "context":{"dataType":"History Delete Directives", "deleted":"0", "process_failed_to_decrypt":"0", "process_pending_decryption":"0", "process_success":"5", "total":"5"}}
{"logTime": "1014/015016", "correlationVector":"DHFI9ALuUerm2ioM/rgOPW.5","action":"ProcessGetUpdates", "result":"Done", "context":{"dataType":"Edge Hub App Usage", "deleted":"0", "process_failed_to_decrypt":"0", "process_pending_decryption":"0", "process_success":"6", "total":"6"}}
{"logTime": "1014/015016", "correlationVector":"DHFI9ALuUerm2ioM/rgOPW.6","action":"GetUpdates Response", "result":"Success", "context":Received 151 update(s). cV=DHFI9ALuUerm2ioM/rgOPW.0;server=akswtt01900001b;cloudType=Multitenant;environment=Prod_southindia_prod-s01-004-apac-southindia;migrationStage=NotStarted}
{"logTime": "1014/015016", "correlationVector":"tjoOabJS6YnAScbsaOMihD","action":"Initial GetUpdates", "result":"", "context":Reason: NEW_CLIENT. cV=tjoOabJS6YnAScbsaOMihD}
{"logTime": "1014/015025", "correlationVector":"tjoOabJS6YnAScbsaOMihD.1","action":"SyncServerConnectionManagerRequest", "result":"SYNC_SERVER_OK", "context":{"environment":"Prod_southindia_prod-s01-004-apac-southindia", "migrationStage":"NotStarted", "server":"akswtt01900001h"}}
{"logTime": "1014/015025", "correlationVector":"tjoOabJS6YnAScbsaOMihD.2","action":"ProcessGetUpdates", "result":"Done", "context":{"dataType":"History", "deleted":"0", "process_failed_to_decrypt":"0", "process_pending_decryption":"0", "process_success":"34", "total":"34"}}
{"logTime": "1014/015025", "correlationVector":"tjoOabJS6YnAScbsaOMihD.3","action":"GetUpdates Response", "result":"Success", "context":Received 34 update(s). cV=tjoOabJS6YnAScbsaOMihD.0;server=akswtt01900001h;cloudType=Multitenant;environment=Prod_southindia_prod-s01-004-apac-southindia;migrationStage=NotStarted}
{"logTime": "1014/015025", "correlationVector":"GyelqzYo/sbTZzj7k6Fqxt","action":"Normal GetUpdate request", "result":"", "context":cV=GyelqzYo/sbTZzj7k6Fqxt
Nudged types: Preferences, Passwords, Sessions, Device Info, User Consents
Refresh requested types: Bookmarks, Preferences, Passwords, Autofill Profiles, Autofill, Extensions, Sessions, Extension settings, History Delete Directives, Device Info, User Consents, Send Tab To Self, Web Apps, History, Saved Tab Group, WebAuthn Credentials, Collection, Edge E Drop, Edge Hub App Usage, Edge Wallet, Encryption Keys}
{"logTime": "1014/015025", "correlationVector":"GyelqzYo/sbTZzj7k6Fqxt.1","action":"SyncServerConnectionManagerRequest", "result":"SYNC_SERVER_OK", "context":{"environment":"Prod_southindia_prod-s01-004-apac-southindia", "migrationStage":"NotStarted", "server":"akswtt019000037"}}
{"logTime": "1014/015025", "correlationVector":"GyelqzYo/sbTZzj7k6Fqxt.2","action":"GetUpdates Response", "result":"Success", "context":Received 0 update(s). cV=GyelqzYo/sbTZzj7k6Fqxt.0;server=akswtt019000037;cloudType=Multitenant;environment=Prod_southindia_prod-s01-004-apac-southindia;migrationStage=NotStarted}
{"logTime": "1014/015025", "correlationVector":"HU+732xGlTliAkW7YC7Omx","action":"Commit Request", "result":"", "context":Item count: 40
Contributing types: Passwords}
{"logTime": "1014/015029", "correlationVector":"HU+732xGlTliAkW7YC7Omx.1","action":"SyncServerConnectionManagerRequest", "result":"SYNC_SERVER_OK", "context":{"environment":"Prod_southindia_prod-s01-004-apac-southindia", "migrationStage":"NotStarted", "server":"akswtt019000024"}}
{"logTime": "1014/015029", "correlationVector":"HU+732xGlTliAkW7YC7Omx.2","action":"Commit Response", "result":"Success", "context":Result: Success. cV=HU+732xGlTliAkW7YC7Omx.0;server=akswtt019000024;cloudType=Multitenant;environment=Prod_southindia_prod-s01-004-apac-southindia;migrationStage=NotStarted}
{"logTime": "1014/015029", "correlationVector":"garOg/lt+K40V99rP6fJ6z","action":"Commit Request", "result":"", "context":Item count: 39
Contributing types: Preferences, Passwords, Sessions, Device Info, User Consents}
{"logTime": "1014/015033", "correlationVector":"garOg/lt+K40V99rP6fJ6z.1","action":"SyncServerConnectionManagerRequest", "result":"SYNC_SERVER_OK", "context":{"environment":"Prod_southindia_prod-s01-004-apac-southindia", "migrationStage":"NotStarted", "server":"akswtt01900001w"}}
{"logTime": "1014/015033", "correlationVector":"garOg/lt+K40V99rP6fJ6z.2","action":"Commit Response", "result":"Success", "context":Result: Success. cV=garOg/lt+K40V99rP6fJ6z.0;server=akswtt01900001w;cloudType=Multitenant;environment=Prod_southindia_prod-s01-004-apac-southindia;migrationStage=NotStarted}
{"logTime": "1014/040438", "correlationVector":"gclJ4vKA2rRDme72PLV9+g","action":"Commit Request", "result":"", "context":Item count: 1
Contributing types: Sessions}
{"logTime": "1014/040438", "correlationVector":"gclJ4vKA2rRDme72PLV9+g.1","action":"SyncServerConnectionManagerRequest", "result":"SYNC_AUTH_ERROR", "context":{"environment":"Prod_southindia_prod-s01-004-apac-southindia", "migrationStage":"NotStarted", "server":"akswtt019000002"}}
{"logTime": "1014/040438", "correlationVector":"gclJ4vKA2rRDme72PLV9+g.2","action":"Commit Response", "result":"HTTP error (401)", "context":Result: HTTP error (401). cV=gclJ4vKA2rRDme72PLV9+g.0;server=akswtt019000002;cloudType=Undetermined;environment=Prod_southindia_prod-s01-004-apac-southindia;migrationStage=NotStarted}
{"logTime": "1014/040440", "correlationVector":"6n15ga0/IKDzPm6CUF13uX","action":"Commit Request", "result":"", "context":Item count: 1
Contributing types: Sessions}
{"logTime": "1014/040440", "correlationVector":"6n15ga0/IKDzPm6CUF13uX.1","action":"SyncServerConnectionManagerRequest", "result":"SYNC_SERVER_OK", "context":{"environment":"Prod_southindia_prod-s01-004-apac-southindia", "migrationStage":"NotStarted", "server":"akswtt01900001n"}}
{"logTime": "1014/040440", "correlationVector":"6n15ga0/IKDzPm6CUF13uX.2","action":"Commit Response", "result":"Success", "context":Result: Success. cV=6n15ga0/IKDzPm6CUF13uX.0;server=akswtt01900001n;cloudType=Multitenant;environment=Prod_southindia_prod-s01-004-apac-southindia;migrationStage=NotStarted}
{"logTime": "1014/041029", "correlationVector":"S9Yk5ioD2/CNerCdP4b8zD","action":"Commit Request", "result":"", "context":Item count: 3
Contributing types: Sessions, History}
{"logTime": "1014/041030", "correlationVector":"S9Yk5ioD2/CNerCdP4b8zD.1","action":"SyncServerConnectionManagerRequest", "result":"SYNC_SERVER_OK", "context":{"environment":"Prod_southindia_prod-s01-004-apac-southindia", "migrationStage":"NotStarted", "server":"akswtt019000030"}}
{"logTime": "1014/041030", "correlationVector":"S9Yk5ioD2/CNerCdP4b8zD.2","action":"Commit Response", "result":"Success", "context":Result: Success. cV=S9Yk5ioD2/CNerCdP4b8zD.0;server=akswtt019000030;cloudType=Multitenant;environment=Prod_southindia_prod-s01-004-apac-southindia;migrationStage=NotStarted}
