Flutter crash report.
Please report a bug at https://github.com/flutter/flutter/issues.

## command

flutter run -d chrome

## exception

DartDevelopmentServiceException: DartDevelopmentServiceException: Failed to start Dart Development Service

```
```

## flutter doctor

```
[33m[!][39m Flutter (Channel stable, 3.35.7, on Microsoft Windows [Version 10.0.26100.6899], locale
    en-ZA) [471ms]
    [32m•[39m Flutter version 3.35.7 on channel stable at C:\flutter
    [33m![39m Warning: `flutter` on your path resolves to
      C:\Users\SiphoM\Documents\Personal-Development-Hub-Android_Build\flutter, which is not
      inside your current Flutter SDK checkout at C:\flutter. Consider adding C:\flutter\bin
      to the front of your path.
    [32m•[39m Upstream repository https://github.com/flutter/flutter.git
    [32m•[39m Framework revision adc9010625 (13 days ago), 2025-10-21 14:16:03 -0400
    [32m•[39m Engine revision 035316565a
    [32m•[39m Dart version 3.9.2
    [32m•[39m DevTools version 2.48.0
    [32m•[39m Feature flags: enable-web, enable-linux-desktop, enable-macos-desktop,
      enable-windows-desktop, enable-android, enable-ios, cli-animations,
      enable-lldb-debugging
    [32m•[39m If those were intentional, you can disregard the above warnings; however it is
      recommended to use "git" directly to perform update checks and upgrades.

[32m[✓][39m Windows Version (Windows 11 or higher, 24H2, 2009) [1 186ms]

[31m[✗][39m Android toolchain - develop for Android devices [201ms]
    [31m✗[39m ANDROID_HOME = C:\Sdk
      but Android SDK not found at this location.

[32m[✓][39m Chrome - develop for the web [174ms]
    [32m•[39m Chrome at C:\Program Files\Google\Chrome\Application\chrome.exe

[32m[✓][39m Visual Studio - develop Windows apps (Visual Studio Build Tools 2019 16.11.50) [172ms]
    [32m•[39m Visual Studio at C:\Program Files (x86)\Microsoft Visual Studio\2019\BuildTools
    [32m•[39m Visual Studio Build Tools 2019 version 16.11.36324.18
    [32m•[39m Windows 10 SDK version 10.0.19041.0

[33m[!][39m Android Studio (not installed) [8ms]
    [32m•[39m Android Studio not found; download from https://developer.android.com/studio/index.html
      (or visit https://flutter.dev/to/windows-android-setup for detailed instructions).

[32m[✓][39m VS Code (version 1.103.2) [8ms]
    [32m•[39m VS Code at C:\Users\SiphoM\AppData\Local\Programs\Microsoft VS Code
    [32m•[39m Flutter extension version 3.117.20250731

[32m[✓][39m Connected device (3 available) [37ms]
    [32m•[39m Windows (desktop) • windows • windows-x64    • Microsoft Windows [Version
      10.0.26100.6899]
    [32m•[39m Chrome (web)      • chrome  • web-javascript • Google Chrome 141.0.7390.125
    [32m•[39m Edge (web)        • edge    • web-javascript • Microsoft Edge 141.0.3537.99

[32m[✓][39m Network resources [612ms]
    [32m•[39m All expected network resources are available.

[33m![39m Doctor found issues in 3 categories.
```
