Flutter crash report.
Please report a bug at https://github.com/flutter/flutter/issues.

## command

flutter run -d edge

## exception

PathAccessException: PathAccessException: Cannot create file, path = 'build\flutter_assets\assets/images/Project%20Management/Project_Red%20Badge_White.png' (OS Error: The process cannot access the file because it is being used by another process.
, errno = 32)

```
#0      _File.throwIfError (dart:io/file_impl.dart:783:7)
#1      _File.createSync (dart:io/file_impl.dart:344:5)
#2      ForwardingFile.createSync (package:file/src/forwarding/forwarding_file.dart:26:16)
#3      ErrorHandlingFile.createSync.<anonymous closure> (package:flutter_tools/src/base/error_handling_io.dart:265:22)
#4      _runSync (package:flutter_tools/src/base/error_handling_io.dart:552:14)
#5      ErrorHandlingFile.createSync (package:flutter_tools/src/base/error_handling_io.dart:264:5)
#6      ErrorHandlingFile.copySync.<anonymous closure> (package:flutter_tools/src/base/error_handling_io.dart:300:24)
#7      _runSync (package:flutter_tools/src/base/error_handling_io.dart:552:14)
#8      ErrorHandlingFile.copySync (package:flutter_tools/src/base/error_handling_io.dart:299:5)
#9      writeBundle.<anonymous closure> (package:flutter_tools/src/bundle_builder.dart:215:19)
<asynchronous suspension>
#10     Future.wait.<anonymous closure> (dart:async/future.dart:546:21)
<asynchronous suspension>
#11     writeBundle (package:flutter_tools/src/bundle_builder.dart:171:3)
<asynchronous suspension>
#12     WebDevFS.update (package:flutter_tools/src/isolated/devfs_web.dart:336:9)
<asynchronous suspension>
#13     ResidentWebRunner._updateDevFS (package:flutter_tools/src/isolated/resident_web_runner.dart:783:35)
<asynchronous suspension>
#14     ResidentWebRunner.run.<anonymous closure> (package:flutter_tools/src/isolated/resident_web_runner.dart:324:41)
<asynchronous suspension>
#15     asyncGuard.<anonymous closure> (package:flutter_tools/src/base/async_guard.dart:108:24)
<asynchronous suspension>
```

## flutter doctor

```
[32m[✓][39m Flutter (Channel
    stable, 3.38.0, on
    Microsoft Windows
    [Version
    10.0.19045.6093],
    locale en-US) [7.4s]
    [32m•[39m Flutter version
      3.38.0 on channel
      stable at C:\flutter
    [32m•[39m Upstream repository
      https://github.com/f
      lutter/flutter.git
    [32m•[39m Framework revision
      a0e9b9dbf7 (3 weeks
      ago), 2025-11-11
      15:00:09 -0600
    [32m•[39m Engine revision
      cb467e31a5
    [32m•[39m Dart version 3.10.0
      (build
      3.10.0-290.4.beta)
    [32m•[39m DevTools version
      2.51.1
    [32m•[39m Feature flags:
      enable-web,
      enable-linux-desktop
      ,
      enable-macos-desktop
      ,
      enable-windows-deskt
      op, enable-android,
      enable-ios,
      cli-animations,
      enable-native-assets
      ,
      omit-legacy-version-
      file,
      enable-lldb-debuggin
      g

[32m[✓][39m Windows Version (10
    Pro 64-bit, 22H2,
    2009) [73.5s]

[31m[✗][39m Android toolchain -
    develop for Android
    devices [124ms]
    [31m✗[39m Unable to locate
      Android SDK.
      Install Android
      Studio from:
      https://developer.an
      droid.com/studio/ind
      ex.html
      On first launch it
      will assist you in
      installing the
      Android SDK
      components.
      (or visit
      https://flutter.dev/
      to/windows-android-s
      etup for detailed
      instructions).
      If the Android SDK
      has been installed
      to a custom
      location, please use
      `flutter config
      --android-sdk` to
      update to that
      location.


[32m[✓][39m Chrome - develop for
    the web [21ms]
    [32m•[39m Chrome at C:\Program
      Files\Google\Chrome\
      Application\chrome.e
      xe

[31m[✗][39m Visual Studio -
    develop Windows apps
    [18ms]
    [31m✗[39m Visual Studio not
      installed; this is
      necessary to develop
      Windows apps.
      Download at
      https://visualstudio
      .microsoft.com/downl
      oads/.
      Please install the
      "Desktop development
      with C++" workload,
      including all of its
      default components

[32m[✓][39m Connected device (3
    available) [2.1s]
    [32m•[39m Windows (desktop) •
      windows •
      windows-x64    •
      Microsoft Windows
      [Version
      10.0.19045.6093]
    [32m•[39m Chrome (web)      •
      chrome  •
      web-javascript •
      Google Chrome
      142.0.7444.176
    [32m•[39m Edge (web)        •
      edge    •
      web-javascript •
      Microsoft Edge
      142.0.3595.94

[32m[✓][39m Network resources
    [3.3s]
    [32m•[39m All expected network
      resources are
      available.

[33m![39m Doctor found issues in 2
  categories.
```
