#
# There is insufficient memory for the Java Runtime Environment to continue.
# Native memory allocation (mmap) failed to map 65536 bytes. Error detail: Failed to commit metaspace.
# Possible reasons:
#   The system is out of physical RAM or swap space
#   This process is running with CompressedOops enabled, and the Java Heap may be blocking the growth of the native heap
# Possible solutions:
#   Reduce memory load on the system
#   Increase physical memory or swap space
#   Check if swap backing store is full
#   Decrease Java heap size (-Xmx/-Xms)
#   Decrease number of Java threads
#   Decrease Java thread stack sizes (-Xss)
#   Set larger code cache with -XX:ReservedCodeCacheSize=
#   JVM is running with Zero Based Compressed Oops mode in which the Java heap is
#     placed in the first 32GB address space. The Java Heap base address is the
#     maximum limit for the native heap growth. Please use -XX:HeapBaseMinAddress
#     to set the Java Heap base and to place the Java Heap above 32GB virtual address.
# This output file may be truncated or incomplete.
#
#  Out of Memory Error (virtualSpaceNode.cpp:113), pid=9984, tid=32244
#
# JRE version: OpenJDK Runtime Environment (21.0.7) (build 21.0.7+-13880790-b1038.58)
# Java VM: OpenJDK 64-Bit Server VM (21.0.7+-13880790-b1038.58, mixed mode, tiered, compressed oops, compressed class ptrs, g1 gc, windows-amd64)
# No core dump will be written. Minidumps are not enabled by default on client versions of Windows
#

---------------  S U M M A R Y ------------

Command Line: -Dcom.android.sdklib.toolsdir=C:\SDK\cmdline-tools\latest\bin\\.. com.android.sdklib.tool.sdkmanager.SdkManagerCli --licenses

Host: Intel(R) Core(TM) i5-8265U CPU @ 1.60GHz, 8 cores, 15G,  Windows 11 , 64 bit Build 26100 (10.0.26100.7019)
Time: Thu Nov 13 19:36:35 2025 South Africa Standard Time elapsed time: 33.186507 seconds (0d 0h 0m 33s)

---------------  T H R E A D  ---------------

Current thread (0x0000025bef1c3d60):  JavaThread "main"             [_thread_in_vm, id=32244, stack(0x0000006fada00000,0x0000006fadb00000) (1024K)]

Stack: [0x0000006fada00000,0x0000006fadb00000]
Native frames: (J=compiled Java code, j=interpreted, Vv=VM code, C=native code)
V  [jvm.dll+0x6d25c9]
V  [jvm.dll+0x860923]
V  [jvm.dll+0x862e7e]
V  [jvm.dll+0x863563]
V  [jvm.dll+0x27f156]
V  [jvm.dll+0x85b7fe]
V  [jvm.dll+0x675fa5]
V  [jvm.dll+0x67600a]
V  [jvm.dll+0x678866]
V  [jvm.dll+0x678732]
V  [jvm.dll+0x67699e]
V  [jvm.dll+0x26b080]
V  [jvm.dll+0x215aab]
V  [jvm.dll+0x20aefa]
V  [jvm.dll+0x5b3e95]
V  [jvm.dll+0x21c99c]
V  [jvm.dll+0x7d7efc]
V  [jvm.dll+0x7d8f92]
V  [jvm.dll+0x7d9554]
V  [jvm.dll+0x7d91e8]
V  [jvm.dll+0x26d6db]
V  [jvm.dll+0x3d5f2e]
C  0x0000025b8754a994

The last pc belongs to new (printed below).
Java frames: (J=compiled Java code, j=interpreted, Vv=VM code)
j  java.lang.ClassLoader.getResources(Ljava/lang/String;)Ljava/util/Enumeration;+46 java.base@21.0.7
j  java.lang.ClassLoader.getResources(Ljava/lang/String;)Ljava/util/Enumeration;+24 java.base@21.0.7
j  java.util.ServiceLoader$LazyClassPathLookupIterator.nextProviderClass()Ljava/lang/Class;+106 java.base@21.0.7
j  java.util.ServiceLoader$LazyClassPathLookupIterator.hasNextService()Z+15 java.base@21.0.7
j  java.util.ServiceLoader$LazyClassPathLookupIterator.hasNext()Z+11 java.base@21.0.7
j  java.util.ServiceLoader$2.hasNext()Z+16 java.base@21.0.7
j  java.util.ServiceLoader$3.hasNext()Z+32 java.base@21.0.7
j  jdk.internal.logger.BootstrapLogger$DetectBackend$1.run()Ljdk/internal/logger/BootstrapLogger$LoggingBackend;+13 java.base@21.0.7
j  jdk.internal.logger.BootstrapLogger$DetectBackend$1.run()Ljava/lang/Object;+1 java.base@21.0.7
j  java.security.AccessController.executePrivileged(Ljava/security/PrivilegedAction;Ljava/security/AccessControlContext;Ljava/lang/Class;)Ljava/lang/Object;+29 java.base@21.0.7
j  java.security.AccessController.doPrivileged(Ljava/security/PrivilegedAction;)Ljava/lang/Object;+5 java.base@21.0.7
j  jdk.internal.logger.BootstrapLogger$DetectBackend.<clinit>()V+7 java.base@21.0.7
v  ~StubRoutines::call_stub 0x0000025b8753100d
j  jdk.internal.logger.BootstrapLogger.useSurrogateLoggers()Z+8 java.base@21.0.7
j  jdk.internal.logger.BootstrapLogger.releaseSurrogateLoggers()Ljava/util/Map;+0 java.base@21.0.7
j  jdk.internal.logger.BootstrapLogger.redirectTemporaryLoggers()V+0 java.base@21.0.7
j  java.util.logging.LogManager.readPrimordialConfiguration()V+23 java.logging@21.0.7
j  java.util.logging.LogManager$2.run()Ljava/lang/Object;+87 java.logging@21.0.7
j  java.security.AccessController.executePrivileged(Ljava/security/PrivilegedAction;Ljava/security/AccessControlContext;Ljava/lang/Class;)Ljava/lang/Object;+29 java.base@21.0.7
j  java.security.AccessController.doPrivileged(Ljava/security/PrivilegedAction;)Ljava/lang/Object;+5 java.base@21.0.7
j  java.util.logging.LogManager.ensureLogManagerInitialized()V+101 java.logging@21.0.7
j  java.util.logging.LogManager.getLogManager()Ljava/util/logging/LogManager;+9 java.logging@21.0.7
j  java.util.logging.Logger.demandLogger(Ljava/lang/String;Ljava/lang/String;Ljava/lang/Class;)Ljava/util/logging/Logger;+0 java.logging@21.0.7
j  java.util.logging.Logger.getLogger(Ljava/lang/String;Ljava/lang/Class;)Ljava/util/logging/Logger;+3 java.logging@21.0.7
j  java.util.logging.Logger.getLogger(Ljava/lang/String;)Ljava/util/logging/Logger;+4 java.logging@21.0.7
j  com.google.common.collect.Platform.<clinit>()V+5
v  ~StubRoutines::call_stub 0x0000025b8753100d
j  com.google.common.collect.HashMultimap.<init>(II)V+2
j  com.google.common.collect.HashMultimap.<init>()V+4
j  com.google.common.collect.HashMultimap.create()Lcom/google/common/collect/HashMultimap;+4
j  com.android.sdklib.repository.legacy.local.LocalSdk.<init>(Lcom/android/sdklib/repository/legacy/FileOp;)V+12
j  com.android.sdklib.repository.legacy.LegacyLocalRepoLoader.<init>(Ljava/nio/file/Path;)V+21
j  com.android.sdklib.repository.AndroidSdkHandler$RepoConfig.createRepoManager(Lcom/android/repository/api/ProgressIndicator;Ljava/nio/file/Path;Lcom/android/repository/impl/sources/LocalSourceProvider;)Lcom/android/repository/api/RepoManager;+178
j  com.android.sdklib.repository.AndroidSdkHandler.getSdkManager(Lcom/android/repository/api/ProgressIndicator;)Lcom/android/repository/api/RepoManager;+44
j  com.android.sdklib.tool.sdkmanager.SdkManagerCliSettings.setSdkHandler(Lcom/android/sdklib/repository/AndroidSdkHandler;)V+30
j  com.android.sdklib.tool.sdkmanager.SdkManagerCli.<init>(Lcom/android/sdklib/tool/sdkmanager/SdkManagerCliSettings;Ljava/io/PrintStream;Ljava/io/InputStream;Lcom/android/repository/api/Downloader;Lcom/android/sdklib/repository/AndroidSdkHandler;)V+40
j  com.android.sdklib.tool.sdkmanager.SdkManagerCli.main(Ljava/util/List;)V+133
j  com.android.sdklib.tool.sdkmanager.SdkManagerCli.main([Ljava/lang/String;)V+4
v  ~StubRoutines::call_stub 0x0000025b8753100d
new  187 new  [0x0000025b8754a800, 0x0000025b8754aa08]  520 bytes
[MachCode]
  0x0000025b8754a800: 4883 ec08 | c5fa 1104 | 24eb 1f48 | 83ec 10c5 | fb11 0424 | eb14 4883 | ec10 4889 | 0424 48c7 
  0x0000025b8754a820: 4424 0800 | 0000 00eb | 0150 410f | b755 010f | cac1 ea10 | 488b 4de8 | 488b 4908 | 488b 4908 
  0x0000025b8754a840: 488b 4108 | 807c 1004 | 070f 85d3 | 0000 0066 | 8b54 d148 | 488b 4928 | 488b 4cd1 | 0851 80b9 
  0x0000025b8754a860: 5101 0000 | 040f 85b6 | 0000 008b | 5108 f6c2 | 010f 85aa | 0000 0049 | 8b87 b801 | 0000 488d 
  0x0000025b8754a880: 1c10 493b | 9fc8 0100 | 000f 8792 | 0000 0049 | 899f b801 | 0000 4883 | ea10 0f84 | 0f00 0000 
  0x0000025b8754a8a0: 33c9 c1ea | 0348 894c | d008 48ff | ca75 f648 | c700 0100 | 0000 5933 | f689 700c | 49ba 0000 
  0x0000025b8754a8c0: 0000 0800 | 0000 492b | ca89 4808 | 49ba c988 | 2be0 fd7f | 0000 4180 | 3a00 0f84 | 3c00 0000 
  0x0000025b8754a8e0: 5048 8bc8 | 4883 ec20 | 40f6 c40f | 0f84 1900 | 0000 4883 | ec08 48b8 | b095 e5df | fd7f 0000 
  0x0000025b8754a900: ffd0 4883 | c408 e90c | 0000 0048 | b8b0 95e5 | dffd 7f00 | 00ff d048 | 83c4 2058 | e9cb 0000 
  0x0000025b8754a920: 0059 488b | 55e8 488b | 5208 488b | 5208 450f | b745 0141 | 0fc8 41c1 | e810 e805 | 0000 00e9 
  0x0000025b8754a940: a800 0000 | 488d 4424 | 084c 896d | c049 8bcf | c5f8 7749 | 89af a803 | 0000 4989 | 8798 0300 
  0x0000025b8754a960: 0048 83ec | 2040 f6c4 | 0f0f 8419 | 0000 0048 | 83ec 0848 | b8e0 5eaf | dffd 7f00 | 00ff d048 
  0x0000025b8754a980: 83c4 08e9 | 0c00 0000 | 48b8 e05e | afdf fd7f | 0000 ffd0 | 4883 c420 | 49c7 8798 | 0300 0000 
  0x0000025b8754a9a0: 0000 0049 | c787 a803 | 0000 0000 | 0000 49c7 | 87a0 0300 | 0000 0000 | 00c5 f877 | 4983 7f08 
  0x0000025b8754a9c0: 000f 8405 | 0000 00e9 | 3465 feff | 498b 87f0 | 0300 0049 | c787 f003 | 0000 0000 | 0000 4c8b 
  0x0000025b8754a9e0: 6dc0 4c8b | 75c8 4e8d | 74f5 00c3 | 410f b65d | 0349 83c5 | 0349 ba30 | 522e e0fd | 7f00 0041 
  0x0000025b8754aa00: ff24 da0f | 1f44 0000 
[/MachCode]

---------------  P R O C E S S  ---------------

Threads class SMR info:
_java_thread_list=0x0000025bfc9d1cc0, length=11, elements={
0x0000025bef1c3d60, 0x0000025bfc6c2fc0, 0x0000025bfc6ca5e0, 0x0000025bfc6c6fa0,
0x0000025bfc6ec240, 0x0000025bfc6ecca0, 0x0000025bfc6ed700, 0x0000025bfc6ee160,
0x0000025bfc6eff00, 0x0000025bfc6f53a0, 0x0000025bfc88de90
}

Java Threads: ( => current thread )
=>0x0000025bef1c3d60 JavaThread "main"                              [_thread_in_vm, id=32244, stack(0x0000006fada00000,0x0000006fadb00000) (1024K)]
  0x0000025bfc6c2fc0 JavaThread "Common-Cleaner"             daemon [_thread_blocked, id=17756, stack(0x0000006fae200000,0x0000006fae300000) (1024K)]
  0x0000025bfc6ca5e0 JavaThread "Reference Handler"          daemon [_thread_blocked, id=31064, stack(0x0000006fae300000,0x0000006fae400000) (1024K)]
  0x0000025bfc6c6fa0 JavaThread "Finalizer"                  daemon [_thread_blocked, id=27696, stack(0x0000006fae400000,0x0000006fae500000) (1024K)]
  0x0000025bfc6ec240 JavaThread "Signal Dispatcher"          daemon [_thread_blocked, id=31748, stack(0x0000006fae500000,0x0000006fae600000) (1024K)]
  0x0000025bfc6ecca0 JavaThread "Attach Listener"            daemon [_thread_blocked, id=31752, stack(0x0000006fae600000,0x0000006fae700000) (1024K)]
  0x0000025bfc6ed700 JavaThread "Service Thread"             daemon [_thread_blocked, id=31756, stack(0x0000006fae700000,0x0000006fae800000) (1024K)]
  0x0000025bfc6ee160 JavaThread "Monitor Deflation Thread"   daemon [_thread_blocked, id=31760, stack(0x0000006fae800000,0x0000006fae900000) (1024K)]
  0x0000025bfc6eff00 JavaThread "C2 CompilerThread0"         daemon [_thread_blocked, id=32112, stack(0x0000006fae900000,0x0000006faea00000) (1024K)]
  0x0000025bfc6f53a0 JavaThread "C1 CompilerThread0"         daemon [_thread_blocked, id=32800, stack(0x0000006faea00000,0x0000006faeb00000) (1024K)]
  0x0000025bfc88de90 JavaThread "Notification Thread"        daemon [_thread_blocked, id=33104, stack(0x0000006faeb00000,0x0000006faec00000) (1024K)]
Total: 11

Other Threads:
  0x0000025bfc50e060 VMThread "VM Thread"                           [id=26932, stack(0x0000006fae100000,0x0000006fae200000) (1024K)] _threads_hazard_ptr=0x0000025bfc9d1cc0
  0x0000025bfc4adec0 WatcherThread "VM Periodic Task Thread"        [id=33308, stack(0x0000006fae000000,0x0000006fae100000) (1024K)]
  0x0000025bf1732b50 WorkerThread "GC Thread#0"                     [id=32952, stack(0x0000006fadb00000,0x0000006fadc00000) (1024K)]
  0x0000025bf17438c0 ConcurrentGCThread "G1 Main Marker"            [id=32956, stack(0x0000006fadc00000,0x0000006fadd00000) (1024K)]
  0x0000025bf17443c0 WorkerThread "G1 Conc#0"                       [id=32960, stack(0x0000006fadd00000,0x0000006fade00000) (1024K)]
  0x0000025bfc383580 ConcurrentGCThread "G1 Refine#0"               [id=33300, stack(0x0000006fade00000,0x0000006fadf00000) (1024K)]
  0x0000025bfc383f00 ConcurrentGCThread "G1 Service"                [id=33304, stack(0x0000006fadf00000,0x0000006fae000000) (1024K)]
Total: 7

Threads with active compile tasks:
Total: 0

VM state: synchronizing (normal execution)

VM Mutex/Monitor currently owned by a thread:  ([mutex/lock_event])
[0x00007ffde02cf2e8] Metaspace_lock - owner thread: 0x0000025bef1c3d60
[0x00007ffde02d1468] Threads_lock - owner thread: 0x0000025bfc50e060

Heap address: 0x0000000702600000, size: 4058 MB, Compressed Oops mode: Zero based, Oop shift amount: 3

CDS archive(s) not mapped
Compressed class space mapped at: 0x0000000800000000-0x0000000840000000, reserved size: 1073741824
Narrow klass base: 0x0000000800000000, Narrow klass shift: 0, Narrow klass range: 0x40000000

GC Precious Log:
 CardTable entry size: 512
 Card Set container configuration: InlinePtr #cards 4 size 8 Array Of Cards #cards 16 size 48 Howl #buckets 8 coarsen threshold 3686 Howl Bitmap #cards 512 size 80 coarsen threshold 460 Card regions per heap region 1 cards per card region 4096
 CPUs: 8 total, 8 available
 Memory: 16231M
 Large Page Support: Disabled
 NUMA Support: Disabled
 Compressed Oops: Enabled (Zero based)
 Heap Region Size: 2M
 Heap Min Capacity: 8M
 Heap Initial Capacity: 254M
 Heap Max Capacity: 4058M
 Pre-touch: Disabled
 Parallel Workers: 8
 Concurrent Workers: 2
 Concurrent Refinement Workers: 8
 Periodic GC: Disabled

Heap:
 garbage-first heap   total 260096K, used 10240K [0x0000000702600000, 0x0000000800000000)
  region size 2048K, 7 young (14336K), 0 survivors (0K)
 Metaspace       used 11630K, committed 11712K, reserved 1114112K
  class space    used 1095K, committed 1152K, reserved 1048576K

Heap Regions: E=young(eden), S=young(survivor), O=old, HS=humongous(starts), HC=humongous(continues), CS=collection set, F=free, TAMS=top-at-mark-start, PB=parsable bottom
|   0|0x0000000702600000, 0x0000000702600000, 0x0000000702800000|  0%| F|  |TAMS 0x0000000702600000| PB 0x0000000702600000| Untracked 
|   1|0x0000000702800000, 0x0000000702800000, 0x0000000702a00000|  0%| F|  |TAMS 0x0000000702800000| PB 0x0000000702800000| Untracked 
|   2|0x0000000702a00000, 0x0000000702a00000, 0x0000000702c00000|  0%| F|  |TAMS 0x0000000702a00000| PB 0x0000000702a00000| Untracked 
|   3|0x0000000702c00000, 0x0000000702c00000, 0x0000000702e00000|  0%| F|  |TAMS 0x0000000702c00000| PB 0x0000000702c00000| Untracked 
|   4|0x0000000702e00000, 0x0000000702e00000, 0x0000000703000000|  0%| F|  |TAMS 0x0000000702e00000| PB 0x0000000702e00000| Untracked 
|   5|0x0000000703000000, 0x0000000703000000, 0x0000000703200000|  0%| F|  |TAMS 0x0000000703000000| PB 0x0000000703000000| Untracked 
|   6|0x0000000703200000, 0x0000000703200000, 0x0000000703400000|  0%| F|  |TAMS 0x0000000703200000| PB 0x0000000703200000| Untracked 
|   7|0x0000000703400000, 0x0000000703400000, 0x0000000703600000|  0%| F|  |TAMS 0x0000000703400000| PB 0x0000000703400000| Untracked 
|   8|0x0000000703600000, 0x0000000703600000, 0x0000000703800000|  0%| F|  |TAMS 0x0000000703600000| PB 0x0000000703600000| Untracked 
|   9|0x0000000703800000, 0x0000000703800000, 0x0000000703a00000|  0%| F|  |TAMS 0x0000000703800000| PB 0x0000000703800000| Untracked 
|  10|0x0000000703a00000, 0x0000000703a00000, 0x0000000703c00000|  0%| F|  |TAMS 0x0000000703a00000| PB 0x0000000703a00000| Untracked 
|  11|0x0000000703c00000, 0x0000000703c00000, 0x0000000703e00000|  0%| F|  |TAMS 0x0000000703c00000| PB 0x0000000703c00000| Untracked 
|  12|0x0000000703e00000, 0x0000000703e00000, 0x0000000704000000|  0%| F|  |TAMS 0x0000000703e00000| PB 0x0000000703e00000| Untracked 
|  13|0x0000000704000000, 0x0000000704000000, 0x0000000704200000|  0%| F|  |TAMS 0x0000000704000000| PB 0x0000000704000000| Untracked 
|  14|0x0000000704200000, 0x0000000704200000, 0x0000000704400000|  0%| F|  |TAMS 0x0000000704200000| PB 0x0000000704200000| Untracked 
|  15|0x0000000704400000, 0x0000000704400000, 0x0000000704600000|  0%| F|  |TAMS 0x0000000704400000| PB 0x0000000704400000| Untracked 
|  16|0x0000000704600000, 0x0000000704600000, 0x0000000704800000|  0%| F|  |TAMS 0x0000000704600000| PB 0x0000000704600000| Untracked 
|  17|0x0000000704800000, 0x0000000704800000, 0x0000000704a00000|  0%| F|  |TAMS 0x0000000704800000| PB 0x0000000704800000| Untracked 
|  18|0x0000000704a00000, 0x0000000704a00000, 0x0000000704c00000|  0%| F|  |TAMS 0x0000000704a00000| PB 0x0000000704a00000| Untracked 
|  19|0x0000000704c00000, 0x0000000704c00000, 0x0000000704e00000|  0%| F|  |TAMS 0x0000000704c00000| PB 0x0000000704c00000| Untracked 
|  20|0x0000000704e00000, 0x0000000704e00000, 0x0000000705000000|  0%| F|  |TAMS 0x0000000704e00000| PB 0x0000000704e00000| Untracked 
|  21|0x0000000705000000, 0x0000000705000000, 0x0000000705200000|  0%| F|  |TAMS 0x0000000705000000| PB 0x0000000705000000| Untracked 
|  22|0x0000000705200000, 0x0000000705200000, 0x0000000705400000|  0%| F|  |TAMS 0x0000000705200000| PB 0x0000000705200000| Untracked 
|  23|0x0000000705400000, 0x0000000705400000, 0x0000000705600000|  0%| F|  |TAMS 0x0000000705400000| PB 0x0000000705400000| Untracked 
|  24|0x0000000705600000, 0x0000000705600000, 0x0000000705800000|  0%| F|  |TAMS 0x0000000705600000| PB 0x0000000705600000| Untracked 
|  25|0x0000000705800000, 0x0000000705800000, 0x0000000705a00000|  0%| F|  |TAMS 0x0000000705800000| PB 0x0000000705800000| Untracked 
|  26|0x0000000705a00000, 0x0000000705a00000, 0x0000000705c00000|  0%| F|  |TAMS 0x0000000705a00000| PB 0x0000000705a00000| Untracked 
|  27|0x0000000705c00000, 0x0000000705c00000, 0x0000000705e00000|  0%| F|  |TAMS 0x0000000705c00000| PB 0x0000000705c00000| Untracked 
|  28|0x0000000705e00000, 0x0000000705e00000, 0x0000000706000000|  0%| F|  |TAMS 0x0000000705e00000| PB 0x0000000705e00000| Untracked 
|  29|0x0000000706000000, 0x0000000706000000, 0x0000000706200000|  0%| F|  |TAMS 0x0000000706000000| PB 0x0000000706000000| Untracked 
|  30|0x0000000706200000, 0x0000000706200000, 0x0000000706400000|  0%| F|  |TAMS 0x0000000706200000| PB 0x0000000706200000| Untracked 
|  31|0x0000000706400000, 0x0000000706400000, 0x0000000706600000|  0%| F|  |TAMS 0x0000000706400000| PB 0x0000000706400000| Untracked 
|  32|0x0000000706600000, 0x0000000706600000, 0x0000000706800000|  0%| F|  |TAMS 0x0000000706600000| PB 0x0000000706600000| Untracked 
|  33|0x0000000706800000, 0x0000000706800000, 0x0000000706a00000|  0%| F|  |TAMS 0x0000000706800000| PB 0x0000000706800000| Untracked 
|  34|0x0000000706a00000, 0x0000000706a00000, 0x0000000706c00000|  0%| F|  |TAMS 0x0000000706a00000| PB 0x0000000706a00000| Untracked 
|  35|0x0000000706c00000, 0x0000000706c00000, 0x0000000706e00000|  0%| F|  |TAMS 0x0000000706c00000| PB 0x0000000706c00000| Untracked 
|  36|0x0000000706e00000, 0x0000000706e00000, 0x0000000707000000|  0%| F|  |TAMS 0x0000000706e00000| PB 0x0000000706e00000| Untracked 
|  37|0x0000000707000000, 0x0000000707000000, 0x0000000707200000|  0%| F|  |TAMS 0x0000000707000000| PB 0x0000000707000000| Untracked 
|  38|0x0000000707200000, 0x0000000707200000, 0x0000000707400000|  0%| F|  |TAMS 0x0000000707200000| PB 0x0000000707200000| Untracked 
|  39|0x0000000707400000, 0x0000000707400000, 0x0000000707600000|  0%| F|  |TAMS 0x0000000707400000| PB 0x0000000707400000| Untracked 
|  40|0x0000000707600000, 0x0000000707600000, 0x0000000707800000|  0%| F|  |TAMS 0x0000000707600000| PB 0x0000000707600000| Untracked 
|  41|0x0000000707800000, 0x0000000707800000, 0x0000000707a00000|  0%| F|  |TAMS 0x0000000707800000| PB 0x0000000707800000| Untracked 
|  42|0x0000000707a00000, 0x0000000707a00000, 0x0000000707c00000|  0%| F|  |TAMS 0x0000000707a00000| PB 0x0000000707a00000| Untracked 
|  43|0x0000000707c00000, 0x0000000707c00000, 0x0000000707e00000|  0%| F|  |TAMS 0x0000000707c00000| PB 0x0000000707c00000| Untracked 
|  44|0x0000000707e00000, 0x0000000707e00000, 0x0000000708000000|  0%| F|  |TAMS 0x0000000707e00000| PB 0x0000000707e00000| Untracked 
|  45|0x0000000708000000, 0x0000000708000000, 0x0000000708200000|  0%| F|  |TAMS 0x0000000708000000| PB 0x0000000708000000| Untracked 
|  46|0x0000000708200000, 0x0000000708200000, 0x0000000708400000|  0%| F|  |TAMS 0x0000000708200000| PB 0x0000000708200000| Untracked 
|  47|0x0000000708400000, 0x0000000708400000, 0x0000000708600000|  0%| F|  |TAMS 0x0000000708400000| PB 0x0000000708400000| Untracked 
|  48|0x0000000708600000, 0x0000000708600000, 0x0000000708800000|  0%| F|  |TAMS 0x0000000708600000| PB 0x0000000708600000| Untracked 
|  49|0x0000000708800000, 0x0000000708800000, 0x0000000708a00000|  0%| F|  |TAMS 0x0000000708800000| PB 0x0000000708800000| Untracked 
|  50|0x0000000708a00000, 0x0000000708a00000, 0x0000000708c00000|  0%| F|  |TAMS 0x0000000708a00000| PB 0x0000000708a00000| Untracked 
|  51|0x0000000708c00000, 0x0000000708c00000, 0x0000000708e00000|  0%| F|  |TAMS 0x0000000708c00000| PB 0x0000000708c00000| Untracked 
|  52|0x0000000708e00000, 0x0000000708e00000, 0x0000000709000000|  0%| F|  |TAMS 0x0000000708e00000| PB 0x0000000708e00000| Untracked 
|  53|0x0000000709000000, 0x0000000709000000, 0x0000000709200000|  0%| F|  |TAMS 0x0000000709000000| PB 0x0000000709000000| Untracked 
|  54|0x0000000709200000, 0x0000000709200000, 0x0000000709400000|  0%| F|  |TAMS 0x0000000709200000| PB 0x0000000709200000| Untracked 
|  55|0x0000000709400000, 0x0000000709400000, 0x0000000709600000|  0%| F|  |TAMS 0x0000000709400000| PB 0x0000000709400000| Untracked 
|  56|0x0000000709600000, 0x0000000709600000, 0x0000000709800000|  0%| F|  |TAMS 0x0000000709600000| PB 0x0000000709600000| Untracked 
|  57|0x0000000709800000, 0x0000000709800000, 0x0000000709a00000|  0%| F|  |TAMS 0x0000000709800000| PB 0x0000000709800000| Untracked 
|  58|0x0000000709a00000, 0x0000000709a00000, 0x0000000709c00000|  0%| F|  |TAMS 0x0000000709a00000| PB 0x0000000709a00000| Untracked 
|  59|0x0000000709c00000, 0x0000000709c00000, 0x0000000709e00000|  0%| F|  |TAMS 0x0000000709c00000| PB 0x0000000709c00000| Untracked 
|  60|0x0000000709e00000, 0x0000000709e00000, 0x000000070a000000|  0%| F|  |TAMS 0x0000000709e00000| PB 0x0000000709e00000| Untracked 
|  61|0x000000070a000000, 0x000000070a000000, 0x000000070a200000|  0%| F|  |TAMS 0x000000070a000000| PB 0x000000070a000000| Untracked 
|  62|0x000000070a200000, 0x000000070a200000, 0x000000070a400000|  0%| F|  |TAMS 0x000000070a200000| PB 0x000000070a200000| Untracked 
|  63|0x000000070a400000, 0x000000070a400000, 0x000000070a600000|  0%| F|  |TAMS 0x000000070a400000| PB 0x000000070a400000| Untracked 
|  64|0x000000070a600000, 0x000000070a600000, 0x000000070a800000|  0%| F|  |TAMS 0x000000070a600000| PB 0x000000070a600000| Untracked 
|  65|0x000000070a800000, 0x000000070a800000, 0x000000070aa00000|  0%| F|  |TAMS 0x000000070a800000| PB 0x000000070a800000| Untracked 
|  66|0x000000070aa00000, 0x000000070aa00000, 0x000000070ac00000|  0%| F|  |TAMS 0x000000070aa00000| PB 0x000000070aa00000| Untracked 
|  67|0x000000070ac00000, 0x000000070ac00000, 0x000000070ae00000|  0%| F|  |TAMS 0x000000070ac00000| PB 0x000000070ac00000| Untracked 
|  68|0x000000070ae00000, 0x000000070ae00000, 0x000000070b000000|  0%| F|  |TAMS 0x000000070ae00000| PB 0x000000070ae00000| Untracked 
|  69|0x000000070b000000, 0x000000070b000000, 0x000000070b200000|  0%| F|  |TAMS 0x000000070b000000| PB 0x000000070b000000| Untracked 
|  70|0x000000070b200000, 0x000000070b200000, 0x000000070b400000|  0%| F|  |TAMS 0x000000070b200000| PB 0x000000070b200000| Untracked 
|  71|0x000000070b400000, 0x000000070b400000, 0x000000070b600000|  0%| F|  |TAMS 0x000000070b400000| PB 0x000000070b400000| Untracked 
|  72|0x000000070b600000, 0x000000070b600000, 0x000000070b800000|  0%| F|  |TAMS 0x000000070b600000| PB 0x000000070b600000| Untracked 
|  73|0x000000070b800000, 0x000000070b800000, 0x000000070ba00000|  0%| F|  |TAMS 0x000000070b800000| PB 0x000000070b800000| Untracked 
|  74|0x000000070ba00000, 0x000000070ba00000, 0x000000070bc00000|  0%| F|  |TAMS 0x000000070ba00000| PB 0x000000070ba00000| Untracked 
|  75|0x000000070bc00000, 0x000000070bc00000, 0x000000070be00000|  0%| F|  |TAMS 0x000000070bc00000| PB 0x000000070bc00000| Untracked 
|  76|0x000000070be00000, 0x000000070be00000, 0x000000070c000000|  0%| F|  |TAMS 0x000000070be00000| PB 0x000000070be00000| Untracked 
|  77|0x000000070c000000, 0x000000070c000000, 0x000000070c200000|  0%| F|  |TAMS 0x000000070c000000| PB 0x000000070c000000| Untracked 
|  78|0x000000070c200000, 0x000000070c200000, 0x000000070c400000|  0%| F|  |TAMS 0x000000070c200000| PB 0x000000070c200000| Untracked 
|  79|0x000000070c400000, 0x000000070c400000, 0x000000070c600000|  0%| F|  |TAMS 0x000000070c400000| PB 0x000000070c400000| Untracked 
|  80|0x000000070c600000, 0x000000070c600000, 0x000000070c800000|  0%| F|  |TAMS 0x000000070c600000| PB 0x000000070c600000| Untracked 
|  81|0x000000070c800000, 0x000000070c800000, 0x000000070ca00000|  0%| F|  |TAMS 0x000000070c800000| PB 0x000000070c800000| Untracked 
|  82|0x000000070ca00000, 0x000000070ca00000, 0x000000070cc00000|  0%| F|  |TAMS 0x000000070ca00000| PB 0x000000070ca00000| Untracked 
|  83|0x000000070cc00000, 0x000000070cc00000, 0x000000070ce00000|  0%| F|  |TAMS 0x000000070cc00000| PB 0x000000070cc00000| Untracked 
|  84|0x000000070ce00000, 0x000000070ce00000, 0x000000070d000000|  0%| F|  |TAMS 0x000000070ce00000| PB 0x000000070ce00000| Untracked 
|  85|0x000000070d000000, 0x000000070d000000, 0x000000070d200000|  0%| F|  |TAMS 0x000000070d000000| PB 0x000000070d000000| Untracked 
|  86|0x000000070d200000, 0x000000070d200000, 0x000000070d400000|  0%| F|  |TAMS 0x000000070d200000| PB 0x000000070d200000| Untracked 
|  87|0x000000070d400000, 0x000000070d400000, 0x000000070d600000|  0%| F|  |TAMS 0x000000070d400000| PB 0x000000070d400000| Untracked 
|  88|0x000000070d600000, 0x000000070d600000, 0x000000070d800000|  0%| F|  |TAMS 0x000000070d600000| PB 0x000000070d600000| Untracked 
|  89|0x000000070d800000, 0x000000070d800000, 0x000000070da00000|  0%| F|  |TAMS 0x000000070d800000| PB 0x000000070d800000| Untracked 
|  90|0x000000070da00000, 0x000000070da00000, 0x000000070dc00000|  0%| F|  |TAMS 0x000000070da00000| PB 0x000000070da00000| Untracked 
|  91|0x000000070dc00000, 0x000000070dc00000, 0x000000070de00000|  0%| F|  |TAMS 0x000000070dc00000| PB 0x000000070dc00000| Untracked 
|  92|0x000000070de00000, 0x000000070de00000, 0x000000070e000000|  0%| F|  |TAMS 0x000000070de00000| PB 0x000000070de00000| Untracked 
|  93|0x000000070e000000, 0x000000070e000000, 0x000000070e200000|  0%| F|  |TAMS 0x000000070e000000| PB 0x000000070e000000| Untracked 
|  94|0x000000070e200000, 0x000000070e200000, 0x000000070e400000|  0%| F|  |TAMS 0x000000070e200000| PB 0x000000070e200000| Untracked 
|  95|0x000000070e400000, 0x000000070e400000, 0x000000070e600000|  0%| F|  |TAMS 0x000000070e400000| PB 0x000000070e400000| Untracked 
|  96|0x000000070e600000, 0x000000070e600000, 0x000000070e800000|  0%| F|  |TAMS 0x000000070e600000| PB 0x000000070e600000| Untracked 
|  97|0x000000070e800000, 0x000000070e800000, 0x000000070ea00000|  0%| F|  |TAMS 0x000000070e800000| PB 0x000000070e800000| Untracked 
|  98|0x000000070ea00000, 0x000000070ea00000, 0x000000070ec00000|  0%| F|  |TAMS 0x000000070ea00000| PB 0x000000070ea00000| Untracked 
|  99|0x000000070ec00000, 0x000000070ec00000, 0x000000070ee00000|  0%| F|  |TAMS 0x000000070ec00000| PB 0x000000070ec00000| Untracked 
| 100|0x000000070ee00000, 0x000000070ee00000, 0x000000070f000000|  0%| F|  |TAMS 0x000000070ee00000| PB 0x000000070ee00000| Untracked 
| 101|0x000000070f000000, 0x000000070f000000, 0x000000070f200000|  0%| F|  |TAMS 0x000000070f000000| PB 0x000000070f000000| Untracked 
| 102|0x000000070f200000, 0x000000070f200000, 0x000000070f400000|  0%| F|  |TAMS 0x000000070f200000| PB 0x000000070f200000| Untracked 
| 103|0x000000070f400000, 0x000000070f400000, 0x000000070f600000|  0%| F|  |TAMS 0x000000070f400000| PB 0x000000070f400000| Untracked 
| 104|0x000000070f600000, 0x000000070f600000, 0x000000070f800000|  0%| F|  |TAMS 0x000000070f600000| PB 0x000000070f600000| Untracked 
| 105|0x000000070f800000, 0x000000070f800000, 0x000000070fa00000|  0%| F|  |TAMS 0x000000070f800000| PB 0x000000070f800000| Untracked 
| 106|0x000000070fa00000, 0x000000070fa00000, 0x000000070fc00000|  0%| F|  |TAMS 0x000000070fa00000| PB 0x000000070fa00000| Untracked 
| 107|0x000000070fc00000, 0x000000070fc00000, 0x000000070fe00000|  0%| F|  |TAMS 0x000000070fc00000| PB 0x000000070fc00000| Untracked 
| 108|0x000000070fe00000, 0x000000070fe00000, 0x0000000710000000|  0%| F|  |TAMS 0x000000070fe00000| PB 0x000000070fe00000| Untracked 
| 109|0x0000000710000000, 0x0000000710000000, 0x0000000710200000|  0%| F|  |TAMS 0x0000000710000000| PB 0x0000000710000000| Untracked 
| 110|0x0000000710200000, 0x0000000710200000, 0x0000000710400000|  0%| F|  |TAMS 0x0000000710200000| PB 0x0000000710200000| Untracked 
| 111|0x0000000710400000, 0x0000000710400000, 0x0000000710600000|  0%| F|  |TAMS 0x0000000710400000| PB 0x0000000710400000| Untracked 
| 112|0x0000000710600000, 0x0000000710600000, 0x0000000710800000|  0%| F|  |TAMS 0x0000000710600000| PB 0x0000000710600000| Untracked 
| 113|0x0000000710800000, 0x0000000710800000, 0x0000000710a00000|  0%| F|  |TAMS 0x0000000710800000| PB 0x0000000710800000| Untracked 
| 114|0x0000000710a00000, 0x0000000710a00000, 0x0000000710c00000|  0%| F|  |TAMS 0x0000000710a00000| PB 0x0000000710a00000| Untracked 
| 115|0x0000000710c00000, 0x0000000710c00000, 0x0000000710e00000|  0%| F|  |TAMS 0x0000000710c00000| PB 0x0000000710c00000| Untracked 
| 116|0x0000000710e00000, 0x0000000710e00000, 0x0000000711000000|  0%| F|  |TAMS 0x0000000710e00000| PB 0x0000000710e00000| Untracked 
| 117|0x0000000711000000, 0x0000000711000000, 0x0000000711200000|  0%| F|  |TAMS 0x0000000711000000| PB 0x0000000711000000| Untracked 
| 118|0x0000000711200000, 0x0000000711200000, 0x0000000711400000|  0%| F|  |TAMS 0x0000000711200000| PB 0x0000000711200000| Untracked 
| 119|0x0000000711400000, 0x0000000711400000, 0x0000000711600000|  0%| F|  |TAMS 0x0000000711400000| PB 0x0000000711400000| Untracked 
| 120|0x0000000711600000, 0x00000007117c30c8, 0x0000000711800000| 88%| E|  |TAMS 0x0000000711600000| PB 0x0000000711600000| Complete 
| 121|0x0000000711800000, 0x0000000711a00000, 0x0000000711a00000|100%| E|CS|TAMS 0x0000000711800000| PB 0x0000000711800000| Complete 
| 122|0x0000000711a00000, 0x0000000711c00000, 0x0000000711c00000|100%| E|CS|TAMS 0x0000000711a00000| PB 0x0000000711a00000| Complete 
| 123|0x0000000711c00000, 0x0000000711e00000, 0x0000000711e00000|100%| E|  |TAMS 0x0000000711c00000| PB 0x0000000711c00000| Complete 
| 124|0x0000000711e00000, 0x0000000712000000, 0x0000000712000000|100%| E|CS|TAMS 0x0000000711e00000| PB 0x0000000711e00000| Complete 
| 125|0x0000000712000000, 0x0000000712200000, 0x0000000712200000|100%| E|CS|TAMS 0x0000000712000000| PB 0x0000000712000000| Complete 
| 126|0x0000000712200000, 0x0000000712400000, 0x0000000712400000|100%| E|CS|TAMS 0x0000000712200000| PB 0x0000000712200000| Complete 

Card table byte_map: [0x0000025bf5340000,0x0000025bf5b30000] _byte_map_base: 0x0000025bf1b2d000

Marking Bits: (CMBitMap*) 0x0000025bf1733250
 Bits: [0x0000025bf5b30000, 0x0000025bf9a98000)

Polling page: 0x0000025bef490000

Metaspace:

Usage:
  Non-class:     10.29 MB used.
      Class:      1.07 MB used.
       Both:     11.36 MB used.

Virtual space:
  Non-class space:       64.00 MB reserved,      10.31 MB ( 16%) committed,  1 nodes.
      Class space:        1.00 GB reserved,       1.12 MB ( <1%) committed,  1 nodes.
             Both:        1.06 GB reserved,      11.44 MB (  1%) committed. 

Chunk freelists:
   Non-Class:  5.00 MB
       Class:  14.72 MB
        Both:  19.72 MB

MaxMetaspaceSize: unlimited
CompressedClassSpaceSize: 1.00 GB
Initial GC threshold: 21.00 MB
Current GC threshold: 21.00 MB
CDS: off
 - commit_granule_bytes: 65536.
 - commit_granule_words: 8192.
 - virtual_space_node_default_size: 8388608.
 - enlarge_chunks_in_place: 1.
 - use_allocation_guard: 0.


Internal statistics:

num_allocs_failed_limit: 0.
num_arena_births: 28.
num_arena_deaths: 0.
num_vsnodes_births: 2.
num_vsnodes_deaths: 0.
num_space_committed: 183.
num_space_uncommitted: 0.
num_chunks_returned_to_freelist: 0.
num_chunks_taken_from_freelist: 159.
num_chunk_merges: 0.
num_chunk_splits: 108.
num_chunks_enlarged: 90.
num_inconsistent_stats: 0.

CodeHeap 'non-profiled nmethods': size=120000Kb used=207Kb max_used=207Kb free=119792Kb
 bounds [0x0000025b87ad0000, 0x0000025b87d40000, 0x0000025b8f000000]
CodeHeap 'profiled nmethods': size=120000Kb used=1104Kb max_used=1104Kb free=118895Kb
 bounds [0x0000025b80000000, 0x0000025b80270000, 0x0000025b87530000]
CodeHeap 'non-nmethods': size=5760Kb used=1307Kb max_used=1322Kb free=4452Kb
 bounds [0x0000025b87530000, 0x0000025b877a0000, 0x0000025b87ad0000]
 total_blobs=1100 nmethods=662 adapters=343
 compilation: enabled
              stopped_count=0, restarted_count=0
 full_count=0

Compilation events (20 events):
Event: 29.699 Thread 0x0000025bfc6f53a0  651       3       java.util.Arrays::equals (57 bytes)
Event: 29.700 Thread 0x0000025bfc6f53a0 nmethod 651 0x0000025b8010dc90 code [0x0000025b8010de80, 0x0000025b8010e3f8]
Event: 29.712 Thread 0x0000025bfc6f53a0  653       3       java.lang.invoke.MethodType::parameterSlotCount (8 bytes)
Event: 29.713 Thread 0x0000025bfc6f53a0 nmethod 653 0x0000025b8010e590 code [0x0000025b8010e720, 0x0000025b8010e850]
Event: 29.714 Thread 0x0000025bfc6f53a0  655   !   3       java.lang.invoke.MemberName$Factory::resolve (159 bytes)
Event: 29.715 Thread 0x0000025bfc6f53a0 nmethod 655 0x0000025b8010e910 code [0x0000025b8010eb40, 0x0000025b8010f258]
Event: 29.715 Thread 0x0000025bfc6f53a0  656       3       java.lang.invoke.MemberName::checkForTypeAlias (172 bytes)
Event: 29.718 Thread 0x0000025bfc6f53a0 nmethod 656 0x0000025b8010f590 code [0x0000025b8010fa00, 0x0000025b80111690]
Event: 30.304 Thread 0x0000025bfc6f53a0  657       3       java.util.HashMap$HashIterator::nextNode (100 bytes)
Event: 30.305 Thread 0x0000025bfc6f53a0 nmethod 657 0x0000025b80111f90 code [0x0000025b80112180, 0x0000025b80112700]
Event: 30.557 Thread 0x0000025bfc6f53a0  658       1       java.lang.Module::getDescriptor (5 bytes)
Event: 30.558 Thread 0x0000025bfc6f53a0 nmethod 658 0x0000025b87b03810 code [0x0000025b87b039a0, 0x0000025b87b03a70]
Event: 30.558 Thread 0x0000025bfc6f53a0  659       1       java.lang.module.ModuleDescriptor::provides (5 bytes)
Event: 30.558 Thread 0x0000025bfc6f53a0 nmethod 659 0x0000025b87b03b10 code [0x0000025b87b03ca0, 0x0000025b87b03d70]
Event: 30.559 Thread 0x0000025bfc6f53a0  660   !   3       java.nio.DirectByteBuffer::get (34 bytes)
Event: 30.560 Thread 0x0000025bfc6f53a0 nmethod 660 0x0000025b80112910 code [0x0000025b80112b60, 0x0000025b801134c8]
Event: 30.560 Thread 0x0000025bfc6f53a0  661       3       java.nio.DirectByteBuffer::ix (10 bytes)
Event: 30.560 Thread 0x0000025bfc6f53a0 nmethod 661 0x0000025b80113990 code [0x0000025b80113b20, 0x0000025b80113c38]
Event: 30.560 Thread 0x0000025bfc6f53a0  662       3       java.util.Optional::orElse (16 bytes)
Event: 30.561 Thread 0x0000025bfc6f53a0 nmethod 662 0x0000025b80113d10 code [0x0000025b80113ec0, 0x0000025b80114040]

GC Heap History (0 events):
No events

Dll operation events (2 events):
Event: 1.429 Loaded shared library C:\Program Files\Android\Android Studio\jbr\bin\java.dll
Event: 3.716 Loaded shared library C:\Program Files\Android\Android Studio\jbr\bin\zip.dll

Deoptimization events (20 events):
Event: 19.283 Thread 0x0000025bef1c3d60 Uncommon trap: trap_request=0xffffffde fr.pc=0x0000025b87ae6ee8 relative=0x0000000000000308
Event: 19.283 Thread 0x0000025bef1c3d60 Uncommon trap: reason=class_check action=maybe_recompile pc=0x0000025b87ae6ee8 method=java.util.regex.Pattern$BmpCharPropertyGreedy.match(Ljava/util/regex/Matcher;ILjava/lang/CharSequence;)Z @ 26 c2
Event: 19.283 Thread 0x0000025bef1c3d60 DEOPT PACKING pc=0x0000025b87ae6ee8 sp=0x0000006fadafe290
Event: 19.283 Thread 0x0000025bef1c3d60 DEOPT UNPACKING pc=0x0000025b875846a2 sp=0x0000006fadafe248 mode 2
Event: 19.283 Thread 0x0000025bef1c3d60 Uncommon trap: trap_request=0xffffffde fr.pc=0x0000025b87ae6ee8 relative=0x0000000000000308
Event: 19.283 Thread 0x0000025bef1c3d60 Uncommon trap: reason=class_check action=maybe_recompile pc=0x0000025b87ae6ee8 method=java.util.regex.Pattern$BmpCharPropertyGreedy.match(Ljava/util/regex/Matcher;ILjava/lang/CharSequence;)Z @ 26 c2
Event: 19.283 Thread 0x0000025bef1c3d60 DEOPT PACKING pc=0x0000025b87ae6ee8 sp=0x0000006fadafe210
Event: 19.283 Thread 0x0000025bef1c3d60 DEOPT UNPACKING pc=0x0000025b875846a2 sp=0x0000006fadafe1c8 mode 2
Event: 19.283 Thread 0x0000025bef1c3d60 Uncommon trap: trap_request=0xffffffde fr.pc=0x0000025b87ae6ee8 relative=0x0000000000000308
Event: 19.283 Thread 0x0000025bef1c3d60 Uncommon trap: reason=class_check action=maybe_recompile pc=0x0000025b87ae6ee8 method=java.util.regex.Pattern$BmpCharPropertyGreedy.match(Ljava/util/regex/Matcher;ILjava/lang/CharSequence;)Z @ 26 c2
Event: 19.283 Thread 0x0000025bef1c3d60 DEOPT PACKING pc=0x0000025b87ae6ee8 sp=0x0000006fadafdf70
Event: 19.283 Thread 0x0000025bef1c3d60 DEOPT UNPACKING pc=0x0000025b875846a2 sp=0x0000006fadafdf28 mode 2
Event: 20.042 Thread 0x0000025bef1c3d60 Uncommon trap: trap_request=0xffffff45 fr.pc=0x0000025b87aead5c relative=0x000000000000019c
Event: 20.042 Thread 0x0000025bef1c3d60 Uncommon trap: reason=unstable_if action=reinterpret pc=0x0000025b87aead5c method=java.util.zip.ZipFile$Source.isMetaName([BII)Z @ 43 c2
Event: 20.042 Thread 0x0000025bef1c3d60 DEOPT PACKING pc=0x0000025b87aead5c sp=0x0000006fadafcfe0
Event: 20.042 Thread 0x0000025bef1c3d60 DEOPT UNPACKING pc=0x0000025b875846a2 sp=0x0000006fadafcf88 mode 2
Event: 21.882 Thread 0x0000025bef1c3d60 Uncommon trap: trap_request=0xffffffde fr.pc=0x0000025b87ae6ee8 relative=0x0000000000000308
Event: 21.882 Thread 0x0000025bef1c3d60 Uncommon trap: reason=class_check action=maybe_recompile pc=0x0000025b87ae6ee8 method=java.util.regex.Pattern$BmpCharPropertyGreedy.match(Ljava/util/regex/Matcher;ILjava/lang/CharSequence;)Z @ 26 c2
Event: 21.882 Thread 0x0000025bef1c3d60 DEOPT PACKING pc=0x0000025b87ae6ee8 sp=0x0000006fadafe290
Event: 21.882 Thread 0x0000025bef1c3d60 DEOPT UNPACKING pc=0x0000025b875846a2 sp=0x0000006fadafe248 mode 2

Classes loaded (20 events):
Event: 30.299 Loading class java/util/Spliterator$OfLong
Event: 30.299 Loading class java/util/Spliterator$OfLong done
Event: 30.299 Loading class java/util/Spliterators$EmptySpliterator$OfLong done
Event: 30.300 Loading class java/util/Spliterators$EmptySpliterator$OfDouble
Event: 30.300 Loading class java/util/Spliterator$OfDouble
Event: 30.300 Loading class java/util/Spliterator$OfDouble done
Event: 30.300 Loading class java/util/Spliterators$EmptySpliterator$OfDouble done
Event: 30.301 Loading class java/util/Spliterators$ArraySpliterator
Event: 30.303 Loading class java/util/Spliterators$ArraySpliterator done
Event: 30.304 Loading class java/util/Spliterators$1Adapter
Event: 30.304 Loading class java/util/Spliterators$1Adapter done
Event: 30.558 Loading class jdk/internal/module/Resources
Event: 30.558 Loading class jdk/internal/module/Resources done
Event: 30.558 Loading class jdk/internal/loader/BuiltinClassLoader$2
Event: 30.558 Loading class jdk/internal/loader/BuiltinClassLoader$2 done
Event: 30.559 Loading class java/util/Collections$EmptyEnumeration
Event: 30.560 Loading class java/util/Collections$EmptyEnumeration done
Event: 30.560 Loading class jdk/internal/loader/BuiltinClassLoader$1
Event: 30.560 Loading class jdk/internal/loader/BuiltinClassLoader$1 done
Event: 30.561 Loading class java/lang/CompoundEnumeration

Classes unloaded (0 events):
No events

Classes redefined (0 events):
No events

Internal exceptions (0 events):
No events

ZGC Phase Switch (0 events):
No events

VM Operations (20 events):
Event: 17.076 Executing VM operation: Cleanup done
Event: 18.086 Executing VM operation: Cleanup
Event: 18.102 Executing VM operation: Cleanup done
Event: 19.110 Executing VM operation: Cleanup
Event: 19.207 Executing VM operation: Cleanup done
Event: 20.225 Executing VM operation: Cleanup
Event: 21.826 Executing VM operation: Cleanup done
Event: 22.835 Executing VM operation: Cleanup
Event: 22.835 Executing VM operation: Cleanup done
Event: 23.838 Executing VM operation: Cleanup
Event: 23.932 Executing VM operation: Cleanup done
Event: 24.937 Executing VM operation: Cleanup
Event: 24.973 Executing VM operation: Cleanup done
Event: 25.995 Executing VM operation: Cleanup
Event: 26.411 Executing VM operation: Cleanup done
Event: 27.416 Executing VM operation: Cleanup
Event: 27.988 Executing VM operation: Cleanup done
Event: 29.022 Executing VM operation: Cleanup
Event: 29.023 Executing VM operation: Cleanup done
Event: 31.051 Executing VM operation: Cleanup

Memory protections (0 events):
No events

Nmethod flushes (0 events):
No events

Events (17 events):
Event: 2.693 Thread 0x0000025bef1c3d60 Thread added: 0x0000025bef1c3d60
Event: 7.879 Thread 0x0000025bef1c3d60 Thread added: 0x0000025bfc6c2fc0
Event: 7.899 Thread 0x0000025bef1c3d60 Thread added: 0x0000025bfc6ca5e0
Event: 7.900 Thread 0x0000025bef1c3d60 Thread added: 0x0000025bfc6c6fa0
Event: 7.903 Thread 0x0000025bef1c3d60 Thread added: 0x0000025bfc6ec240
Event: 7.904 Thread 0x0000025bef1c3d60 Thread added: 0x0000025bfc6ecca0
Event: 7.904 Thread 0x0000025bef1c3d60 Thread added: 0x0000025bfc6ed700
Event: 7.904 Thread 0x0000025bef1c3d60 Thread added: 0x0000025bfc6ee160
Event: 7.904 Thread 0x0000025bef1c3d60 Thread added: 0x0000025bfc6eff00
Event: 7.904 Thread 0x0000025bef1c3d60 Thread added: 0x0000025bfc6f53a0
Event: 8.007 Thread 0x0000025bef1c3d60 Thread added: 0x0000025bfc88de90
Event: 10.980 Loaded shared library C:\Program Files\Android\Android Studio\jbr\bin\net.dll
Event: 10.985 Loaded shared library C:\Program Files\Android\Android Studio\jbr\bin\nio.dll
Event: 11.027 Loaded shared library C:\Program Files\Android\Android Studio\jbr\bin\zip.dll
Event: 18.145 Loaded shared library C:\Program Files\Android\Android Studio\jbr\bin\jimage.dll
Event: 20.026 Thread 0x0000025bfc6f53a0 Thread added: 0x0000025bfca8cca0
Event: 21.829 Thread 0x0000025bfca8cca0 Thread exited: 0x0000025bfca8cca0


Dynamic libraries:
0x00007ff7c2080000 - 0x00007ff7c208a000 	C:\Program Files\Android\Android Studio\jbr\bin\java.exe
0x00007ffe4f240000 - 0x00007ffe4f4a8000 	C:\WINDOWS\SYSTEM32\ntdll.dll
0x00007ffe4dac0000 - 0x00007ffe4db89000 	C:\WINDOWS\System32\KERNEL32.DLL
0x00007ffe4c390000 - 0x00007ffe4c788000 	C:\WINDOWS\System32\KERNELBASE.dll
0x00007ffe4c790000 - 0x00007ffe4c8db000 	C:\WINDOWS\System32\ucrtbase.dll
0x00007ffe3a8e0000 - 0x00007ffe3a8f8000 	C:\Program Files\Android\Android Studio\jbr\bin\jli.dll
0x00007ffe3a8c0000 - 0x00007ffe3a8db000 	C:\Program Files\Android\Android Studio\jbr\bin\VCRUNTIME140.dll
0x00007ffe4dc70000 - 0x00007ffe4de37000 	C:\WINDOWS\System32\USER32.dll
0x00007ffe4ca60000 - 0x00007ffe4ca87000 	C:\WINDOWS\System32\win32u.dll
0x00007ffe34a80000 - 0x00007ffe34d14000 	C:\WINDOWS\WinSxS\amd64_microsoft.windows.common-controls_6595b64144ccf1df_6.0.26100.7019_none_3e06ffa0e335b8a8\COMCTL32.dll
0x00007ffe4da10000 - 0x00007ffe4dab9000 	C:\WINDOWS\System32\msvcrt.dll
0x00007ffe4d5b0000 - 0x00007ffe4d5db000 	C:\WINDOWS\System32\GDI32.dll
0x00007ffe4ceb0000 - 0x00007ffe4cfdc000 	C:\WINDOWS\System32\gdi32full.dll
0x00007ffe4cb20000 - 0x00007ffe4cbc3000 	C:\WINDOWS\System32\msvcp_win.dll
0x00007ffe4d730000 - 0x00007ffe4d761000 	C:\WINDOWS\System32\IMM32.DLL
0x00007ffe3b130000 - 0x00007ffe3b13c000 	C:\Program Files\Android\Android Studio\jbr\bin\vcruntime140_1.dll
0x00007ffe2fe40000 - 0x00007ffe2fecd000 	C:\Program Files\Android\Android Studio\jbr\bin\msvcp140.dll
0x00007ffddf720000 - 0x00007ffde03ae000 	C:\Program Files\Android\Android Studio\jbr\bin\server\jvm.dll
0x00007ffe4d5e0000 - 0x00007ffe4d694000 	C:\WINDOWS\System32\ADVAPI32.dll
0x00007ffe4ea00000 - 0x00007ffe4eaa6000 	C:\WINDOWS\System32\sechost.dll
0x00007ffe4ef00000 - 0x00007ffe4f018000 	C:\WINDOWS\System32\RPCRT4.dll
0x00007ffe4d530000 - 0x00007ffe4d5a4000 	C:\WINDOWS\System32\WS2_32.dll
0x00007ffe4c1f0000 - 0x00007ffe4c24e000 	C:\WINDOWS\SYSTEM32\POWRPROF.dll
0x00007ffe32b10000 - 0x00007ffe32b45000 	C:\WINDOWS\SYSTEM32\WINMM.dll
0x00007ffe3c660000 - 0x00007ffe3c66b000 	C:\WINDOWS\SYSTEM32\VERSION.dll
0x00007ffe4c1d0000 - 0x00007ffe4c1e4000 	C:\WINDOWS\SYSTEM32\UMPDC.dll
0x00007ffe4b110000 - 0x00007ffe4b12b000 	C:\WINDOWS\SYSTEM32\kernel.appcore.dll
0x00007ffe3ab00000 - 0x00007ffe3ab0a000 	C:\Program Files\Android\Android Studio\jbr\bin\jimage.dll
0x00007ffe46be0000 - 0x00007ffe46e22000 	C:\WINDOWS\SYSTEM32\DBGHELP.DLL
0x00007ffe4eb00000 - 0x00007ffe4ee8b000 	C:\WINDOWS\System32\combase.dll
0x00007ffe4db90000 - 0x00007ffe4dc67000 	C:\WINDOWS\System32\OLEAUT32.dll
0x00007ffe31a20000 - 0x00007ffe31a5c000 	C:\WINDOWS\SYSTEM32\dbgcore.DLL
0x00007ffe4cc90000 - 0x00007ffe4cd35000 	C:\WINDOWS\System32\bcryptPrimitives.dll
0x00007ffe3a1a0000 - 0x00007ffe3a1c0000 	C:\Program Files\Android\Android Studio\jbr\bin\java.dll
0x00007ffe30040000 - 0x00007ffe30058000 	C:\Program Files\Android\Android Studio\jbr\bin\zip.dll
0x00007ffe4e2a0000 - 0x00007ffe4e9ef000 	C:\WINDOWS\System32\SHELL32.dll
0x00007ffe4cd40000 - 0x00007ffe4ceab000 	C:\WINDOWS\System32\wintypes.dll
0x00007ffe49f70000 - 0x00007ffe4a7cd000 	C:\WINDOWS\SYSTEM32\windows.storage.dll
0x00007ffe4dee0000 - 0x00007ffe4dfd2000 	C:\WINDOWS\System32\SHCORE.dll
0x00007ffe4ee90000 - 0x00007ffe4eef7000 	C:\WINDOWS\System32\shlwapi.dll
0x00007ffe4c2b0000 - 0x00007ffe4c2d9000 	C:\WINDOWS\SYSTEM32\profapi.dll
0x00007ffe3a190000 - 0x00007ffe3a1a0000 	C:\Program Files\Android\Android Studio\jbr\bin\net.dll
0x00007ffe3d0c0000 - 0x00007ffe3d1e8000 	C:\WINDOWS\SYSTEM32\WINHTTP.dll
0x00007ffe4b660000 - 0x00007ffe4b6cb000 	C:\WINDOWS\system32\mswsock.dll
0x00007ffe2fff0000 - 0x00007ffe30006000 	C:\Program Files\Android\Android Studio\jbr\bin\nio.dll

dbghelp: loaded successfully - version: 4.0.5 - missing functions: none
symbol engine: initialized successfully - sym options: 0x614 - pdb path: .;C:\Program Files\Android\Android Studio\jbr\bin;C:\WINDOWS\SYSTEM32;C:\WINDOWS\WinSxS\amd64_microsoft.windows.common-controls_6595b64144ccf1df_6.0.26100.7019_none_3e06ffa0e335b8a8;C:\Program Files\Android\Android Studio\jbr\bin\server

VM Arguments:
jvm_args: -Dcom.android.sdklib.toolsdir=C:\SDK\cmdline-tools\latest\bin\\.. 
java_command: com.android.sdklib.tool.sdkmanager.SdkManagerCli --licenses
java_class_path (initial): C:\SDK\cmdline-tools\latest\bin\..\lib\sdkmanager-classpath.jar
Launcher Type: SUN_STANDARD

[Global flags]
     intx CICompilerCount                          = 4                                         {product} {ergonomic}
     uint ConcGCThreads                            = 2                                         {product} {ergonomic}
     uint G1ConcRefinementThreads                  = 8                                         {product} {ergonomic}
   size_t G1HeapRegionSize                         = 2097152                                   {product} {ergonomic}
    uintx GCDrainStackTargetSize                   = 64                                        {product} {ergonomic}
   size_t InitialHeapSize                          = 266338304                                 {product} {ergonomic}
   size_t MarkStackSize                            = 4194304                                   {product} {ergonomic}
   size_t MaxHeapSize                              = 4255121408                                {product} {ergonomic}
   size_t MaxNewSize                               = 2552233984                                {product} {ergonomic}
   size_t MinHeapDeltaBytes                        = 2097152                                   {product} {ergonomic}
   size_t MinHeapSize                              = 8388608                                   {product} {ergonomic}
    uintx NonNMethodCodeHeapSize                   = 5839372                                {pd product} {ergonomic}
    uintx NonProfiledCodeHeapSize                  = 122909434                              {pd product} {ergonomic}
    uintx ProfiledCodeHeapSize                     = 122909434                              {pd product} {ergonomic}
    uintx ReservedCodeCacheSize                    = 251658240                              {pd product} {ergonomic}
     bool SegmentedCodeCache                       = true                                      {product} {ergonomic}
   size_t SoftMaxHeapSize                          = 4255121408                             {manageable} {ergonomic}
     bool UseCompressedOops                        = true                           {product lp64_product} {ergonomic}
     bool UseG1GC                                  = true                                      {product} {ergonomic}
     bool UseLargePagesIndividualAllocation        = false                                  {pd product} {ergonomic}

Logging:
Log output configuration:
 #0: stdout all=warning uptime,level,tags foldmultilines=false
 #1: stderr all=off uptime,level,tags foldmultilines=false

Environment Variables:
JAVA_HOME=C:\Program Files\Android\Android Studio\jbr
CLASSPATH=C:\SDK\cmdline-tools\latest\bin\..\lib\sdkmanager-classpath.jar
PATH=C:\Program Files\Android\Android Studio\jbr\bin;C:\Program Files\Common Files\Oracle\Java\javapath;C:\Java\jdk-21\bin;C:\Python313\Scripts\;C:\Python313\;C:\WINDOWS\system32;C:\WINDOWS;C:\WINDOWS\System32\Wbem;C:\WINDOWS\System32\WindowsPowerShell\v1.0\;C:\WINDOWS\System32\OpenSSH\;C:\Program Files\nodejs\;C:\ProgramData\chocolatey\bin;C:\Program Files\Git\cmd;C:\flutter\bin;C:\SDK\cmdline-tools\latest\bin;C:\SDK\platform-tools;C:\SDK\build-tools\36.1.0-rc1;C:\Java\jdk-21\BIN;C:\Users\Nkosinathi Radebe\.wasmer\bin;C:\Users\Nkosinathi Radebe\.wasmer\globals\wapm_packages\.bin;C:\Users\Nkosinathi Radebe\AppData\Local\Pub\Cache\bin;C:\Users\Nkosinathi Radebe\AppData\Roaming\npm;C:\Program Files\cursor\resources\app\bin;c:\Users\Nkosinathi Radebe\AppData\Local\Programs\Trae\bin;C:\Java\jdk-21\bin;C:\Python313\Scripts\;C:\Python313\;C:\WINDOWS\system32;C:\WINDOWS;C:\WINDOWS\System32\Wbem;C:\WINDOWS\System32\WindowsPowerShell\v1.0\;C:\WINDOWS\System32\OpenSSH\;C:\Program Files\nodejs\;C:\ProgramData\chocolatey\bin;C:\Program Files\Git\cmd;C:\flutter\bin;C:\SDK\cmdline-tools\latest\bin;C:\SDK\platform-tools;C:\SDK\build-tools\36.1.0-rc1;C:\Java\jdk-21\bin;C:\Python313\Scripts\;C:\Python313\;C:\WINDOWS\system32;C:\WINDOWS;C:\WINDOWS\System32\Wbem;C:\WINDOWS\System32\WindowsPowerShell\v1.0\;C:\WINDOWS\System32\OpenSSH\;C:\Program Files\nodejs\;C:\ProgramData\chocolatey\bin;C:\Program Files\Git\cmd;C:\flutter\bin;C:\SDK\cmdline-tools\latest\bin;C:\SDK\platform-tools;C:\SDK\build-tools\36.1.0-rc1;C:\Users\Nkosinathi Radebe\.wasmer\bin;C:\Users\Nkosinathi Radebe\AppData\Local\Pub\Cache\bin;C:\Users\Nkosinahi Radebe\AppData\Roaming\npm;C:\Users\Nkosinathi Radebe\AppData\Local\Programs\Windsurf\bin;C:\flutter\bin\mingit\cmd
USERNAME=Nkosinathi Radebe
OS=Windows_NT
PROCESSOR_IDENTIFIER=Intel64 Family 6 Model 142 Stepping 12, GenuineIntel
TMP=C:\Users\NKOSIN~1\AppData\Local\Temp
TEMP=C:\Users\NKOSIN~1\AppData\Local\Temp




Periodic native trim disabled

JNI global refs:
JNI global refs: 8, weak refs: 0

JNI global refs memory usage: 835, weak refs: 201

Process memory usage:
Resident Set Size: 60796K (0% of 16620632K total physical memory with 840724K free physical memory)

OOME stack traces (most recent first):
Classloader memory used:
Loader bootstrap                                                                       : 8896K
Loader jdk.internal.loader.ClassLoaders$AppClassLoader                                 : 2730K
Loader jdk.internal.loader.ClassLoaders$PlatformClassLoader                            : 2696B

---------------  S Y S T E M  ---------------

OS:
 Windows 11 , 64 bit Build 26100 (10.0.26100.7019)
OS uptime: 0 days 0:10 hours
Hyper-V role detected

CPU: total 8 (initial active 8) (4 cores per cpu, 2 threads per core) family 6 model 142 stepping 12 microcode 0xde, cx8, cmov, fxsr, ht, mmx, 3dnowpref, sse, sse2, sse3, ssse3, sse4.1, sse4.2, popcnt, lzcnt, tsc, tscinvbit, avx, avx2, aes, erms, clmul, bmi1, bmi2, adx, fma, vzeroupper, clflush, clflushopt, hv, rdtscp, f16c
Processor Information for the first 8 processors :
  Max Mhz: 1800, Current Mhz: 1600, Mhz Limit: 1584

Memory: 4k page, system-wide physical 16231M (820M free)
TotalPageFile size 46498M (AvailPageFile size 39M)
current process WorkingSet (physical memory assigned to process): 59M, peak: 59M
current process commit charge ("private bytes"): 342M, peak: 343M

vm_info: OpenJDK 64-Bit Server VM (21.0.7+-13880790-b1038.58) for windows-amd64 JRE (21.0.7+-13880790-b1038.58), built on 2025-08-04T20:56:21Z by "builder" with MS VC++ 16.10 / 16.11 (VS2019)

END.
