#
# There is insufficient memory for the Java Runtime Environment to continue.
# Native memory allocation (malloc) failed to allocate 236656 bytes. Error detail: Chunk::new
# Possible reasons:
#   The system is out of physical RAM or swap space
#   This process is running with CompressedOops enabled, and the Java Heap may be blocking the growth of the native heap
# Possible solutions:
#   Reduce memory load on the system
#   Increase physical memory or swap space
#   Check if swap backing store is full
#   Decrease Java heap size (-Xmx/-Xms)
#   Decrease number of Java threads
#   Decrease Java thread stack sizes (-Xss)
#   Set larger code cache with -XX:ReservedCodeCacheSize=
#   JVM is running with Zero Based Compressed Oops mode in which the Java heap is
#     placed in the first 32GB address space. The Java Heap base address is the
#     maximum limit for the native heap growth. Please use -XX:HeapBaseMinAddress
#     to set the Java Heap base and to place the Java Heap above 32GB virtual address.
# This output file may be truncated or incomplete.
#
#  Out of Memory Error (arena.cpp:168), pid=27236, tid=31248
#
# JRE version: OpenJDK Runtime Environment (21.0.7) (build 21.0.7+-13880790-b1038.58)
# Java VM: OpenJDK 64-Bit Server VM (21.0.7+-13880790-b1038.58, mixed mode, tiered, compressed oops, compressed class ptrs, g1 gc, windows-amd64)
# No core dump will be written. Minidumps are not enabled by default on client versions of Windows
#

---------------  S U M M A R Y ------------

Command Line: -Dcom.android.sdklib.toolsdir=C:\SDK\cmdline-tools\latest\bin\\.. com.android.sdklib.tool.sdkmanager.SdkManagerCli --licenses

Host: Intel(R) Core(TM) i5-8265U CPU @ 1.60GHz, 8 cores, 15G,  Windows 11 , 64 bit Build 26100 (10.0.26100.7019)
Time: Thu Nov 13 19:36:34 2025 South Africa Standard Time elapsed time: 48.461134 seconds (0d 0h 0m 48s)

---------------  T H R E A D  ---------------

Current thread (0x0000019ff6085b30):  JavaThread "C2 CompilerThread0" daemon [_thread_in_native, id=31248, stack(0x0000005a38a00000,0x0000005a38b00000) (1024K)]


Current CompileTask:
C2:48461 1729 %     4       java.util.regex.Matcher::replaceAll @ 22 (59 bytes)

Stack: [0x0000005a38a00000,0x0000005a38b00000]
Native frames: (J=compiled Java code, j=interpreted, Vv=VM code, C=native code)
V  [jvm.dll+0x6d25c9]
V  [jvm.dll+0x860923]
V  [jvm.dll+0x862e7e]
V  [jvm.dll+0x863563]
V  [jvm.dll+0x27f156]
V  [jvm.dll+0xc002d]
V  [jvm.dll+0xc0563]
V  [jvm.dll+0x3b6d01]
V  [jvm.dll+0x382c27]
V  [jvm.dll+0x38209a]
V  [jvm.dll+0x247e72]
V  [jvm.dll+0x247441]
V  [jvm.dll+0x1c5fb4]
V  [jvm.dll+0x256bac]
V  [jvm.dll+0x2550f6]
V  [jvm.dll+0x3f1d16]
V  [jvm.dll+0x808d08]
V  [jvm.dll+0x6d0e1d]
C  [ucrtbase.dll+0x37b0]
C  [KERNEL32.DLL+0x2e8d7]
C  [ntdll.dll+0x8c53c]


---------------  P R O C E S S  ---------------

Threads class SMR info:
_java_thread_list=0x0000019ff696a220, length=11, elements={
0x0000019fd7fff270, 0x0000019ff6063b80, 0x0000019ff60746f0, 0x0000019ff6075a20,
0x0000019ff60a6b40, 0x0000019ff60a71b0, 0x0000019ff6083660, 0x0000019ff60840c0,
0x0000019ff6085b30, 0x0000019ff6117060, 0x0000019ff624c450
}

Java Threads: ( => current thread )
  0x0000019fd7fff270 JavaThread "main"                              [_thread_in_vm, id=29732, stack(0x0000005a37b00000,0x0000005a37c00000) (1024K)]
  0x0000019ff6063b80 JavaThread "Common-Cleaner"             daemon [_thread_blocked, id=31080, stack(0x0000005a38300000,0x0000005a38400000) (1024K)]
  0x0000019ff60746f0 JavaThread "Reference Handler"          daemon [_thread_blocked, id=31224, stack(0x0000005a38400000,0x0000005a38500000) (1024K)]
  0x0000019ff6075a20 JavaThread "Finalizer"                  daemon [_thread_blocked, id=31228, stack(0x0000005a38500000,0x0000005a38600000) (1024K)]
  0x0000019ff60a6b40 JavaThread "Signal Dispatcher"          daemon [_thread_blocked, id=31232, stack(0x0000005a38600000,0x0000005a38700000) (1024K)]
  0x0000019ff60a71b0 JavaThread "Attach Listener"            daemon [_thread_blocked, id=31236, stack(0x0000005a38700000,0x0000005a38800000) (1024K)]
  0x0000019ff6083660 JavaThread "Service Thread"             daemon [_thread_blocked, id=31240, stack(0x0000005a38800000,0x0000005a38900000) (1024K)]
  0x0000019ff60840c0 JavaThread "Monitor Deflation Thread"   daemon [_thread_blocked, id=31244, stack(0x0000005a38900000,0x0000005a38a00000) (1024K)]
=>0x0000019ff6085b30 JavaThread "C2 CompilerThread0"         daemon [_thread_in_native, id=31248, stack(0x0000005a38a00000,0x0000005a38b00000) (1024K)]
  0x0000019ff6117060 JavaThread "C1 CompilerThread0"         daemon [_thread_blocked, id=31512, stack(0x0000005a38b00000,0x0000005a38c00000) (1024K)]
  0x0000019ff624c450 JavaThread "Notification Thread"        daemon [_thread_blocked, id=27404, stack(0x0000005a38c00000,0x0000005a38d00000) (1024K)]
Total: 11

Other Threads:
  0x0000019ff1e5eb90 VMThread "VM Thread"                           [id=28836, stack(0x0000005a38200000,0x0000005a38300000) (1024K)]
  0x0000019ff1de3d70 WatcherThread "VM Periodic Task Thread"        [id=30648, stack(0x0000005a38100000,0x0000005a38200000) (1024K)]
  0x0000019fd80637a0 WorkerThread "GC Thread#0"                     [id=30620, stack(0x0000005a37c00000,0x0000005a37d00000) (1024K)]
  0x0000019ff693f800 WorkerThread "GC Thread#1"                     [id=34376, stack(0x0000005a38d00000,0x0000005a38e00000) (1024K)]
  0x0000019ff6607a00 WorkerThread "GC Thread#2"                     [id=34380, stack(0x0000005a38e00000,0x0000005a38f00000) (1024K)]
  0x0000019ff6607da0 WorkerThread "GC Thread#3"                     [id=34384, stack(0x0000005a38f00000,0x0000005a39000000) (1024K)]
  0x0000019ff6608140 WorkerThread "GC Thread#4"                     [id=34388, stack(0x0000005a39000000,0x0000005a39100000) (1024K)]
  0x0000019ff66084e0 WorkerThread "GC Thread#5"                     [id=34392, stack(0x0000005a39100000,0x0000005a39200000) (1024K)]
  0x0000019ff68bc000 WorkerThread "GC Thread#6"                     [id=33016, stack(0x0000005a39200000,0x0000005a39300000) (1024K)]
  0x0000019fd8074510 ConcurrentGCThread "G1 Main Marker"            [id=30624, stack(0x0000005a37d00000,0x0000005a37e00000) (1024K)]
  0x0000019fd8075010 WorkerThread "G1 Conc#0"                       [id=30628, stack(0x0000005a37e00000,0x0000005a37f00000) (1024K)]
  0x0000019fd80be740 ConcurrentGCThread "G1 Refine#0"               [id=30636, stack(0x0000005a37f00000,0x0000005a38000000) (1024K)]
  0x0000019ff1cb68f0 ConcurrentGCThread "G1 Service"                [id=30640, stack(0x0000005a38000000,0x0000005a38100000) (1024K)]
Total: 13

Threads with active compile tasks:
C2 CompilerThread0  48490 1729 %     4       java.util.regex.Matcher::replaceAll @ 22 (59 bytes)
Total: 1

VM state: not at safepoint (normal execution)

VM Mutex/Monitor currently owned by a thread: None

Heap address: 0x0000000702600000, size: 4058 MB, Compressed Oops mode: Zero based, Oop shift amount: 3

CDS archive(s) not mapped
Compressed class space mapped at: 0x0000000800000000-0x0000000840000000, reserved size: 1073741824
Narrow klass base: 0x0000000800000000, Narrow klass shift: 0, Narrow klass range: 0x40000000

GC Precious Log:
 CardTable entry size: 512
 Card Set container configuration: InlinePtr #cards 4 size 8 Array Of Cards #cards 16 size 48 Howl #buckets 8 coarsen threshold 3686 Howl Bitmap #cards 512 size 80 coarsen threshold 460 Card regions per heap region 1 cards per card region 4096
 CPUs: 8 total, 8 available
 Memory: 16231M
 Large Page Support: Disabled
 NUMA Support: Disabled
 Compressed Oops: Enabled (Zero based)
 Heap Region Size: 2M
 Heap Min Capacity: 8M
 Heap Initial Capacity: 254M
 Heap Max Capacity: 4058M
 Pre-touch: Disabled
 Parallel Workers: 8
 Concurrent Workers: 2
 Concurrent Refinement Workers: 8
 Periodic GC: Disabled

Heap:
 garbage-first heap   total 260096K, used 12629K [0x0000000702600000, 0x0000000800000000)
  region size 2048K, 7 young (14336K), 2 survivors (4096K)
 Metaspace       used 17710K, committed 17856K, reserved 1114112K
  class space    used 1799K, committed 1856K, reserved 1048576K

Heap Regions: E=young(eden), S=young(survivor), O=old, HS=humongous(starts), HC=humongous(continues), CS=collection set, F=free, TAMS=top-at-mark-start, PB=parsable bottom
|   0|0x0000000702600000, 0x0000000702655500, 0x0000000702800000| 16%| O|  |TAMS 0x0000000702600000| PB 0x0000000702600000| Untracked 
|   1|0x0000000702800000, 0x0000000702800000, 0x0000000702a00000|  0%| F|  |TAMS 0x0000000702800000| PB 0x0000000702800000| Untracked 
|   2|0x0000000702a00000, 0x0000000702a00000, 0x0000000702c00000|  0%| F|  |TAMS 0x0000000702a00000| PB 0x0000000702a00000| Untracked 
|   3|0x0000000702c00000, 0x0000000702c00000, 0x0000000702e00000|  0%| F|  |TAMS 0x0000000702c00000| PB 0x0000000702c00000| Untracked 
|   4|0x0000000702e00000, 0x0000000702e00000, 0x0000000703000000|  0%| F|  |TAMS 0x0000000702e00000| PB 0x0000000702e00000| Untracked 
|   5|0x0000000703000000, 0x0000000703000000, 0x0000000703200000|  0%| F|  |TAMS 0x0000000703000000| PB 0x0000000703000000| Untracked 
|   6|0x0000000703200000, 0x0000000703200000, 0x0000000703400000|  0%| F|  |TAMS 0x0000000703200000| PB 0x0000000703200000| Untracked 
|   7|0x0000000703400000, 0x0000000703400000, 0x0000000703600000|  0%| F|  |TAMS 0x0000000703400000| PB 0x0000000703400000| Untracked 
|   8|0x0000000703600000, 0x0000000703600000, 0x0000000703800000|  0%| F|  |TAMS 0x0000000703600000| PB 0x0000000703600000| Untracked 
|   9|0x0000000703800000, 0x0000000703800000, 0x0000000703a00000|  0%| F|  |TAMS 0x0000000703800000| PB 0x0000000703800000| Untracked 
|  10|0x0000000703a00000, 0x0000000703a00000, 0x0000000703c00000|  0%| F|  |TAMS 0x0000000703a00000| PB 0x0000000703a00000| Untracked 
|  11|0x0000000703c00000, 0x0000000703c00000, 0x0000000703e00000|  0%| F|  |TAMS 0x0000000703c00000| PB 0x0000000703c00000| Untracked 
|  12|0x0000000703e00000, 0x0000000703e00000, 0x0000000704000000|  0%| F|  |TAMS 0x0000000703e00000| PB 0x0000000703e00000| Untracked 
|  13|0x0000000704000000, 0x0000000704000000, 0x0000000704200000|  0%| F|  |TAMS 0x0000000704000000| PB 0x0000000704000000| Untracked 
|  14|0x0000000704200000, 0x0000000704200000, 0x0000000704400000|  0%| F|  |TAMS 0x0000000704200000| PB 0x0000000704200000| Untracked 
|  15|0x0000000704400000, 0x0000000704400000, 0x0000000704600000|  0%| F|  |TAMS 0x0000000704400000| PB 0x0000000704400000| Untracked 
|  16|0x0000000704600000, 0x0000000704600000, 0x0000000704800000|  0%| F|  |TAMS 0x0000000704600000| PB 0x0000000704600000| Untracked 
|  17|0x0000000704800000, 0x0000000704800000, 0x0000000704a00000|  0%| F|  |TAMS 0x0000000704800000| PB 0x0000000704800000| Untracked 
|  18|0x0000000704a00000, 0x0000000704a00000, 0x0000000704c00000|  0%| F|  |TAMS 0x0000000704a00000| PB 0x0000000704a00000| Untracked 
|  19|0x0000000704c00000, 0x0000000704c00000, 0x0000000704e00000|  0%| F|  |TAMS 0x0000000704c00000| PB 0x0000000704c00000| Untracked 
|  20|0x0000000704e00000, 0x0000000704e00000, 0x0000000705000000|  0%| F|  |TAMS 0x0000000704e00000| PB 0x0000000704e00000| Untracked 
|  21|0x0000000705000000, 0x0000000705000000, 0x0000000705200000|  0%| F|  |TAMS 0x0000000705000000| PB 0x0000000705000000| Untracked 
|  22|0x0000000705200000, 0x0000000705200000, 0x0000000705400000|  0%| F|  |TAMS 0x0000000705200000| PB 0x0000000705200000| Untracked 
|  23|0x0000000705400000, 0x0000000705400000, 0x0000000705600000|  0%| F|  |TAMS 0x0000000705400000| PB 0x0000000705400000| Untracked 
|  24|0x0000000705600000, 0x0000000705600000, 0x0000000705800000|  0%| F|  |TAMS 0x0000000705600000| PB 0x0000000705600000| Untracked 
|  25|0x0000000705800000, 0x0000000705800000, 0x0000000705a00000|  0%| F|  |TAMS 0x0000000705800000| PB 0x0000000705800000| Untracked 
|  26|0x0000000705a00000, 0x0000000705a00000, 0x0000000705c00000|  0%| F|  |TAMS 0x0000000705a00000| PB 0x0000000705a00000| Untracked 
|  27|0x0000000705c00000, 0x0000000705c00000, 0x0000000705e00000|  0%| F|  |TAMS 0x0000000705c00000| PB 0x0000000705c00000| Untracked 
|  28|0x0000000705e00000, 0x0000000705e00000, 0x0000000706000000|  0%| F|  |TAMS 0x0000000705e00000| PB 0x0000000705e00000| Untracked 
|  29|0x0000000706000000, 0x0000000706000000, 0x0000000706200000|  0%| F|  |TAMS 0x0000000706000000| PB 0x0000000706000000| Untracked 
|  30|0x0000000706200000, 0x0000000706200000, 0x0000000706400000|  0%| F|  |TAMS 0x0000000706200000| PB 0x0000000706200000| Untracked 
|  31|0x0000000706400000, 0x0000000706400000, 0x0000000706600000|  0%| F|  |TAMS 0x0000000706400000| PB 0x0000000706400000| Untracked 
|  32|0x0000000706600000, 0x0000000706600000, 0x0000000706800000|  0%| F|  |TAMS 0x0000000706600000| PB 0x0000000706600000| Untracked 
|  33|0x0000000706800000, 0x0000000706800000, 0x0000000706a00000|  0%| F|  |TAMS 0x0000000706800000| PB 0x0000000706800000| Untracked 
|  34|0x0000000706a00000, 0x0000000706a00000, 0x0000000706c00000|  0%| F|  |TAMS 0x0000000706a00000| PB 0x0000000706a00000| Untracked 
|  35|0x0000000706c00000, 0x0000000706c00000, 0x0000000706e00000|  0%| F|  |TAMS 0x0000000706c00000| PB 0x0000000706c00000| Untracked 
|  36|0x0000000706e00000, 0x0000000706e00000, 0x0000000707000000|  0%| F|  |TAMS 0x0000000706e00000| PB 0x0000000706e00000| Untracked 
|  37|0x0000000707000000, 0x0000000707000000, 0x0000000707200000|  0%| F|  |TAMS 0x0000000707000000| PB 0x0000000707000000| Untracked 
|  38|0x0000000707200000, 0x0000000707200000, 0x0000000707400000|  0%| F|  |TAMS 0x0000000707200000| PB 0x0000000707200000| Untracked 
|  39|0x0000000707400000, 0x0000000707400000, 0x0000000707600000|  0%| F|  |TAMS 0x0000000707400000| PB 0x0000000707400000| Untracked 
|  40|0x0000000707600000, 0x0000000707600000, 0x0000000707800000|  0%| F|  |TAMS 0x0000000707600000| PB 0x0000000707600000| Untracked 
|  41|0x0000000707800000, 0x0000000707800000, 0x0000000707a00000|  0%| F|  |TAMS 0x0000000707800000| PB 0x0000000707800000| Untracked 
|  42|0x0000000707a00000, 0x0000000707a00000, 0x0000000707c00000|  0%| F|  |TAMS 0x0000000707a00000| PB 0x0000000707a00000| Untracked 
|  43|0x0000000707c00000, 0x0000000707c00000, 0x0000000707e00000|  0%| F|  |TAMS 0x0000000707c00000| PB 0x0000000707c00000| Untracked 
|  44|0x0000000707e00000, 0x0000000707e00000, 0x0000000708000000|  0%| F|  |TAMS 0x0000000707e00000| PB 0x0000000707e00000| Untracked 
|  45|0x0000000708000000, 0x0000000708000000, 0x0000000708200000|  0%| F|  |TAMS 0x0000000708000000| PB 0x0000000708000000| Untracked 
|  46|0x0000000708200000, 0x0000000708200000, 0x0000000708400000|  0%| F|  |TAMS 0x0000000708200000| PB 0x0000000708200000| Untracked 
|  47|0x0000000708400000, 0x0000000708400000, 0x0000000708600000|  0%| F|  |TAMS 0x0000000708400000| PB 0x0000000708400000| Untracked 
|  48|0x0000000708600000, 0x0000000708600000, 0x0000000708800000|  0%| F|  |TAMS 0x0000000708600000| PB 0x0000000708600000| Untracked 
|  49|0x0000000708800000, 0x0000000708800000, 0x0000000708a00000|  0%| F|  |TAMS 0x0000000708800000| PB 0x0000000708800000| Untracked 
|  50|0x0000000708a00000, 0x0000000708a00000, 0x0000000708c00000|  0%| F|  |TAMS 0x0000000708a00000| PB 0x0000000708a00000| Untracked 
|  51|0x0000000708c00000, 0x0000000708c00000, 0x0000000708e00000|  0%| F|  |TAMS 0x0000000708c00000| PB 0x0000000708c00000| Untracked 
|  52|0x0000000708e00000, 0x0000000708e00000, 0x0000000709000000|  0%| F|  |TAMS 0x0000000708e00000| PB 0x0000000708e00000| Untracked 
|  53|0x0000000709000000, 0x0000000709000000, 0x0000000709200000|  0%| F|  |TAMS 0x0000000709000000| PB 0x0000000709000000| Untracked 
|  54|0x0000000709200000, 0x0000000709200000, 0x0000000709400000|  0%| F|  |TAMS 0x0000000709200000| PB 0x0000000709200000| Untracked 
|  55|0x0000000709400000, 0x0000000709400000, 0x0000000709600000|  0%| F|  |TAMS 0x0000000709400000| PB 0x0000000709400000| Untracked 
|  56|0x0000000709600000, 0x0000000709600000, 0x0000000709800000|  0%| F|  |TAMS 0x0000000709600000| PB 0x0000000709600000| Untracked 
|  57|0x0000000709800000, 0x0000000709800000, 0x0000000709a00000|  0%| F|  |TAMS 0x0000000709800000| PB 0x0000000709800000| Untracked 
|  58|0x0000000709a00000, 0x0000000709a00000, 0x0000000709c00000|  0%| F|  |TAMS 0x0000000709a00000| PB 0x0000000709a00000| Untracked 
|  59|0x0000000709c00000, 0x0000000709c00000, 0x0000000709e00000|  0%| F|  |TAMS 0x0000000709c00000| PB 0x0000000709c00000| Untracked 
|  60|0x0000000709e00000, 0x0000000709e00000, 0x000000070a000000|  0%| F|  |TAMS 0x0000000709e00000| PB 0x0000000709e00000| Untracked 
|  61|0x000000070a000000, 0x000000070a000000, 0x000000070a200000|  0%| F|  |TAMS 0x000000070a000000| PB 0x000000070a000000| Untracked 
|  62|0x000000070a200000, 0x000000070a200000, 0x000000070a400000|  0%| F|  |TAMS 0x000000070a200000| PB 0x000000070a200000| Untracked 
|  63|0x000000070a400000, 0x000000070a400000, 0x000000070a600000|  0%| F|  |TAMS 0x000000070a400000| PB 0x000000070a400000| Untracked 
|  64|0x000000070a600000, 0x000000070a600000, 0x000000070a800000|  0%| F|  |TAMS 0x000000070a600000| PB 0x000000070a600000| Untracked 
|  65|0x000000070a800000, 0x000000070a800000, 0x000000070aa00000|  0%| F|  |TAMS 0x000000070a800000| PB 0x000000070a800000| Untracked 
|  66|0x000000070aa00000, 0x000000070aa00000, 0x000000070ac00000|  0%| F|  |TAMS 0x000000070aa00000| PB 0x000000070aa00000| Untracked 
|  67|0x000000070ac00000, 0x000000070ac00000, 0x000000070ae00000|  0%| F|  |TAMS 0x000000070ac00000| PB 0x000000070ac00000| Untracked 
|  68|0x000000070ae00000, 0x000000070ae00000, 0x000000070b000000|  0%| F|  |TAMS 0x000000070ae00000| PB 0x000000070ae00000| Untracked 
|  69|0x000000070b000000, 0x000000070b000000, 0x000000070b200000|  0%| F|  |TAMS 0x000000070b000000| PB 0x000000070b000000| Untracked 
|  70|0x000000070b200000, 0x000000070b200000, 0x000000070b400000|  0%| F|  |TAMS 0x000000070b200000| PB 0x000000070b200000| Untracked 
|  71|0x000000070b400000, 0x000000070b400000, 0x000000070b600000|  0%| F|  |TAMS 0x000000070b400000| PB 0x000000070b400000| Untracked 
|  72|0x000000070b600000, 0x000000070b600000, 0x000000070b800000|  0%| F|  |TAMS 0x000000070b600000| PB 0x000000070b600000| Untracked 
|  73|0x000000070b800000, 0x000000070b800000, 0x000000070ba00000|  0%| F|  |TAMS 0x000000070b800000| PB 0x000000070b800000| Untracked 
|  74|0x000000070ba00000, 0x000000070ba00000, 0x000000070bc00000|  0%| F|  |TAMS 0x000000070ba00000| PB 0x000000070ba00000| Untracked 
|  75|0x000000070bc00000, 0x000000070bc00000, 0x000000070be00000|  0%| F|  |TAMS 0x000000070bc00000| PB 0x000000070bc00000| Untracked 
|  76|0x000000070be00000, 0x000000070be00000, 0x000000070c000000|  0%| F|  |TAMS 0x000000070be00000| PB 0x000000070be00000| Untracked 
|  77|0x000000070c000000, 0x000000070c000000, 0x000000070c200000|  0%| F|  |TAMS 0x000000070c000000| PB 0x000000070c000000| Untracked 
|  78|0x000000070c200000, 0x000000070c200000, 0x000000070c400000|  0%| F|  |TAMS 0x000000070c200000| PB 0x000000070c200000| Untracked 
|  79|0x000000070c400000, 0x000000070c400000, 0x000000070c600000|  0%| F|  |TAMS 0x000000070c400000| PB 0x000000070c400000| Untracked 
|  80|0x000000070c600000, 0x000000070c600000, 0x000000070c800000|  0%| F|  |TAMS 0x000000070c600000| PB 0x000000070c600000| Untracked 
|  81|0x000000070c800000, 0x000000070c800000, 0x000000070ca00000|  0%| F|  |TAMS 0x000000070c800000| PB 0x000000070c800000| Untracked 
|  82|0x000000070ca00000, 0x000000070ca00000, 0x000000070cc00000|  0%| F|  |TAMS 0x000000070ca00000| PB 0x000000070ca00000| Untracked 
|  83|0x000000070cc00000, 0x000000070cc00000, 0x000000070ce00000|  0%| F|  |TAMS 0x000000070cc00000| PB 0x000000070cc00000| Untracked 
|  84|0x000000070ce00000, 0x000000070ce00000, 0x000000070d000000|  0%| F|  |TAMS 0x000000070ce00000| PB 0x000000070ce00000| Untracked 
|  85|0x000000070d000000, 0x000000070d000000, 0x000000070d200000|  0%| F|  |TAMS 0x000000070d000000| PB 0x000000070d000000| Untracked 
|  86|0x000000070d200000, 0x000000070d200000, 0x000000070d400000|  0%| F|  |TAMS 0x000000070d200000| PB 0x000000070d200000| Untracked 
|  87|0x000000070d400000, 0x000000070d400000, 0x000000070d600000|  0%| F|  |TAMS 0x000000070d400000| PB 0x000000070d400000| Untracked 
|  88|0x000000070d600000, 0x000000070d600000, 0x000000070d800000|  0%| F|  |TAMS 0x000000070d600000| PB 0x000000070d600000| Untracked 
|  89|0x000000070d800000, 0x000000070d800000, 0x000000070da00000|  0%| F|  |TAMS 0x000000070d800000| PB 0x000000070d800000| Untracked 
|  90|0x000000070da00000, 0x000000070da00000, 0x000000070dc00000|  0%| F|  |TAMS 0x000000070da00000| PB 0x000000070da00000| Untracked 
|  91|0x000000070dc00000, 0x000000070dc00000, 0x000000070de00000|  0%| F|  |TAMS 0x000000070dc00000| PB 0x000000070dc00000| Untracked 
|  92|0x000000070de00000, 0x000000070de00000, 0x000000070e000000|  0%| F|  |TAMS 0x000000070de00000| PB 0x000000070de00000| Untracked 
|  93|0x000000070e000000, 0x000000070e000000, 0x000000070e200000|  0%| F|  |TAMS 0x000000070e000000| PB 0x000000070e000000| Untracked 
|  94|0x000000070e200000, 0x000000070e200000, 0x000000070e400000|  0%| F|  |TAMS 0x000000070e200000| PB 0x000000070e200000| Untracked 
|  95|0x000000070e400000, 0x000000070e400000, 0x000000070e600000|  0%| F|  |TAMS 0x000000070e400000| PB 0x000000070e400000| Untracked 
|  96|0x000000070e600000, 0x000000070e600000, 0x000000070e800000|  0%| F|  |TAMS 0x000000070e600000| PB 0x000000070e600000| Untracked 
|  97|0x000000070e800000, 0x000000070e800000, 0x000000070ea00000|  0%| F|  |TAMS 0x000000070e800000| PB 0x000000070e800000| Untracked 
|  98|0x000000070ea00000, 0x000000070ea00000, 0x000000070ec00000|  0%| F|  |TAMS 0x000000070ea00000| PB 0x000000070ea00000| Untracked 
|  99|0x000000070ec00000, 0x000000070ec00000, 0x000000070ee00000|  0%| F|  |TAMS 0x000000070ec00000| PB 0x000000070ec00000| Untracked 
| 100|0x000000070ee00000, 0x000000070ee00000, 0x000000070f000000|  0%| F|  |TAMS 0x000000070ee00000| PB 0x000000070ee00000| Untracked 
| 101|0x000000070f000000, 0x000000070f000000, 0x000000070f200000|  0%| F|  |TAMS 0x000000070f000000| PB 0x000000070f000000| Untracked 
| 102|0x000000070f200000, 0x000000070f200000, 0x000000070f400000|  0%| F|  |TAMS 0x000000070f200000| PB 0x000000070f200000| Untracked 
| 103|0x000000070f400000, 0x000000070f400000, 0x000000070f600000|  0%| F|  |TAMS 0x000000070f400000| PB 0x000000070f400000| Untracked 
| 104|0x000000070f600000, 0x000000070f600000, 0x000000070f800000|  0%| F|  |TAMS 0x000000070f600000| PB 0x000000070f600000| Untracked 
| 105|0x000000070f800000, 0x000000070f800000, 0x000000070fa00000|  0%| F|  |TAMS 0x000000070f800000| PB 0x000000070f800000| Untracked 
| 106|0x000000070fa00000, 0x000000070fa00000, 0x000000070fc00000|  0%| F|  |TAMS 0x000000070fa00000| PB 0x000000070fa00000| Untracked 
| 107|0x000000070fc00000, 0x000000070fc00000, 0x000000070fe00000|  0%| F|  |TAMS 0x000000070fc00000| PB 0x000000070fc00000| Untracked 
| 108|0x000000070fe00000, 0x000000070fe00000, 0x0000000710000000|  0%| F|  |TAMS 0x000000070fe00000| PB 0x000000070fe00000| Untracked 
| 109|0x0000000710000000, 0x0000000710000000, 0x0000000710200000|  0%| F|  |TAMS 0x0000000710000000| PB 0x0000000710000000| Untracked 
| 110|0x0000000710200000, 0x0000000710200000, 0x0000000710400000|  0%| F|  |TAMS 0x0000000710200000| PB 0x0000000710200000| Untracked 
| 111|0x0000000710400000, 0x0000000710400000, 0x0000000710600000|  0%| F|  |TAMS 0x0000000710400000| PB 0x0000000710400000| Untracked 
| 112|0x0000000710600000, 0x0000000710600000, 0x0000000710800000|  0%| F|  |TAMS 0x0000000710600000| PB 0x0000000710600000| Untracked 
| 113|0x0000000710800000, 0x0000000710800000, 0x0000000710a00000|  0%| F|  |TAMS 0x0000000710800000| PB 0x0000000710800000| Untracked 
| 114|0x0000000710a00000, 0x0000000710c00000, 0x0000000710c00000|100%| S|CS|TAMS 0x0000000710a00000| PB 0x0000000710a00000| Complete 
| 115|0x0000000710c00000, 0x0000000710e00000, 0x0000000710e00000|100%| S|CS|TAMS 0x0000000710c00000| PB 0x0000000710c00000| Complete 
| 116|0x0000000710e00000, 0x0000000710e00000, 0x0000000711000000|  0%| F|  |TAMS 0x0000000710e00000| PB 0x0000000710e00000| Untracked 
| 117|0x0000000711000000, 0x0000000711000000, 0x0000000711200000|  0%| F|  |TAMS 0x0000000711000000| PB 0x0000000711000000| Untracked 
| 118|0x0000000711200000, 0x0000000711200000, 0x0000000711400000|  0%| F|  |TAMS 0x0000000711200000| PB 0x0000000711200000| Untracked 
| 119|0x0000000711400000, 0x0000000711400000, 0x0000000711600000|  0%| F|  |TAMS 0x0000000711400000| PB 0x0000000711400000| Untracked 
| 120|0x0000000711600000, 0x0000000711600000, 0x0000000711800000|  0%| F|  |TAMS 0x0000000711600000| PB 0x0000000711600000| Untracked 
| 121|0x0000000711800000, 0x0000000711800000, 0x0000000711a00000|  0%| F|  |TAMS 0x0000000711800000| PB 0x0000000711800000| Untracked 
| 122|0x0000000711a00000, 0x0000000711c00000, 0x0000000711c00000|100%| E|  |TAMS 0x0000000711a00000| PB 0x0000000711a00000| Complete 
| 123|0x0000000711c00000, 0x0000000711e00000, 0x0000000711e00000|100%| E|CS|TAMS 0x0000000711c00000| PB 0x0000000711c00000| Complete 
| 124|0x0000000711e00000, 0x0000000712000000, 0x0000000712000000|100%| E|CS|TAMS 0x0000000711e00000| PB 0x0000000711e00000| Complete 
| 125|0x0000000712000000, 0x0000000712200000, 0x0000000712200000|100%| E|CS|TAMS 0x0000000712000000| PB 0x0000000712000000| Complete 
| 126|0x0000000712200000, 0x0000000712400000, 0x0000000712400000|100%| E|CS|TAMS 0x0000000712200000| PB 0x0000000712200000| Complete 

Card table byte_map: [0x0000019feac70000,0x0000019feb460000] _byte_map_base: 0x0000019fe745d000

Marking Bits: (CMBitMap*) 0x0000019fd8063ea0
 Bits: [0x0000019feb460000, 0x0000019fef3c8000)

Polling page: 0x0000019fd5d30000

Metaspace:

Usage:
  Non-class:     15.55 MB used.
      Class:      1.76 MB used.
       Both:     17.31 MB used.

Virtual space:
  Non-class space:       64.00 MB reserved,      15.62 MB ( 24%) committed,  1 nodes.
      Class space:        1.00 GB reserved,       1.81 MB ( <1%) committed,  1 nodes.
             Both:        1.06 GB reserved,      17.44 MB (  2%) committed. 

Chunk freelists:
   Non-Class:  64.00 KB
       Class:  14.08 MB
        Both:  14.14 MB

MaxMetaspaceSize: unlimited
CompressedClassSpaceSize: 1.00 GB
Initial GC threshold: 21.00 MB
Current GC threshold: 21.00 MB
CDS: off
 - commit_granule_bytes: 65536.
 - commit_granule_words: 8192.
 - virtual_space_node_default_size: 8388608.
 - enlarge_chunks_in_place: 1.
 - use_allocation_guard: 0.


Internal statistics:

num_allocs_failed_limit: 0.
num_arena_births: 80.
num_arena_deaths: 0.
num_vsnodes_births: 2.
num_vsnodes_deaths: 0.
num_space_committed: 279.
num_space_uncommitted: 0.
num_chunks_returned_to_freelist: 0.
num_chunks_taken_from_freelist: 337.
num_chunk_merges: 0.
num_chunk_splits: 226.
num_chunks_enlarged: 184.
num_inconsistent_stats: 0.

CodeHeap 'non-profiled nmethods': size=120000Kb used=593Kb max_used=593Kb free=119406Kb
 bounds [0x0000019fe2c20000, 0x0000019fe2e90000, 0x0000019fea150000]
CodeHeap 'profiled nmethods': size=120000Kb used=3413Kb max_used=3413Kb free=116586Kb
 bounds [0x0000019fdb150000, 0x0000019fdb4b0000, 0x0000019fe2680000]
CodeHeap 'non-nmethods': size=5760Kb used=1353Kb max_used=1392Kb free=4406Kb
 bounds [0x0000019fe2680000, 0x0000019fe28f0000, 0x0000019fe2c20000]
 total_blobs=2247 nmethods=1771 adapters=381
 compilation: enabled
              stopped_count=0, restarted_count=0
 full_count=0

Compilation events (20 events):
Event: 46.419 Thread 0x0000019ff6117060 nmethod 1748 0x0000019fdb48f590 code [0x0000019fdb48f7c0, 0x0000019fdb490248]
Event: 46.419 Thread 0x0000019ff6117060 1747       3       java.lang.ThreadLocal$ThreadLocalMap::getEntryAfterMiss (59 bytes)
Event: 46.420 Thread 0x0000019ff6117060 nmethod 1747 0x0000019fdb490510 code [0x0000019fdb490720, 0x0000019fdb490d28]
Event: 46.420 Thread 0x0000019ff6117060 1746   !   3       sun.nio.ch.NativeThreadSet::remove (90 bytes)
Event: 46.421 Thread 0x0000019ff6117060 nmethod 1746 0x0000019fdb490f90 code [0x0000019fdb491140, 0x0000019fdb491430]
Event: 46.421 Thread 0x0000019ff6117060 1754       2       java.util.HashMap::getNode (150 bytes)
Event: 46.423 Thread 0x0000019ff6117060 nmethod 1754 0x0000019fdb491610 code [0x0000019fdb491820, 0x0000019fdb491ce0]
Event: 46.423 Thread 0x0000019ff6117060 1749       3       sun.nio.ch.FileDispatcherImpl::read (8 bytes)
Event: 46.423 Thread 0x0000019ff6117060 nmethod 1749 0x0000019fdb491f10 code [0x0000019fdb4920c0, 0x0000019fdb492200]
Event: 46.423 Thread 0x0000019ff6117060 1750       3       java.nio.MappedByteBuffer::flip (5 bytes)
Event: 46.423 Thread 0x0000019ff6117060 nmethod 1750 0x0000019fdb492290 code [0x0000019fdb492440, 0x0000019fdb492680]
Event: 46.423 Thread 0x0000019ff6117060 1751       3       java.nio.MappedByteBuffer::flip (7 bytes)
Event: 46.423 Thread 0x0000019ff6117060 nmethod 1751 0x0000019fdb492790 code [0x0000019fdb492940, 0x0000019fdb492b20]
Event: 46.423 Thread 0x0000019ff6117060 1753       3       com.sun.org.apache.xerces.internal.util.XMLStringBuffer::<init> (7 bytes)
Event: 46.424 Thread 0x0000019ff6117060 nmethod 1753 0x0000019fdb492c10 code [0x0000019fdb492dc0, 0x0000019fdb4930e8]
Event: 46.424 Thread 0x0000019ff6117060 1752       3       com.sun.org.apache.xerces.internal.parsers.XML11Configuration::checkProperty (192 bytes)
Event: 46.428 Thread 0x0000019ff6117060 nmethod 1752 0x0000019fdb493210 code [0x0000019fdb4936a0, 0x0000019fdb4953e8]
Event: 46.439 Thread 0x0000019ff6117060 1755       3       com.sun.org.apache.xerces.internal.utils.XMLSecurityManager$Limit::values (10 bytes)
Event: 46.439 Thread 0x0000019ff6117060 nmethod 1755 0x0000019fdb495d90 code [0x0000019fdb495f40, 0x0000019fdb4961e8]
Event: 46.441 Thread 0x0000019ff6117060 1756       3       com.sun.org.apache.xerces.internal.impl.XMLScanner::setProperty (94 bytes)

GC Heap History (2 events):
Event: 32.681 GC heap before
{Heap before GC invocations=0 (full 0):
 garbage-first heap   total 260096K, used 20480K [0x0000000702600000, 0x0000000800000000)
  region size 2048K, 11 young (22528K), 0 survivors (0K)
 Metaspace       used 15256K, committed 15488K, reserved 1114112K
  class space    used 1536K, committed 1664K, reserved 1048576K
}
Event: 35.799 GC heap after
{Heap after GC invocations=1 (full 0):
 garbage-first heap   total 260096K, used 4437K [0x0000000702600000, 0x0000000800000000)
  region size 2048K, 2 young (4096K), 2 survivors (4096K)
 Metaspace       used 15256K, committed 15488K, reserved 1114112K
  class space    used 1536K, committed 1664K, reserved 1048576K
}

Dll operation events (2 events):
Event: 0.019 Loaded shared library C:\Program Files\Android\Android Studio\jbr\bin\java.dll
Event: 0.031 Loaded shared library C:\Program Files\Android\Android Studio\jbr\bin\zip.dll

Deoptimization events (20 events):
Event: 45.634 Thread 0x0000019fd7fff270 Uncommon trap: trap_request=0xffffff6e fr.pc=0x0000019fe2c88f10 relative=0x00000000000002d0
Event: 45.634 Thread 0x0000019fd7fff270 Uncommon trap: reason=loop_limit_check action=maybe_recompile pc=0x0000019fe2c88f10 method=java.util.regex.Pattern$Start.match(Ljava/util/regex/Matcher;ILjava/lang/CharSequence;)Z @ 34 c2
Event: 45.634 Thread 0x0000019fd7fff270 DEOPT PACKING pc=0x0000019fe2c88f10 sp=0x0000005a37bfe000
Event: 45.634 Thread 0x0000019fd7fff270 DEOPT UNPACKING pc=0x0000019fe26d46a2 sp=0x0000005a37bfdf30 mode 2
Event: 45.660 Thread 0x0000019fd7fff270 Uncommon trap: trap_request=0xffffffde fr.pc=0x0000019fe2c7f784 relative=0x0000000000000324
Event: 45.660 Thread 0x0000019fd7fff270 Uncommon trap: reason=class_check action=maybe_recompile pc=0x0000019fe2c7f784 method=java.util.HashMap.getNode(Ljava/lang/Object;)Ljava/util/HashMap$Node; @ 63 c2
Event: 45.660 Thread 0x0000019fd7fff270 DEOPT PACKING pc=0x0000019fe2c7f784 sp=0x0000005a37bfe1d0
Event: 45.661 Thread 0x0000019fd7fff270 DEOPT UNPACKING pc=0x0000019fe26d46a2 sp=0x0000005a37bfe0d8 mode 2
Event: 45.661 Thread 0x0000019fd7fff270 Uncommon trap: trap_request=0xffffff6e fr.pc=0x0000019fe2c89600 relative=0x0000000000000160
Event: 45.661 Thread 0x0000019fd7fff270 Uncommon trap: reason=loop_limit_check action=maybe_recompile pc=0x0000019fe2c89600 method=java.util.regex.Pattern$Start.match(Ljava/util/regex/Matcher;ILjava/lang/CharSequence;)Z @ 34 c2
Event: 45.662 Thread 0x0000019fd7fff270 DEOPT PACKING pc=0x0000019fe2c89600 sp=0x0000005a37bfdf80
Event: 45.662 Thread 0x0000019fd7fff270 DEOPT UNPACKING pc=0x0000019fe26d46a2 sp=0x0000005a37bfdf30 mode 2
Event: 46.401 Thread 0x0000019fd7fff270 Uncommon trap: trap_request=0xffffffde fr.pc=0x0000019fe2c7f784 relative=0x0000000000000324
Event: 46.401 Thread 0x0000019fd7fff270 Uncommon trap: reason=class_check action=maybe_recompile pc=0x0000019fe2c7f784 method=java.util.HashMap.getNode(Ljava/lang/Object;)Ljava/util/HashMap$Node; @ 63 c2
Event: 46.401 Thread 0x0000019fd7fff270 DEOPT PACKING pc=0x0000019fe2c7f784 sp=0x0000005a37bfe1d0
Event: 46.401 Thread 0x0000019fd7fff270 DEOPT UNPACKING pc=0x0000019fe26d46a2 sp=0x0000005a37bfe0d8 mode 2
Event: 46.417 Thread 0x0000019fd7fff270 Uncommon trap: trap_request=0xffffffde fr.pc=0x0000019fe2c73f70 relative=0x0000000000000310
Event: 46.417 Thread 0x0000019fd7fff270 Uncommon trap: reason=class_check action=maybe_recompile pc=0x0000019fe2c73f70 method=java.util.HashMap.getNode(Ljava/lang/Object;)Ljava/util/HashMap$Node; @ 63 c2
Event: 46.417 Thread 0x0000019fd7fff270 DEOPT PACKING pc=0x0000019fe2c73f70 sp=0x0000005a37bfe160
Event: 46.417 Thread 0x0000019fd7fff270 DEOPT UNPACKING pc=0x0000019fe26d46a2 sp=0x0000005a37bfe0d8 mode 2

Classes loaded (20 events):
Event: 42.721 Loading class java/util/regex/Pattern$LookBehindEndNode
Event: 42.721 Loading class java/util/regex/Pattern$LookBehindEndNode done
Event: 42.722 Loading class java/util/regex/Pattern$Behind
Event: 42.722 Loading class java/util/regex/Pattern$Behind done
Event: 42.722 Loading class java/util/regex/Pattern$NotBehind
Event: 42.722 Loading class java/util/regex/Pattern$NotBehind done
Event: 42.722 Loading class java/util/regex/Pattern$Neg
Event: 42.722 Loading class java/util/regex/Pattern$Neg done
Event: 43.616 Loading class javax/xml/datatype/DatatypeConfigurationException
Event: 43.616 Loading class javax/xml/datatype/DatatypeConfigurationException done
Event: 43.651 Loading class jdk/internal/reflect/MethodHandleIntegerFieldAccessorImpl
Event: 43.651 Loading class jdk/internal/reflect/MethodHandleIntegerFieldAccessorImpl done
Event: 43.681 Loading class com/sun/org/apache/xerces/internal/impl/io/MalformedByteSequenceException
Event: 43.681 Loading class java/io/CharConversionException
Event: 43.681 Loading class java/io/CharConversionException done
Event: 43.681 Loading class com/sun/org/apache/xerces/internal/impl/io/MalformedByteSequenceException done
Event: 44.718 Loading class java/util/Comparators$NaturalOrderComparator
Event: 44.718 Loading class java/util/Comparators$NaturalOrderComparator done
Event: 44.852 Loading class jdk/internal/reflect/MethodHandleBooleanFieldAccessorImpl
Event: 44.887 Loading class jdk/internal/reflect/MethodHandleBooleanFieldAccessorImpl done

Classes unloaded (0 events):
No events

Classes redefined (0 events):
No events

Internal exceptions (20 events):
Event: 17.652 Thread 0x0000019fd7fff270 Exception <a 'sun/nio/fs/WindowsException'{0x00000007114d7768}> (0x00000007114d7768) 
thrown [s\src\hotspot\share\prims\jni.cpp, line 537]
Event: 17.655 Thread 0x0000019fd7fff270 Exception <a 'sun/nio/fs/WindowsException'{0x00000007114da1c0}> (0x00000007114da1c0) 
thrown [s\src\hotspot\share\prims\jni.cpp, line 537]
Event: 17.655 Thread 0x0000019fd7fff270 Exception <a 'sun/nio/fs/WindowsException'{0x00000007114daa18}> (0x00000007114daa18) 
thrown [s\src\hotspot\share\prims\jni.cpp, line 537]
Event: 17.660 Thread 0x0000019fd7fff270 Exception <a 'sun/nio/fs/WindowsException'{0x00000007114dee30}> (0x00000007114dee30) 
thrown [s\src\hotspot\share\prims\jni.cpp, line 537]
Event: 17.661 Thread 0x0000019fd7fff270 Exception <a 'sun/nio/fs/WindowsException'{0x00000007114df678}> (0x00000007114df678) 
thrown [s\src\hotspot\share\prims\jni.cpp, line 537]
Event: 17.662 Thread 0x0000019fd7fff270 Exception <a 'sun/nio/fs/WindowsException'{0x00000007114e1360}> (0x00000007114e1360) 
thrown [s\src\hotspot\share\prims\jni.cpp, line 537]
Event: 17.668 Thread 0x0000019fd7fff270 Exception <a 'sun/nio/fs/WindowsException'{0x00000007114e1c18}> (0x00000007114e1c18) 
thrown [s\src\hotspot\share\prims\jni.cpp, line 537]
Event: 17.669 Thread 0x0000019fd7fff270 Exception <a 'sun/nio/fs/WindowsException'{0x00000007114e3438}> (0x00000007114e3438) 
thrown [s\src\hotspot\share\prims\jni.cpp, line 537]
Event: 17.669 Thread 0x0000019fd7fff270 Exception <a 'sun/nio/fs/WindowsException'{0x00000007114e3d18}> (0x00000007114e3d18) 
thrown [s\src\hotspot\share\prims\jni.cpp, line 537]
Event: 17.670 Thread 0x0000019fd7fff270 Exception <a 'sun/nio/fs/WindowsException'{0x00000007114e5620}> (0x00000007114e5620) 
thrown [s\src\hotspot\share\prims\jni.cpp, line 537]
Event: 17.670 Thread 0x0000019fd7fff270 Exception <a 'sun/nio/fs/WindowsException'{0x00000007114e5f70}> (0x00000007114e5f70) 
thrown [s\src\hotspot\share\prims\jni.cpp, line 537]
Event: 17.672 Thread 0x0000019fd7fff270 Exception <a 'sun/nio/fs/WindowsException'{0x00000007114e8430}> (0x00000007114e8430) 
thrown [s\src\hotspot\share\prims\jni.cpp, line 537]
Event: 17.672 Thread 0x0000019fd7fff270 Exception <a 'sun/nio/fs/WindowsException'{0x00000007114e8da8}> (0x00000007114e8da8) 
thrown [s\src\hotspot\share\prims\jni.cpp, line 537]
Event: 17.673 Thread 0x0000019fd7fff270 Exception <a 'sun/nio/fs/WindowsException'{0x00000007114ea8b0}> (0x00000007114ea8b0) 
thrown [s\src\hotspot\share\prims\jni.cpp, line 537]
Event: 17.673 Thread 0x0000019fd7fff270 Exception <a 'sun/nio/fs/WindowsException'{0x00000007114eb500}> (0x00000007114eb500) 
thrown [s\src\hotspot\share\prims\jni.cpp, line 537]
Event: 20.121 Thread 0x0000019fd7fff270 Exception <a 'java/lang/NoSuchMethodError'{0x00000007115abe18}: 'java.lang.Object java.lang.invoke.Invokers$Holder.invokeExact_MT(java.lang.Object, java.lang.Object, java.lang.Object, java.lang.Object, java.lang.Object, java.lang.Object)'> (0x00000007115abe18) 
thrown [s\src\hotspot\share\interpreter\linkResolver.cpp, line 784]
Event: 20.290 Thread 0x0000019fd7fff270 Exception <a 'java/lang/NullPointerException'{0x00000007113227c0}> (0x00000007113227c0) 
thrown [s\src\hotspot\share\interpreter\linkResolver.cpp, line 1471]
Event: 42.720 Thread 0x0000019fd7fff270 Exception <a 'java/lang/NoSuchMethodError'{0x0000000711e0ea40}: 'void java.lang.invoke.Invokers$Holder.invokeExact_MT(java.lang.Object, java.lang.Object, java.lang.Object, java.lang.Object)'> (0x0000000711e0ea40) 
thrown [s\src\hotspot\share\interpreter\linkResolver.cpp, line 784]
Event: 43.656 Thread 0x0000019fd7fff270 Exception <a 'java/lang/NoSuchMethodError'{0x0000000711e6d638}: 'void java.lang.invoke.DelegatingMethodHandle$Holder.reinvoke_L(java.lang.Object, java.lang.Object, int)'> (0x0000000711e6d638) 
thrown [s\src\hotspot\share\interpreter\linkResolver.cpp, line 784]
Event: 43.662 Thread 0x0000019fd7fff270 Exception <a 'java/lang/NoSuchMethodError'{0x0000000711e74008}: 'void java.lang.invoke.Invokers$Holder.invokeExact_MT(java.lang.Object, java.lang.Object, int, java.lang.Object)'> (0x0000000711e74008) 
thrown [s\src\hotspot\share\interpreter\linkResolver.cpp, line 784]

ZGC Phase Switch (0 events):
No events

VM Operations (20 events):
Event: 32.169 Executing VM operation: Cleanup done
Event: 32.680 Executing VM operation: G1CollectForAllocation (G1 Evacuation Pause)
Event: 35.800 Executing VM operation: G1CollectForAllocation (G1 Evacuation Pause) done
Event: 36.800 Executing VM operation: Cleanup
Event: 37.233 Executing VM operation: Cleanup done
Event: 38.236 Executing VM operation: Cleanup
Event: 38.568 Executing VM operation: Cleanup done
Event: 39.584 Executing VM operation: Cleanup
Event: 40.123 Executing VM operation: Cleanup done
Event: 41.126 Executing VM operation: Cleanup
Event: 41.165 Executing VM operation: Cleanup done
Event: 42.178 Executing VM operation: Cleanup
Event: 42.194 Executing VM operation: Cleanup done
Event: 43.198 Executing VM operation: Cleanup
Event: 43.433 Executing VM operation: Cleanup done
Event: 44.439 Executing VM operation: Cleanup
Event: 44.518 Executing VM operation: Cleanup done
Event: 45.525 Executing VM operation: Cleanup
Event: 45.585 Executing VM operation: Cleanup done
Event: 46.586 Executing VM operation: Cleanup

Memory protections (0 events):
No events

Nmethod flushes (0 events):
No events

Events (20 events):
Event: 1.934 Thread 0x0000019fd7fff270 Thread added: 0x0000019ff6075a20
Event: 1.938 Thread 0x0000019fd7fff270 Thread added: 0x0000019ff60a6b40
Event: 1.938 Thread 0x0000019fd7fff270 Thread added: 0x0000019ff60a71b0
Event: 1.938 Thread 0x0000019fd7fff270 Thread added: 0x0000019ff6083660
Event: 1.938 Thread 0x0000019fd7fff270 Thread added: 0x0000019ff60840c0
Event: 1.938 Thread 0x0000019fd7fff270 Thread added: 0x0000019ff6085b30
Event: 2.436 Thread 0x0000019fd7fff270 Thread added: 0x0000019ff6117060
Event: 2.925 Thread 0x0000019fd7fff270 Thread added: 0x0000019ff624c450
Event: 3.269 Loaded shared library C:\Program Files\Android\Android Studio\jbr\bin\net.dll
Event: 3.273 Loaded shared library C:\Program Files\Android\Android Studio\jbr\bin\nio.dll
Event: 3.323 Loaded shared library C:\Program Files\Android\Android Studio\jbr\bin\zip.dll
Event: 7.044 Loaded shared library C:\Program Files\Android\Android Studio\jbr\bin\jimage.dll
Event: 7.850 Thread 0x0000019ff6117060 Thread added: 0x0000019ff64c5ab0
Event: 8.191 Thread 0x0000019ff64c5ab0 Thread exited: 0x0000019ff64c5ab0
Event: 42.753 Thread 0x0000019ff6117060 Thread added: 0x0000019ff6a53d30
Event: 42.770 Thread 0x0000019ff6085b30 Thread added: 0x0000019ff63dc100
Event: 43.435 Thread 0x0000019ff63dc100 Thread exited: 0x0000019ff63dc100
Event: 44.518 Thread 0x0000019ff6a53d30 Thread exited: 0x0000019ff6a53d30
Event: 44.580 Thread 0x0000019ff6085b30 Thread added: 0x0000019ff69fe4f0
Event: 45.586 Thread 0x0000019ff69fe4f0 Thread exited: 0x0000019ff69fe4f0


Dynamic libraries:
0x00007ff7c2080000 - 0x00007ff7c208a000 	C:\Program Files\Android\Android Studio\jbr\bin\java.exe
0x00007ffe4f240000 - 0x00007ffe4f4a8000 	C:\WINDOWS\SYSTEM32\ntdll.dll
0x00007ffe4dac0000 - 0x00007ffe4db89000 	C:\WINDOWS\System32\KERNEL32.DLL
0x00007ffe4c390000 - 0x00007ffe4c788000 	C:\WINDOWS\System32\KERNELBASE.dll
0x00007ffe4c790000 - 0x00007ffe4c8db000 	C:\WINDOWS\System32\ucrtbase.dll
0x00007ffe3a8e0000 - 0x00007ffe3a8f8000 	C:\Program Files\Android\Android Studio\jbr\bin\jli.dll
0x00007ffe4dc70000 - 0x00007ffe4de37000 	C:\WINDOWS\System32\USER32.dll
0x00007ffe4ca60000 - 0x00007ffe4ca87000 	C:\WINDOWS\System32\win32u.dll
0x00007ffe4d5b0000 - 0x00007ffe4d5db000 	C:\WINDOWS\System32\GDI32.dll
0x00007ffe4ceb0000 - 0x00007ffe4cfdc000 	C:\WINDOWS\System32\gdi32full.dll
0x00007ffe4cb20000 - 0x00007ffe4cbc3000 	C:\WINDOWS\System32\msvcp_win.dll
0x00007ffe3a8c0000 - 0x00007ffe3a8db000 	C:\Program Files\Android\Android Studio\jbr\bin\VCRUNTIME140.dll
0x00007ffe34a80000 - 0x00007ffe34d14000 	C:\WINDOWS\WinSxS\amd64_microsoft.windows.common-controls_6595b64144ccf1df_6.0.26100.7019_none_3e06ffa0e335b8a8\COMCTL32.dll
0x00007ffe4da10000 - 0x00007ffe4dab9000 	C:\WINDOWS\System32\msvcrt.dll
0x00007ffe4d730000 - 0x00007ffe4d761000 	C:\WINDOWS\System32\IMM32.DLL
0x00007ffe3b130000 - 0x00007ffe3b13c000 	C:\Program Files\Android\Android Studio\jbr\bin\vcruntime140_1.dll
0x00007ffe2fe40000 - 0x00007ffe2fecd000 	C:\Program Files\Android\Android Studio\jbr\bin\msvcp140.dll
0x00007ffddf720000 - 0x00007ffde03ae000 	C:\Program Files\Android\Android Studio\jbr\bin\server\jvm.dll
0x00007ffe4d5e0000 - 0x00007ffe4d694000 	C:\WINDOWS\System32\ADVAPI32.dll
0x00007ffe4ea00000 - 0x00007ffe4eaa6000 	C:\WINDOWS\System32\sechost.dll
0x00007ffe4ef00000 - 0x00007ffe4f018000 	C:\WINDOWS\System32\RPCRT4.dll
0x00007ffe4d530000 - 0x00007ffe4d5a4000 	C:\WINDOWS\System32\WS2_32.dll
0x00007ffe4c1f0000 - 0x00007ffe4c24e000 	C:\WINDOWS\SYSTEM32\POWRPROF.dll
0x00007ffe3c660000 - 0x00007ffe3c66b000 	C:\WINDOWS\SYSTEM32\VERSION.dll
0x00007ffe32b10000 - 0x00007ffe32b45000 	C:\WINDOWS\SYSTEM32\WINMM.dll
0x00007ffe4c1d0000 - 0x00007ffe4c1e4000 	C:\WINDOWS\SYSTEM32\UMPDC.dll
0x00007ffe4b110000 - 0x00007ffe4b12b000 	C:\WINDOWS\SYSTEM32\kernel.appcore.dll
0x00007ffe3ab00000 - 0x00007ffe3ab0a000 	C:\Program Files\Android\Android Studio\jbr\bin\jimage.dll
0x00007ffe46be0000 - 0x00007ffe46e22000 	C:\WINDOWS\SYSTEM32\DBGHELP.DLL
0x00007ffe4eb00000 - 0x00007ffe4ee8b000 	C:\WINDOWS\System32\combase.dll
0x00007ffe4db90000 - 0x00007ffe4dc67000 	C:\WINDOWS\System32\OLEAUT32.dll
0x00007ffe31a20000 - 0x00007ffe31a5c000 	C:\WINDOWS\SYSTEM32\dbgcore.DLL
0x00007ffe4cc90000 - 0x00007ffe4cd35000 	C:\WINDOWS\System32\bcryptPrimitives.dll
0x00007ffe3a1a0000 - 0x00007ffe3a1c0000 	C:\Program Files\Android\Android Studio\jbr\bin\java.dll
0x00007ffe30040000 - 0x00007ffe30058000 	C:\Program Files\Android\Android Studio\jbr\bin\zip.dll
0x00007ffe4e2a0000 - 0x00007ffe4e9ef000 	C:\WINDOWS\System32\SHELL32.dll
0x00007ffe4cd40000 - 0x00007ffe4ceab000 	C:\WINDOWS\System32\wintypes.dll
0x00007ffe49f70000 - 0x00007ffe4a7cd000 	C:\WINDOWS\SYSTEM32\windows.storage.dll
0x00007ffe4dee0000 - 0x00007ffe4dfd2000 	C:\WINDOWS\System32\SHCORE.dll
0x00007ffe4ee90000 - 0x00007ffe4eef7000 	C:\WINDOWS\System32\shlwapi.dll
0x00007ffe4c2b0000 - 0x00007ffe4c2d9000 	C:\WINDOWS\SYSTEM32\profapi.dll
0x00007ffe3a190000 - 0x00007ffe3a1a0000 	C:\Program Files\Android\Android Studio\jbr\bin\net.dll
0x00007ffe3d0c0000 - 0x00007ffe3d1e8000 	C:\WINDOWS\SYSTEM32\WINHTTP.dll
0x00007ffe4b660000 - 0x00007ffe4b6cb000 	C:\WINDOWS\system32\mswsock.dll
0x00007ffe2fff0000 - 0x00007ffe30006000 	C:\Program Files\Android\Android Studio\jbr\bin\nio.dll

dbghelp: loaded successfully - version: 4.0.5 - missing functions: none
symbol engine: initialized successfully - sym options: 0x614 - pdb path: .;C:\Program Files\Android\Android Studio\jbr\bin;C:\WINDOWS\SYSTEM32;C:\WINDOWS\WinSxS\amd64_microsoft.windows.common-controls_6595b64144ccf1df_6.0.26100.7019_none_3e06ffa0e335b8a8;C:\Program Files\Android\Android Studio\jbr\bin\server

VM Arguments:
jvm_args: -Dcom.android.sdklib.toolsdir=C:\SDK\cmdline-tools\latest\bin\\.. 
java_command: com.android.sdklib.tool.sdkmanager.SdkManagerCli --licenses
java_class_path (initial): C:\SDK\cmdline-tools\latest\bin\..\lib\sdkmanager-classpath.jar
Launcher Type: SUN_STANDARD

[Global flags]
     intx CICompilerCount                          = 4                                         {product} {ergonomic}
     uint ConcGCThreads                            = 2                                         {product} {ergonomic}
     uint G1ConcRefinementThreads                  = 8                                         {product} {ergonomic}
   size_t G1HeapRegionSize                         = 2097152                                   {product} {ergonomic}
    uintx GCDrainStackTargetSize                   = 64                                        {product} {ergonomic}
   size_t InitialHeapSize                          = 266338304                                 {product} {ergonomic}
   size_t MarkStackSize                            = 4194304                                   {product} {ergonomic}
   size_t MaxHeapSize                              = 4255121408                                {product} {ergonomic}
   size_t MaxNewSize                               = 2552233984                                {product} {ergonomic}
   size_t MinHeapDeltaBytes                        = 2097152                                   {product} {ergonomic}
   size_t MinHeapSize                              = 8388608                                   {product} {ergonomic}
    uintx NonNMethodCodeHeapSize                   = 5839372                                {pd product} {ergonomic}
    uintx NonProfiledCodeHeapSize                  = 122909434                              {pd product} {ergonomic}
    uintx ProfiledCodeHeapSize                     = 122909434                              {pd product} {ergonomic}
    uintx ReservedCodeCacheSize                    = 251658240                              {pd product} {ergonomic}
     bool SegmentedCodeCache                       = true                                      {product} {ergonomic}
   size_t SoftMaxHeapSize                          = 4255121408                             {manageable} {ergonomic}
     bool UseCompressedOops                        = true                           {product lp64_product} {ergonomic}
     bool UseG1GC                                  = true                                      {product} {ergonomic}
     bool UseLargePagesIndividualAllocation        = false                                  {pd product} {ergonomic}

Logging:
Log output configuration:
 #0: stdout all=warning uptime,level,tags foldmultilines=false
 #1: stderr all=off uptime,level,tags foldmultilines=false

Environment Variables:
JAVA_HOME=C:\Program Files\Android\Android Studio\jbr
CLASSPATH=C:\SDK\cmdline-tools\latest\bin\..\lib\sdkmanager-classpath.jar
PATH=C:\Program Files\Android\Android Studio\jbr\bin;C:\Program Files\Common Files\Oracle\Java\javapath;C:\Java\jdk-21\bin;C:\Python313\Scripts\;C:\Python313\;C:\WINDOWS\system32;C:\WINDOWS;C:\WINDOWS\System32\Wbem;C:\WINDOWS\System32\WindowsPowerShell\v1.0\;C:\WINDOWS\System32\OpenSSH\;C:\Program Files\nodejs\;C:\ProgramData\chocolatey\bin;C:\Program Files\Git\cmd;C:\flutter\bin;C:\SDK\cmdline-tools\latest\bin;C:\SDK\platform-tools;C:\SDK\build-tools\36.1.0-rc1;C:\Java\jdk-21\BIN;C:\Users\Nkosinathi Radebe\.wasmer\bin;C:\Users\Nkosinathi Radebe\.wasmer\globals\wapm_packages\.bin;C:\Users\Nkosinathi Radebe\AppData\Local\Pub\Cache\bin;C:\Users\Nkosinathi Radebe\AppData\Roaming\npm;C:\Program Files\cursor\resources\app\bin;c:\Users\Nkosinathi Radebe\AppData\Local\Programs\Trae\bin;C:\Java\jdk-21\bin;C:\Python313\Scripts\;C:\Python313\;C:\WINDOWS\system32;C:\WINDOWS;C:\WINDOWS\System32\Wbem;C:\WINDOWS\System32\WindowsPowerShell\v1.0\;C:\WINDOWS\System32\OpenSSH\;C:\Program Files\nodejs\;C:\ProgramData\chocolatey\bin;C:\Program Files\Git\cmd;C:\flutter\bin;C:\SDK\cmdline-tools\latest\bin;C:\SDK\platform-tools;C:\SDK\build-tools\36.1.0-rc1;C:\Java\jdk-21\bin;C:\Python313\Scripts\;C:\Python313\;C:\WINDOWS\system32;C:\WINDOWS;C:\WINDOWS\System32\Wbem;C:\WINDOWS\System32\WindowsPowerShell\v1.0\;C:\WINDOWS\System32\OpenSSH\;C:\Program Files\nodejs\;C:\ProgramData\chocolatey\bin;C:\Program Files\Git\cmd;C:\flutter\bin;C:\SDK\cmdline-tools\latest\bin;C:\SDK\platform-tools;C:\SDK\build-tools\36.1.0-rc1;C:\Users\Nkosinathi Radebe\.wasmer\bin;C:\Users\Nkosinathi Radebe\AppData\Local\Pub\Cache\bin;C:\Users\Nkosinahi Radebe\AppData\Roaming\npm;C:\Users\Nkosinathi Radebe\AppData\Local\Programs\Windsurf\bin;C:\flutter\bin\mingit\cmd
USERNAME=Nkosinathi Radebe
OS=Windows_NT
PROCESSOR_IDENTIFIER=Intel64 Family 6 Model 142 Stepping 12, GenuineIntel
TMP=C:\Users\NKOSIN~1\AppData\Local\Temp
TEMP=C:\Users\NKOSIN~1\AppData\Local\Temp




Periodic native trim disabled

JNI global refs:
JNI global refs: 8, weak refs: 0

JNI global refs memory usage: 835, weak refs: 833

Process memory usage:
Resident Set Size: 90496K (0% of 16620632K total physical memory with 912164K free physical memory)

OOME stack traces (most recent first):
Classloader memory used:
Loader bootstrap                                                                       : 12413K
Loader jdk.internal.loader.ClassLoaders$AppClassLoader                                 : 5308K
Loader jdk.internal.loader.ClassLoaders$PlatformClassLoader                            : 2696B

---------------  S Y S T E M  ---------------

OS:
 Windows 11 , 64 bit Build 26100 (10.0.26100.7019)
OS uptime: 0 days 0:10 hours
Hyper-V role detected

CPU: total 8 (initial active 8) (4 cores per cpu, 2 threads per core) family 6 model 142 stepping 12 microcode 0xde, cx8, cmov, fxsr, ht, mmx, 3dnowpref, sse, sse2, sse3, ssse3, sse4.1, sse4.2, popcnt, lzcnt, tsc, tscinvbit, avx, avx2, aes, erms, clmul, bmi1, bmi2, adx, fma, vzeroupper, clflush, clflushopt, hv, rdtscp, f16c
Processor Information for the first 8 processors :
  Max Mhz: 1800, Current Mhz: 1600, Mhz Limit: 1584

Memory: 4k page, system-wide physical 16231M (890M free)
TotalPageFile size 46498M (AvailPageFile size 118M)
current process WorkingSet (physical memory assigned to process): 88M, peak: 89M
current process commit charge ("private bytes"): 355M, peak: 358M

vm_info: OpenJDK 64-Bit Server VM (21.0.7+-13880790-b1038.58) for windows-amd64 JRE (21.0.7+-13880790-b1038.58), built on 2025-08-04T20:56:21Z by "builder" with MS VC++ 16.10 / 16.11 (VS2019)

END.
