#
# There is insufficient memory for the Java Runtime Environment to continue.
# Native memory allocation (malloc) failed to allocate 266816 bytes. Error detail: Chunk::new
# Possible reasons:
#   The system is out of physical RAM or swap space
#   This process is running with CompressedOops enabled, and the Java Heap may be blocking the growth of the native heap
# Possible solutions:
#   Reduce memory load on the system
#   Increase physical memory or swap space
#   Check if swap backing store is full
#   Decrease Java heap size (-Xmx/-Xms)
#   Decrease number of Java threads
#   Decrease Java thread stack sizes (-Xss)
#   Set larger code cache with -XX:ReservedCodeCacheSize=
#   JVM is running with Zero Based Compressed Oops mode in which the Java heap is
#     placed in the first 32GB address space. The Java Heap base address is the
#     maximum limit for the native heap growth. Please use -XX:HeapBaseMinAddress
#     to set the Java Heap base and to place the Java Heap above 32GB virtual address.
# This output file may be truncated or incomplete.
#
#  Out of Memory Error (arena.cpp:168), pid=20284, tid=32432
#
# JRE version: OpenJDK Runtime Environment (21.0.7) (build 21.0.7+-13880790-b1038.58)
# Java VM: OpenJDK 64-Bit Server VM (21.0.7+-13880790-b1038.58, mixed mode, tiered, compressed oops, compressed class ptrs, g1 gc, windows-amd64)
# No core dump will be written. Minidumps are not enabled by default on client versions of Windows
#

---------------  S U M M A R Y ------------

Command Line: -Dcom.android.sdklib.toolsdir=C:\SDK\cmdline-tools\latest\bin\\.. com.android.sdklib.tool.sdkmanager.SdkManagerCli --licenses

Host: Intel(R) Core(TM) i5-8265U CPU @ 1.60GHz, 8 cores, 15G,  Windows 11 , 64 bit Build 26100 (10.0.26100.7019)
Time: Fri Nov 14 07:44:42 2025 South Africa Standard Time elapsed time: 102.144484 seconds (0d 0h 1m 42s)

---------------  T H R E A D  ---------------

Current thread (0x0000026b7e62a850):  JavaThread "C2 CompilerThread0" daemon [_thread_in_native, id=32432, stack(0x000000b0df200000,0x000000b0df300000) (1024K)]


Current CompileTask:
C2:102144 2680   !   4       com.sun.org.apache.xerces.internal.impl.XMLDocumentFragmentScannerImpl$FragmentContentDriver::next (2331 bytes)

Stack: [0x000000b0df200000,0x000000b0df300000]
Native frames: (J=compiled Java code, j=interpreted, Vv=VM code, C=native code)
V  [jvm.dll+0x6d25c9]
V  [jvm.dll+0x860923]
V  [jvm.dll+0x862e7e]
V  [jvm.dll+0x863563]
V  [jvm.dll+0x27f156]
V  [jvm.dll+0xc002d]
V  [jvm.dll+0xc0563]
V  [jvm.dll+0x2f31f0]
V  [jvm.dll+0x5fc309]
V  [jvm.dll+0x250f82]
V  [jvm.dll+0x25133f]
V  [jvm.dll+0x249ae5]
V  [jvm.dll+0x24733e]
V  [jvm.dll+0x1c5fb4]
V  [jvm.dll+0x256bac]
V  [jvm.dll+0x2550f6]
V  [jvm.dll+0x3f1d16]
V  [jvm.dll+0x808d08]
V  [jvm.dll+0x6d0e1d]
C  [ucrtbase.dll+0x37b0]
C  [KERNEL32.DLL+0x2e8d7]
C  [ntdll.dll+0x8c53c]


---------------  P R O C E S S  ---------------

Threads class SMR info:
_java_thread_list=0x0000026b7f07aef0, length=13, elements={
0x0000026b6460f8d0, 0x0000026b7e5f41f0, 0x0000026b7e5f6480, 0x0000026b7e617f20,
0x0000026b7e61aac0, 0x0000026b7e61b520, 0x0000026b7e61bf80, 0x0000026b7e628ea0,
0x0000026b7e62a850, 0x0000026b7e69aee0, 0x0000026b7e7d98f0, 0x0000026b04588470,
0x0000026b7f157710
}

Java Threads: ( => current thread )
  0x0000026b6460f8d0 JavaThread "main"                              [_thread_in_native, id=32020, stack(0x000000b0de300000,0x000000b0de400000) (1024K)]
  0x0000026b7e5f41f0 JavaThread "Common-Cleaner"             daemon [_thread_blocked, id=25736, stack(0x000000b0deb00000,0x000000b0dec00000) (1024K)]
  0x0000026b7e5f6480 JavaThread "Reference Handler"          daemon [_thread_blocked, id=21468, stack(0x000000b0dec00000,0x000000b0ded00000) (1024K)]
  0x0000026b7e617f20 JavaThread "Finalizer"                  daemon [_thread_blocked, id=32340, stack(0x000000b0ded00000,0x000000b0dee00000) (1024K)]
  0x0000026b7e61aac0 JavaThread "Signal Dispatcher"          daemon [_thread_blocked, id=32408, stack(0x000000b0dee00000,0x000000b0def00000) (1024K)]
  0x0000026b7e61b520 JavaThread "Attach Listener"            daemon [_thread_blocked, id=32412, stack(0x000000b0def00000,0x000000b0df000000) (1024K)]
  0x0000026b7e61bf80 JavaThread "Service Thread"             daemon [_thread_blocked, id=32420, stack(0x000000b0df000000,0x000000b0df100000) (1024K)]
  0x0000026b7e628ea0 JavaThread "Monitor Deflation Thread"   daemon [_thread_blocked, id=32428, stack(0x000000b0df100000,0x000000b0df200000) (1024K)]
=>0x0000026b7e62a850 JavaThread "C2 CompilerThread0"         daemon [_thread_in_native, id=32432, stack(0x000000b0df200000,0x000000b0df300000) (1024K)]
  0x0000026b7e69aee0 JavaThread "C1 CompilerThread0"         daemon [_thread_blocked, id=32444, stack(0x000000b0df300000,0x000000b0df400000) (1024K)]
  0x0000026b7e7d98f0 JavaThread "Notification Thread"        daemon [_thread_blocked, id=32500, stack(0x000000b0df400000,0x000000b0df500000) (1024K)]
  0x0000026b04588470 JavaThread "C2 CompilerThread1"         daemon [_thread_blocked, id=7104, stack(0x000000b0dfc00000,0x000000b0dfd00000) (1024K)]
  0x0000026b7f157710 JavaThread "C2 CompilerThread2"         daemon [_thread_blocked, id=22584, stack(0x000000b0dfd00000,0x000000b0dfe00000) (1024K)]
Total: 13

Other Threads:
  0x0000026b7e5a86a0 VMThread "VM Thread"                           [id=32488, stack(0x000000b0dea00000,0x000000b0deb00000) (1024K)]
  0x0000026b7e3e1490 WatcherThread "VM Periodic Task Thread"        [id=27496, stack(0x000000b0de900000,0x000000b0dea00000) (1024K)]
  0x0000026b64672400 WorkerThread "GC Thread#0"                     [id=31180, stack(0x000000b0de400000,0x000000b0de500000) (1024K)]
  0x0000026b7efb5fd0 WorkerThread "GC Thread#1"                     [id=21600, stack(0x000000b0df500000,0x000000b0df600000) (1024K)]
  0x0000026b7efb6370 WorkerThread "GC Thread#2"                     [id=15588, stack(0x000000b0df600000,0x000000b0df700000) (1024K)]
  0x0000026b7efb6710 WorkerThread "GC Thread#3"                     [id=10392, stack(0x000000b0df700000,0x000000b0df800000) (1024K)]
  0x0000026b7efb6ab0 WorkerThread "GC Thread#4"                     [id=22284, stack(0x000000b0df800000,0x000000b0df900000) (1024K)]
  0x0000026b7efb6e50 WorkerThread "GC Thread#5"                     [id=11860, stack(0x000000b0df900000,0x000000b0dfa00000) (1024K)]
  0x0000026b7ea3c260 WorkerThread "GC Thread#6"                     [id=24836, stack(0x000000b0dfa00000,0x000000b0dfb00000) (1024K)]
  0x0000026b7f049420 WorkerThread "GC Thread#7"                     [id=32824, stack(0x000000b0dfb00000,0x000000b0dfc00000) (1024K)]
  0x0000026b64683080 ConcurrentGCThread "G1 Main Marker"            [id=30824, stack(0x000000b0de500000,0x000000b0de600000) (1024K)]
  0x0000026b646849c0 WorkerThread "G1 Conc#0"                       [id=31420, stack(0x000000b0de600000,0x000000b0de700000) (1024K)]
  0x0000026b646ce7d0 ConcurrentGCThread "G1 Refine#0"               [id=21460, stack(0x000000b0de700000,0x000000b0de800000) (1024K)]
  0x0000026b7e2b53d0 ConcurrentGCThread "G1 Service"                [id=26828, stack(0x000000b0de800000,0x000000b0de900000) (1024K)]
Total: 14

Threads with active compile tasks:
C2 CompilerThread0  102176 2680   !   4       com.sun.org.apache.xerces.internal.impl.XMLDocumentFragmentScannerImpl$FragmentContentDriver::next (2331 bytes)
Total: 1

VM state: not at safepoint (normal execution)

VM Mutex/Monitor currently owned by a thread: None

Heap address: 0x0000000702600000, size: 4058 MB, Compressed Oops mode: Zero based, Oop shift amount: 3

CDS archive(s) not mapped
Compressed class space mapped at: 0x0000000800000000-0x0000000840000000, reserved size: 1073741824
Narrow klass base: 0x0000000800000000, Narrow klass shift: 0, Narrow klass range: 0x40000000

GC Precious Log:
 CardTable entry size: 512
 Card Set container configuration: InlinePtr #cards 4 size 8 Array Of Cards #cards 16 size 48 Howl #buckets 8 coarsen threshold 3686 Howl Bitmap #cards 512 size 80 coarsen threshold 460 Card regions per heap region 1 cards per card region 4096
 CPUs: 8 total, 8 available
 Memory: 16231M
 Large Page Support: Disabled
 NUMA Support: Disabled
 Compressed Oops: Enabled (Zero based)
 Heap Region Size: 2M
 Heap Min Capacity: 8M
 Heap Initial Capacity: 254M
 Heap Max Capacity: 4058M
 Pre-touch: Disabled
 Parallel Workers: 8
 Concurrent Workers: 2
 Concurrent Refinement Workers: 8
 Periodic GC: Disabled

Heap:
 garbage-first heap   total 260096K, used 28076K [0x0000000702600000, 0x0000000800000000)
  region size 2048K, 13 young (26624K), 3 survivors (6144K)
 Metaspace       used 20961K, committed 21248K, reserved 1114112K
  class space    used 2115K, committed 2240K, reserved 1048576K

Heap Regions: E=young(eden), S=young(survivor), O=old, HS=humongous(starts), HC=humongous(continues), CS=collection set, F=free, TAMS=top-at-mark-start, PB=parsable bottom
|   0|0x0000000702600000, 0x0000000702800000, 0x0000000702800000|100%| O|  |TAMS 0x0000000702600000| PB 0x0000000702600000| Untracked 
|   1|0x0000000702800000, 0x0000000702a00000, 0x0000000702a00000|100%| O|  |TAMS 0x0000000702800000| PB 0x0000000702800000| Untracked 
|   2|0x0000000702a00000, 0x0000000702b6b1a8, 0x0000000702c00000| 70%| O|  |TAMS 0x0000000702a00000| PB 0x0000000702a00000| Untracked 
|   3|0x0000000702c00000, 0x0000000702c00000, 0x0000000702e00000|  0%| F|  |TAMS 0x0000000702c00000| PB 0x0000000702c00000| Untracked 
|   4|0x0000000702e00000, 0x0000000702e00000, 0x0000000703000000|  0%| F|  |TAMS 0x0000000702e00000| PB 0x0000000702e00000| Untracked 
|   5|0x0000000703000000, 0x0000000703000000, 0x0000000703200000|  0%| F|  |TAMS 0x0000000703000000| PB 0x0000000703000000| Untracked 
|   6|0x0000000703200000, 0x0000000703200000, 0x0000000703400000|  0%| F|  |TAMS 0x0000000703200000| PB 0x0000000703200000| Untracked 
|   7|0x0000000703400000, 0x0000000703400000, 0x0000000703600000|  0%| F|  |TAMS 0x0000000703400000| PB 0x0000000703400000| Untracked 
|   8|0x0000000703600000, 0x0000000703600000, 0x0000000703800000|  0%| F|  |TAMS 0x0000000703600000| PB 0x0000000703600000| Untracked 
|   9|0x0000000703800000, 0x0000000703800000, 0x0000000703a00000|  0%| F|  |TAMS 0x0000000703800000| PB 0x0000000703800000| Untracked 
|  10|0x0000000703a00000, 0x0000000703a00000, 0x0000000703c00000|  0%| F|  |TAMS 0x0000000703a00000| PB 0x0000000703a00000| Untracked 
|  11|0x0000000703c00000, 0x0000000703c00000, 0x0000000703e00000|  0%| F|  |TAMS 0x0000000703c00000| PB 0x0000000703c00000| Untracked 
|  12|0x0000000703e00000, 0x0000000703e00000, 0x0000000704000000|  0%| F|  |TAMS 0x0000000703e00000| PB 0x0000000703e00000| Untracked 
|  13|0x0000000704000000, 0x0000000704000000, 0x0000000704200000|  0%| F|  |TAMS 0x0000000704000000| PB 0x0000000704000000| Untracked 
|  14|0x0000000704200000, 0x0000000704200000, 0x0000000704400000|  0%| F|  |TAMS 0x0000000704200000| PB 0x0000000704200000| Untracked 
|  15|0x0000000704400000, 0x0000000704400000, 0x0000000704600000|  0%| F|  |TAMS 0x0000000704400000| PB 0x0000000704400000| Untracked 
|  16|0x0000000704600000, 0x0000000704600000, 0x0000000704800000|  0%| F|  |TAMS 0x0000000704600000| PB 0x0000000704600000| Untracked 
|  17|0x0000000704800000, 0x0000000704800000, 0x0000000704a00000|  0%| F|  |TAMS 0x0000000704800000| PB 0x0000000704800000| Untracked 
|  18|0x0000000704a00000, 0x0000000704a00000, 0x0000000704c00000|  0%| F|  |TAMS 0x0000000704a00000| PB 0x0000000704a00000| Untracked 
|  19|0x0000000704c00000, 0x0000000704c00000, 0x0000000704e00000|  0%| F|  |TAMS 0x0000000704c00000| PB 0x0000000704c00000| Untracked 
|  20|0x0000000704e00000, 0x0000000704e00000, 0x0000000705000000|  0%| F|  |TAMS 0x0000000704e00000| PB 0x0000000704e00000| Untracked 
|  21|0x0000000705000000, 0x0000000705000000, 0x0000000705200000|  0%| F|  |TAMS 0x0000000705000000| PB 0x0000000705000000| Untracked 
|  22|0x0000000705200000, 0x0000000705200000, 0x0000000705400000|  0%| F|  |TAMS 0x0000000705200000| PB 0x0000000705200000| Untracked 
|  23|0x0000000705400000, 0x0000000705400000, 0x0000000705600000|  0%| F|  |TAMS 0x0000000705400000| PB 0x0000000705400000| Untracked 
|  24|0x0000000705600000, 0x0000000705600000, 0x0000000705800000|  0%| F|  |TAMS 0x0000000705600000| PB 0x0000000705600000| Untracked 
|  25|0x0000000705800000, 0x0000000705800000, 0x0000000705a00000|  0%| F|  |TAMS 0x0000000705800000| PB 0x0000000705800000| Untracked 
|  26|0x0000000705a00000, 0x0000000705a00000, 0x0000000705c00000|  0%| F|  |TAMS 0x0000000705a00000| PB 0x0000000705a00000| Untracked 
|  27|0x0000000705c00000, 0x0000000705c00000, 0x0000000705e00000|  0%| F|  |TAMS 0x0000000705c00000| PB 0x0000000705c00000| Untracked 
|  28|0x0000000705e00000, 0x0000000705e00000, 0x0000000706000000|  0%| F|  |TAMS 0x0000000705e00000| PB 0x0000000705e00000| Untracked 
|  29|0x0000000706000000, 0x0000000706000000, 0x0000000706200000|  0%| F|  |TAMS 0x0000000706000000| PB 0x0000000706000000| Untracked 
|  30|0x0000000706200000, 0x0000000706200000, 0x0000000706400000|  0%| F|  |TAMS 0x0000000706200000| PB 0x0000000706200000| Untracked 
|  31|0x0000000706400000, 0x0000000706400000, 0x0000000706600000|  0%| F|  |TAMS 0x0000000706400000| PB 0x0000000706400000| Untracked 
|  32|0x0000000706600000, 0x0000000706600000, 0x0000000706800000|  0%| F|  |TAMS 0x0000000706600000| PB 0x0000000706600000| Untracked 
|  33|0x0000000706800000, 0x0000000706800000, 0x0000000706a00000|  0%| F|  |TAMS 0x0000000706800000| PB 0x0000000706800000| Untracked 
|  34|0x0000000706a00000, 0x0000000706a00000, 0x0000000706c00000|  0%| F|  |TAMS 0x0000000706a00000| PB 0x0000000706a00000| Untracked 
|  35|0x0000000706c00000, 0x0000000706c00000, 0x0000000706e00000|  0%| F|  |TAMS 0x0000000706c00000| PB 0x0000000706c00000| Untracked 
|  36|0x0000000706e00000, 0x0000000706e00000, 0x0000000707000000|  0%| F|  |TAMS 0x0000000706e00000| PB 0x0000000706e00000| Untracked 
|  37|0x0000000707000000, 0x0000000707000000, 0x0000000707200000|  0%| F|  |TAMS 0x0000000707000000| PB 0x0000000707000000| Untracked 
|  38|0x0000000707200000, 0x0000000707200000, 0x0000000707400000|  0%| F|  |TAMS 0x0000000707200000| PB 0x0000000707200000| Untracked 
|  39|0x0000000707400000, 0x0000000707400000, 0x0000000707600000|  0%| F|  |TAMS 0x0000000707400000| PB 0x0000000707400000| Untracked 
|  40|0x0000000707600000, 0x0000000707600000, 0x0000000707800000|  0%| F|  |TAMS 0x0000000707600000| PB 0x0000000707600000| Untracked 
|  41|0x0000000707800000, 0x0000000707800000, 0x0000000707a00000|  0%| F|  |TAMS 0x0000000707800000| PB 0x0000000707800000| Untracked 
|  42|0x0000000707a00000, 0x0000000707a00000, 0x0000000707c00000|  0%| F|  |TAMS 0x0000000707a00000| PB 0x0000000707a00000| Untracked 
|  43|0x0000000707c00000, 0x0000000707c00000, 0x0000000707e00000|  0%| F|  |TAMS 0x0000000707c00000| PB 0x0000000707c00000| Untracked 
|  44|0x0000000707e00000, 0x0000000707e00000, 0x0000000708000000|  0%| F|  |TAMS 0x0000000707e00000| PB 0x0000000707e00000| Untracked 
|  45|0x0000000708000000, 0x0000000708000000, 0x0000000708200000|  0%| F|  |TAMS 0x0000000708000000| PB 0x0000000708000000| Untracked 
|  46|0x0000000708200000, 0x0000000708200000, 0x0000000708400000|  0%| F|  |TAMS 0x0000000708200000| PB 0x0000000708200000| Untracked 
|  47|0x0000000708400000, 0x0000000708400000, 0x0000000708600000|  0%| F|  |TAMS 0x0000000708400000| PB 0x0000000708400000| Untracked 
|  48|0x0000000708600000, 0x0000000708600000, 0x0000000708800000|  0%| F|  |TAMS 0x0000000708600000| PB 0x0000000708600000| Untracked 
|  49|0x0000000708800000, 0x0000000708800000, 0x0000000708a00000|  0%| F|  |TAMS 0x0000000708800000| PB 0x0000000708800000| Untracked 
|  50|0x0000000708a00000, 0x0000000708a00000, 0x0000000708c00000|  0%| F|  |TAMS 0x0000000708a00000| PB 0x0000000708a00000| Untracked 
|  51|0x0000000708c00000, 0x0000000708c00000, 0x0000000708e00000|  0%| F|  |TAMS 0x0000000708c00000| PB 0x0000000708c00000| Untracked 
|  52|0x0000000708e00000, 0x0000000708e00000, 0x0000000709000000|  0%| F|  |TAMS 0x0000000708e00000| PB 0x0000000708e00000| Untracked 
|  53|0x0000000709000000, 0x0000000709000000, 0x0000000709200000|  0%| F|  |TAMS 0x0000000709000000| PB 0x0000000709000000| Untracked 
|  54|0x0000000709200000, 0x0000000709200000, 0x0000000709400000|  0%| F|  |TAMS 0x0000000709200000| PB 0x0000000709200000| Untracked 
|  55|0x0000000709400000, 0x0000000709400000, 0x0000000709600000|  0%| F|  |TAMS 0x0000000709400000| PB 0x0000000709400000| Untracked 
|  56|0x0000000709600000, 0x0000000709600000, 0x0000000709800000|  0%| F|  |TAMS 0x0000000709600000| PB 0x0000000709600000| Untracked 
|  57|0x0000000709800000, 0x0000000709800000, 0x0000000709a00000|  0%| F|  |TAMS 0x0000000709800000| PB 0x0000000709800000| Untracked 
|  58|0x0000000709a00000, 0x0000000709a00000, 0x0000000709c00000|  0%| F|  |TAMS 0x0000000709a00000| PB 0x0000000709a00000| Untracked 
|  59|0x0000000709c00000, 0x0000000709c00000, 0x0000000709e00000|  0%| F|  |TAMS 0x0000000709c00000| PB 0x0000000709c00000| Untracked 
|  60|0x0000000709e00000, 0x0000000709e00000, 0x000000070a000000|  0%| F|  |TAMS 0x0000000709e00000| PB 0x0000000709e00000| Untracked 
|  61|0x000000070a000000, 0x000000070a000000, 0x000000070a200000|  0%| F|  |TAMS 0x000000070a000000| PB 0x000000070a000000| Untracked 
|  62|0x000000070a200000, 0x000000070a200000, 0x000000070a400000|  0%| F|  |TAMS 0x000000070a200000| PB 0x000000070a200000| Untracked 
|  63|0x000000070a400000, 0x000000070a400000, 0x000000070a600000|  0%| F|  |TAMS 0x000000070a400000| PB 0x000000070a400000| Untracked 
|  64|0x000000070a600000, 0x000000070a600000, 0x000000070a800000|  0%| F|  |TAMS 0x000000070a600000| PB 0x000000070a600000| Untracked 
|  65|0x000000070a800000, 0x000000070a800000, 0x000000070aa00000|  0%| F|  |TAMS 0x000000070a800000| PB 0x000000070a800000| Untracked 
|  66|0x000000070aa00000, 0x000000070aa00000, 0x000000070ac00000|  0%| F|  |TAMS 0x000000070aa00000| PB 0x000000070aa00000| Untracked 
|  67|0x000000070ac00000, 0x000000070ac00000, 0x000000070ae00000|  0%| F|  |TAMS 0x000000070ac00000| PB 0x000000070ac00000| Untracked 
|  68|0x000000070ae00000, 0x000000070ae00000, 0x000000070b000000|  0%| F|  |TAMS 0x000000070ae00000| PB 0x000000070ae00000| Untracked 
|  69|0x000000070b000000, 0x000000070b000000, 0x000000070b200000|  0%| F|  |TAMS 0x000000070b000000| PB 0x000000070b000000| Untracked 
|  70|0x000000070b200000, 0x000000070b200000, 0x000000070b400000|  0%| F|  |TAMS 0x000000070b200000| PB 0x000000070b200000| Untracked 
|  71|0x000000070b400000, 0x000000070b400000, 0x000000070b600000|  0%| F|  |TAMS 0x000000070b400000| PB 0x000000070b400000| Untracked 
|  72|0x000000070b600000, 0x000000070b600000, 0x000000070b800000|  0%| F|  |TAMS 0x000000070b600000| PB 0x000000070b600000| Untracked 
|  73|0x000000070b800000, 0x000000070b800000, 0x000000070ba00000|  0%| F|  |TAMS 0x000000070b800000| PB 0x000000070b800000| Untracked 
|  74|0x000000070ba00000, 0x000000070ba00000, 0x000000070bc00000|  0%| F|  |TAMS 0x000000070ba00000| PB 0x000000070ba00000| Untracked 
|  75|0x000000070bc00000, 0x000000070bc00000, 0x000000070be00000|  0%| F|  |TAMS 0x000000070bc00000| PB 0x000000070bc00000| Untracked 
|  76|0x000000070be00000, 0x000000070be00000, 0x000000070c000000|  0%| F|  |TAMS 0x000000070be00000| PB 0x000000070be00000| Untracked 
|  77|0x000000070c000000, 0x000000070c000000, 0x000000070c200000|  0%| F|  |TAMS 0x000000070c000000| PB 0x000000070c000000| Untracked 
|  78|0x000000070c200000, 0x000000070c200000, 0x000000070c400000|  0%| F|  |TAMS 0x000000070c200000| PB 0x000000070c200000| Untracked 
|  79|0x000000070c400000, 0x000000070c400000, 0x000000070c600000|  0%| F|  |TAMS 0x000000070c400000| PB 0x000000070c400000| Untracked 
|  80|0x000000070c600000, 0x000000070c600000, 0x000000070c800000|  0%| F|  |TAMS 0x000000070c600000| PB 0x000000070c600000| Untracked 
|  81|0x000000070c800000, 0x000000070c800000, 0x000000070ca00000|  0%| F|  |TAMS 0x000000070c800000| PB 0x000000070c800000| Untracked 
|  82|0x000000070ca00000, 0x000000070ca00000, 0x000000070cc00000|  0%| F|  |TAMS 0x000000070ca00000| PB 0x000000070ca00000| Untracked 
|  83|0x000000070cc00000, 0x000000070cc00000, 0x000000070ce00000|  0%| F|  |TAMS 0x000000070cc00000| PB 0x000000070cc00000| Untracked 
|  84|0x000000070ce00000, 0x000000070ce00000, 0x000000070d000000|  0%| F|  |TAMS 0x000000070ce00000| PB 0x000000070ce00000| Untracked 
|  85|0x000000070d000000, 0x000000070d000000, 0x000000070d200000|  0%| F|  |TAMS 0x000000070d000000| PB 0x000000070d000000| Untracked 
|  86|0x000000070d200000, 0x000000070d200000, 0x000000070d400000|  0%| F|  |TAMS 0x000000070d200000| PB 0x000000070d200000| Untracked 
|  87|0x000000070d400000, 0x000000070d400000, 0x000000070d600000|  0%| F|  |TAMS 0x000000070d400000| PB 0x000000070d400000| Untracked 
|  88|0x000000070d600000, 0x000000070d600000, 0x000000070d800000|  0%| F|  |TAMS 0x000000070d600000| PB 0x000000070d600000| Untracked 
|  89|0x000000070d800000, 0x000000070d800000, 0x000000070da00000|  0%| F|  |TAMS 0x000000070d800000| PB 0x000000070d800000| Untracked 
|  90|0x000000070da00000, 0x000000070da00000, 0x000000070dc00000|  0%| F|  |TAMS 0x000000070da00000| PB 0x000000070da00000| Untracked 
|  91|0x000000070dc00000, 0x000000070dc00000, 0x000000070de00000|  0%| F|  |TAMS 0x000000070dc00000| PB 0x000000070dc00000| Untracked 
|  92|0x000000070de00000, 0x000000070de00000, 0x000000070e000000|  0%| F|  |TAMS 0x000000070de00000| PB 0x000000070de00000| Untracked 
|  93|0x000000070e000000, 0x000000070e000000, 0x000000070e200000|  0%| F|  |TAMS 0x000000070e000000| PB 0x000000070e000000| Untracked 
|  94|0x000000070e200000, 0x000000070e200000, 0x000000070e400000|  0%| F|  |TAMS 0x000000070e200000| PB 0x000000070e200000| Untracked 
|  95|0x000000070e400000, 0x000000070e400000, 0x000000070e600000|  0%| F|  |TAMS 0x000000070e400000| PB 0x000000070e400000| Untracked 
|  96|0x000000070e600000, 0x000000070e600000, 0x000000070e800000|  0%| F|  |TAMS 0x000000070e600000| PB 0x000000070e600000| Untracked 
|  97|0x000000070e800000, 0x000000070e800000, 0x000000070ea00000|  0%| F|  |TAMS 0x000000070e800000| PB 0x000000070e800000| Untracked 
|  98|0x000000070ea00000, 0x000000070ea00000, 0x000000070ec00000|  0%| F|  |TAMS 0x000000070ea00000| PB 0x000000070ea00000| Untracked 
|  99|0x000000070ec00000, 0x000000070ec00000, 0x000000070ee00000|  0%| F|  |TAMS 0x000000070ec00000| PB 0x000000070ec00000| Untracked 
| 100|0x000000070ee00000, 0x000000070ee00000, 0x000000070f000000|  0%| F|  |TAMS 0x000000070ee00000| PB 0x000000070ee00000| Untracked 
| 101|0x000000070f000000, 0x000000070f000000, 0x000000070f200000|  0%| F|  |TAMS 0x000000070f000000| PB 0x000000070f000000| Untracked 
| 102|0x000000070f200000, 0x000000070f200000, 0x000000070f400000|  0%| F|  |TAMS 0x000000070f200000| PB 0x000000070f200000| Untracked 
| 103|0x000000070f400000, 0x000000070f400000, 0x000000070f600000|  0%| F|  |TAMS 0x000000070f400000| PB 0x000000070f400000| Untracked 
| 104|0x000000070f600000, 0x000000070f800000, 0x000000070f800000|100%| S|CS|TAMS 0x000000070f600000| PB 0x000000070f600000| Complete 
| 105|0x000000070f800000, 0x000000070fa00000, 0x000000070fa00000|100%| S|CS|TAMS 0x000000070f800000| PB 0x000000070f800000| Complete 
| 106|0x000000070fa00000, 0x000000070fc00000, 0x000000070fc00000|100%| S|CS|TAMS 0x000000070fa00000| PB 0x000000070fa00000| Complete 
| 107|0x000000070fc00000, 0x000000070fc00000, 0x000000070fe00000|  0%| F|  |TAMS 0x000000070fc00000| PB 0x000000070fc00000| Untracked 
| 108|0x000000070fe00000, 0x000000070fe00000, 0x0000000710000000|  0%| F|  |TAMS 0x000000070fe00000| PB 0x000000070fe00000| Untracked 
| 109|0x0000000710000000, 0x0000000710000000, 0x0000000710200000|  0%| F|  |TAMS 0x0000000710000000| PB 0x0000000710000000| Untracked 
| 110|0x0000000710200000, 0x0000000710200000, 0x0000000710400000|  0%| F|  |TAMS 0x0000000710200000| PB 0x0000000710200000| Untracked 
| 111|0x0000000710400000, 0x0000000710400000, 0x0000000710600000|  0%| F|  |TAMS 0x0000000710400000| PB 0x0000000710400000| Untracked 
| 112|0x0000000710600000, 0x0000000710600000, 0x0000000710800000|  0%| F|  |TAMS 0x0000000710600000| PB 0x0000000710600000| Untracked 
| 113|0x0000000710800000, 0x0000000710800000, 0x0000000710a00000|  0%| F|  |TAMS 0x0000000710800000| PB 0x0000000710800000| Untracked 
| 114|0x0000000710a00000, 0x0000000710a00000, 0x0000000710c00000|  0%| F|  |TAMS 0x0000000710a00000| PB 0x0000000710a00000| Untracked 
| 115|0x0000000710c00000, 0x0000000710c00000, 0x0000000710e00000|  0%| F|  |TAMS 0x0000000710c00000| PB 0x0000000710c00000| Untracked 
| 116|0x0000000710e00000, 0x0000000710e00000, 0x0000000711000000|  0%| F|  |TAMS 0x0000000710e00000| PB 0x0000000710e00000| Untracked 
| 117|0x0000000711000000, 0x00000007111c9a98, 0x0000000711200000| 89%| E|  |TAMS 0x0000000711000000| PB 0x0000000711000000| Complete 
| 118|0x0000000711200000, 0x0000000711400000, 0x0000000711400000|100%| E|CS|TAMS 0x0000000711200000| PB 0x0000000711200000| Complete 
| 119|0x0000000711400000, 0x0000000711600000, 0x0000000711600000|100%| E|CS|TAMS 0x0000000711400000| PB 0x0000000711400000| Complete 
| 120|0x0000000711600000, 0x0000000711800000, 0x0000000711800000|100%| E|CS|TAMS 0x0000000711600000| PB 0x0000000711600000| Complete 
| 121|0x0000000711800000, 0x0000000711a00000, 0x0000000711a00000|100%| E|CS|TAMS 0x0000000711800000| PB 0x0000000711800000| Complete 
| 122|0x0000000711a00000, 0x0000000711c00000, 0x0000000711c00000|100%| E|CS|TAMS 0x0000000711a00000| PB 0x0000000711a00000| Complete 
| 123|0x0000000711c00000, 0x0000000711e00000, 0x0000000711e00000|100%| E|CS|TAMS 0x0000000711c00000| PB 0x0000000711c00000| Complete 
| 124|0x0000000711e00000, 0x0000000712000000, 0x0000000712000000|100%| E|CS|TAMS 0x0000000711e00000| PB 0x0000000711e00000| Complete 
| 125|0x0000000712000000, 0x0000000712200000, 0x0000000712200000|100%| E|  |TAMS 0x0000000712000000| PB 0x0000000712000000| Complete 
| 126|0x0000000712200000, 0x0000000712400000, 0x0000000712400000|100%| E|CS|TAMS 0x0000000712200000| PB 0x0000000712200000| Complete 

Card table byte_map: [0x0000026b77280000,0x0000026b77a70000] _byte_map_base: 0x0000026b73a6d000

Marking Bits: (CMBitMap*) 0x0000026b64672a10
 Bits: [0x0000026b77a70000, 0x0000026b7b9d8000)

Polling page: 0x0000026b62450000

Metaspace:

Usage:
  Non-class:     18.40 MB used.
      Class:      2.07 MB used.
       Both:     20.47 MB used.

Virtual space:
  Non-class space:       64.00 MB reserved,      18.56 MB ( 29%) committed,  1 nodes.
      Class space:        1.00 GB reserved,       2.19 MB ( <1%) committed,  1 nodes.
             Both:        1.06 GB reserved,      20.75 MB (  2%) committed. 

Chunk freelists:
   Non-Class:  12.55 MB
       Class:  13.86 MB
        Both:  26.41 MB

MaxMetaspaceSize: unlimited
CompressedClassSpaceSize: 1.00 GB
Initial GC threshold: 21.00 MB
Current GC threshold: 21.00 MB
CDS: off
 - commit_granule_bytes: 65536.
 - commit_granule_words: 8192.
 - virtual_space_node_default_size: 8388608.
 - enlarge_chunks_in_place: 1.
 - use_allocation_guard: 0.


Internal statistics:

num_allocs_failed_limit: 0.
num_arena_births: 224.
num_arena_deaths: 0.
num_vsnodes_births: 2.
num_vsnodes_deaths: 0.
num_space_committed: 331.
num_space_uncommitted: 0.
num_chunks_returned_to_freelist: 0.
num_chunks_taken_from_freelist: 595.
num_chunk_merges: 0.
num_chunk_splits: 384.
num_chunks_enlarged: 260.
num_inconsistent_stats: 0.

CodeHeap 'non-profiled nmethods': size=120000Kb used=1210Kb max_used=1210Kb free=118789Kb
 bounds [0x0000026b6f230000, 0x0000026b6f4a0000, 0x0000026b76760000]
CodeHeap 'profiled nmethods': size=120000Kb used=5869Kb max_used=5869Kb free=114130Kb
 bounds [0x0000026b67760000, 0x0000026b67d20000, 0x0000026b6ec90000]
CodeHeap 'non-nmethods': size=5760Kb used=1403Kb max_used=1477Kb free=4356Kb
 bounds [0x0000026b6ec90000, 0x0000026b6ef00000, 0x0000026b6f230000]
 total_blobs=3255 nmethods=2739 adapters=420
 compilation: enabled
              stopped_count=0, restarted_count=0
 full_count=0

Compilation events (20 events):
Event: 95.640 Thread 0x0000026b7e62a850 nmethod 2669 0x0000026b6f334290 code [0x0000026b6f334420, 0x0000026b6f3344d0]
Event: 95.640 Thread 0x0000026b7e62a850 2671       4       java.util.regex.Pattern::newCharProperty (39 bytes)
Event: 95.649 Thread 0x0000026b7e62a850 nmethod 2671 0x0000026b6f334590 code [0x0000026b6f334740, 0x0000026b6f334aa8]
Event: 95.649 Thread 0x0000026b7e62a850 2667       4       com.sun.org.apache.xerces.internal.impl.XMLEntityScanner::scanChar (265 bytes)
Event: 95.651 Thread 0x0000026b7e62a850 nmethod 2667 0x0000026b6f334c10 code [0x0000026b6f334da0, 0x0000026b6f334f70]
Event: 95.651 Thread 0x0000026b7e62a850 2677       4       java.lang.AbstractStringBuilder::setLength (82 bytes)
Event: 95.652 Thread 0x0000026b04588470 nmethod 2668 0x0000026b6f335110 code [0x0000026b6f335360, 0x0000026b6f335c38]
Event: 95.652 Thread 0x0000026b04588470 2664       4       com.sun.xml.bind.v2.runtime.unmarshaller.SAXConnector::processText (48 bytes)
Event: 95.659 Thread 0x0000026b7e62a850 nmethod 2677 0x0000026b6f336410 code [0x0000026b6f3365c0, 0x0000026b6f336af8]
Event: 95.659 Thread 0x0000026b7e62a850 2662       4       org.xml.sax.helpers.XMLFilterImpl::characters (20 bytes)
Event: 95.660 Thread 0x0000026b7e62a850 nmethod 2662 0x0000026b6f336d10 code [0x0000026b6f336ea0, 0x0000026b6f336fa8]
Event: 95.664 Thread 0x0000026b7e62a850 2678       4       com.sun.xml.bind.v2.util.QNameMap::getEntry (105 bytes)
Event: 95.670 Thread 0x0000026b7e62a850 nmethod 2678 0x0000026b6f337090 code [0x0000026b6f337260, 0x0000026b6f3376e0]
Event: 95.670 Thread 0x0000026b7e62a850 2680   !   4       com.sun.org.apache.xerces.internal.impl.XMLDocumentFragmentScannerImpl$FragmentContentDriver::next (2331 bytes)
Event: 95.705 Thread 0x0000026b7e69aee0 2685       3       com.sun.xml.bind.v2.runtime.reflect.TransducedAccessor$IDREFTransducedAccessorImpl::assign (52 bytes)
Event: 95.706 Thread 0x0000026b7e69aee0 nmethod 2685 0x0000026b67cfd290 code [0x0000026b67cfd4a0, 0x0000026b67cfdc68]
Event: 95.709 Thread 0x0000026b7e69aee0 2686       3       com.sun.xml.bind.DatatypeConverterImpl::_parseQName (256 bytes)
Event: 95.714 Thread 0x0000026b7e69aee0 nmethod 2686 0x0000026b67cfde90 code [0x0000026b67cfe2a0, 0x0000026b67cffbe0]
Event: 95.714 Thread 0x0000026b7e69aee0 2687       3       com.sun.xml.bind.v2.runtime.JAXBContextImpl::getGlobalType (12 bytes)
Event: 95.714 Thread 0x0000026b7e69aee0 nmethod 2687 0x0000026b67d00590 code [0x0000026b67d00740, 0x0000026b67d00a10]

GC Heap History (4 events):
Event: 43.417 GC heap before
{Heap before GC invocations=0 (full 0):
 garbage-first heap   total 260096K, used 20480K [0x0000000702600000, 0x0000000800000000)
  region size 2048K, 11 young (22528K), 0 survivors (0K)
 Metaspace       used 15291K, committed 15552K, reserved 1114112K
  class space    used 1534K, committed 1664K, reserved 1048576K
}
Event: 43.508 GC heap after
{Heap after GC invocations=1 (full 0):
 garbage-first heap   total 260096K, used 4096K [0x0000000702600000, 0x0000000800000000)
  region size 2048K, 2 young (4096K), 2 survivors (4096K)
 Metaspace       used 15291K, committed 15552K, reserved 1114112K
  class space    used 1534K, committed 1664K, reserved 1048576K
}
Event: 82.723 GC heap before
{Heap before GC invocations=1 (full 0):
 garbage-first heap   total 260096K, used 38912K [0x0000000702600000, 0x0000000800000000)
  region size 2048K, 20 young (40960K), 2 survivors (4096K)
 Metaspace       used 20439K, committed 20672K, reserved 1114112K
  class space    used 2076K, committed 2176K, reserved 1048576K
}
Event: 83.781 GC heap after
{Heap after GC invocations=2 (full 0):
 garbage-first heap   total 260096K, used 11692K [0x0000000702600000, 0x0000000800000000)
  region size 2048K, 3 young (6144K), 3 survivors (6144K)
 Metaspace       used 20439K, committed 20672K, reserved 1114112K
  class space    used 2076K, committed 2176K, reserved 1048576K
}

Dll operation events (2 events):
Event: 0.307 Loaded shared library C:\Program Files\Android\Android Studio\jbr\bin\java.dll
Event: 0.320 Loaded shared library C:\Program Files\Android\Android Studio\jbr\bin\zip.dll

Deoptimization events (20 events):
Event: 89.853 Thread 0x0000026b6460f8d0 DEOPT PACKING pc=0x0000026b67c7568e sp=0x000000b0de3fe270
Event: 89.853 Thread 0x0000026b6460f8d0 DEOPT UNPACKING pc=0x0000026b6ece4e42 sp=0x000000b0de3fd730 mode 0
Event: 89.856 Thread 0x0000026b6460f8d0 DEOPT PACKING pc=0x0000026b67c7568e sp=0x000000b0de3fe2f0
Event: 89.856 Thread 0x0000026b6460f8d0 DEOPT UNPACKING pc=0x0000026b6ece4e42 sp=0x000000b0de3fd7b0 mode 0
Event: 89.860 Thread 0x0000026b6460f8d0 DEOPT PACKING pc=0x0000026b67c7568e sp=0x000000b0de3fe270
Event: 89.860 Thread 0x0000026b6460f8d0 DEOPT UNPACKING pc=0x0000026b6ece4e42 sp=0x000000b0de3fd730 mode 0
Event: 89.861 Thread 0x0000026b6460f8d0 DEOPT PACKING pc=0x0000026b67c7568e sp=0x000000b0de3fe2f0
Event: 89.861 Thread 0x0000026b6460f8d0 DEOPT UNPACKING pc=0x0000026b6ece4e42 sp=0x000000b0de3fd7b0 mode 0
Event: 90.334 Thread 0x0000026b6460f8d0 DEOPT PACKING pc=0x0000026b67c62762 sp=0x000000b0de3fdd30
Event: 90.334 Thread 0x0000026b6460f8d0 DEOPT UNPACKING pc=0x0000026b6ece4e42 sp=0x000000b0de3fd258 mode 0
Event: 90.778 Thread 0x0000026b6460f8d0 DEOPT PACKING pc=0x0000026b67c63faa sp=0x000000b0de3fda60
Event: 90.778 Thread 0x0000026b6460f8d0 DEOPT UNPACKING pc=0x0000026b6ece4e42 sp=0x000000b0de3fcf90 mode 0
Event: 94.343 Thread 0x0000026b6460f8d0 Uncommon trap: trap_request=0xfffffff4 fr.pc=0x0000026b6f3220a8 relative=0x0000000000000388
Event: 94.343 Thread 0x0000026b6460f8d0 Uncommon trap: reason=null_check action=make_not_entrant pc=0x0000026b6f3220a8 method=com.sun.xml.bind.v2.model.nav.ReflectionNavigator$6.onVariable(Ljava/lang/reflect/TypeVariable;Ljava/lang/Object;)Ljava/lang/Object; @ 3 c2
Event: 94.343 Thread 0x0000026b6460f8d0 DEOPT PACKING pc=0x0000026b6f3220a8 sp=0x000000b0de3fd790
Event: 94.343 Thread 0x0000026b6460f8d0 DEOPT UNPACKING pc=0x0000026b6ece46a2 sp=0x000000b0de3fd6a8 mode 2
Event: 95.455 Thread 0x0000026b6460f8d0 Uncommon trap: trap_request=0xffffff45 fr.pc=0x0000026b6f3173f8 relative=0x0000000000001f38
Event: 95.455 Thread 0x0000026b6460f8d0 Uncommon trap: reason=unstable_if action=reinterpret pc=0x0000026b6f3173f8 method=com.sun.org.apache.xerces.internal.impl.XMLDocumentFragmentScannerImpl$FragmentContentDriver.next()I @ 782 c2
Event: 95.455 Thread 0x0000026b6460f8d0 DEOPT PACKING pc=0x0000026b6f3173f8 sp=0x000000b0de3fe420
Event: 95.455 Thread 0x0000026b6460f8d0 DEOPT UNPACKING pc=0x0000026b6ece46a2 sp=0x000000b0de3fe410 mode 2

Classes loaded (20 events):
Event: 82.033 Loading class java/io/StringWriter
Event: 82.033 Loading class java/io/StringWriter done
Event: 82.113 Loading class java/io/PrintWriter
Event: 82.113 Loading class java/io/PrintWriter done
Event: 82.152 Loading class java/lang/reflect/AnnotatedType
Event: 82.152 Loading class java/lang/reflect/AnnotatedType done
Event: 85.649 Loading class java/lang/foreign/ValueLayout
Event: 85.649 Loading class java/lang/foreign/MemoryLayout
Event: 85.649 Loading class java/lang/foreign/MemoryLayout done
Event: 85.649 Loading class java/lang/foreign/ValueLayout done
Event: 85.650 Loading class java/lang/TypeNotPresentException
Event: 85.650 Loading class java/lang/TypeNotPresentException done
Event: 85.651 Loading class sun/invoke/util/ValueConversions$WrapperCache
Event: 85.651 Loading class sun/invoke/util/ValueConversions$WrapperCache done
Event: 86.312 Loading class sun/invoke/util/ValueConversions$1
Event: 86.312 Loading class sun/invoke/util/ValueConversions$1 done
Event: 86.313 Loading class java/lang/invoke/BoundMethodHandle$Species_LI
Event: 86.313 Loading class java/lang/invoke/BoundMethodHandle$Species_LI done
Event: 86.313 Loading class java/lang/invoke/ClassSpecializer$Factory$1Var
Event: 86.313 Loading class java/lang/invoke/ClassSpecializer$Factory$1Var done

Classes unloaded (0 events):
No events

Classes redefined (0 events):
No events

Internal exceptions (20 events):
Event: 64.203 Thread 0x0000026b6460f8d0 Exception <a 'sun/nio/fs/WindowsException'{0x000000071195b7f0}> (0x000000071195b7f0) 
thrown [s\src\hotspot\share\prims\jni.cpp, line 537]
Event: 64.203 Thread 0x0000026b6460f8d0 Exception <a 'sun/nio/fs/WindowsException'{0x000000071195c168}> (0x000000071195c168) 
thrown [s\src\hotspot\share\prims\jni.cpp, line 537]
Event: 64.204 Thread 0x0000026b6460f8d0 Exception <a 'sun/nio/fs/WindowsException'{0x000000071195dc70}> (0x000000071195dc70) 
thrown [s\src\hotspot\share\prims\jni.cpp, line 537]
Event: 64.204 Thread 0x0000026b6460f8d0 Exception <a 'sun/nio/fs/WindowsException'{0x000000071195e8c0}> (0x000000071195e8c0) 
thrown [s\src\hotspot\share\prims\jni.cpp, line 537]
Event: 73.056 Thread 0x0000026b6460f8d0 Exception <a 'java/lang/NoSuchMethodError'{0x000000071134e008}: 'java.lang.Object java.lang.invoke.DirectMethodHandle$Holder.newInvokeSpecial(java.lang.Object, double)'> (0x000000071134e008) 
thrown [s\src\hotspot\share\interpreter\linkResolver.cpp, line 784]
Event: 74.045 Thread 0x0000026b6460f8d0 Exception <a 'sun/nio/fs/WindowsException'{0x000000071105e250}> (0x000000071105e250) 
thrown [s\src\hotspot\share\prims\jni.cpp, line 537]
Event: 74.046 Thread 0x0000026b6460f8d0 Exception <a 'java/lang/NoSuchMethodError'{0x000000071105ee20}: 'int java.lang.invoke.DirectMethodHandle$Holder.invokeInterface(java.lang.Object, java.lang.Object)'> (0x000000071105ee20) 
thrown [s\src\hotspot\share\interpreter\linkResolver.cpp, line 784]
Event: 74.115 Thread 0x0000026b6460f8d0 Exception <a 'java/lang/NoSuchMethodError'{0x00000007110684c8}: 'void java.lang.invoke.DirectMethodHandle$Holder.invokeStatic(java.lang.Object, int, java.lang.Object)'> (0x00000007110684c8) 
thrown [s\src\hotspot\share\interpreter\linkResolver.cpp, line 784]
Event: 74.131 Thread 0x0000026b6460f8d0 Exception <a 'java/lang/NoSuchMethodError'{0x0000000711079cd0}: 'java.lang.Object java.lang.invoke.DirectMethodHandle$Holder.newInvokeSpecial(java.lang.Object, java.lang.Object, java.lang.Object, java.lang.Object, java.lang.Object, java.lang.Object)'> (0x0000000711079cd0) 
thrown [s\src\hotspot\share\interpreter\linkResolver.cpp, line 784]
Event: 74.200 Thread 0x0000026b7efb0aa0 Implicit null exception at 0x0000026b6f2d2d07 to 0x0000026b6f2d2e04
Event: 74.200 Thread 0x0000026b7efb17c0 Implicit null exception at 0x0000026b6f2d2d07 to 0x0000026b6f2d2e04
Event: 81.918 Thread 0x0000026b6460f8d0 Exception <a 'java/lang/NoSuchMethodError'{0x000000070ffd0a30}: 'java.lang.Object java.lang.invoke.DirectMethodHandle$Holder.invokeStaticInit(java.lang.Object, java.lang.Object, int, int, int, int)'> (0x000000070ffd0a30) 
thrown [s\src\hotspot\share\interpreter\linkResolver.cpp, line 784]
Event: 82.146 Thread 0x0000026b6460f8d0 Implicit null exception at 0x0000026b6f25d524 to 0x0000026b6f25dbbc
Event: 85.655 Thread 0x0000026b6460f8d0 Exception <a 'java/lang/UnsatisfiedLinkError'{0x00000007122995d0}: The specified procedure could not be found.
> (0x00000007122995d0) 
thrown [s\src\hotspot\share\prims\jni.cpp, line 572]
Event: 86.217 Thread 0x0000026b6460f8d0 Exception <a 'java/lang/UnsatisfiedLinkError'{0x00000007122b6be8}: The specified procedure could not be found.
> (0x00000007122b6be8) 
thrown [s\src\hotspot\share\prims\jni.cpp, line 572]
Event: 86.223 Thread 0x0000026b6460f8d0 Exception <a 'java/lang/NoSuchMethodError'{0x00000007122bcab8}: 'void java.lang.invoke.DirectMethodHandle$Holder.invokeVirtual(java.lang.Object, java.lang.Object, long)'> (0x00000007122bcab8) 
thrown [s\src\hotspot\share\interpreter\linkResolver.cpp, line 784]
Event: 86.312 Thread 0x0000026b6460f8d0 Exception <a 'java/lang/NoSuchMethodError'{0x00000007122c0650}: 'long java.lang.invoke.DirectMethodHandle$Holder.invokeStatic(java.lang.Object, java.lang.Object, int)'> (0x00000007122c0650) 
thrown [s\src\hotspot\share\interpreter\linkResolver.cpp, line 784]
Event: 86.317 Thread 0x0000026b6460f8d0 Exception <a 'java/lang/NoSuchMethodError'{0x00000007122d2f30}: 'java.lang.Object java.lang.invoke.DirectMethodHandle$Holder.invokeStatic(java.lang.Object, java.lang.Object, java.lang.Object, java.lang.Object, int)'> (0x00000007122d2f30) 
thrown [s\src\hotspot\share\interpreter\linkResolver.cpp, line 784]
Event: 87.538 Thread 0x0000026b6460f8d0 Exception <a 'java/lang/NoSuchMethodError'{0x00000007122dd330}: 'void java.lang.invoke.DelegatingMethodHandle$Holder.reinvoke_L(java.lang.Object, java.lang.Object, long)'> (0x00000007122dd330) 
thrown [s\src\hotspot\share\interpreter\linkResolver.cpp, line 784]
Event: 94.343 Thread 0x0000026b6460f8d0 Implicit null exception at 0x0000026b6f321f00 to 0x0000026b6f322094

ZGC Phase Switch (0 events):
No events

VM Operations (20 events):
Event: 85.848 Executing VM operation: Cleanup
Event: 86.174 Executing VM operation: Cleanup done
Event: 87.183 Executing VM operation: Cleanup
Event: 87.529 Executing VM operation: Cleanup done
Event: 88.536 Executing VM operation: Cleanup
Event: 88.584 Executing VM operation: Cleanup done
Event: 89.593 Executing VM operation: Cleanup
Event: 89.624 Executing VM operation: Cleanup done
Event: 90.633 Executing VM operation: Cleanup
Event: 90.769 Executing VM operation: Cleanup done
Event: 91.771 Executing VM operation: Cleanup
Event: 91.834 Executing VM operation: Cleanup done
Event: 92.848 Executing VM operation: Cleanup
Event: 92.975 Executing VM operation: Cleanup done
Event: 93.977 Executing VM operation: Cleanup
Event: 94.071 Executing VM operation: Cleanup done
Event: 95.082 Executing VM operation: Cleanup
Event: 95.207 Executing VM operation: Cleanup done
Event: 96.210 Executing VM operation: Cleanup
Event: 96.210 Executing VM operation: Cleanup done

Memory protections (0 events):
No events

Nmethod flushes (0 events):
No events

Events (20 events):
Event: 74.467 Thread 0x0000026b7ea568a0 Thread exited: 0x0000026b7ea568a0
Event: 74.468 Thread 0x0000026b7ea56230 Thread exited: 0x0000026b7ea56230
Event: 74.473 Thread 0x0000026b7efaf060 Thread exited: 0x0000026b7efaf060
Event: 74.494 Thread 0x0000026b7efb0410 Thread exited: 0x0000026b7efb0410
Event: 74.626 Thread 0x0000026b7efaf6f0 Thread exited: 0x0000026b7efaf6f0
Event: 74.649 Thread 0x0000026b7efb1e50 Thread exited: 0x0000026b7efb1e50
Event: 74.651 Thread 0x0000026b7efafd80 Thread exited: 0x0000026b7efafd80
Event: 74.664 Thread 0x0000026b7f01e730 Thread exited: 0x0000026b7f01e730
Event: 74.667 Thread 0x0000026b7efb24e0 Thread exited: 0x0000026b7efb24e0
Event: 74.670 Thread 0x0000026b7f01ccf0 Thread exited: 0x0000026b7f01ccf0
Event: 74.744 Thread 0x0000026b7efb1130 Thread exited: 0x0000026b7efb1130
Event: 74.830 Thread 0x0000026b7ee7bef0 Thread exited: 0x0000026b7ee7bef0
Event: 74.947 Thread 0x0000026b7f01c660 Thread exited: 0x0000026b7f01c660
Event: 74.957 Thread 0x0000026b7f01d380 Thread exited: 0x0000026b7f01d380
Event: 76.314 Thread 0x0000026b7e69aee0 Thread added: 0x0000026b7ef37270
Event: 76.314 Thread 0x0000026b7e69aee0 Thread added: 0x0000026b7ef37920
Event: 76.474 Thread 0x0000026b7ef37920 Thread exited: 0x0000026b7ef37920
Event: 76.636 Thread 0x0000026b7ef37270 Thread exited: 0x0000026b7ef37270
Event: 82.022 Loaded shared library C:\Users\Nkosinathi Radebe\AppData\Local\Temp\jna--1948062887\jna16049375571412086658.dll
Event: 95.624 Thread 0x0000026b7e69aee0 Thread added: 0x0000026b04588470


Dynamic libraries:
0x00007ff78cc40000 - 0x00007ff78cc4a000 	C:\Program Files\Android\Android Studio\jbr\bin\java.exe
0x00007ffe258a0000 - 0x00007ffe25b08000 	C:\WINDOWS\SYSTEM32\ntdll.dll
0x00007ffe24e80000 - 0x00007ffe24f49000 	C:\WINDOWS\System32\KERNEL32.DLL
0x00007ffe229f0000 - 0x00007ffe22de8000 	C:\WINDOWS\System32\KERNELBASE.dll
0x00007ffe23460000 - 0x00007ffe235ab000 	C:\WINDOWS\System32\ucrtbase.dll
0x00007ffdf3c20000 - 0x00007ffdf3c38000 	C:\Program Files\Android\Android Studio\jbr\bin\jli.dll
0x00007ffe241c0000 - 0x00007ffe24387000 	C:\WINDOWS\System32\USER32.dll
0x00007ffe23150000 - 0x00007ffe23177000 	C:\WINDOWS\System32\win32u.dll
0x00007ffe24190000 - 0x00007ffe241bb000 	C:\WINDOWS\System32\GDI32.dll
0x00007ffe22df0000 - 0x00007ffe22f1c000 	C:\WINDOWS\System32\gdi32full.dll
0x00007ffe233b0000 - 0x00007ffe23453000 	C:\WINDOWS\System32\msvcp_win.dll
0x00007ffe0fbb0000 - 0x00007ffe0fbcb000 	C:\Program Files\Android\Android Studio\jbr\bin\VCRUNTIME140.dll
0x00007ffe0af30000 - 0x00007ffe0b1c4000 	C:\WINDOWS\WinSxS\amd64_microsoft.windows.common-controls_6595b64144ccf1df_6.0.26100.7019_none_3e06ffa0e335b8a8\COMCTL32.dll
0x00007ffe240e0000 - 0x00007ffe24189000 	C:\WINDOWS\System32\msvcrt.dll
0x00007ffe25450000 - 0x00007ffe25481000 	C:\WINDOWS\System32\IMM32.DLL
0x00007ffe0fba0000 - 0x00007ffe0fbac000 	C:\Program Files\Android\Android Studio\jbr\bin\vcruntime140_1.dll
0x00007ffd6dc70000 - 0x00007ffd6dcfd000 	C:\Program Files\Android\Android Studio\jbr\bin\msvcp140.dll
0x00007ffd65fa0000 - 0x00007ffd66c2e000 	C:\Program Files\Android\Android Studio\jbr\bin\server\jvm.dll
0x00007ffe254f0000 - 0x00007ffe255a4000 	C:\WINDOWS\System32\ADVAPI32.dll
0x00007ffe251f0000 - 0x00007ffe25296000 	C:\WINDOWS\System32\sechost.dll
0x00007ffe24bf0000 - 0x00007ffe24d08000 	C:\WINDOWS\System32\RPCRT4.dll
0x00007ffe25170000 - 0x00007ffe251e4000 	C:\WINDOWS\System32\WS2_32.dll
0x00007ffe0b260000 - 0x00007ffe0b295000 	C:\WINDOWS\SYSTEM32\WINMM.dll
0x00007ffe12180000 - 0x00007ffe1218b000 	C:\WINDOWS\SYSTEM32\VERSION.dll
0x00007ffe22850000 - 0x00007ffe228ae000 	C:\WINDOWS\SYSTEM32\POWRPROF.dll
0x00007ffe22830000 - 0x00007ffe22844000 	C:\WINDOWS\SYSTEM32\UMPDC.dll
0x00007ffe21770000 - 0x00007ffe2178b000 	C:\WINDOWS\SYSTEM32\kernel.appcore.dll
0x00007ffde9100000 - 0x00007ffde910a000 	C:\Program Files\Android\Android Studio\jbr\bin\jimage.dll
0x00007ffe1d220000 - 0x00007ffe1d462000 	C:\WINDOWS\SYSTEM32\DBGHELP.DLL
0x00007ffe23b20000 - 0x00007ffe23eab000 	C:\WINDOWS\System32\combase.dll
0x00007ffe24f50000 - 0x00007ffe25027000 	C:\WINDOWS\System32\OLEAUT32.dll
0x00007ffe058d0000 - 0x00007ffe0590c000 	C:\WINDOWS\SYSTEM32\dbgcore.DLL
0x00007ffe22f20000 - 0x00007ffe22fc5000 	C:\WINDOWS\System32\bcryptPrimitives.dll
0x00007ffdc5860000 - 0x00007ffdc5880000 	C:\Program Files\Android\Android Studio\jbr\bin\java.dll
0x00007ffdc56f0000 - 0x00007ffdc5708000 	C:\Program Files\Android\Android Studio\jbr\bin\zip.dll
0x00007ffe24490000 - 0x00007ffe24bdf000 	C:\WINDOWS\System32\SHELL32.dll
0x00007ffe23240000 - 0x00007ffe233ab000 	C:\WINDOWS\System32\wintypes.dll
0x00007ffe205d0000 - 0x00007ffe20e2d000 	C:\WINDOWS\SYSTEM32\windows.storage.dll
0x00007ffe24390000 - 0x00007ffe24482000 	C:\WINDOWS\System32\SHCORE.dll
0x00007ffe23eb0000 - 0x00007ffe23f17000 	C:\WINDOWS\System32\shlwapi.dll
0x00007ffe22910000 - 0x00007ffe22939000 	C:\WINDOWS\SYSTEM32\profapi.dll
0x00007ffde7400000 - 0x00007ffde7410000 	C:\Program Files\Android\Android Studio\jbr\bin\net.dll
0x00007ffe13e10000 - 0x00007ffe13f38000 	C:\WINDOWS\SYSTEM32\WINHTTP.dll
0x00007ffe21cc0000 - 0x00007ffe21d2b000 	C:\WINDOWS\system32\mswsock.dll
0x00007ffdc56d0000 - 0x00007ffdc56e6000 	C:\Program Files\Android\Android Studio\jbr\bin\nio.dll
0x00007ffe220b0000 - 0x00007ffe220cb000 	C:\WINDOWS\SYSTEM32\CRYPTSP.dll
0x00007ffe216d0000 - 0x00007ffe2170a000 	C:\WINDOWS\system32\rsaenh.dll
0x00007ffe21d70000 - 0x00007ffe21d9b000 	C:\WINDOWS\SYSTEM32\USERENV.dll
0x00007ffe228e0000 - 0x00007ffe2290a000 	C:\WINDOWS\SYSTEM32\bcrypt.dll
0x00007ffe21f10000 - 0x00007ffe21f1c000 	C:\WINDOWS\SYSTEM32\CRYPTBASE.dll
0x00007ffe21120000 - 0x00007ffe21154000 	C:\WINDOWS\SYSTEM32\IPHLPAPI.DLL
0x00007ffe240c0000 - 0x00007ffe240ca000 	C:\WINDOWS\System32\NSI.dll
0x00007ffd695f0000 - 0x00007ffd69631000 	C:\Users\Nkosinathi Radebe\AppData\Local\Temp\jna--1948062887\jna16049375571412086658.dll
0x00007ffe240d0000 - 0x00007ffe240d8000 	C:\WINDOWS\System32\PSAPI.DLL

dbghelp: loaded successfully - version: 4.0.5 - missing functions: none
symbol engine: initialized successfully - sym options: 0x614 - pdb path: .;C:\Program Files\Android\Android Studio\jbr\bin;C:\WINDOWS\SYSTEM32;C:\WINDOWS\WinSxS\amd64_microsoft.windows.common-controls_6595b64144ccf1df_6.0.26100.7019_none_3e06ffa0e335b8a8;C:\Program Files\Android\Android Studio\jbr\bin\server;C:\Users\Nkosinathi Radebe\AppData\Local\Temp\jna--1948062887

VM Arguments:
jvm_args: -Dcom.android.sdklib.toolsdir=C:\SDK\cmdline-tools\latest\bin\\.. 
java_command: com.android.sdklib.tool.sdkmanager.SdkManagerCli --licenses
java_class_path (initial): C:\SDK\cmdline-tools\latest\bin\..\lib\sdkmanager-classpath.jar
Launcher Type: SUN_STANDARD

[Global flags]
     intx CICompilerCount                          = 4                                         {product} {ergonomic}
     uint ConcGCThreads                            = 2                                         {product} {ergonomic}
     uint G1ConcRefinementThreads                  = 8                                         {product} {ergonomic}
   size_t G1HeapRegionSize                         = 2097152                                   {product} {ergonomic}
    uintx GCDrainStackTargetSize                   = 64                                        {product} {ergonomic}
   size_t InitialHeapSize                          = 266338304                                 {product} {ergonomic}
   size_t MarkStackSize                            = 4194304                                   {product} {ergonomic}
   size_t MaxHeapSize                              = 4255121408                                {product} {ergonomic}
   size_t MaxNewSize                               = 2552233984                                {product} {ergonomic}
   size_t MinHeapDeltaBytes                        = 2097152                                   {product} {ergonomic}
   size_t MinHeapSize                              = 8388608                                   {product} {ergonomic}
    uintx NonNMethodCodeHeapSize                   = 5839372                                {pd product} {ergonomic}
    uintx NonProfiledCodeHeapSize                  = 122909434                              {pd product} {ergonomic}
    uintx ProfiledCodeHeapSize                     = 122909434                              {pd product} {ergonomic}
    uintx ReservedCodeCacheSize                    = 251658240                              {pd product} {ergonomic}
     bool SegmentedCodeCache                       = true                                      {product} {ergonomic}
   size_t SoftMaxHeapSize                          = 4255121408                             {manageable} {ergonomic}
     bool UseCompressedOops                        = true                           {product lp64_product} {ergonomic}
     bool UseG1GC                                  = true                                      {product} {ergonomic}
     bool UseLargePagesIndividualAllocation        = false                                  {pd product} {ergonomic}

Logging:
Log output configuration:
 #0: stdout all=warning uptime,level,tags foldmultilines=false
 #1: stderr all=off uptime,level,tags foldmultilines=false

Environment Variables:
JAVA_HOME=C:\Program Files\Android\Android Studio\jbr
CLASSPATH=C:\SDK\cmdline-tools\latest\bin\..\lib\sdkmanager-classpath.jar
PATH=C:\Program Files\Android\Android Studio\jbr\bin;C:\Program Files\Common Files\Oracle\Java\javapath;C:\Java\jdk-21\bin;C:\Python313\Scripts\;C:\Python313\;C:\WINDOWS\system32;C:\WINDOWS;C:\WINDOWS\System32\Wbem;C:\WINDOWS\System32\WindowsPowerShell\v1.0\;C:\WINDOWS\System32\OpenSSH\;C:\Program Files\nodejs\;C:\ProgramData\chocolatey\bin;C:\Program Files\Git\cmd;C:\flutter\bin;C:\SDK\cmdline-tools\latest\bin;C:\SDK\platform-tools;C:\SDK\build-tools\36.1.0-rc1;C:\Java\jdk-21\BIN;C:\Users\Nkosinathi Radebe\.wasmer\bin;C:\Users\Nkosinathi Radebe\.wasmer\globals\wapm_packages\.bin;C:\Users\Nkosinathi Radebe\AppData\Local\Pub\Cache\bin;C:\Users\Nkosinathi Radebe\AppData\Roaming\npm;C:\Program Files\cursor\resources\app\bin;c:\Users\Nkosinathi Radebe\AppData\Local\Programs\Trae\bin;C:\Java\jdk-21\bin;C:\Python313\Scripts\;C:\Python313\;C:\WINDOWS\system32;C:\WINDOWS;C:\WINDOWS\System32\Wbem;C:\WINDOWS\System32\WindowsPowerShell\v1.0\;C:\WINDOWS\System32\OpenSSH\;C:\Program Files\nodejs\;C:\ProgramData\chocolatey\bin;C:\Program Files\Git\cmd;C:\flutter\bin;C:\SDK\cmdline-tools\latest\bin;C:\SDK\platform-tools;C:\SDK\build-tools\36.1.0-rc1;C:\Java\jdk-21\bin;C:\Python313\Scripts\;C:\Python313\;C:\WINDOWS\system32;C:\WINDOWS;C:\WINDOWS\System32\Wbem;C:\WINDOWS\System32\WindowsPowerShell\v1.0\;C:\WINDOWS\System32\OpenSSH\;C:\Program Files\nodejs\;C:\ProgramData\chocolatey\bin;C:\Program Files\Git\cmd;C:\flutter\bin;C:\SDK\cmdline-tools\latest\bin;C:\SDK\platform-tools;C:\SDK\build-tools\36.1.0-rc1;C:\Users\Nkosinathi Radebe\.wasmer\bin;C:\Users\Nkosinathi Radebe\AppData\Local\Pub\Cache\bin;C:\Users\Nkosinahi Radebe\AppData\Roaming\npm;C:\Users\Nkosinathi Radebe\AppData\Local\Programs\Windsurf\bin;C:\flutter\bin\mingit\cmd
USERNAME=Nkosinathi Radebe
OS=Windows_NT
PROCESSOR_IDENTIFIER=Intel64 Family 6 Model 142 Stepping 12, GenuineIntel
TMP=C:\Users\NKOSIN~1\AppData\Local\Temp
TEMP=C:\Users\NKOSIN~1\AppData\Local\Temp




Periodic native trim disabled

JNI global refs:
JNI global refs: 19, weak refs: 45

JNI global refs memory usage: 835, weak refs: 833

Process memory usage:
Resident Set Size: 143588K (0% of 16620632K total physical memory with 1011352K free physical memory)

OOME stack traces (most recent first):
Classloader memory used:
Loader bootstrap                                                                       : 14105K
Loader jdk.internal.loader.ClassLoaders$AppClassLoader                                 : 6853K
Loader jdk.internal.loader.ClassLoaders$PlatformClassLoader                            : 2696B

---------------  S Y S T E M  ---------------

OS:
 Windows 11 , 64 bit Build 26100 (10.0.26100.7019)
OS uptime: 0 days 10:59 hours
Hyper-V role detected

CPU: total 8 (initial active 8) (4 cores per cpu, 2 threads per core) family 6 model 142 stepping 12 microcode 0xde, cx8, cmov, fxsr, ht, mmx, 3dnowpref, sse, sse2, sse3, ssse3, sse4.1, sse4.2, popcnt, lzcnt, tsc, tscinvbit, avx, avx2, aes, erms, clmul, bmi1, bmi2, adx, fma, vzeroupper, clflush, clflushopt, hv, rdtscp, f16c
Processor Information for the first 8 processors :
  Max Mhz: 1800, Current Mhz: 1600, Mhz Limit: 1584

Memory: 4k page, system-wide physical 16231M (987M free)
TotalPageFile size 46498M (AvailPageFile size 1056M)
current process WorkingSet (physical memory assigned to process): 140M, peak: 147M
current process commit charge ("private bytes"): 382M, peak: 391M

vm_info: OpenJDK 64-Bit Server VM (21.0.7+-13880790-b1038.58) for windows-amd64 JRE (21.0.7+-13880790-b1038.58), built on 2025-08-04T20:56:21Z by "builder" with MS VC++ 16.10 / 16.11 (VS2019)

END.
