#
# There is insufficient memory for the Java Runtime Environment to continue.
# Native memory allocation (malloc) failed to allocate 1075216 bytes. Error detail: Chunk::new
# Possible reasons:
#   The system is out of physical RAM or swap space
#   This process is running with CompressedOops enabled, and the Java Heap may be blocking the growth of the native heap
# Possible solutions:
#   Reduce memory load on the system
#   Increase physical memory or swap space
#   Check if swap backing store is full
#   Decrease Java heap size (-Xmx/-Xms)
#   Decrease number of Java threads
#   Decrease Java thread stack sizes (-Xss)
#   Set larger code cache with -XX:ReservedCodeCacheSize=
#   JVM is running with Zero Based Compressed Oops mode in which the Java heap is
#     placed in the first 32GB address space. The Java Heap base address is the
#     maximum limit for the native heap growth. Please use -XX:HeapBaseMinAddress
#     to set the Java Heap base and to place the Java Heap above 32GB virtual address.
# This output file may be truncated or incomplete.
#
#  Out of Memory Error (arena.cpp:168), pid=25020, tid=33024
#
# JRE version: OpenJDK Runtime Environment (21.0.7) (build 21.0.7+-13880790-b1038.58)
# Java VM: OpenJDK 64-Bit Server VM (21.0.7+-13880790-b1038.58, mixed mode, tiered, compressed oops, compressed class ptrs, g1 gc, windows-amd64)
# No core dump will be written. Minidumps are not enabled by default on client versions of Windows
#

---------------  S U M M A R Y ------------

Command Line: -Dcom.android.sdklib.toolsdir=C:\SDK\cmdline-tools\latest\bin\\.. com.android.sdklib.tool.sdkmanager.SdkManagerCli --licenses

Host: Intel(R) Core(TM) i5-8265U CPU @ 1.60GHz, 8 cores, 15G,  Windows 11 , 64 bit Build 26100 (10.0.26100.7019)
Time: Thu Nov 13 19:36:24 2025 South Africa Standard Time elapsed time: 64.933949 seconds (0d 0h 1m 4s)

---------------  T H R E A D  ---------------

Current thread (0x00000131a6336c70):  JavaThread "C2 CompilerThread1" daemon [_thread_in_native, id=33024, stack(0x0000000316900000,0x0000000316a00000) (1024K)]


Current CompileTask:
C2:64934 2605       4       com.android.repository.impl.meta.SchemaModuleUtil$NamespaceFallbackFilter::startElement (59 bytes)

Stack: [0x0000000316900000,0x0000000316a00000]
Native frames: (J=compiled Java code, j=interpreted, Vv=VM code, C=native code)
V  [jvm.dll+0x6d25c9]
V  [jvm.dll+0x860923]
V  [jvm.dll+0x862e7e]
V  [jvm.dll+0x863563]
V  [jvm.dll+0x27f156]
V  [jvm.dll+0xc002d]
V  [jvm.dll+0xc0563]
V  [jvm.dll+0x3b6d01]
V  [jvm.dll+0x382c27]
V  [jvm.dll+0x38209a]
V  [jvm.dll+0x247e72]
V  [jvm.dll+0x247441]
V  [jvm.dll+0x1c5fb4]
V  [jvm.dll+0x256bac]
V  [jvm.dll+0x2550f6]
V  [jvm.dll+0x3f1d16]
V  [jvm.dll+0x808d08]
V  [jvm.dll+0x6d0e1d]
C  [ucrtbase.dll+0x37b0]
C  [KERNEL32.DLL+0x2e8d7]
C  [ntdll.dll+0x8c53c]


---------------  P R O C E S S  ---------------

Threads class SMR info:
_java_thread_list=0x00000131a64bb1a0, length=13, elements={
0x0000013184ea3920, 0x00000131a1313aa0, 0x00000131a1317090, 0x00000131a133bd90,
0x00000131a1347170, 0x00000131a1347bd0, 0x00000131a1348630, 0x00000131a1349090,
0x00000131a134ae30, 0x00000131a13d2960, 0x00000131a14f9c30, 0x00000131a6336c70,
0x00000131a67a18f0
}

Java Threads: ( => current thread )
  0x0000013184ea3920 JavaThread "main"                              [_thread_in_vm, id=25292, stack(0x0000000316c00000,0x0000000316d00000) (1024K)]
  0x00000131a1313aa0 JavaThread "Common-Cleaner"             daemon [_thread_blocked, id=18840, stack(0x0000000317400000,0x0000000317500000) (1024K)]
  0x00000131a1317090 JavaThread "Reference Handler"          daemon [_thread_blocked, id=22088, stack(0x0000000317500000,0x0000000317600000) (1024K)]
  0x00000131a133bd90 JavaThread "Finalizer"                  daemon [_thread_blocked, id=23844, stack(0x0000000317600000,0x0000000317700000) (1024K)]
  0x00000131a1347170 JavaThread "Signal Dispatcher"          daemon [_thread_blocked, id=18936, stack(0x0000000317700000,0x0000000317800000) (1024K)]
  0x00000131a1347bd0 JavaThread "Attach Listener"            daemon [_thread_blocked, id=14960, stack(0x0000000317800000,0x0000000317900000) (1024K)]
  0x00000131a1348630 JavaThread "Service Thread"             daemon [_thread_blocked, id=4252, stack(0x0000000317900000,0x0000000317a00000) (1024K)]
  0x00000131a1349090 JavaThread "Monitor Deflation Thread"   daemon [_thread_blocked, id=11656, stack(0x0000000317a00000,0x0000000317b00000) (1024K)]
  0x00000131a134ae30 JavaThread "C2 CompilerThread0"         daemon [_thread_in_native, id=25028, stack(0x0000000317b00000,0x0000000317c00000) (1024K)]
  0x00000131a13d2960 JavaThread "C1 CompilerThread0"         daemon [_thread_blocked, id=19196, stack(0x0000000317c00000,0x0000000317d00000) (1024K)]
  0x00000131a14f9c30 JavaThread "Notification Thread"        daemon [_thread_blocked, id=11992, stack(0x0000000317d00000,0x0000000317e00000) (1024K)]
=>0x00000131a6336c70 JavaThread "C2 CompilerThread1"         daemon [_thread_in_native, id=33024, stack(0x0000000316900000,0x0000000316a00000) (1024K)]
  0x00000131a67a18f0 JavaThread "C2 CompilerThread2"         daemon [_thread_in_native, id=27708, stack(0x0000000318500000,0x0000000318600000) (1024K)]
Total: 13

Other Threads:
  0x00000131a1295410 VMThread "VM Thread"                           [id=22760, stack(0x0000000317300000,0x0000000317400000) (1024K)]
  0x00000131a0ee4ac0 WatcherThread "VM Periodic Task Thread"        [id=11980, stack(0x0000000317200000,0x0000000317300000) (1024K)]
  0x0000013187342550 WorkerThread "GC Thread#0"                     [id=3728, stack(0x0000000316d00000,0x0000000316e00000) (1024K)]
  0x00000131a1c02080 WorkerThread "GC Thread#1"                     [id=28848, stack(0x0000000317e00000,0x0000000317f00000) (1024K)]
  0x00000131a169c0c0 WorkerThread "GC Thread#2"                     [id=28852, stack(0x0000000317f00000,0x0000000318000000) (1024K)]
  0x00000131a169c460 WorkerThread "GC Thread#3"                     [id=28856, stack(0x0000000318000000,0x0000000318100000) (1024K)]
  0x00000131a169c800 WorkerThread "GC Thread#4"                     [id=28860, stack(0x0000000318100000,0x0000000318200000) (1024K)]
  0x00000131a169cba0 WorkerThread "GC Thread#5"                     [id=28864, stack(0x0000000318200000,0x0000000318300000) (1024K)]
  0x00000131a1be2f90 WorkerThread "GC Thread#6"                     [id=29204, stack(0x0000000318300000,0x0000000318400000) (1024K)]
  0x00000131a6227040 WorkerThread "GC Thread#7"                     [id=34540, stack(0x0000000318400000,0x0000000318500000) (1024K)]
  0x00000131873532c0 ConcurrentGCThread "G1 Main Marker"            [id=18892, stack(0x0000000316e00000,0x0000000316f00000) (1024K)]
  0x0000013187353dc0 WorkerThread "G1 Conc#0"                       [id=18088, stack(0x0000000316f00000,0x0000000317000000) (1024K)]
  0x000001318739e810 ConcurrentGCThread "G1 Refine#0"               [id=24732, stack(0x0000000317000000,0x0000000317100000) (1024K)]
  0x00000131a0dae210 ConcurrentGCThread "G1 Service"                [id=22172, stack(0x0000000317100000,0x0000000317200000) (1024K)]
Total: 14

Threads with active compile tasks:
C2 CompilerThread0  64979 2603   !   4       com.sun.org.apache.xerces.internal.parsers.AbstractSAXParser::startElement (318 bytes)
C2 CompilerThread1  64979 2605       4       com.android.repository.impl.meta.SchemaModuleUtil$NamespaceFallbackFilter::startElement (59 bytes)
C2 CompilerThread2  64979 2629       4       com.sun.org.apache.xerces.internal.impl.XMLDocumentFragmentScannerImpl::scanEndElement (171 bytes)
Total: 3

VM state: not at safepoint (normal execution)

VM Mutex/Monitor currently owned by a thread: None

Heap address: 0x0000000702600000, size: 4058 MB, Compressed Oops mode: Zero based, Oop shift amount: 3

CDS archive(s) not mapped
Compressed class space mapped at: 0x0000000800000000-0x0000000840000000, reserved size: 1073741824
Narrow klass base: 0x0000000800000000, Narrow klass shift: 0, Narrow klass range: 0x40000000

GC Precious Log:
 CardTable entry size: 512
 Card Set container configuration: InlinePtr #cards 4 size 8 Array Of Cards #cards 16 size 48 Howl #buckets 8 coarsen threshold 3686 Howl Bitmap #cards 512 size 80 coarsen threshold 460 Card regions per heap region 1 cards per card region 4096
 CPUs: 8 total, 8 available
 Memory: 16231M
 Large Page Support: Disabled
 NUMA Support: Disabled
 Compressed Oops: Enabled (Zero based)
 Heap Region Size: 2M
 Heap Min Capacity: 8M
 Heap Initial Capacity: 254M
 Heap Max Capacity: 4058M
 Pre-touch: Disabled
 Parallel Workers: 8
 Concurrent Workers: 2
 Concurrent Refinement Workers: 8
 Periodic GC: Disabled

Heap:
 garbage-first heap   total 260096K, used 29188K [0x0000000702600000, 0x0000000800000000)
  region size 2048K, 13 young (26624K), 3 survivors (6144K)
 Metaspace       used 20890K, committed 21184K, reserved 1114112K
  class space    used 2114K, committed 2240K, reserved 1048576K

Heap Regions: E=young(eden), S=young(survivor), O=old, HS=humongous(starts), HC=humongous(continues), CS=collection set, F=free, TAMS=top-at-mark-start, PB=parsable bottom
|   0|0x0000000702600000, 0x0000000702800000, 0x0000000702800000|100%| O|  |TAMS 0x0000000702600000| PB 0x0000000702600000| Untracked 
|   1|0x0000000702800000, 0x0000000702a00000, 0x0000000702a00000|100%| O|  |TAMS 0x0000000702800000| PB 0x0000000702800000| Untracked 
|   2|0x0000000702a00000, 0x0000000702a81348, 0x0000000702c00000| 25%| O|  |TAMS 0x0000000702a00000| PB 0x0000000702a00000| Untracked 
|   3|0x0000000702c00000, 0x0000000702c00000, 0x0000000702e00000|  0%| F|  |TAMS 0x0000000702c00000| PB 0x0000000702c00000| Untracked 
|   4|0x0000000702e00000, 0x0000000702e00000, 0x0000000703000000|  0%| F|  |TAMS 0x0000000702e00000| PB 0x0000000702e00000| Untracked 
|   5|0x0000000703000000, 0x0000000703000000, 0x0000000703200000|  0%| F|  |TAMS 0x0000000703000000| PB 0x0000000703000000| Untracked 
|   6|0x0000000703200000, 0x0000000703200000, 0x0000000703400000|  0%| F|  |TAMS 0x0000000703200000| PB 0x0000000703200000| Untracked 
|   7|0x0000000703400000, 0x0000000703400000, 0x0000000703600000|  0%| F|  |TAMS 0x0000000703400000| PB 0x0000000703400000| Untracked 
|   8|0x0000000703600000, 0x0000000703600000, 0x0000000703800000|  0%| F|  |TAMS 0x0000000703600000| PB 0x0000000703600000| Untracked 
|   9|0x0000000703800000, 0x0000000703800000, 0x0000000703a00000|  0%| F|  |TAMS 0x0000000703800000| PB 0x0000000703800000| Untracked 
|  10|0x0000000703a00000, 0x0000000703a00000, 0x0000000703c00000|  0%| F|  |TAMS 0x0000000703a00000| PB 0x0000000703a00000| Untracked 
|  11|0x0000000703c00000, 0x0000000703c00000, 0x0000000703e00000|  0%| F|  |TAMS 0x0000000703c00000| PB 0x0000000703c00000| Untracked 
|  12|0x0000000703e00000, 0x0000000703e00000, 0x0000000704000000|  0%| F|  |TAMS 0x0000000703e00000| PB 0x0000000703e00000| Untracked 
|  13|0x0000000704000000, 0x0000000704000000, 0x0000000704200000|  0%| F|  |TAMS 0x0000000704000000| PB 0x0000000704000000| Untracked 
|  14|0x0000000704200000, 0x0000000704200000, 0x0000000704400000|  0%| F|  |TAMS 0x0000000704200000| PB 0x0000000704200000| Untracked 
|  15|0x0000000704400000, 0x0000000704400000, 0x0000000704600000|  0%| F|  |TAMS 0x0000000704400000| PB 0x0000000704400000| Untracked 
|  16|0x0000000704600000, 0x0000000704600000, 0x0000000704800000|  0%| F|  |TAMS 0x0000000704600000| PB 0x0000000704600000| Untracked 
|  17|0x0000000704800000, 0x0000000704800000, 0x0000000704a00000|  0%| F|  |TAMS 0x0000000704800000| PB 0x0000000704800000| Untracked 
|  18|0x0000000704a00000, 0x0000000704a00000, 0x0000000704c00000|  0%| F|  |TAMS 0x0000000704a00000| PB 0x0000000704a00000| Untracked 
|  19|0x0000000704c00000, 0x0000000704c00000, 0x0000000704e00000|  0%| F|  |TAMS 0x0000000704c00000| PB 0x0000000704c00000| Untracked 
|  20|0x0000000704e00000, 0x0000000704e00000, 0x0000000705000000|  0%| F|  |TAMS 0x0000000704e00000| PB 0x0000000704e00000| Untracked 
|  21|0x0000000705000000, 0x0000000705000000, 0x0000000705200000|  0%| F|  |TAMS 0x0000000705000000| PB 0x0000000705000000| Untracked 
|  22|0x0000000705200000, 0x0000000705200000, 0x0000000705400000|  0%| F|  |TAMS 0x0000000705200000| PB 0x0000000705200000| Untracked 
|  23|0x0000000705400000, 0x0000000705400000, 0x0000000705600000|  0%| F|  |TAMS 0x0000000705400000| PB 0x0000000705400000| Untracked 
|  24|0x0000000705600000, 0x0000000705600000, 0x0000000705800000|  0%| F|  |TAMS 0x0000000705600000| PB 0x0000000705600000| Untracked 
|  25|0x0000000705800000, 0x0000000705800000, 0x0000000705a00000|  0%| F|  |TAMS 0x0000000705800000| PB 0x0000000705800000| Untracked 
|  26|0x0000000705a00000, 0x0000000705a00000, 0x0000000705c00000|  0%| F|  |TAMS 0x0000000705a00000| PB 0x0000000705a00000| Untracked 
|  27|0x0000000705c00000, 0x0000000705c00000, 0x0000000705e00000|  0%| F|  |TAMS 0x0000000705c00000| PB 0x0000000705c00000| Untracked 
|  28|0x0000000705e00000, 0x0000000705e00000, 0x0000000706000000|  0%| F|  |TAMS 0x0000000705e00000| PB 0x0000000705e00000| Untracked 
|  29|0x0000000706000000, 0x0000000706000000, 0x0000000706200000|  0%| F|  |TAMS 0x0000000706000000| PB 0x0000000706000000| Untracked 
|  30|0x0000000706200000, 0x0000000706200000, 0x0000000706400000|  0%| F|  |TAMS 0x0000000706200000| PB 0x0000000706200000| Untracked 
|  31|0x0000000706400000, 0x0000000706400000, 0x0000000706600000|  0%| F|  |TAMS 0x0000000706400000| PB 0x0000000706400000| Untracked 
|  32|0x0000000706600000, 0x0000000706600000, 0x0000000706800000|  0%| F|  |TAMS 0x0000000706600000| PB 0x0000000706600000| Untracked 
|  33|0x0000000706800000, 0x0000000706800000, 0x0000000706a00000|  0%| F|  |TAMS 0x0000000706800000| PB 0x0000000706800000| Untracked 
|  34|0x0000000706a00000, 0x0000000706a00000, 0x0000000706c00000|  0%| F|  |TAMS 0x0000000706a00000| PB 0x0000000706a00000| Untracked 
|  35|0x0000000706c00000, 0x0000000706c00000, 0x0000000706e00000|  0%| F|  |TAMS 0x0000000706c00000| PB 0x0000000706c00000| Untracked 
|  36|0x0000000706e00000, 0x0000000706e00000, 0x0000000707000000|  0%| F|  |TAMS 0x0000000706e00000| PB 0x0000000706e00000| Untracked 
|  37|0x0000000707000000, 0x0000000707000000, 0x0000000707200000|  0%| F|  |TAMS 0x0000000707000000| PB 0x0000000707000000| Untracked 
|  38|0x0000000707200000, 0x0000000707200000, 0x0000000707400000|  0%| F|  |TAMS 0x0000000707200000| PB 0x0000000707200000| Untracked 
|  39|0x0000000707400000, 0x0000000707400000, 0x0000000707600000|  0%| F|  |TAMS 0x0000000707400000| PB 0x0000000707400000| Untracked 
|  40|0x0000000707600000, 0x0000000707600000, 0x0000000707800000|  0%| F|  |TAMS 0x0000000707600000| PB 0x0000000707600000| Untracked 
|  41|0x0000000707800000, 0x0000000707800000, 0x0000000707a00000|  0%| F|  |TAMS 0x0000000707800000| PB 0x0000000707800000| Untracked 
|  42|0x0000000707a00000, 0x0000000707a00000, 0x0000000707c00000|  0%| F|  |TAMS 0x0000000707a00000| PB 0x0000000707a00000| Untracked 
|  43|0x0000000707c00000, 0x0000000707c00000, 0x0000000707e00000|  0%| F|  |TAMS 0x0000000707c00000| PB 0x0000000707c00000| Untracked 
|  44|0x0000000707e00000, 0x0000000707e00000, 0x0000000708000000|  0%| F|  |TAMS 0x0000000707e00000| PB 0x0000000707e00000| Untracked 
|  45|0x0000000708000000, 0x0000000708000000, 0x0000000708200000|  0%| F|  |TAMS 0x0000000708000000| PB 0x0000000708000000| Untracked 
|  46|0x0000000708200000, 0x0000000708200000, 0x0000000708400000|  0%| F|  |TAMS 0x0000000708200000| PB 0x0000000708200000| Untracked 
|  47|0x0000000708400000, 0x0000000708400000, 0x0000000708600000|  0%| F|  |TAMS 0x0000000708400000| PB 0x0000000708400000| Untracked 
|  48|0x0000000708600000, 0x0000000708600000, 0x0000000708800000|  0%| F|  |TAMS 0x0000000708600000| PB 0x0000000708600000| Untracked 
|  49|0x0000000708800000, 0x0000000708800000, 0x0000000708a00000|  0%| F|  |TAMS 0x0000000708800000| PB 0x0000000708800000| Untracked 
|  50|0x0000000708a00000, 0x0000000708a00000, 0x0000000708c00000|  0%| F|  |TAMS 0x0000000708a00000| PB 0x0000000708a00000| Untracked 
|  51|0x0000000708c00000, 0x0000000708c00000, 0x0000000708e00000|  0%| F|  |TAMS 0x0000000708c00000| PB 0x0000000708c00000| Untracked 
|  52|0x0000000708e00000, 0x0000000708e00000, 0x0000000709000000|  0%| F|  |TAMS 0x0000000708e00000| PB 0x0000000708e00000| Untracked 
|  53|0x0000000709000000, 0x0000000709000000, 0x0000000709200000|  0%| F|  |TAMS 0x0000000709000000| PB 0x0000000709000000| Untracked 
|  54|0x0000000709200000, 0x0000000709200000, 0x0000000709400000|  0%| F|  |TAMS 0x0000000709200000| PB 0x0000000709200000| Untracked 
|  55|0x0000000709400000, 0x0000000709400000, 0x0000000709600000|  0%| F|  |TAMS 0x0000000709400000| PB 0x0000000709400000| Untracked 
|  56|0x0000000709600000, 0x0000000709600000, 0x0000000709800000|  0%| F|  |TAMS 0x0000000709600000| PB 0x0000000709600000| Untracked 
|  57|0x0000000709800000, 0x0000000709800000, 0x0000000709a00000|  0%| F|  |TAMS 0x0000000709800000| PB 0x0000000709800000| Untracked 
|  58|0x0000000709a00000, 0x0000000709a00000, 0x0000000709c00000|  0%| F|  |TAMS 0x0000000709a00000| PB 0x0000000709a00000| Untracked 
|  59|0x0000000709c00000, 0x0000000709c00000, 0x0000000709e00000|  0%| F|  |TAMS 0x0000000709c00000| PB 0x0000000709c00000| Untracked 
|  60|0x0000000709e00000, 0x0000000709e00000, 0x000000070a000000|  0%| F|  |TAMS 0x0000000709e00000| PB 0x0000000709e00000| Untracked 
|  61|0x000000070a000000, 0x000000070a000000, 0x000000070a200000|  0%| F|  |TAMS 0x000000070a000000| PB 0x000000070a000000| Untracked 
|  62|0x000000070a200000, 0x000000070a200000, 0x000000070a400000|  0%| F|  |TAMS 0x000000070a200000| PB 0x000000070a200000| Untracked 
|  63|0x000000070a400000, 0x000000070a400000, 0x000000070a600000|  0%| F|  |TAMS 0x000000070a400000| PB 0x000000070a400000| Untracked 
|  64|0x000000070a600000, 0x000000070a600000, 0x000000070a800000|  0%| F|  |TAMS 0x000000070a600000| PB 0x000000070a600000| Untracked 
|  65|0x000000070a800000, 0x000000070a800000, 0x000000070aa00000|  0%| F|  |TAMS 0x000000070a800000| PB 0x000000070a800000| Untracked 
|  66|0x000000070aa00000, 0x000000070aa00000, 0x000000070ac00000|  0%| F|  |TAMS 0x000000070aa00000| PB 0x000000070aa00000| Untracked 
|  67|0x000000070ac00000, 0x000000070ac00000, 0x000000070ae00000|  0%| F|  |TAMS 0x000000070ac00000| PB 0x000000070ac00000| Untracked 
|  68|0x000000070ae00000, 0x000000070ae00000, 0x000000070b000000|  0%| F|  |TAMS 0x000000070ae00000| PB 0x000000070ae00000| Untracked 
|  69|0x000000070b000000, 0x000000070b000000, 0x000000070b200000|  0%| F|  |TAMS 0x000000070b000000| PB 0x000000070b000000| Untracked 
|  70|0x000000070b200000, 0x000000070b200000, 0x000000070b400000|  0%| F|  |TAMS 0x000000070b200000| PB 0x000000070b200000| Untracked 
|  71|0x000000070b400000, 0x000000070b400000, 0x000000070b600000|  0%| F|  |TAMS 0x000000070b400000| PB 0x000000070b400000| Untracked 
|  72|0x000000070b600000, 0x000000070b600000, 0x000000070b800000|  0%| F|  |TAMS 0x000000070b600000| PB 0x000000070b600000| Untracked 
|  73|0x000000070b800000, 0x000000070b800000, 0x000000070ba00000|  0%| F|  |TAMS 0x000000070b800000| PB 0x000000070b800000| Untracked 
|  74|0x000000070ba00000, 0x000000070ba00000, 0x000000070bc00000|  0%| F|  |TAMS 0x000000070ba00000| PB 0x000000070ba00000| Untracked 
|  75|0x000000070bc00000, 0x000000070bc00000, 0x000000070be00000|  0%| F|  |TAMS 0x000000070bc00000| PB 0x000000070bc00000| Untracked 
|  76|0x000000070be00000, 0x000000070be00000, 0x000000070c000000|  0%| F|  |TAMS 0x000000070be00000| PB 0x000000070be00000| Untracked 
|  77|0x000000070c000000, 0x000000070c000000, 0x000000070c200000|  0%| F|  |TAMS 0x000000070c000000| PB 0x000000070c000000| Untracked 
|  78|0x000000070c200000, 0x000000070c200000, 0x000000070c400000|  0%| F|  |TAMS 0x000000070c200000| PB 0x000000070c200000| Untracked 
|  79|0x000000070c400000, 0x000000070c400000, 0x000000070c600000|  0%| F|  |TAMS 0x000000070c400000| PB 0x000000070c400000| Untracked 
|  80|0x000000070c600000, 0x000000070c600000, 0x000000070c800000|  0%| F|  |TAMS 0x000000070c600000| PB 0x000000070c600000| Untracked 
|  81|0x000000070c800000, 0x000000070c800000, 0x000000070ca00000|  0%| F|  |TAMS 0x000000070c800000| PB 0x000000070c800000| Untracked 
|  82|0x000000070ca00000, 0x000000070ca00000, 0x000000070cc00000|  0%| F|  |TAMS 0x000000070ca00000| PB 0x000000070ca00000| Untracked 
|  83|0x000000070cc00000, 0x000000070cc00000, 0x000000070ce00000|  0%| F|  |TAMS 0x000000070cc00000| PB 0x000000070cc00000| Untracked 
|  84|0x000000070ce00000, 0x000000070ce00000, 0x000000070d000000|  0%| F|  |TAMS 0x000000070ce00000| PB 0x000000070ce00000| Untracked 
|  85|0x000000070d000000, 0x000000070d000000, 0x000000070d200000|  0%| F|  |TAMS 0x000000070d000000| PB 0x000000070d000000| Untracked 
|  86|0x000000070d200000, 0x000000070d200000, 0x000000070d400000|  0%| F|  |TAMS 0x000000070d200000| PB 0x000000070d200000| Untracked 
|  87|0x000000070d400000, 0x000000070d400000, 0x000000070d600000|  0%| F|  |TAMS 0x000000070d400000| PB 0x000000070d400000| Untracked 
|  88|0x000000070d600000, 0x000000070d600000, 0x000000070d800000|  0%| F|  |TAMS 0x000000070d600000| PB 0x000000070d600000| Untracked 
|  89|0x000000070d800000, 0x000000070d800000, 0x000000070da00000|  0%| F|  |TAMS 0x000000070d800000| PB 0x000000070d800000| Untracked 
|  90|0x000000070da00000, 0x000000070da00000, 0x000000070dc00000|  0%| F|  |TAMS 0x000000070da00000| PB 0x000000070da00000| Untracked 
|  91|0x000000070dc00000, 0x000000070dc00000, 0x000000070de00000|  0%| F|  |TAMS 0x000000070dc00000| PB 0x000000070dc00000| Untracked 
|  92|0x000000070de00000, 0x000000070de00000, 0x000000070e000000|  0%| F|  |TAMS 0x000000070de00000| PB 0x000000070de00000| Untracked 
|  93|0x000000070e000000, 0x000000070e000000, 0x000000070e200000|  0%| F|  |TAMS 0x000000070e000000| PB 0x000000070e000000| Untracked 
|  94|0x000000070e200000, 0x000000070e200000, 0x000000070e400000|  0%| F|  |TAMS 0x000000070e200000| PB 0x000000070e200000| Untracked 
|  95|0x000000070e400000, 0x000000070e400000, 0x000000070e600000|  0%| F|  |TAMS 0x000000070e400000| PB 0x000000070e400000| Untracked 
|  96|0x000000070e600000, 0x000000070e600000, 0x000000070e800000|  0%| F|  |TAMS 0x000000070e600000| PB 0x000000070e600000| Untracked 
|  97|0x000000070e800000, 0x000000070e800000, 0x000000070ea00000|  0%| F|  |TAMS 0x000000070e800000| PB 0x000000070e800000| Untracked 
|  98|0x000000070ea00000, 0x000000070ea00000, 0x000000070ec00000|  0%| F|  |TAMS 0x000000070ea00000| PB 0x000000070ea00000| Untracked 
|  99|0x000000070ec00000, 0x000000070ec00000, 0x000000070ee00000|  0%| F|  |TAMS 0x000000070ec00000| PB 0x000000070ec00000| Untracked 
| 100|0x000000070ee00000, 0x000000070ee00000, 0x000000070f000000|  0%| F|  |TAMS 0x000000070ee00000| PB 0x000000070ee00000| Untracked 
| 101|0x000000070f000000, 0x000000070f000000, 0x000000070f200000|  0%| F|  |TAMS 0x000000070f000000| PB 0x000000070f000000| Untracked 
| 102|0x000000070f200000, 0x000000070f200000, 0x000000070f400000|  0%| F|  |TAMS 0x000000070f200000| PB 0x000000070f200000| Untracked 
| 103|0x000000070f400000, 0x000000070f400000, 0x000000070f600000|  0%| F|  |TAMS 0x000000070f400000| PB 0x000000070f400000| Untracked 
| 104|0x000000070f600000, 0x000000070f600000, 0x000000070f800000|  0%| F|  |TAMS 0x000000070f600000| PB 0x000000070f600000| Untracked 
| 105|0x000000070f800000, 0x000000070fa00000, 0x000000070fa00000|100%| S|CS|TAMS 0x000000070f800000| PB 0x000000070f800000| Complete 
| 106|0x000000070fa00000, 0x000000070fc00000, 0x000000070fc00000|100%| S|CS|TAMS 0x000000070fa00000| PB 0x000000070fa00000| Complete 
| 107|0x000000070fc00000, 0x000000070fe00000, 0x000000070fe00000|100%| S|CS|TAMS 0x000000070fc00000| PB 0x000000070fc00000| Complete 
| 108|0x000000070fe00000, 0x000000070fe00000, 0x0000000710000000|  0%| F|  |TAMS 0x000000070fe00000| PB 0x000000070fe00000| Untracked 
| 109|0x0000000710000000, 0x0000000710000000, 0x0000000710200000|  0%| F|  |TAMS 0x0000000710000000| PB 0x0000000710000000| Untracked 
| 110|0x0000000710200000, 0x0000000710200000, 0x0000000710400000|  0%| F|  |TAMS 0x0000000710200000| PB 0x0000000710200000| Untracked 
| 111|0x0000000710400000, 0x0000000710400000, 0x0000000710600000|  0%| F|  |TAMS 0x0000000710400000| PB 0x0000000710400000| Untracked 
| 112|0x0000000710600000, 0x0000000710600000, 0x0000000710800000|  0%| F|  |TAMS 0x0000000710600000| PB 0x0000000710600000| Untracked 
| 113|0x0000000710800000, 0x0000000710800000, 0x0000000710a00000|  0%| F|  |TAMS 0x0000000710800000| PB 0x0000000710800000| Untracked 
| 114|0x0000000710a00000, 0x0000000710a00000, 0x0000000710c00000|  0%| F|  |TAMS 0x0000000710a00000| PB 0x0000000710a00000| Untracked 
| 115|0x0000000710c00000, 0x0000000710c00000, 0x0000000710e00000|  0%| F|  |TAMS 0x0000000710c00000| PB 0x0000000710c00000| Untracked 
| 116|0x0000000710e00000, 0x0000000710e00000, 0x0000000711000000|  0%| F|  |TAMS 0x0000000710e00000| PB 0x0000000710e00000| Untracked 
| 117|0x0000000711000000, 0x000000071108e660, 0x0000000711200000| 27%| E|  |TAMS 0x0000000711000000| PB 0x0000000711000000| Complete 
| 118|0x0000000711200000, 0x0000000711400000, 0x0000000711400000|100%| E|CS|TAMS 0x0000000711200000| PB 0x0000000711200000| Complete 
| 119|0x0000000711400000, 0x0000000711600000, 0x0000000711600000|100%| E|CS|TAMS 0x0000000711400000| PB 0x0000000711400000| Complete 
| 120|0x0000000711600000, 0x0000000711800000, 0x0000000711800000|100%| E|CS|TAMS 0x0000000711600000| PB 0x0000000711600000| Complete 
| 121|0x0000000711800000, 0x0000000711a00000, 0x0000000711a00000|100%| E|CS|TAMS 0x0000000711800000| PB 0x0000000711800000| Complete 
| 122|0x0000000711a00000, 0x0000000711c00000, 0x0000000711c00000|100%| E|CS|TAMS 0x0000000711a00000| PB 0x0000000711a00000| Complete 
| 123|0x0000000711c00000, 0x0000000711e00000, 0x0000000711e00000|100%| E|CS|TAMS 0x0000000711c00000| PB 0x0000000711c00000| Complete 
| 124|0x0000000711e00000, 0x0000000712000000, 0x0000000712000000|100%| E|CS|TAMS 0x0000000711e00000| PB 0x0000000711e00000| Complete 
| 125|0x0000000712000000, 0x0000000712200000, 0x0000000712200000|100%| E|CS|TAMS 0x0000000712000000| PB 0x0000000712000000| Complete 
| 126|0x0000000712200000, 0x0000000712400000, 0x0000000712400000|100%| E|CS|TAMS 0x0000000712200000| PB 0x0000000712200000| Complete 

Card table byte_map: [0x0000013199f50000,0x000001319a740000] _byte_map_base: 0x000001319673d000

Marking Bits: (CMBitMap*) 0x0000013187342c50
 Bits: [0x000001319a740000, 0x000001319e6a8000)

Polling page: 0x0000013186a50000

Metaspace:

Usage:
  Non-class:     18.34 MB used.
      Class:      2.07 MB used.
       Both:     20.40 MB used.

Virtual space:
  Non-class space:       64.00 MB reserved,      18.50 MB ( 29%) committed,  1 nodes.
      Class space:        1.00 GB reserved,       2.19 MB ( <1%) committed,  1 nodes.
             Both:        1.06 GB reserved,      20.69 MB (  2%) committed. 

Chunk freelists:
   Non-Class:  13.55 MB
       Class:  13.86 MB
        Both:  27.42 MB

MaxMetaspaceSize: unlimited
CompressedClassSpaceSize: 1.00 GB
Initial GC threshold: 21.00 MB
Current GC threshold: 21.00 MB
CDS: off
 - commit_granule_bytes: 65536.
 - commit_granule_words: 8192.
 - virtual_space_node_default_size: 8388608.
 - enlarge_chunks_in_place: 1.
 - use_allocation_guard: 0.


Internal statistics:

num_allocs_failed_limit: 0.
num_arena_births: 224.
num_arena_deaths: 0.
num_vsnodes_births: 2.
num_vsnodes_deaths: 0.
num_space_committed: 330.
num_space_uncommitted: 0.
num_chunks_returned_to_freelist: 0.
num_chunks_taken_from_freelist: 584.
num_chunk_merges: 0.
num_chunk_splits: 388.
num_chunks_enlarged: 273.
num_inconsistent_stats: 0.

CodeHeap 'non-profiled nmethods': size=120000Kb used=1137Kb max_used=1137Kb free=118862Kb
 bounds [0x0000013191f00000, 0x0000013192170000, 0x0000013199430000]
CodeHeap 'profiled nmethods': size=120000Kb used=5561Kb max_used=5561Kb free=114438Kb
 bounds [0x000001318a430000, 0x000001318a9a0000, 0x0000013191960000]
CodeHeap 'non-nmethods': size=5760Kb used=1402Kb max_used=1447Kb free=4357Kb
 bounds [0x0000013191960000, 0x0000013191bd0000, 0x0000013191f00000]
 total_blobs=3160 nmethods=2644 adapters=420
 compilation: enabled
              stopped_count=0, restarted_count=0
 full_count=0

Compilation events (20 events):
Event: 63.789 Thread 0x00000131a13d2960 2645   !   3       jdk.internal.reflect.MethodHandleIntegerFieldAccessorImpl::setInt (68 bytes)
Event: 63.791 Thread 0x00000131a13d2960 nmethod 2645 0x000001318a998b10 code [0x000001318a998e20, 0x000001318a99a028]
Event: 63.791 Thread 0x00000131a13d2960 2648   !   3       com.sun.xml.bind.v2.runtime.reflect.Accessor$FieldReflection::get (22 bytes)
Event: 63.792 Thread 0x00000131a13d2960 nmethod 2648 0x000001318a99a810 code [0x000001318a99aa60, 0x000001318a99b1e0]
Event: 63.792 Thread 0x00000131a13d2960 2649       3       java.lang.reflect.Field::get (39 bytes)
Event: 63.793 Thread 0x00000131a67a18f0 nmethod 2633 0x000001319201a310 code [0x000001319201a500, 0x000001319201b0f8]
Event: 63.793 Thread 0x00000131a67a18f0 2644       4       com.sun.xml.bind.v2.runtime.Coordinator::popCoordinator (32 bytes)
Event: 63.793 Thread 0x00000131a13d2960 nmethod 2649 0x000001318a99b590 code [0x000001318a99b7c0, 0x000001318a99bd18]
Event: 63.793 Thread 0x00000131a13d2960 2650   !   3       jdk.internal.reflect.MethodHandleObjectFieldAccessorImpl::get (46 bytes)
Event: 63.794 Thread 0x00000131a13d2960 nmethod 2650 0x000001318a99bf10 code [0x000001318a99c180, 0x000001318a99cc10]
Event: 63.794 Thread 0x00000131a13d2960 2651       3       java.lang.invoke.DirectMethodHandle$Holder::getReference (28 bytes)
Event: 63.795 Thread 0x00000131a13d2960 nmethod 2651 0x000001318a99d190 code [0x000001318a99d380, 0x000001318a99d9f0]
Event: 63.795 Thread 0x00000131a13d2960 2647       3       java.lang.invoke.LambdaForm$DMH/0x000000080021ac00::newInvokeSpecial (27 bytes)
Event: 63.796 Thread 0x00000131a13d2960 nmethod 2647 0x000001318a99db90 code [0x000001318a99dd80, 0x000001318a99e3e0]
Event: 63.801 Thread 0x00000131a67a18f0 nmethod 2644 0x000001319201b410 code [0x000001319201b5e0, 0x000001319201ba08]
Event: 63.801 Thread 0x00000131a67a18f0 2641       4       org.xml.sax.helpers.AttributesImpl::clear (38 bytes)
Event: 63.802 Thread 0x00000131a67a18f0 nmethod 2641 0x000001319201bd90 code [0x000001319201bf20, 0x000001319201bfd0]
Event: 63.802 Thread 0x00000131a67a18f0 2646       4       java.lang.invoke.LambdaForm$MH/0x00000008001a8800::invoke (37 bytes)
Event: 63.807 Thread 0x00000131a67a18f0 nmethod 2646 0x000001319201c090 code [0x000001319201c220, 0x000001319201c4c0]
Event: 63.807 Thread 0x00000131a67a18f0 2629       4       com.sun.org.apache.xerces.internal.impl.XMLDocumentFragmentScannerImpl::scanEndElement (171 bytes)

GC Heap History (4 events):
Event: 18.629 GC heap before
{Heap before GC invocations=0 (full 0):
 garbage-first heap   total 260096K, used 20480K [0x0000000702600000, 0x0000000800000000)
  region size 2048K, 11 young (22528K), 0 survivors (0K)
 Metaspace       used 15273K, committed 15488K, reserved 1114112K
  class space    used 1533K, committed 1664K, reserved 1048576K
}
Event: 19.214 GC heap after
{Heap after GC invocations=1 (full 0):
 garbage-first heap   total 260096K, used 4096K [0x0000000702600000, 0x0000000800000000)
  region size 2048K, 2 young (4096K), 2 survivors (4096K)
 Metaspace       used 15273K, committed 15488K, reserved 1114112K
  class space    used 1533K, committed 1664K, reserved 1048576K
}
Event: 59.242 GC heap before
{Heap before GC invocations=1 (full 0):
 garbage-first heap   total 260096K, used 36864K [0x0000000702600000, 0x0000000800000000)
  region size 2048K, 19 young (38912K), 2 survivors (4096K)
 Metaspace       used 20038K, committed 20288K, reserved 1114112K
  class space    used 2013K, committed 2112K, reserved 1048576K
}
Event: 59.254 GC heap after
{Heap after GC invocations=2 (full 0):
 garbage-first heap   total 260096K, used 10756K [0x0000000702600000, 0x0000000800000000)
  region size 2048K, 3 young (6144K), 3 survivors (6144K)
 Metaspace       used 20038K, committed 20288K, reserved 1114112K
  class space    used 2013K, committed 2112K, reserved 1048576K
}

Dll operation events (2 events):
Event: 0.482 Loaded shared library C:\Program Files\Android\Android Studio\jbr\bin\java.dll
Event: 0.733 Loaded shared library C:\Program Files\Android\Android Studio\jbr\bin\zip.dll

Deoptimization events (20 events):
Event: 61.753 Thread 0x0000013184ea3920 DEOPT UNPACKING pc=0x00000131919b4e42 sp=0x0000000316cfd840 mode 0
Event: 61.777 Thread 0x0000013184ea3920 Uncommon trap: trap_request=0xffffff45 fr.pc=0x0000013191f97aac relative=0x000000000000008c
Event: 61.777 Thread 0x0000013184ea3920 Uncommon trap: reason=unstable_if action=reinterpret pc=0x0000013191f97aac method=com.sun.org.apache.xerces.internal.impl.XMLEntityScanner.checkBeforeLoad(Lcom/sun/xml/internal/stream/Entity$ScannedEntity;II)I @ 18 c2
Event: 61.777 Thread 0x0000013184ea3920 DEOPT PACKING pc=0x0000013191f97aac sp=0x0000000316cfe220
Event: 61.777 Thread 0x0000013184ea3920 DEOPT UNPACKING pc=0x00000131919b46a2 sp=0x0000000316cfe190 mode 2
Event: 61.785 Thread 0x0000013184ea3920 DEOPT PACKING pc=0x000001318a95058e sp=0x0000000316cfe380
Event: 61.785 Thread 0x0000013184ea3920 DEOPT UNPACKING pc=0x00000131919b4e42 sp=0x0000000316cfd840 mode 0
Event: 61.850 Thread 0x0000013184ea3920 DEOPT PACKING pc=0x000001318a95058e sp=0x0000000316cfe380
Event: 61.851 Thread 0x0000013184ea3920 DEOPT UNPACKING pc=0x00000131919b4e42 sp=0x0000000316cfd840 mode 0
Event: 61.927 Thread 0x0000013184ea3920 DEOPT PACKING pc=0x000001318a95058e sp=0x0000000316cfe380
Event: 61.927 Thread 0x0000013184ea3920 DEOPT UNPACKING pc=0x00000131919b4e42 sp=0x0000000316cfd840 mode 0
Event: 61.949 Thread 0x0000013184ea3920 DEOPT PACKING pc=0x000001318a95058e sp=0x0000000316cfe380
Event: 61.949 Thread 0x0000013184ea3920 DEOPT UNPACKING pc=0x00000131919b4e42 sp=0x0000000316cfd840 mode 0
Event: 63.485 Thread 0x0000013184ea3920 Uncommon trap: trap_request=0xffffff45 fr.pc=0x0000013191ff4678 relative=0x0000000000002fd8
Event: 63.485 Thread 0x0000013184ea3920 Uncommon trap: reason=unstable_if action=reinterpret pc=0x0000013191ff4678 method=com.sun.org.apache.xerces.internal.impl.XMLEntityScanner.checkBeforeLoad(Lcom/sun/xml/internal/stream/Entity$ScannedEntity;II)I @ 18 c2
Event: 63.485 Thread 0x0000013184ea3920 DEOPT PACKING pc=0x0000013191ff4678 sp=0x0000000316cfe2e0
Event: 63.485 Thread 0x0000013184ea3920 DEOPT UNPACKING pc=0x00000131919b46a2 sp=0x0000000316cfe248 mode 2
Event: 63.487 Thread 0x0000013184ea3920 DEOPT PACKING pc=0x000001318a8fbd62 sp=0x0000000316cfdee0
Event: 63.487 Thread 0x0000013184ea3920 DEOPT UNPACKING pc=0x00000131919b4e42 sp=0x0000000316cfd3e0 mode 0
Event: 64.590 Thread 0x0000013184ea3920 Uncommon trap: trap_request=0xffffff45 fr.pc=0x0000013191f9d034 relative=0x0000000000000934

Classes loaded (20 events):
Event: 59.228 Loading class java/io/StringWriter
Event: 59.228 Loading class java/io/StringWriter done
Event: 59.332 Loading class java/io/PrintWriter
Event: 59.333 Loading class java/io/PrintWriter done
Event: 59.339 Loading class java/lang/reflect/AnnotatedType
Event: 59.340 Loading class java/lang/reflect/AnnotatedType done
Event: 59.572 Loading class java/lang/foreign/ValueLayout
Event: 59.573 Loading class java/lang/foreign/MemoryLayout
Event: 59.573 Loading class java/lang/foreign/MemoryLayout done
Event: 59.574 Loading class java/lang/foreign/ValueLayout done
Event: 59.574 Loading class java/lang/TypeNotPresentException
Event: 59.574 Loading class java/lang/TypeNotPresentException done
Event: 59.575 Loading class sun/invoke/util/ValueConversions$WrapperCache
Event: 59.575 Loading class sun/invoke/util/ValueConversions$WrapperCache done
Event: 61.064 Loading class sun/invoke/util/ValueConversions$1
Event: 61.064 Loading class sun/invoke/util/ValueConversions$1 done
Event: 61.066 Loading class java/lang/invoke/BoundMethodHandle$Species_LI
Event: 61.066 Loading class java/lang/invoke/BoundMethodHandle$Species_LI done
Event: 61.067 Loading class java/lang/invoke/ClassSpecializer$Factory$1Var
Event: 61.068 Loading class java/lang/invoke/ClassSpecializer$Factory$1Var done

Classes unloaded (0 events):
No events

Classes redefined (0 events):
No events

Internal exceptions (20 events):
Event: 27.636 Thread 0x0000013184ea3920 Exception <a 'sun/nio/fs/WindowsException'{0x0000000711929418}> (0x0000000711929418) 
thrown [s\src\hotspot\share\prims\jni.cpp, line 537]
Event: 27.636 Thread 0x0000013184ea3920 Exception <a 'sun/nio/fs/WindowsException'{0x0000000711929d90}> (0x0000000711929d90) 
thrown [s\src\hotspot\share\prims\jni.cpp, line 537]
Event: 27.637 Thread 0x0000013184ea3920 Exception <a 'sun/nio/fs/WindowsException'{0x000000071192b898}> (0x000000071192b898) 
thrown [s\src\hotspot\share\prims\jni.cpp, line 537]
Event: 27.637 Thread 0x0000013184ea3920 Exception <a 'sun/nio/fs/WindowsException'{0x000000071192c4e8}> (0x000000071192c4e8) 
thrown [s\src\hotspot\share\prims\jni.cpp, line 537]
Event: 40.024 Thread 0x0000013184ea3920 Exception <a 'java/lang/NoSuchMethodError'{0x000000071131a630}: 'java.lang.Object java.lang.invoke.DirectMethodHandle$Holder.newInvokeSpecial(java.lang.Object, double)'> (0x000000071131a630) 
thrown [s\src\hotspot\share\interpreter\linkResolver.cpp, line 784]
Event: 40.929 Thread 0x0000013184ea3920 Exception <a 'sun/nio/fs/WindowsException'{0x000000071102a920}> (0x000000071102a920) 
thrown [s\src\hotspot\share\prims\jni.cpp, line 537]
Event: 40.930 Thread 0x0000013184ea3920 Exception <a 'java/lang/NoSuchMethodError'{0x000000071102b4f0}: 'int java.lang.invoke.DirectMethodHandle$Holder.invokeInterface(java.lang.Object, java.lang.Object)'> (0x000000071102b4f0) 
thrown [s\src\hotspot\share\interpreter\linkResolver.cpp, line 784]
Event: 42.244 Thread 0x0000013184ea3920 Exception <a 'java/lang/NoSuchMethodError'{0x0000000711034b98}: 'void java.lang.invoke.DirectMethodHandle$Holder.invokeStatic(java.lang.Object, int, java.lang.Object)'> (0x0000000711034b98) 
thrown [s\src\hotspot\share\interpreter\linkResolver.cpp, line 784]
Event: 42.258 Thread 0x0000013184ea3920 Exception <a 'java/lang/NoSuchMethodError'{0x00000007110463a0}: 'java.lang.Object java.lang.invoke.DirectMethodHandle$Holder.newInvokeSpecial(java.lang.Object, java.lang.Object, java.lang.Object, java.lang.Object, java.lang.Object, java.lang.Object)'> (0x00000007110463a0) 
thrown [s\src\hotspot\share\interpreter\linkResolver.cpp, line 784]
Event: 42.266 Thread 0x00000131a60e1570 Implicit null exception at 0x0000013191f96b07 to 0x0000013191f96c04
Event: 42.266 Thread 0x00000131a1d2f110 Implicit null exception at 0x0000013191f96b07 to 0x0000013191f96c04
Event: 57.774 Thread 0x0000013184ea3920 Exception <a 'java/lang/NoSuchMethodError'{0x000000070ffcbb88}: 'java.lang.Object java.lang.invoke.DirectMethodHandle$Holder.invokeStaticInit(java.lang.Object, java.lang.Object, int, int, int, int)'> (0x000000070ffcbb88) 
thrown [s\src\hotspot\share\interpreter\linkResolver.cpp, line 784]
Event: 59.333 Thread 0x0000013184ea3920 Implicit null exception at 0x0000013191f2d9a4 to 0x0000013191f2e03c
Event: 59.586 Thread 0x0000013184ea3920 Exception <a 'java/lang/UnsatisfiedLinkError'{0x0000000712088548}: The specified procedure could not be found.
> (0x0000000712088548) 
thrown [s\src\hotspot\share\prims\jni.cpp, line 572]
Event: 61.058 Thread 0x0000013184ea3920 Exception <a 'java/lang/UnsatisfiedLinkError'{0x00000007120a5d48}: The specified procedure could not be found.
> (0x00000007120a5d48) 
thrown [s\src\hotspot\share\prims\jni.cpp, line 572]
Event: 61.061 Thread 0x0000013184ea3920 Exception <a 'java/lang/NoSuchMethodError'{0x00000007120abc18}: 'void java.lang.invoke.DirectMethodHandle$Holder.invokeVirtual(java.lang.Object, java.lang.Object, long)'> (0x00000007120abc18) 
thrown [s\src\hotspot\share\interpreter\linkResolver.cpp, line 784]
Event: 61.064 Thread 0x0000013184ea3920 Exception <a 'java/lang/NoSuchMethodError'{0x00000007120af7b0}: 'long java.lang.invoke.DirectMethodHandle$Holder.invokeStatic(java.lang.Object, java.lang.Object, int)'> (0x00000007120af7b0) 
thrown [s\src\hotspot\share\interpreter\linkResolver.cpp, line 784]
Event: 61.071 Thread 0x0000013184ea3920 Exception <a 'java/lang/NoSuchMethodError'{0x00000007120c1f28}: 'java.lang.Object java.lang.invoke.DirectMethodHandle$Holder.invokeStatic(java.lang.Object, java.lang.Object, java.lang.Object, java.lang.Object, int)'> (0x00000007120c1f28) 
thrown [s\src\hotspot\share\interpreter\linkResolver.cpp, line 784]
Event: 61.074 Thread 0x0000013184ea3920 Exception <a 'java/lang/NoSuchMethodError'{0x00000007120cc328}: 'void java.lang.invoke.DelegatingMethodHandle$Holder.reinvoke_L(java.lang.Object, java.lang.Object, long)'> (0x00000007120cc328) 
thrown [s\src\hotspot\share\interpreter\linkResolver.cpp, line 784]
Event: 61.709 Thread 0x0000013184ea3920 Implicit null exception at 0x0000013191fddc00 to 0x0000013191fddd94

ZGC Phase Switch (0 events):
No events

VM Operations (20 events):
Event: 51.758 Executing VM operation: HandshakeAllThreads (Deoptimize)
Event: 51.758 Executing VM operation: HandshakeAllThreads (Deoptimize) done
Event: 52.774 Executing VM operation: Cleanup
Event: 52.774 Executing VM operation: Cleanup done
Event: 57.808 Executing VM operation: Cleanup
Event: 58.828 Executing VM operation: Cleanup done
Event: 59.242 Executing VM operation: G1CollectForAllocation (G1 Evacuation Pause)
Event: 59.254 Executing VM operation: G1CollectForAllocation (G1 Evacuation Pause) done
Event: 59.294 Executing VM operation: HandshakeAllThreads (Deoptimize)
Event: 59.294 Executing VM operation: HandshakeAllThreads (Deoptimize) done
Event: 60.309 Executing VM operation: Cleanup
Event: 61.054 Executing VM operation: Cleanup done
Event: 61.054 Executing VM operation: HandshakeAllThreads (HandshakeForDeflation)
Event: 61.055 Executing VM operation: HandshakeAllThreads (HandshakeForDeflation) done
Event: 61.055 Executing VM operation: RendezvousGCThreads
Event: 61.055 Executing VM operation: RendezvousGCThreads done
Event: 62.059 Executing VM operation: Cleanup
Event: 63.295 Executing VM operation: Cleanup done
Event: 64.300 Executing VM operation: Cleanup
Event: 64.569 Executing VM operation: Cleanup done

Memory protections (0 events):
No events

Nmethod flushes (0 events):
No events

Events (20 events):
Event: 42.281 Thread 0x00000131a1dbfef0 Thread exited: 0x00000131a1dbfef0
Event: 45.978 Thread 0x00000131a60e2250 Thread exited: 0x00000131a60e2250
Event: 45.989 Thread 0x00000131a1dbf1d0 Thread exited: 0x00000131a1dbf1d0
Event: 45.992 Thread 0x00000131a1dbde20 Thread exited: 0x00000131a1dbde20
Event: 46.007 Thread 0x00000131a60e0f00 Thread exited: 0x00000131a60e0f00
Event: 46.019 Thread 0x00000131a60e28c0 Thread exited: 0x00000131a60e28c0
Event: 46.077 Thread 0x00000131a1a8e2d0 Thread exited: 0x00000131a1a8e2d0
Event: 46.085 Thread 0x00000131a1dbf860 Thread exited: 0x00000131a1dbf860
Event: 46.094 Thread 0x00000131a1a8eff0 Thread exited: 0x00000131a1a8eff0
Event: 46.096 Thread 0x00000131a1dbe4b0 Thread exited: 0x00000131a1dbe4b0
Event: 46.138 Thread 0x00000131a13d2960 Thread added: 0x00000131a6348580
Event: 47.216 Thread 0x00000131a6348580 Thread exited: 0x00000131a6348580
Event: 47.220 Thread 0x00000131a1d2f780 Thread exited: 0x00000131a1d2f780
Event: 47.441 Thread 0x00000131a134ae30 Thread added: 0x00000131a6348580
Event: 47.966 Thread 0x00000131a6348580 Thread exited: 0x00000131a6348580
Event: 59.222 Loaded shared library C:\Users\Nkosinathi Radebe\AppData\Local\Temp\jna--1948062887\jna3966990794166572007.dll
Event: 59.576 Thread 0x00000131a13d2960 Thread added: 0x00000131a6209900
Event: 61.057 Thread 0x00000131a6209900 Thread exited: 0x00000131a6209900
Event: 61.768 Thread 0x00000131a13d2960 Thread added: 0x00000131a6336c70
Event: 61.852 Thread 0x00000131a13d2960 Thread added: 0x00000131a67a18f0


Dynamic libraries:
0x00007ff7c2080000 - 0x00007ff7c208a000 	C:\Program Files\Android\Android Studio\jbr\bin\java.exe
0x00007ffe4f240000 - 0x00007ffe4f4a8000 	C:\WINDOWS\SYSTEM32\ntdll.dll
0x00007ffe4dac0000 - 0x00007ffe4db89000 	C:\WINDOWS\System32\KERNEL32.DLL
0x00007ffe4c390000 - 0x00007ffe4c788000 	C:\WINDOWS\System32\KERNELBASE.dll
0x00007ffe4c790000 - 0x00007ffe4c8db000 	C:\WINDOWS\System32\ucrtbase.dll
0x00007ffe3a8e0000 - 0x00007ffe3a8f8000 	C:\Program Files\Android\Android Studio\jbr\bin\jli.dll
0x00007ffe3a8c0000 - 0x00007ffe3a8db000 	C:\Program Files\Android\Android Studio\jbr\bin\VCRUNTIME140.dll
0x00007ffe4dc70000 - 0x00007ffe4de37000 	C:\WINDOWS\System32\USER32.dll
0x00007ffe4ca60000 - 0x00007ffe4ca87000 	C:\WINDOWS\System32\win32u.dll
0x00007ffe34a80000 - 0x00007ffe34d14000 	C:\WINDOWS\WinSxS\amd64_microsoft.windows.common-controls_6595b64144ccf1df_6.0.26100.7019_none_3e06ffa0e335b8a8\COMCTL32.dll
0x00007ffe4da10000 - 0x00007ffe4dab9000 	C:\WINDOWS\System32\msvcrt.dll
0x00007ffe4d5b0000 - 0x00007ffe4d5db000 	C:\WINDOWS\System32\GDI32.dll
0x00007ffe4ceb0000 - 0x00007ffe4cfdc000 	C:\WINDOWS\System32\gdi32full.dll
0x00007ffe4cb20000 - 0x00007ffe4cbc3000 	C:\WINDOWS\System32\msvcp_win.dll
0x00007ffe4d730000 - 0x00007ffe4d761000 	C:\WINDOWS\System32\IMM32.DLL
0x00007ffe3b130000 - 0x00007ffe3b13c000 	C:\Program Files\Android\Android Studio\jbr\bin\vcruntime140_1.dll
0x00007ffe2fe40000 - 0x00007ffe2fecd000 	C:\Program Files\Android\Android Studio\jbr\bin\msvcp140.dll
0x00007ffddf720000 - 0x00007ffde03ae000 	C:\Program Files\Android\Android Studio\jbr\bin\server\jvm.dll
0x00007ffe4d5e0000 - 0x00007ffe4d694000 	C:\WINDOWS\System32\ADVAPI32.dll
0x00007ffe4ea00000 - 0x00007ffe4eaa6000 	C:\WINDOWS\System32\sechost.dll
0x00007ffe4ef00000 - 0x00007ffe4f018000 	C:\WINDOWS\System32\RPCRT4.dll
0x00007ffe4d530000 - 0x00007ffe4d5a4000 	C:\WINDOWS\System32\WS2_32.dll
0x00007ffe4c1f0000 - 0x00007ffe4c24e000 	C:\WINDOWS\SYSTEM32\POWRPROF.dll
0x00007ffe32b10000 - 0x00007ffe32b45000 	C:\WINDOWS\SYSTEM32\WINMM.dll
0x00007ffe3c660000 - 0x00007ffe3c66b000 	C:\WINDOWS\SYSTEM32\VERSION.dll
0x00007ffe4c1d0000 - 0x00007ffe4c1e4000 	C:\WINDOWS\SYSTEM32\UMPDC.dll
0x00007ffe4b110000 - 0x00007ffe4b12b000 	C:\WINDOWS\SYSTEM32\kernel.appcore.dll
0x00007ffe3ab00000 - 0x00007ffe3ab0a000 	C:\Program Files\Android\Android Studio\jbr\bin\jimage.dll
0x00007ffe46be0000 - 0x00007ffe46e22000 	C:\WINDOWS\SYSTEM32\DBGHELP.DLL
0x00007ffe4eb00000 - 0x00007ffe4ee8b000 	C:\WINDOWS\System32\combase.dll
0x00007ffe4db90000 - 0x00007ffe4dc67000 	C:\WINDOWS\System32\OLEAUT32.dll
0x00007ffe31a20000 - 0x00007ffe31a5c000 	C:\WINDOWS\SYSTEM32\dbgcore.DLL
0x00007ffe4cc90000 - 0x00007ffe4cd35000 	C:\WINDOWS\System32\bcryptPrimitives.dll
0x00007ffe3a1a0000 - 0x00007ffe3a1c0000 	C:\Program Files\Android\Android Studio\jbr\bin\java.dll
0x00007ffe30040000 - 0x00007ffe30058000 	C:\Program Files\Android\Android Studio\jbr\bin\zip.dll
0x00007ffe4e2a0000 - 0x00007ffe4e9ef000 	C:\WINDOWS\System32\SHELL32.dll
0x00007ffe4cd40000 - 0x00007ffe4ceab000 	C:\WINDOWS\System32\wintypes.dll
0x00007ffe49f70000 - 0x00007ffe4a7cd000 	C:\WINDOWS\SYSTEM32\windows.storage.dll
0x00007ffe4dee0000 - 0x00007ffe4dfd2000 	C:\WINDOWS\System32\SHCORE.dll
0x00007ffe4ee90000 - 0x00007ffe4eef7000 	C:\WINDOWS\System32\shlwapi.dll
0x00007ffe4c2b0000 - 0x00007ffe4c2d9000 	C:\WINDOWS\SYSTEM32\profapi.dll
0x00007ffe3a190000 - 0x00007ffe3a1a0000 	C:\Program Files\Android\Android Studio\jbr\bin\net.dll
0x00007ffe3d0c0000 - 0x00007ffe3d1e8000 	C:\WINDOWS\SYSTEM32\WINHTTP.dll
0x00007ffe4b660000 - 0x00007ffe4b6cb000 	C:\WINDOWS\system32\mswsock.dll
0x00007ffe2fff0000 - 0x00007ffe30006000 	C:\Program Files\Android\Android Studio\jbr\bin\nio.dll
0x00007ffe4ba50000 - 0x00007ffe4ba6b000 	C:\WINDOWS\SYSTEM32\CRYPTSP.dll
0x00007ffe4b070000 - 0x00007ffe4b0aa000 	C:\WINDOWS\system32\rsaenh.dll
0x00007ffe4b710000 - 0x00007ffe4b73b000 	C:\WINDOWS\SYSTEM32\USERENV.dll
0x00007ffe4c280000 - 0x00007ffe4c2aa000 	C:\WINDOWS\SYSTEM32\bcrypt.dll
0x00007ffe4b8b0000 - 0x00007ffe4b8bc000 	C:\WINDOWS\SYSTEM32\CRYPTBASE.dll
0x00007ffe4ac50000 - 0x00007ffe4ac84000 	C:\WINDOWS\SYSTEM32\IPHLPAPI.DLL
0x00007ffe4e0e0000 - 0x00007ffe4e0ea000 	C:\WINDOWS\System32\NSI.dll
0x00007ffe2fc80000 - 0x00007ffe2fcc1000 	C:\Users\Nkosinathi Radebe\AppData\Local\Temp\jna--1948062887\jna3966990794166572007.dll
0x00007ffe4d980000 - 0x00007ffe4d988000 	C:\WINDOWS\System32\PSAPI.DLL

dbghelp: loaded successfully - version: 4.0.5 - missing functions: none
symbol engine: initialized successfully - sym options: 0x614 - pdb path: .;C:\Program Files\Android\Android Studio\jbr\bin;C:\WINDOWS\SYSTEM32;C:\WINDOWS\WinSxS\amd64_microsoft.windows.common-controls_6595b64144ccf1df_6.0.26100.7019_none_3e06ffa0e335b8a8;C:\Program Files\Android\Android Studio\jbr\bin\server;C:\Users\Nkosinathi Radebe\AppData\Local\Temp\jna--1948062887

VM Arguments:
jvm_args: -Dcom.android.sdklib.toolsdir=C:\SDK\cmdline-tools\latest\bin\\.. 
java_command: com.android.sdklib.tool.sdkmanager.SdkManagerCli --licenses
java_class_path (initial): C:\SDK\cmdline-tools\latest\bin\..\lib\sdkmanager-classpath.jar
Launcher Type: SUN_STANDARD

[Global flags]
     intx CICompilerCount                          = 4                                         {product} {ergonomic}
     uint ConcGCThreads                            = 2                                         {product} {ergonomic}
     uint G1ConcRefinementThreads                  = 8                                         {product} {ergonomic}
   size_t G1HeapRegionSize                         = 2097152                                   {product} {ergonomic}
    uintx GCDrainStackTargetSize                   = 64                                        {product} {ergonomic}
   size_t InitialHeapSize                          = 266338304                                 {product} {ergonomic}
   size_t MarkStackSize                            = 4194304                                   {product} {ergonomic}
   size_t MaxHeapSize                              = 4255121408                                {product} {ergonomic}
   size_t MaxNewSize                               = 2552233984                                {product} {ergonomic}
   size_t MinHeapDeltaBytes                        = 2097152                                   {product} {ergonomic}
   size_t MinHeapSize                              = 8388608                                   {product} {ergonomic}
    uintx NonNMethodCodeHeapSize                   = 5839372                                {pd product} {ergonomic}
    uintx NonProfiledCodeHeapSize                  = 122909434                              {pd product} {ergonomic}
    uintx ProfiledCodeHeapSize                     = 122909434                              {pd product} {ergonomic}
    uintx ReservedCodeCacheSize                    = 251658240                              {pd product} {ergonomic}
     bool SegmentedCodeCache                       = true                                      {product} {ergonomic}
   size_t SoftMaxHeapSize                          = 4255121408                             {manageable} {ergonomic}
     bool UseCompressedOops                        = true                           {product lp64_product} {ergonomic}
     bool UseG1GC                                  = true                                      {product} {ergonomic}
     bool UseLargePagesIndividualAllocation        = false                                  {pd product} {ergonomic}

Logging:
Log output configuration:
 #0: stdout all=warning uptime,level,tags foldmultilines=false
 #1: stderr all=off uptime,level,tags foldmultilines=false

Environment Variables:
JAVA_HOME=C:\Program Files\Android\Android Studio\jbr
CLASSPATH=C:\SDK\cmdline-tools\latest\bin\..\lib\sdkmanager-classpath.jar
PATH=C:\Program Files\Android\Android Studio\jbr\bin;C:\Program Files\Common Files\Oracle\Java\javapath;C:\Java\jdk-21\bin;C:\Python313\Scripts\;C:\Python313\;C:\WINDOWS\system32;C:\WINDOWS;C:\WINDOWS\System32\Wbem;C:\WINDOWS\System32\WindowsPowerShell\v1.0\;C:\WINDOWS\System32\OpenSSH\;C:\Program Files\nodejs\;C:\ProgramData\chocolatey\bin;C:\Program Files\Git\cmd;C:\flutter\bin;C:\SDK\cmdline-tools\latest\bin;C:\SDK\platform-tools;C:\SDK\build-tools\36.1.0-rc1;C:\Java\jdk-21\BIN;C:\Users\Nkosinathi Radebe\.wasmer\bin;C:\Users\Nkosinathi Radebe\.wasmer\globals\wapm_packages\.bin;C:\Users\Nkosinathi Radebe\AppData\Local\Pub\Cache\bin;C:\Users\Nkosinathi Radebe\AppData\Roaming\npm;C:\Program Files\cursor\resources\app\bin;c:\Users\Nkosinathi Radebe\AppData\Local\Programs\Trae\bin;C:\Java\jdk-21\bin;C:\Python313\Scripts\;C:\Python313\;C:\WINDOWS\system32;C:\WINDOWS;C:\WINDOWS\System32\Wbem;C:\WINDOWS\System32\WindowsPowerShell\v1.0\;C:\WINDOWS\System32\OpenSSH\;C:\Program Files\nodejs\;C:\ProgramData\chocolatey\bin;C:\Program Files\Git\cmd;C:\flutter\bin;C:\SDK\cmdline-tools\latest\bin;C:\SDK\platform-tools;C:\SDK\build-tools\36.1.0-rc1;C:\Java\jdk-21\bin;C:\Python313\Scripts\;C:\Python313\;C:\WINDOWS\system32;C:\WINDOWS;C:\WINDOWS\System32\Wbem;C:\WINDOWS\System32\WindowsPowerShell\v1.0\;C:\WINDOWS\System32\OpenSSH\;C:\Program Files\nodejs\;C:\ProgramData\chocolatey\bin;C:\Program Files\Git\cmd;C:\flutter\bin;C:\SDK\cmdline-tools\latest\bin;C:\SDK\platform-tools;C:\SDK\build-tools\36.1.0-rc1;C:\Users\Nkosinathi Radebe\.wasmer\bin;C:\Users\Nkosinathi Radebe\AppData\Local\Pub\Cache\bin;C:\Users\Nkosinahi Radebe\AppData\Roaming\npm;C:\Users\Nkosinathi Radebe\AppData\Local\Programs\Windsurf\bin;C:\flutter\bin\mingit\cmd
USERNAME=Nkosinathi Radebe
OS=Windows_NT
PROCESSOR_IDENTIFIER=Intel64 Family 6 Model 142 Stepping 12, GenuineIntel
TMP=C:\Users\NKOSIN~1\AppData\Local\Temp
TEMP=C:\Users\NKOSIN~1\AppData\Local\Temp




Periodic native trim disabled

JNI global refs:
JNI global refs: 20, weak refs: 48

JNI global refs memory usage: 835, weak refs: 833

Process memory usage:
Resident Set Size: 150208K (0% of 16620632K total physical memory with 581796K free physical memory)

OOME stack traces (most recent first):
Classloader memory used:
Loader bootstrap                                                                       : 14041K
Loader jdk.internal.loader.ClassLoaders$AppClassLoader                                 : 6846K
Loader jdk.internal.loader.ClassLoaders$PlatformClassLoader                            : 2696B

---------------  S Y S T E M  ---------------

OS:
 Windows 11 , 64 bit Build 26100 (10.0.26100.7019)
OS uptime: 0 days 0:10 hours
Hyper-V role detected

CPU: total 8 (initial active 8) (4 cores per cpu, 2 threads per core) family 6 model 142 stepping 12 microcode 0xde, cx8, cmov, fxsr, ht, mmx, 3dnowpref, sse, sse2, sse3, ssse3, sse4.1, sse4.2, popcnt, lzcnt, tsc, tscinvbit, avx, avx2, aes, erms, clmul, bmi1, bmi2, adx, fma, vzeroupper, clflush, clflushopt, hv, rdtscp, f16c
Processor Information for the first 8 processors :
  Max Mhz: 1800, Current Mhz: 1600, Mhz Limit: 1584

Memory: 4k page, system-wide physical 16231M (568M free)
TotalPageFile size 46498M (AvailPageFile size 11M)
current process WorkingSet (physical memory assigned to process): 146M, peak: 147M
current process commit charge ("private bytes"): 390M, peak: 392M

vm_info: OpenJDK 64-Bit Server VM (21.0.7+-13880790-b1038.58) for windows-amd64 JRE (21.0.7+-13880790-b1038.58), built on 2025-08-04T20:56:21Z by "builder" with MS VC++ 16.10 / 16.11 (VS2019)

END.
