#
# A fatal error has been detected by the Java Runtime Environment:
#
#  Internal Error (0xc06d007e), pid=32700, tid=21272
#
# JRE version: OpenJDK Runtime Environment (21.0.7) (build 21.0.7+-13880790-b1038.58)
# Java VM: OpenJDK 64-Bit Server VM (21.0.7+-13880790-b1038.58, mixed mode, tiered, compressed oops, compressed class ptrs, g1 gc, windows-amd64)
# Problematic frame:
# C  [KERNELBASE.dll+0xc80da]
#
# No core dump will be written. Minidumps are not enabled by default on client versions of Windows
#
# If you would like to submit a bug report, please visit:
#   https://youtrack.jetbrains.com/issues/JBR
# The crash happened outside the Java Virtual Machine in native code.
# See problematic frame for where to report the bug.
#

---------------  S U M M A R Y ------------

Command Line: -Dcom.android.sdklib.toolsdir=C:\SDK\cmdline-tools\latest\bin\\.. com.android.sdklib.tool.sdkmanager.SdkManagerCli --licenses

Host: Intel(R) Core(TM) i5-8265U CPU @ 1.60GHz, 8 cores, 15G,  Windows 11 , 64 bit Build 26100 (10.0.26100.7019)
Time: Fri Nov 14 07:44:42 2025 South Africa Standard Time elapsed time: 96.718658 seconds (0d 0h 1m 36s)

---------------  T H R E A D  ---------------

Current thread (0x000001e40a64f530):  JavaThread "main"             [_thread_in_native, id=21272, stack(0x0000006d01900000,0x0000006d01a00000) (1024K)]

Stack: [0x0000006d01900000,0x0000006d01a00000],  sp=0x0000006d019f9ef0,  free space=999k
Native frames: (J=compiled Java code, j=interpreted, Vv=VM code, C=native code)
C  [KERNELBASE.dll+0xc80da]
C  [net.dll+0x6c96]

Java frames: (J=compiled Java code, j=interpreted, Vv=VM code)
j  java.net.NetworkInterface.getAll()[Ljava/net/NetworkInterface;+0 java.base@21.0.7
j  java.net.NetworkInterface.getNetworkInterfaces()Ljava/util/Enumeration;+0 java.base@21.0.7
j  sun.security.provider.SeedGenerator.addNetworkAdapterInfo(Ljava/security/MessageDigest;)V+0 java.base@21.0.7
j  sun.security.provider.SeedGenerator$1.run()Ljava/lang/Void;+66 java.base@21.0.7
j  sun.security.provider.SeedGenerator$1.run()Ljava/lang/Object;+1 java.base@21.0.7
J 1047 c1 java.security.AccessController.doPrivileged(Ljava/security/PrivilegedAction;)Ljava/lang/Object; java.base@21.0.7 (9 bytes) @ 0x000001e40d972854 [0x000001e40d9726e0+0x0000000000000174]
j  sun.security.provider.SeedGenerator.getSystemEntropy()[B+40 java.base@21.0.7
j  sun.security.provider.AbstractDrbg$SeederHolder.<clinit>()V+28 java.base@21.0.7
v  ~StubRoutines::call_stub 0x000001e414cd100d
j  sun.security.provider.AbstractDrbg.getEntropyInput(IIIZ)[B+87 java.base@21.0.7
j  sun.security.provider.AbstractDrbg.getEntropyInput(Z)[B+14 java.base@21.0.7
j  sun.security.provider.AbstractDrbg.instantiateIfNecessary([B)V+16 java.base@21.0.7
j  sun.security.provider.AbstractDrbg.engineNextBytes([BLjava/security/SecureRandomParameters;)V+157 java.base@21.0.7
j  sun.security.provider.AbstractDrbg.engineNextBytes([B)V+11 java.base@21.0.7
j  sun.security.provider.DRBG.engineNextBytes([B)V+5 java.base@21.0.7
j  java.security.SecureRandom.nextBytes([B)V+17 java.base@21.0.7
j  java.security.SecureRandom.next(I)I+17 java.base@21.0.7
j  java.util.Random.nextLong()J+3 java.base@21.0.7
j  java.io.File$TempDirectory.generateFile(Ljava/lang/String;Ljava/lang/String;Ljava/io/File;)Ljava/io/File;+3 java.base@21.0.7
j  java.io.File.createTempFile(Ljava/lang/String;Ljava/lang/String;Ljava/io/File;)Ljava/io/File;+70 java.base@21.0.7
j  com.sun.jna.Native.extractFromResourcePath(Ljava/lang/String;Ljava/lang/ClassLoader;)Ljava/io/File;+455
j  com.sun.jna.Native.loadNativeDispatchLibraryFromClasspath()V+59
j  com.sun.jna.Native.loadNativeDispatchLibrary()V+420
j  com.sun.jna.Native.<clinit>()V+108
v  ~StubRoutines::call_stub 0x000001e414cd100d
j  com.sun.jna.platform.win32.Kernel32.<clinit>()V+7
v  ~StubRoutines::call_stub 0x000001e414cd100d
j  com.android.tools.analytics.CommonMetricsDataKt.isWindowsArm64()Z+1
j  com.android.tools.analytics.CommonMetricsData.getOsArchitecture()Lcom/google/wireless/android/sdk/stats/ProductDetails$CpuArchitecture;+83
j  com.android.repository.impl.meta.Archive$HostConfig.detectHostArch()Ljava/lang/String;+0
j  com.android.repository.impl.meta.Archive$HostConfig.<init>(Ljava/lang/String;)V+17
j  com.android.repository.impl.meta.Archive$HostConfig.<init>()V+4
j  com.android.repository.impl.meta.Archive.<clinit>()V+4
v  ~StubRoutines::call_stub 0x000001e414cd100d
J 1980  jdk.internal.misc.Unsafe.ensureClassInitialized0(Ljava/lang/Class;)V java.base@21.0.7 (0 bytes) @ 0x000001e415316287 [0x000001e415316220+0x0000000000000067]
j  jdk.internal.misc.Unsafe.ensureClassInitialized(Ljava/lang/Class;)V+14 java.base@21.0.7
j  jdk.internal.reflect.MethodHandleAccessorFactory.ensureClassInitialized(Ljava/lang/Class;)V+14 java.base@21.0.7
j  jdk.internal.reflect.MethodHandleAccessorFactory.newConstructorAccessor(Ljava/lang/reflect/Constructor;)Ljdk/internal/reflect/ConstructorAccessorImpl;+16 java.base@21.0.7
j  jdk.internal.reflect.ReflectionFactory.newConstructorAccessor(Ljava/lang/reflect/Constructor;)Ljdk/internal/reflect/ConstructorAccessor;+67 java.base@21.0.7
j  java.lang.reflect.Constructor.acquireConstructorAccessor()Ljdk/internal/reflect/ConstructorAccessor;+58 java.base@21.0.7
J 1161 c1 java.lang.reflect.Constructor.newInstanceWithCaller([Ljava/lang/Object;ZLjava/lang/Class;)Ljava/lang/Object; java.base@21.0.7 (51 bytes) @ 0x000001e40d9a8114 [0x000001e40d9a7fe0+0x0000000000000134]
J 1902 c1 com.sun.xml.bind.v2.ClassFactory.create0(Ljava/lang/Class;)Ljava/lang/Object; (164 bytes) @ 0x000001e40db768f4 [0x000001e40db75920+0x0000000000000fd4]
j  com.sun.xml.bind.v2.runtime.ClassBeanInfoImpl.createInstance(Lcom/sun/xml/bind/v2/runtime/unmarshaller/UnmarshallingContext;)Ljava/lang/Object;+13
j  com.sun.xml.bind.v2.runtime.unmarshaller.UnmarshallingContext.createInstance(Lcom/sun/xml/bind/v2/runtime/JaxBeanInfo;)Ljava/lang/Object;+40
j  com.sun.xml.bind.v2.runtime.unmarshaller.StructureLoader.startElement(Lcom/sun/xml/bind/v2/runtime/unmarshaller/UnmarshallingContext$State;Lcom/sun/xml/bind/v2/runtime/unmarshaller/TagName;)V+84
J 2241 c1 com.sun.xml.bind.v2.runtime.unmarshaller.UnmarshallingContext._startElement(Lcom/sun/xml/bind/v2/runtime/unmarshaller/TagName;)V (84 bytes) @ 0x000001e40dc2d244 [0x000001e40dc2ce80+0x00000000000003c4]
J 2234 c1 com.sun.xml.bind.v2.runtime.unmarshaller.SAXConnector.startElement(Ljava/lang/String;Ljava/lang/String;Ljava/lang/String;Lorg/xml/sax/Attributes;)V (153 bytes) @ 0x000001e40dc27954 [0x000001e40dc26740+0x0000000000001214]
J 2233 c1 org.xml.sax.helpers.XMLFilterImpl.startElement(Ljava/lang/String;Ljava/lang/String;Ljava/lang/String;Lorg/xml/sax/Attributes;)V java.xml@21.0.7 (22 bytes) @ 0x000001e40dc2627c [0x000001e40dc26140+0x000000000000013c]
J 1868 c1 com.android.repository.impl.meta.SchemaModuleUtil$NamespaceFallbackFilter.startElement(Ljava/lang/String;Ljava/lang/String;Ljava/lang/String;Lorg/xml/sax/Attributes;)V (59 bytes) @ 0x000001e40db58624 [0x000001e40db58120+0x0000000000000504]
J 1867 c1 com.sun.org.apache.xerces.internal.parsers.AbstractSAXParser.startElement(Lcom/sun/org/apache/xerces/internal/xni/QName;Lcom/sun/org/apache/xerces/internal/xni/XMLAttributes;Lcom/sun/org/apache/xerces/internal/xni/Augmentations;)V java.xml@21.0.7 (318 bytes) @ 0x000001e40db570b4 [0x000001e40db56380+0x0000000000000d34]
J 1864 c1 com.sun.org.apache.xerces.internal.impl.XMLNSDocumentScannerImpl.scanStartElement()Z java.xml@21.0.7 (1031 bytes) @ 0x000001e40db53f24 [0x000001e40db50240+0x0000000000003ce4]
J 1581 c1 com.sun.org.apache.xerces.internal.impl.XMLDocumentFragmentScannerImpl$FragmentContentDriver.next()I java.xml@21.0.7 (2331 bytes) @ 0x000001e40da9c464 [0x000001e40da97c40+0x0000000000004824]
J 1543 c1 com.sun.org.apache.xerces.internal.impl.XMLNSDocumentScannerImpl.next()I java.xml@21.0.7 (39 bytes) @ 0x000001e40da8a3ac [0x000001e40da8a160+0x000000000000024c]
j  com.sun.org.apache.xerces.internal.impl.XMLDocumentFragmentScannerImpl.scanDocument(Z)Z+312 java.xml@21.0.7
j  com.sun.org.apache.xerces.internal.parsers.XML11Configuration.parse(Z)Z+121 java.xml@21.0.7
j  com.sun.org.apache.xerces.internal.parsers.XML11Configuration.parse(Lcom/sun/org/apache/xerces/internal/xni/parser/XMLInputSource;)V+30 java.xml@21.0.7
j  com.sun.org.apache.xerces.internal.parsers.XMLParser.parse(Lcom/sun/org/apache/xerces/internal/xni/parser/XMLInputSource;)V+76 java.xml@21.0.7
j  com.sun.org.apache.xerces.internal.parsers.AbstractSAXParser.parse(Lorg/xml/sax/InputSource;)V+44 java.xml@21.0.7
j  com.sun.org.apache.xerces.internal.jaxp.SAXParserImpl$JAXPSAXParser.parse(Lorg/xml/sax/InputSource;)V+53 java.xml@21.0.7
j  org.xml.sax.helpers.XMLFilterImpl.parse(Lorg/xml/sax/InputSource;)V+9 java.xml@21.0.7
j  com.sun.xml.bind.v2.runtime.unmarshaller.UnmarshallerImpl.unmarshal0(Lorg/xml/sax/XMLReader;Lorg/xml/sax/InputSource;Lcom/sun/xml/bind/v2/runtime/JaxBeanInfo;)Ljava/lang/Object;+31
j  com.sun.xml.bind.v2.runtime.unmarshaller.UnmarshallerImpl.unmarshal(Lorg/xml/sax/XMLReader;Lorg/xml/sax/InputSource;)Ljava/lang/Object;+4
j  javax.xml.bind.helpers.AbstractUnmarshallerImpl.unmarshal(Ljavax/xml/transform/sax/SAXSource;)Ljava/lang/Object;+20
j  javax.xml.bind.helpers.AbstractUnmarshallerImpl.unmarshal(Ljavax/xml/transform/Source;)Ljava/lang/Object;+31
j  com.android.repository.impl.meta.SchemaModuleUtil.unmarshal(Ljava/io/InputStream;Ljava/util/Collection;ZLcom/android/repository/api/ProgressIndicator;Ljava/lang/String;)Ljava/lang/Object;+24
j  com.android.repository.impl.manager.RemoteRepoLoaderImpl.parseSource(Lcom/android/repository/api/RepositorySource;Ljava/io/InputStream;Lcom/android/repository/api/Downloader;Lcom/android/repository/api/SettingsController;Ljava/util/Map;Ljava/util/Map;Lcom/android/repository/api/ProgressIndicator;D)V+36
j  com.android.repository.impl.manager.RemoteRepoLoaderImpl.fetchPackages(Lcom/android/repository/api/ProgressIndicator;Lcom/android/repository/api/Downloader;Lcom/android/repository/api/SettingsController;)Ljava/util/Map;+404
j  com.android.repository.impl.manager.RepoManagerImpl$LoadTask.run(Lcom/android/repository/api/ProgressIndicator;Lcom/android/repository/api/ProgressRunner;)V+635
j  com.android.repository.api.RepoManager$DummyProgressRunner.runSyncWithProgress(Lcom/android/repository/api/ProgressRunner$ProgressRunnable;)V+6
j  com.android.repository.impl.manager.RepoManagerImpl.load(JLjava/util/List;Ljava/util/List;Ljava/util/List;Lcom/android/repository/api/ProgressRunner;Lcom/android/repository/api/Downloader;Lcom/android/repository/api/SettingsController;Z)V+218
j  com.android.repository.impl.manager.RepoManagerImpl.loadSynchronously(JLjava/util/List;Ljava/util/List;Ljava/util/List;Lcom/android/repository/api/ProgressRunner;Lcom/android/repository/api/Downloader;Lcom/android/repository/api/SettingsController;)V+14
j  com.android.repository.api.RepoManager.loadSynchronously(JLcom/android/repository/api/ProgressIndicator;Lcom/android/repository/api/Downloader;Lcom/android/repository/api/SettingsController;)Z+36
j  com.android.sdklib.tool.sdkmanager.LicensesAction.execute(Lcom/android/repository/api/ProgressIndicator;)V+14
j  com.android.sdklib.tool.sdkmanager.SdkManagerCli.run(Lcom/android/repository/api/ProgressIndicator;)V+23
j  com.android.sdklib.tool.sdkmanager.SdkManagerCli.main(Ljava/util/List;)V+140
j  com.android.sdklib.tool.sdkmanager.SdkManagerCli.main([Ljava/lang/String;)V+4
v  ~StubRoutines::call_stub 0x000001e414cd100d

siginfo: EXCEPTION_?? (0xc06d007e), ExceptionInformation=0x0000006d019fa010 


Registers:
RAX=0x0000000000000000, RBX=0x0000006d019fa090, RCX=0x0000000000000000, RDX=0x0000000000000000
RSP=0x0000006d019f9ef0, RBP=0x0000000000000001, RSI=0x0000000000000000, RDI=0x00000000c06d007e
R8 =0x0000000000000000, R9 =0x0000000000000000, R10=0x0000000000000000, R11=0x0000000000000000
R12=0x00007ffde740c150, R13=0x00007ffde740a720, R14=0x00007ffde740c200, R15=0x000000000000000e
RIP=0x00007ffe22ab80da, EFLAGS=0x0000000000000202

XMM[0]=0x00007ffe25a19440 0x0000000000000000
XMM[1]=0x0000000000000006 0x0000000000000100
XMM[2]=0x00007ffe259c2d88 0x0000006d019f9900
XMM[3]=0x006c0061006e0072 0x0000006d019f9980
XMM[4]=0x00007ffe258ad1b9 0x0000006d019f99e0
XMM[5]=0x0000000000000000 0x0000000000000000
XMM[6]=0x0000000000000000 0x245b2732bdd50e58
XMM[7]=0x0000000000000000 0x7ffe9952050ea7e4
XMM[8]=0x0000000000000000 0xddb0161e224d7130
XMM[9]=0x0000000000000000 0x90be78d0cc0b0f15
XMM[10]=0x0000000000000000 0x000000003b4c9645
XMM[11]=0x0000000000000000 0x7d7ca1e34987b0f8
XMM[12]=0x0000000000000000 0x00000000cc0b0f15
XMM[13]=0x0000000000000000 0x0000000000000000
XMM[14]=0x0000000000000000 0x0000000000000000
XMM[15]=0x0000000000000000 0x0000000000000000
  MXCSR=0x00001fa0


Register to memory mapping:

RAX=0x0 is null
RBX=0x0000006d019fa090 is pointing into the stack for thread: 0x000001e40a64f530
RCX=0x0 is null
RDX=0x0 is null
RSP=0x0000006d019f9ef0 is pointing into the stack for thread: 0x000001e40a64f530
RBP=0x0000000000000001 is an unknown value
RSI=0x0 is null
RDI=0x00000000c06d007e is an unknown value
R8 =0x0 is null
R9 =0x0 is null
R10=0x0 is null
R11=0x0 is null
R12=0x00007ffde740c150 net.dll
R13=0x00007ffde740a720 net.dll
R14=0x00007ffde740c200 net.dll
R15=0x000000000000000e is an unknown value

Top of Stack: (sp=0x0000006d019f9ef0)
0x0000006d019f9ef0:   00000000c000012d 0000006d019fa090
0x0000006d019f9f00:   0000000000000000 00000000c06d007e
0x0000006d019f9f10:   00000080c06d007e 0000000000000000
0x0000006d019f9f20:   00007ffe22ab80da 0000000000000001
0x0000006d019f9f30:   0000006d019fa010 0000000000000000
0x0000006d019f9f40:   0000000000000000 0000000000000000
0x0000006d019f9f50:   0000000000000000 0000000000000000
0x0000006d019f9f60:   0000000000000000 0000000000000000
0x0000006d019f9f70:   0000000000000000 0000000000000000
0x0000006d019f9f80:   0000000000000000 0000000000000000
0x0000006d019f9f90:   0000000000000000 0000000000000000
0x0000006d019f9fa0:   0000000000000000 0000000000000000
0x0000006d019f9fb0:   00004e787c44d046 0000000000000000
0x0000006d019f9fc0:   0000000000000000 0000000000000000
0x0000006d019f9fd0:   00007ffde740a424 0000006d019fa060
0x0000006d019f9fe0:   0000000000000000 00007ffde7406c96
0x0000006d019f9ff0:   0000000000000000 00007ffde7403784
0x0000006d019fa000:   000001e40a64f530 000001e40a64fbb0
0x0000006d019fa010:   000001e400000048 00007ffde740a424
0x0000006d019fa020:   00007ffde740c150 00007ffde7409880
0x0000006d019fa030:   0000000000000001 00007ffde740a618
0x0000006d019fa040:   0000000000000000 0000000000000000
0x0000006d019fa050:   000001e4000005af 000000000000000d
0x0000006d019fa060:   000001e40a64f530 0000006d019fa1e0
0x0000006d019fa070:   000001e426196cc0 0000000000000000
0x0000006d019fa080:   0000006d019fa130 00007ffde7406668
0x0000006d019fa090:   0000006d019fa010 000001e426196cc8
0x0000006d019fa0a0:   0000006d019fa1d8 000001e40a64f8e8
0x0000006d019fa0b0:   0000000000000000 0000000000000000
0x0000006d019fa0c0:   006c006900610066 0077002000640065
0x0000006d019fa0d0:   0020006800740069 0074006100740073
0x0000006d019fa0e0:   0020003a00730075 0030006300780030 

Instructions: (pc=0x00007ffe22ab80da)
0x00007ffe22ab7fda:   00 e8 10 03 fb ff 48 8b cb e8 08 a7 f7 ff 48 85
0x00007ffe22ab7fea:   f6 74 08 48 8b ce e8 fb a6 f7 ff 48 85 ff 74 08
0x00007ffe22ab7ffa:   48 8b cf e8 ee a6 f7 ff 8b 4c 24 40 48 ff 15 e3
0x00007ffe22ab800a:   ef 1c 00 0f 1f 44 00 00 90 48 8b 8c 24 a0 02 00
0x00007ffe22ab801a:   00 48 33 cc e8 6d 11 0d 00 4c 8d 9c 24 b0 02 00
0x00007ffe22ab802a:   00 49 8b 5b 38 49 8b 73 40 49 8b e3 41 5f 41 5e
0x00007ffe22ab803a:   41 5d 41 5c 5f c3 cc cc cc cc cc cc cc cc cc cc
0x00007ffe22ab804a:   cc cc cc cc cc cc 40 53 55 56 57 48 81 ec d8 00
0x00007ffe22ab805a:   00 00 48 8b 05 6d 90 2d 00 48 33 c4 48 89 84 24
0x00007ffe22ab806a:   c0 00 00 00 8b f2 41 8b e8 33 d2 8b f9 48 8d 4c
0x00007ffe22ab807a:   24 3c 49 8b d9 44 8d 42 7c e8 e9 62 06 00 33 c9
0x00007ffe22ab808a:   89 7c 24 20 83 e6 01 48 89 4c 24 28 89 74 24 24
0x00007ffe22ab809a:   48 8d 05 af ff ff ff 48 89 44 24 30 48 85 db 74
0x00007ffe22ab80aa:   51 41 b8 0f 00 00 00 48 8d 4c 24 40 41 3b e8 48
0x00007ffe22ab80ba:   8b d3 44 0f 46 c5 44 89 44 24 38 49 c1 e0 03 e8
0x00007ffe22ab80ca:   79 10 0d 00 48 8d 4c 24 20 48 ff 15 36 f6 1c 00
0x00007ffe22ab80da:   0f 1f 44 00 00 48 8b 8c 24 c0 00 00 00 48 33 cc
0x00007ffe22ab80ea:   e8 a1 10 0d 00 48 81 c4 d8 00 00 00 5f 5e 5d 5b
0x00007ffe22ab80fa:   c3 cc 89 4c 24 38 eb cc cc cc cc cc cc cc cc cc
0x00007ffe22ab810a:   cc cc cc cc cc cc 48 89 5c 24 10 48 89 74 24 18
0x00007ffe22ab811a:   57 48 83 ec 30 48 8b d9 33 ff f6 c1 08 0f 84 a7
0x00007ffe22ab812a:   00 00 00 48 8b 0d 54 e8 2d 00 48 ff 15 35 f0 1c
0x00007ffe22ab813a:   00 0f 1f 44 00 00 90 48 8d 53 f8 48 8d 0d 54 e8
0x00007ffe22ab814a:   2d 00 48 ff 15 ed ef 1c 00 0f 1f 44 00 00 84 c0
0x00007ffe22ab815a:   74 2f 48 8b 3b 48 89 7c 24 20 48 85 ff 74 1b 0f
0x00007ffe22ab816a:   b7 4b fa ba ff 00 00 00 8d 41 01 66 89 43 fa 66
0x00007ffe22ab817a:   3b ca 75 1e 66 89 4b fa eb 18 b9 9d 00 00 00 eb
0x00007ffe22ab818a:   05 b9 06 00 00 00 48 ff 15 59 ee 1c 00 0f 1f 44
0x00007ffe22ab819a:   00 00 eb 0f 33 ff 48 89 7c 24 20 8b c8 e8 f4 6c
0x00007ffe22ab81aa:   f7 ff 90 48 8b 0d d4 e7 2d 00 48 ff 15 ad ef 1c
0x00007ffe22ab81ba:   00 0f 1f 44 00 00 48 8b c7 48 8b 5c 24 48 48 8b
0x00007ffe22ab81ca:   74 24 50 48 83 c4 30 5f c3 cc 48 8b 05 55 fb 2d 


Stack slot to memory mapping:

stack at sp + 0 slots: 0x00000000c000012d is an unknown value
stack at sp + 1 slots: 0x0000006d019fa090 is pointing into the stack for thread: 0x000001e40a64f530
stack at sp + 2 slots: 0x0 is null
stack at sp + 3 slots: 0x00000000c06d007e is an unknown value
stack at sp + 4 slots: 0x00000080c06d007e is an unknown value
stack at sp + 5 slots: 0x0 is null
stack at sp + 6 slots: 0x00007ffe22ab80da KERNELBASE.dll
stack at sp + 7 slots: 0x0000000000000001 is an unknown value


Compiled method (c1) 100040 1047       3       java.security.AccessController::doPrivileged (9 bytes)
 total in heap  [0x000001e40d972510,0x000001e40d972b58] = 1608
 relocation     [0x000001e40d972670,0x000001e40d9726e0] = 112
 main code      [0x000001e40d9726e0,0x000001e40d9729c0] = 736
 stub code      [0x000001e40d9729c0,0x000001e40d972a18] = 88
 metadata       [0x000001e40d972a18,0x000001e40d972a30] = 24
 scopes data    [0x000001e40d972a30,0x000001e40d972ab0] = 128
 scopes pcs     [0x000001e40d972ab0,0x000001e40d972b40] = 144
 dependencies   [0x000001e40d972b40,0x000001e40d972b48] = 8
 nul chk table  [0x000001e40d972b48,0x000001e40d972b58] = 16

[Constant Pool (empty)]

[MachCode]
[Verified Entry Point]
  # {method} {0x000001e42503b8a0} 'doPrivileged' '(Ljava/security/PrivilegedAction;)Ljava/lang/Object;' in 'java/security/AccessController'
  # parm0:    rdx:rdx   = 'java/security/PrivilegedAction'
  #           [sp+0x70]  (sp of caller)
  0x000001e40d9726e0: 8984 2400 | 80ff ff55 | 4883 ec60 | 4181 7f20 | 0100 0000 

  0x000001e40d9726f4: ;   {runtime_call StubRoutines (final stubs)}
  0x000001e40d9726f4: 7405 e865 

  0x000001e40d9726f8: ;   {metadata(method data for {method} {0x000001e42503b8a0} 'doPrivileged' '(Ljava/security/PrivilegedAction;)Ljava/lang/Object;' in 'java/security/AccessController')}
  0x000001e40d9726f8: 7439 0748 | be88 3d6e | 25e4 0100 | 008b becc | 0000 0083 | c702 89be | cc00 0000 | 81e7 fe07 
  0x000001e40d972718: 0000 85ff | 0f84 d401 | 0000 4889 

  0x000001e40d972724: ;   {metadata(method data for {method} {0x000001e42503b8a0} 'doPrivileged' '(Ljava/security/PrivilegedAction;)Ljava/lang/Object;' in 'java/security/AccessController')}
  0x000001e40d972724: 5424 4048 | be88 3d6e | 25e4 0100 | 0048 8386 | 1001 0000 | 0166 0f1f 

  0x000001e40d97273c: ;   {static_call}
  0x000001e40d97273c: 4400 00e8 

  0x000001e40d972740: ; ImmutableOopMap {[64]=Oop }
                      ;*invokestatic getCallerClass {reexecute=0 rethrow=0 return_oop=0}
                      ; - java.security.AccessController::doPrivileged@2
  0x000001e40d972740: 1c0e 9207 

  0x000001e40d972744: ;   {other}
  0x000001e40d972744: 0f1f 8400 | 3402 0000 

  0x000001e40d97274c: ;   {metadata(method data for {method} {0x000001e42503b8a0} 'doPrivileged' '(Ljava/security/PrivilegedAction;)Ljava/lang/Object;' in 'java/security/AccessController')}
  0x000001e40d97274c: 48ba 883d | 6e25 e401 | 0000 4883 | 8220 0100 

  0x000001e40d97275c: ;   {metadata(method data for {method} {0x000001e42503c670} 'executePrivileged' '(Ljava/security/PrivilegedAction;Ljava/security/AccessControlContext;Ljava/lang/Class;)Ljava/lang/Object;' in 'java/security/AccessController')}
  0x000001e40d97275c: 0001 48ba | 2847 6e25 | e401 0000 | 8bb2 cc00 | 0000 83c6 | 0289 b2cc | 0000 0081 | e6fe ff1f 
  0x000001e40d97277c: 0085 f60f | 8492 0100 

  0x000001e40d972784: ;   {metadata(method data for {method} {0x000001e42503c670} 'executePrivileged' '(Ljava/security/PrivilegedAction;Ljava/security/AccessControlContext;Ljava/lang/Class;)Ljava/lang/Object;' in 'java/security/AccessController')}
  0x000001e40d972784: 0048 ba28 | 476e 25e4 | 0100 00ff | 8210 0100 

  0x000001e40d972794: ;   {metadata(method data for {method} {0x000001e42503c670} 'executePrivileged' '(Ljava/security/PrivilegedAction;Ljava/security/AccessControlContext;Ljava/lang/Class;)Ljava/lang/Object;' in 'java/security/AccessController')}
  0x000001e40d972794: 0048 ba28 | 476e 25e4 | 0100 00ff | 8240 0100 | 0048 8944 | 2448 488b | 5424 4048 | 3b02 488b 
  0x000001e40d9727b4: ;   {metadata(method data for {method} {0x000001e42503c670} 'executePrivileged' '(Ljava/security/PrivilegedAction;Ljava/security/AccessControlContext;Ljava/lang/Class;)Ljava/lang/Object;' in 'java/security/AccessController')}
  0x000001e40d9727b4: f248 bf28 | 476e 25e4 | 0100 008b | 7608 49ba | 0000 0000 | 0800 0000 | 4903 f248 | 3bb7 b001 
  0x000001e40d9727d4: 0000 750d | 4883 87b8 | 0100 0001 | e960 0000 | 0048 3bb7 | c001 0000 | 750d 4883 | 87c8 0100 
  0x000001e40d9727f4: 0001 e94a | 0000 0048 | 83bf b001 | 0000 0075 | 1748 89b7 | b001 0000 | 48c7 87b8 | 0100 0001 
  0x000001e40d972814: 0000 00e9 | 2900 0000 | 4883 bfc0 | 0100 0000 | 7517 4889 | b7c0 0100 | 0048 c787 | c801 0000 
  0x000001e40d972834: 0100 0000 | e908 0000 | 0048 8387 | a001 0000 | 0148 b8f0 | ea51 29e4 

  0x000001e40d97284c: ;   {virtual_call}
  0x000001e40d97284c: 0100 00e8 

  0x000001e40d972850: ; ImmutableOopMap {[72]=Oop }
                      ;*invokeinterface run {reexecute=0 rethrow=0 return_oop=0}
                      ; - java.security.AccessController::executePrivileged@29
                      ; - java.security.AccessController::doPrivileged@5
  0x000001e40d972850: 3c99 4707 

  0x000001e40d972854: ;   {other}
  0x000001e40d972854: 0f1f 8400 | 4403 0001 

  0x000001e40d97285c: ;   {metadata(method data for {method} {0x000001e42503c670} 'executePrivileged' '(Ljava/security/PrivilegedAction;Ljava/security/AccessControlContext;Ljava/lang/Class;)Ljava/lang/Object;' in 'java/security/AccessController')}
  0x000001e40d97285c: 48be 2847 | 6e25 e401 | 0000 ff86 | d801 0000 | 488b 7424 

  0x000001e40d972870: ;   {metadata(method data for {method} {0x000001e42503c670} 'executePrivileged' '(Ljava/security/PrivilegedAction;Ljava/security/AccessControlContext;Ljava/lang/Class;)Ljava/lang/Object;' in 'java/security/AccessController')}
  0x000001e40d972870: 4848 bf28 | 476e 25e4 | 0100 0048 | 8387 3802 

  0x000001e40d972880: ;   {metadata(method data for {method} {0x000001e425042688} 'reachabilityFence' '(Ljava/lang/Object;)V' in 'java/lang/ref/Reference')}
  0x000001e40d972880: 0000 0148 | bf90 4e4c | 25e4 0100 | 008b 9fcc | 0000 0083 | c302 899f | cc00 0000 | 81e3 feff 
  0x000001e40d9728a0: 1f00 85db | 0f84 9300 

  0x000001e40d9728a8: ;   {metadata(method data for {method} {0x000001e42503c670} 'executePrivileged' '(Ljava/security/PrivilegedAction;Ljava/security/AccessControlContext;Ljava/lang/Class;)Ljava/lang/Object;' in 'java/security/AccessController')}
  0x000001e40d9728a8: 0000 48be | 2847 6e25 | e401 0000 | 4883 8648 | 0200 0001 

  0x000001e40d9728bc: ;   {metadata(method data for {method} {0x000001e425042688} 'reachabilityFence' '(Ljava/lang/Object;)V' in 'java/lang/ref/Reference')}
  0x000001e40d9728bc: 48be 904e | 4c25 e401 | 0000 8bbe | cc00 0000 | 83c7 0289 | becc 0000 | 0081 e7fe | ff1f 0085 
  0x000001e40d9728dc: ff0f 847b | 0000 0048 | 83c4 605d 

  0x000001e40d9728e8: ;   {poll_return}
  0x000001e40d9728e8: 493b a748 | 0400 000f | 878a 0000 

  0x000001e40d9728f4: ;   {metadata({method} {0x000001e42503b8a0} 'doPrivileged' '(Ljava/security/PrivilegedAction;)Ljava/lang/Object;' in 'java/security/AccessController')}
  0x000001e40d9728f4: 00c3 49ba | 98b8 0325 | e401 0000 | 4c89 5424 | 0848 c704 | 24ff ffff 

  0x000001e40d97290c: ;   {runtime_call counter_overflow Runtime1 stub}
  0x000001e40d97290c: ffe8 6ef4 

  0x000001e40d972910: ; ImmutableOopMap {rdx=Oop }
                      ;*synchronization entry
                      ; - java.security.AccessController::doPrivileged@-1
  0x000001e40d972910: 4607 e90b 

  0x000001e40d972914: ;   {metadata({method} {0x000001e42503c670} 'executePrivileged' '(Ljava/security/PrivilegedAction;Ljava/security/AccessControlContext;Ljava/lang/Class;)Ljava/lang/Object;' in 'java/security/AccessController')}
  0x000001e40d972914: feff ff49 | ba68 c603 | 25e4 0100 | 004c 8954 | 2408 48c7 | 0424 ffff 

  0x000001e40d97292c: ;   {runtime_call counter_overflow Runtime1 stub}
  0x000001e40d97292c: ffff e84d 

  0x000001e40d972930: ; ImmutableOopMap {rax=Oop [64]=Oop }
                      ;*synchronization entry
                      ; - java.security.AccessController::executePrivileged@-1
                      ; - java.security.AccessController::doPrivileged@5
  0x000001e40d972930: f446 07e9 | 4dfe ffff 

  0x000001e40d972938: ;   {runtime_call throw_null_pointer_exception Runtime1 stub}
  0x000001e40d972938: e843 a346 

  0x000001e40d97293c: ; ImmutableOopMap {rdx=Oop [72]=Oop }
                      ;*invokeinterface run {reexecute=0 rethrow=0 return_oop=0}
                      ; - java.security.AccessController::executePrivileged@29
                      ; - java.security.AccessController::doPrivileged@5
                      ;   {metadata({method} {0x000001e425042688} 'reachabilityFence' '(Ljava/lang/Object;)V' in 'java/lang/ref/Reference')}
  0x000001e40d97293c: 0749 ba80 | 2604 25e4 | 0100 004c | 8954 2408 | 48c7 0424 | ffff ffff 

  0x000001e40d972954: ;   {runtime_call counter_overflow Runtime1 stub}
  0x000001e40d972954: e827 f446 

  0x000001e40d972958: ; ImmutableOopMap {rax=Oop rsi=Oop }
                      ;*synchronization entry
                      ; - java.lang.ref.Reference::reachabilityFence@-1
                      ; - java.security.AccessController::executePrivileged@56
                      ; - java.security.AccessController::doPrivileged@5
  0x000001e40d972958: 07e9 4cff 

  0x000001e40d97295c: ;   {metadata({method} {0x000001e425042688} 'reachabilityFence' '(Ljava/lang/Object;)V' in 'java/lang/ref/Reference')}
  0x000001e40d97295c: ffff 49ba | 8026 0425 | e401 0000 | 4c89 5424 | 0848 c704 | 24ff ffff 

  0x000001e40d972974: ;   {runtime_call counter_overflow Runtime1 stub}
  0x000001e40d972974: ffe8 06f4 

  0x000001e40d972978: ; ImmutableOopMap {rax=Oop }
                      ;*synchronization entry
                      ; - java.lang.ref.Reference::reachabilityFence@-1
                      ; - java.security.AccessController::executePrivileged@60
                      ; - java.security.AccessController::doPrivileged@5
  0x000001e40d972978: 4607 e964 

  0x000001e40d97297c: ;   {internal_word}
  0x000001e40d97297c: ffff ff49 | bae8 2897 | 0de4 0100 | 004d 8997 | 6004 0000 

  0x000001e40d972990: ;   {runtime_call SafepointBlob}
  0x000001e40d972990: e96b 2d3b | 0749 8b87 | f804 0000 | 49c7 87f8 | 0400 0000 | 0000 0049 | c787 0005 | 0000 0000 
  0x000001e40d9729b0: 0000 4883 

  0x000001e40d9729b4: ;   {runtime_call unwind_exception Runtime1 stub}
  0x000001e40d9729b4: c460 5de9 | 44c3 3d07 | f4f4 f4f4 
[Stub Code]
  0x000001e40d9729c0: ;   {no_reloc}
  0x000001e40d9729c0: 0f1f 4400 

  0x000001e40d9729c4: ;   {static_stub}
  0x000001e40d9729c4: 0048 bb00 | 0000 0000 

  0x000001e40d9729cc: ;   {runtime_call nmethod}
  0x000001e40d9729cc: 0000 00e9 | fbff ffff 

  0x000001e40d9729d4: ;   {static_stub}
  0x000001e40d9729d4: 48bb 0000 | 0000 0000 

  0x000001e40d9729dc: ;   {runtime_call nmethod}
  0x000001e40d9729dc: 0000 e9fb 

  0x000001e40d9729e0: ;   {runtime_call handle_exception_from_callee Runtime1 stub}
  0x000001e40d9729e0: ffff ffe8 | 98c0 4607 

  0x000001e40d9729e8: ;   {external_word}
  0x000001e40d9729e8: 48b9 60fe | 8d66 fd7f | 0000 4883 

  0x000001e40d9729f4: ;   {runtime_call}
  0x000001e40d9729f4: e4f0 48b8 | 0099 5c66 | fd7f 0000 

  0x000001e40d972a00: ;   {section_word}
  0x000001e40d972a00: ffd0 f449 | ba03 2a97 | 0de4 0100 

  0x000001e40d972a0c: ;   {runtime_call DeoptimizationBlob}
  0x000001e40d972a0c: 0041 52e9 | 8c1f 3b07 | f4f4 f4f4 
[/MachCode]


Compiled method (n/a) 100695 1980     n 0       jdk.internal.misc.Unsafe::ensureClassInitialized0 (native)
 total in heap  [0x000001e415316090,0x000001e415316448] = 952
 relocation     [0x000001e4153161f0,0x000001e415316220] = 48
 main code      [0x000001e415316220,0x000001e415316442] = 546
 stub code      [0x000001e415316442,0x000001e415316448] = 6

[Constant Pool (empty)]

[MachCode]
[Entry Point]
  # {method} {0x000001e4250ec010} 'ensureClassInitialized0' '(Ljava/lang/Class;)V' in 'jdk/internal/misc/Unsafe'
  # this:     rdx:rdx   = 'jdk/internal/misc/Unsafe'
  # parm0:    r8:r8     = 'java/lang/Class'
  #           [sp+0x70]  (sp of caller)
  0x000001e415316220: 448b 5208 | 49bb 0000 | 0000 0800 | 0000 4d03 | d349 3bc2 | 0f84 0600 

  0x000001e415316238: ;   {runtime_call ic_miss_stub}
  0x000001e415316238: 0000 e941 | 85a0 ff90 
[Verified Entry Point]
  0x000001e415316240: 8984 2400 | 80ff ff55 | 488b ec48 | 83ec 6090 | 4181 7f20 | 0100 0000 

  0x000001e415316258: ;   {runtime_call StubRoutines (final stubs)}
  0x000001e415316258: 7405 e801 | 399f ff4c | 8944 2428 | 4983 f800 | 4c8d 4424 | 284c 0f44 | 4424 2848 | 8954 2420 
  0x000001e415316278: 4883 fa00 | 488d 5424 | 2048 0f44 | 5424 20c5 

  0x000001e415316288: ;   {internal_word}
  0x000001e415316288: f877 49ba | 8762 3115 | e401 0000 | 4d89 97a0 | 0300 0049 | 89a7 9803 

  0x000001e4153162a0: ;   {external_word}
  0x000001e4153162a0: 0000 49ba | c888 b366 | fd7f 0000 | 4180 3a00 | 0f84 4a00 | 0000 5241 

  0x000001e4153162b8: ;   {metadata({method} {0x000001e4250ec010} 'ensureClassInitialized0' '(Ljava/lang/Class;)V' in 'jdk/internal/misc/Unsafe')}
  0x000001e4153162b8: 5048 ba08 | c00e 25e4 | 0100 0049 | 8bcf 4883 | ec20 40f6 | c40f 0f84 | 1900 0000 | 4883 ec08 
  0x000001e4153162d8: ;   {runtime_call}
  0x000001e4153162d8: 48b8 7095 | 6d66 fd7f | 0000 ffd0 | 4883 c408 | e90c 0000 

  0x000001e4153162ec: ;   {runtime_call}
  0x000001e4153162ec: 0048 b870 | 956d 66fd | 7f00 00ff | d048 83c4 | 2041 585a | 498d 8fb8 | 0300 0041 | c787 4404 
  0x000001e41531630c: 0000 0400 

  0x000001e415316310: ;   {runtime_call}
  0x000001e415316310: 0000 48b8 | 10cd 7c66 | fd7f 0000 | ffd0 c5f8 | 7741 c787 | 4404 0000 | 0500 0000 | f083 4424 
  0x000001e415316330: c000 493b | af48 0400 | 000f 870e | 0000 0041 | 83bf 4004 | 0000 000f | 8423 0000 | 00c5 f877 
  0x000001e415316350: 498b cf4c | 8be4 4883 | ec20 4883 

  0x000001e41531635c: ;   {runtime_call}
  0x000001e41531635c: e4f0 48b8 | a0ea 3866 | fd7f 0000 | ffd0 498b | e44d 33e4 | 41c7 8744 | 0400 0008 | 0000 0041 
  0x000001e41531637c: 83bf c004 | 0000 020f | 8494 0000 

  0x000001e415316388: ;   {external_word}
  0x000001e415316388: 0049 bac8 | 88b3 66fd | 7f00 0041 | 803a 000f | 8444 0000 

  0x000001e41531639c: ;   {metadata({method} {0x000001e4250ec010} 'ensureClassInitialized0' '(Ljava/lang/Class;)V' in 'jdk/internal/misc/Unsafe')}
  0x000001e41531639c: 0048 ba08 | c00e 25e4 | 0100 0049 | 8bcf 4883 | ec20 40f6 | c40f 0f84 | 1900 0000 | 4883 ec08 
  0x000001e4153163bc: ;   {runtime_call}
  0x000001e4153163bc: 48b8 7095 | 6d66 fd7f | 0000 ffd0 | 4883 c408 | e90c 0000 

  0x000001e4153163d0: ;   {runtime_call}
  0x000001e4153163d0: 0048 b870 | 956d 66fd | 7f00 00ff | d048 83c4 | 2049 c787 | 9803 0000 | 0000 0000 | 49c7 87a0 
  0x000001e4153163f0: 0300 0000 | 0000 00c5 | f877 498b | 8f28 0400 | 00c7 8100 | 0100 0000 | 0000 00c9 | 4983 7f08 
  0x000001e415316410: 000f 8501 | 0000 00c3 

  0x000001e415316418: ;   {runtime_call StubRoutines (initial stubs)}
  0x000001e415316418: e9e3 aa9b | ffc5 f877 | 4c8b e448 | 83ec 2048 

  0x000001e415316428: ;   {runtime_call}
  0x000001e415316428: 83e4 f048 | b810 cd6d | 66fd 7f00 | 00ff d049 | 8be4 4d33 | e4e9 47ff | ffff f4f4 | f4f4 f4f4 
[/MachCode]


Compiled method (c1) 101490 1161       3       java.lang.reflect.Constructor::newInstanceWithCaller (51 bytes)
 total in heap  [0x000001e40d9a7e10,0x000001e40d9a83a0] = 1424
 relocation     [0x000001e40d9a7f70,0x000001e40d9a7fd8] = 104
 main code      [0x000001e40d9a7fe0,0x000001e40d9a8250] = 624
 stub code      [0x000001e40d9a8250,0x000001e40d9a82b8] = 104
 metadata       [0x000001e40d9a82b8,0x000001e40d9a82c0] = 8
 scopes data    [0x000001e40d9a82c0,0x000001e40d9a8318] = 88
 scopes pcs     [0x000001e40d9a8318,0x000001e40d9a8388] = 112
 dependencies   [0x000001e40d9a8388,0x000001e40d9a8390] = 8
 nul chk table  [0x000001e40d9a8390,0x000001e40d9a83a0] = 16

[Constant Pool (empty)]

[MachCode]
[Entry Point]
  # {method} {0x000001e425081188} 'newInstanceWithCaller' '([Ljava/lang/Object;ZLjava/lang/Class;)Ljava/lang/Object;' in 'java/lang/reflect/Constructor'
  # this:     rdx:rdx   = 'java/lang/reflect/Constructor'
  # parm0:    r8:r8     = '[Ljava/lang/Object;'
  # parm1:    r9        = boolean
  # parm2:    rdi:rdi   = 'java/lang/Class'
  #           [sp+0x60]  (sp of caller)
  0x000001e40d9a7fe0: 448b 5208 | 49bb 0000 | 0000 0800 | 0000 4d03 | d34c 3bd0 

  0x000001e40d9a7ff4: ;   {runtime_call ic_miss_stub}
  0x000001e40d9a7ff4: 0f85 8667 | 3707 660f | 1f44 0000 
[Verified Entry Point]
  0x000001e40d9a8000: 8984 2400 | 80ff ff55 | 4883 ec50 | 4181 7f20 | 0100 0000 

  0x000001e40d9a8014: ;   {runtime_call StubRoutines (final stubs)}
  0x000001e40d9a8014: 7405 e845 

  0x000001e40d9a8018: ;   {metadata(method data for {method} {0x000001e425081188} 'newInstanceWithCaller' '([Ljava/lang/Object;ZLjava/lang/Class;)Ljava/lang/Object;' in 'java/lang/reflect/Constructor')}
  0x000001e40d9a8018: 1b36 0748 | bec8 2bd5 | 25e4 0100 | 008b 9ecc | 0000 0083 | c302 899e | cc00 0000 | 81e3 fe07 
  0x000001e40d9a8038: 0000 85db | 0f84 a501 | 0000 4585 

  0x000001e40d9a8044: ;   {metadata(method data for {method} {0x000001e425081188} 'newInstanceWithCaller' '([Ljava/lang/Object;ZLjava/lang/Class;)Ljava/lang/Object;' in 'java/lang/reflect/Constructor')}
  0x000001e40d9a8044: c949 b9c8 | 2bd5 25e4 | 0100 0048 | c7c6 1001 | 0000 7407 | 48c7 c620 | 0100 0049 | 8b1c 3148 
  0x000001e40d9a8064: 8d5b 0149 | 891c 314c | 8944 2438 | 0f84 4b00 | 0000 8b72 | 2448 c1e6 | 038b 5a20 

  0x000001e40d9a8080: ;   {metadata(method data for {method} {0x000001e425081188} 'newInstanceWithCaller' '([Ljava/lang/Object;ZLjava/lang/Class;)Ljava/lang/Object;' in 'java/lang/reflect/Constructor')}
  0x000001e40d9a8080: 4c8b ca48 | b8c8 2bd5 | 25e4 0100 | 0048 8380 | 3001 0000 | 014c 8bc7 | 4c8b ce48 | 8bfe 488b 
  0x000001e40d9a80a0: f348 8bda | 488b d348 | 895c 2430 

  0x000001e40d9a80ac: ;   {optimized virtual_call}
  0x000001e40d9a80ac: 6666 90e8 

  0x000001e40d9a80b0: ; ImmutableOopMap {[48]=Oop [56]=Oop }
                      ;*invokevirtual checkAccess {reexecute=0 rethrow=0 return_oop=0}
                      ; - java.lang.reflect.Constructor::newInstanceWithCaller@18
  0x000001e40d9a80b0: 6c0a 0200 

  0x000001e40d9a80b4: ;   {other}
  0x000001e40d9a80b4: 0f1f 8400 | a402 0000 | 488b 5424 | 308b 7240 | 48c1 e603 

  0x000001e40d9a80c8: ;   {metadata(method data for {method} {0x000001e425081188} 'newInstanceWithCaller' '([Ljava/lang/Object;ZLjava/lang/Class;)Ljava/lang/Object;' in 'java/lang/reflect/Constructor')}
  0x000001e40d9a80c8: 4885 f648 | bfc8 2bd5 | 25e4 0100 | 0048 c7c3 | 6801 0000 | 7507 48c7 | c378 0100 | 0048 8b04 
  0x000001e40d9a80e8: 1f48 8d40 | 0148 8904 | 1f0f 8528 | 0000 0048 

  0x000001e40d9a80f8: ;   {metadata(method data for {method} {0x000001e425081188} 'newInstanceWithCaller' '([Ljava/lang/Object;ZLjava/lang/Class;)Ljava/lang/Object;' in 'java/lang/reflect/Constructor')}
  0x000001e40d9a80f8: 8bf2 48bf | c82b d525 | e401 0000 | 4883 8788 | 0100 0001 

  0x000001e40d9a810c: ;   {optimized virtual_call}
  0x000001e40d9a810c: 6666 90e8 

  0x000001e40d9a8110: ; ImmutableOopMap {[56]=Oop }
                      ;*invokevirtual acquireConstructorAccessor {reexecute=0 rethrow=0 return_oop=0}
                      ; - java.lang.reflect.Constructor::newInstanceWithCaller@33
  0x000001e40d9a8110: 5f01 0000 

  0x000001e40d9a8114: ;   {other}
  0x000001e40d9a8114: 0f1f 8400 | 0403 0001 | 488b f04c | 8b44 2438 

  0x000001e40d9a8124: ; implicit exception: dispatches to 0x000001e40d9a8208
  0x000001e40d9a8124: 483b 0648 

  0x000001e40d9a8128: ;   {metadata(method data for {method} {0x000001e425081188} 'newInstanceWithCaller' '([Ljava/lang/Object;ZLjava/lang/Class;)Ljava/lang/Object;' in 'java/lang/reflect/Constructor')}
  0x000001e40d9a8128: 8bd6 48bf | c82b d525 | e401 0000 | 8b52 0849 | ba00 0000 | 0008 0000 | 0049 03d2 | 483b 97d0 
  0x000001e40d9a8148: 0100 0075 | 0d48 8387 | d801 0000 | 01e9 6000 | 0000 483b | 97e0 0100 | 0075 0d48 | 8387 e801 
  0x000001e40d9a8168: 0000 01e9 | 4a00 0000 | 4883 bfd0 | 0100 0000 | 7517 4889 | 97d0 0100 | 0048 c787 | d801 0000 
  0x000001e40d9a8188: 0100 0000 | e929 0000 | 0048 83bf | e001 0000 | 0075 1748 | 8997 e001 | 0000 48c7 | 87e8 0100 
  0x000001e40d9a81a8: 0001 0000 | 00e9 0800 | 0000 4883 | 87c0 0100 | 0001 488b | d648 b878 | fa06 0008 

  0x000001e40d9a81c4: ;   {virtual_call}
  0x000001e40d9a81c4: 0000 00e8 

  0x000001e40d9a81c8: ; ImmutableOopMap {}
                      ;*invokeinterface newInstance {reexecute=0 rethrow=0 return_oop=0}
                      ; - java.lang.reflect.Constructor::newInstanceWithCaller@41
  0x000001e40d9a81c8: f40f 0400 

  0x000001e40d9a81cc: ;   {other}
  0x000001e40d9a81cc: 0f1f 8400 | bc03 0002 | 4883 c450 

  0x000001e40d9a81d8: ;   {poll_return}
  0x000001e40d9a81d8: 5d49 3ba7 | 4804 0000 | 0f87 2700 

  0x000001e40d9a81e4: ;   {metadata({method} {0x000001e425081188} 'newInstanceWithCaller' '([Ljava/lang/Object;ZLjava/lang/Class;)Ljava/lang/Object;' in 'java/lang/reflect/Constructor')}
  0x000001e40d9a81e4: 0000 c349 | ba80 1108 | 25e4 0100 | 004c 8954 | 2408 48c7 | 0424 ffff 

  0x000001e40d9a81fc: ;   {runtime_call counter_overflow Runtime1 stub}
  0x000001e40d9a81fc: ffff e87d 

  0x000001e40d9a8200: ; ImmutableOopMap {rdx=Oop r8=Oop rdi=Oop }
                      ;*synchronization entry
                      ; - java.lang.reflect.Constructor::newInstanceWithCaller@-1
  0x000001e40d9a8200: 9b43 07e9 | 3afe ffff 

  0x000001e40d9a8208: ;   {runtime_call throw_null_pointer_exception Runtime1 stub}
  0x000001e40d9a8208: e873 4a43 

  0x000001e40d9a820c: ; ImmutableOopMap {rsi=Oop r8=Oop }
                      ;*invokeinterface newInstance {reexecute=0 rethrow=0 return_oop=0}
                      ; - java.lang.reflect.Constructor::newInstanceWithCaller@41
                      ;   {internal_word}
  0x000001e40d9a820c: 0749 bad9 | 819a 0de4 | 0100 004d | 8997 6004 

  0x000001e40d9a821c: ;   {runtime_call SafepointBlob}
  0x000001e40d9a821c: 0000 e9dd | d437 0749 | 8b87 f804 | 0000 49c7 | 87f8 0400 | 0000 0000 | 0049 c787 | 0005 0000 
  0x000001e40d9a823c: 0000 0000 | 4883 c450 

  0x000001e40d9a8244: ;   {runtime_call unwind_exception Runtime1 stub}
  0x000001e40d9a8244: 5de9 b66a | 3a07 f4f4 | f4f4 f4f4 
[Stub Code]
  0x000001e40d9a8250: ;   {no_reloc}
  0x000001e40d9a8250: 0f1f 4400 

  0x000001e40d9a8254: ;   {static_stub}
  0x000001e40d9a8254: 0048 bb00 | 0000 0000 

  0x000001e40d9a825c: ;   {runtime_call nmethod}
  0x000001e40d9a825c: 0000 00e9 | fbff ffff 

  0x000001e40d9a8264: ;   {static_stub}
  0x000001e40d9a8264: 48bb 0000 | 0000 0000 

  0x000001e40d9a826c: ;   {runtime_call nmethod}
  0x000001e40d9a826c: 0000 e9fb 

  0x000001e40d9a8270: ;   {static_stub}
  0x000001e40d9a8270: ffff ff48 | bbe8 1308 | 25e4 0100 

  0x000001e40d9a827c: ;   {runtime_call I2C/C2I adapters}
  0x000001e40d9a827c: 00e9 e1b1 

  0x000001e40d9a8280: ;   {runtime_call handle_exception_from_callee Runtime1 stub}
  0x000001e40d9a8280: 3707 e8f9 

  0x000001e40d9a8284: ;   {external_word}
  0x000001e40d9a8284: 6743 0748 | b960 fe8d | 66fd 7f00 | 0048 83e4 

  0x000001e40d9a8294: ;   {runtime_call}
  0x000001e40d9a8294: f048 b800 | 995c 66fd | 7f00 00ff 

  0x000001e40d9a82a0: ;   {section_word}
  0x000001e40d9a82a0: d0f4 49ba | a282 9a0d | e401 0000 

  0x000001e40d9a82ac: ;   {runtime_call DeoptimizationBlob}
  0x000001e40d9a82ac: 4152 e9ed | c637 07f4 | f4f4 f4f4 
[/MachCode]


---------------  P R O C E S S  ---------------

Threads class SMR info:
_java_thread_list=0x000001e429540c90, length=11, elements={
0x000001e40a64f530, 0x000001e42463cba0, 0x000001e42463f610, 0x000001e424640070,
0x000001e424654ac0, 0x000001e424656530, 0x000001e424656f90, 0x000001e4246579f0,
0x000001e424659790, 0x000001e42465c760, 0x000001e42481bfb0
}

Java Threads: ( => current thread )
=>0x000001e40a64f530 JavaThread "main"                              [_thread_in_native, id=21272, stack(0x0000006d01900000,0x0000006d01a00000) (1024K)]
  0x000001e42463cba0 JavaThread "Common-Cleaner"             daemon [_thread_blocked, id=26192, stack(0x0000006d02100000,0x0000006d02200000) (1024K)]
  0x000001e42463f610 JavaThread "Reference Handler"          daemon [_thread_blocked, id=32300, stack(0x0000006d02200000,0x0000006d02300000) (1024K)]
  0x000001e424640070 JavaThread "Finalizer"                  daemon [_thread_blocked, id=32392, stack(0x0000006d02300000,0x0000006d02400000) (1024K)]
  0x000001e424654ac0 JavaThread "Signal Dispatcher"          daemon [_thread_blocked, id=25984, stack(0x0000006d02400000,0x0000006d02500000) (1024K)]
  0x000001e424656530 JavaThread "Attach Listener"            daemon [_thread_blocked, id=27136, stack(0x0000006d02500000,0x0000006d02600000) (1024K)]
  0x000001e424656f90 JavaThread "Service Thread"             daemon [_thread_blocked, id=32112, stack(0x0000006d02600000,0x0000006d02700000) (1024K)]
  0x000001e4246579f0 JavaThread "Monitor Deflation Thread"   daemon [_thread_blocked, id=18552, stack(0x0000006d02700000,0x0000006d02800000) (1024K)]
  0x000001e424659790 JavaThread "C2 CompilerThread0"         daemon [_thread_blocked, id=30080, stack(0x0000006d02800000,0x0000006d02900000) (1024K)]
  0x000001e42465c760 JavaThread "C1 CompilerThread0"         daemon [_thread_blocked, id=32252, stack(0x0000006d02900000,0x0000006d02a00000) (1024K)]
  0x000001e42481bfb0 JavaThread "Notification Thread"        daemon [_thread_blocked, id=25316, stack(0x0000006d02a00000,0x0000006d02b00000) (1024K)]
Total: 11

Other Threads:
  0x000001e4245f3060 VMThread "VM Thread"                           [id=15256, stack(0x0000006d02000000,0x0000006d02100000) (1024K)]
  0x000001e424425290 WatcherThread "VM Periodic Task Thread"        [id=25164, stack(0x0000006d01f00000,0x0000006d02000000) (1024K)]
  0x000001e40a6b3420 WorkerThread "GC Thread#0"                     [id=25012, stack(0x0000006d01a00000,0x0000006d01b00000) (1024K)]
  0x000001e42968e7b0 WorkerThread "GC Thread#1"                     [id=15260, stack(0x0000006d02b00000,0x0000006d02c00000) (1024K)]
  0x000001e42968d1e0 WorkerThread "GC Thread#2"                     [id=9544, stack(0x0000006d02c00000,0x0000006d02d00000) (1024K)]
  0x000001e42968d580 WorkerThread "GC Thread#3"                     [id=3704, stack(0x0000006d02d00000,0x0000006d02e00000) (1024K)]
  0x000001e42968d920 WorkerThread "GC Thread#4"                     [id=6056, stack(0x0000006d02e00000,0x0000006d02f00000) (1024K)]
  0x000001e4293802d0 WorkerThread "GC Thread#5"                     [id=30896, stack(0x0000006d02f00000,0x0000006d03000000) (1024K)]
  0x000001e4294edff0 WorkerThread "GC Thread#6"                     [id=25376, stack(0x0000006d03000000,0x0000006d03100000) (1024K)]
  0x000001e40a6c4190 ConcurrentGCThread "G1 Main Marker"            [id=20280, stack(0x0000006d01b00000,0x0000006d01c00000) (1024K)]
  0x000001e40a6c4c90 WorkerThread "G1 Conc#0"                       [id=20248, stack(0x0000006d01c00000,0x0000006d01d00000) (1024K)]
  0x000001e40a70e620 ConcurrentGCThread "G1 Refine#0"               [id=12968, stack(0x0000006d01d00000,0x0000006d01e00000) (1024K)]
  0x000001e4242fa6d0 ConcurrentGCThread "G1 Service"                [id=22004, stack(0x0000006d01e00000,0x0000006d01f00000) (1024K)]
Total: 13

Threads with active compile tasks:
Total: 0

VM state: not at safepoint (normal execution)

VM Mutex/Monitor currently owned by a thread: None

Heap address: 0x0000000702600000, size: 4058 MB, Compressed Oops mode: Zero based, Oop shift amount: 3

CDS archive(s) not mapped
Compressed class space mapped at: 0x0000000800000000-0x0000000840000000, reserved size: 1073741824
Narrow klass base: 0x0000000800000000, Narrow klass shift: 0, Narrow klass range: 0x40000000

GC Precious Log:
 CardTable entry size: 512
 Card Set container configuration: InlinePtr #cards 4 size 8 Array Of Cards #cards 16 size 48 Howl #buckets 8 coarsen threshold 3686 Howl Bitmap #cards 512 size 80 coarsen threshold 460 Card regions per heap region 1 cards per card region 4096
 CPUs: 8 total, 8 available
 Memory: 16231M
 Large Page Support: Disabled
 NUMA Support: Disabled
 Compressed Oops: Enabled (Zero based)
 Heap Region Size: 2M
 Heap Min Capacity: 8M
 Heap Initial Capacity: 254M
 Heap Max Capacity: 4058M
 Pre-touch: Disabled
 Parallel Workers: 8
 Concurrent Workers: 2
 Concurrent Refinement Workers: 8
 Periodic GC: Disabled

Heap:
 garbage-first heap   total 260096K, used 35160K [0x0000000702600000, 0x0000000800000000)
  region size 2048K, 19 young (38912K), 2 survivors (4096K)
 Metaspace       used 19882K, committed 20096K, reserved 1114112K
  class space    used 1999K, committed 2112K, reserved 1048576K

Heap Regions: E=young(eden), S=young(survivor), O=old, HS=humongous(starts), HC=humongous(continues), CS=collection set, F=free, TAMS=top-at-mark-start, PB=parsable bottom
|   0|0x0000000702600000, 0x00000007026561f0, 0x0000000702800000| 16%| O|  |TAMS 0x0000000702600000| PB 0x0000000702600000| Untracked 
|   1|0x0000000702800000, 0x0000000702800000, 0x0000000702a00000|  0%| F|  |TAMS 0x0000000702800000| PB 0x0000000702800000| Untracked 
|   2|0x0000000702a00000, 0x0000000702a00000, 0x0000000702c00000|  0%| F|  |TAMS 0x0000000702a00000| PB 0x0000000702a00000| Untracked 
|   3|0x0000000702c00000, 0x0000000702c00000, 0x0000000702e00000|  0%| F|  |TAMS 0x0000000702c00000| PB 0x0000000702c00000| Untracked 
|   4|0x0000000702e00000, 0x0000000702e00000, 0x0000000703000000|  0%| F|  |TAMS 0x0000000702e00000| PB 0x0000000702e00000| Untracked 
|   5|0x0000000703000000, 0x0000000703000000, 0x0000000703200000|  0%| F|  |TAMS 0x0000000703000000| PB 0x0000000703000000| Untracked 
|   6|0x0000000703200000, 0x0000000703200000, 0x0000000703400000|  0%| F|  |TAMS 0x0000000703200000| PB 0x0000000703200000| Untracked 
|   7|0x0000000703400000, 0x0000000703400000, 0x0000000703600000|  0%| F|  |TAMS 0x0000000703400000| PB 0x0000000703400000| Untracked 
|   8|0x0000000703600000, 0x0000000703600000, 0x0000000703800000|  0%| F|  |TAMS 0x0000000703600000| PB 0x0000000703600000| Untracked 
|   9|0x0000000703800000, 0x0000000703800000, 0x0000000703a00000|  0%| F|  |TAMS 0x0000000703800000| PB 0x0000000703800000| Untracked 
|  10|0x0000000703a00000, 0x0000000703a00000, 0x0000000703c00000|  0%| F|  |TAMS 0x0000000703a00000| PB 0x0000000703a00000| Untracked 
|  11|0x0000000703c00000, 0x0000000703c00000, 0x0000000703e00000|  0%| F|  |TAMS 0x0000000703c00000| PB 0x0000000703c00000| Untracked 
|  12|0x0000000703e00000, 0x0000000703e00000, 0x0000000704000000|  0%| F|  |TAMS 0x0000000703e00000| PB 0x0000000703e00000| Untracked 
|  13|0x0000000704000000, 0x0000000704000000, 0x0000000704200000|  0%| F|  |TAMS 0x0000000704000000| PB 0x0000000704000000| Untracked 
|  14|0x0000000704200000, 0x0000000704200000, 0x0000000704400000|  0%| F|  |TAMS 0x0000000704200000| PB 0x0000000704200000| Untracked 
|  15|0x0000000704400000, 0x0000000704400000, 0x0000000704600000|  0%| F|  |TAMS 0x0000000704400000| PB 0x0000000704400000| Untracked 
|  16|0x0000000704600000, 0x0000000704600000, 0x0000000704800000|  0%| F|  |TAMS 0x0000000704600000| PB 0x0000000704600000| Untracked 
|  17|0x0000000704800000, 0x0000000704800000, 0x0000000704a00000|  0%| F|  |TAMS 0x0000000704800000| PB 0x0000000704800000| Untracked 
|  18|0x0000000704a00000, 0x0000000704a00000, 0x0000000704c00000|  0%| F|  |TAMS 0x0000000704a00000| PB 0x0000000704a00000| Untracked 
|  19|0x0000000704c00000, 0x0000000704c00000, 0x0000000704e00000|  0%| F|  |TAMS 0x0000000704c00000| PB 0x0000000704c00000| Untracked 
|  20|0x0000000704e00000, 0x0000000704e00000, 0x0000000705000000|  0%| F|  |TAMS 0x0000000704e00000| PB 0x0000000704e00000| Untracked 
|  21|0x0000000705000000, 0x0000000705000000, 0x0000000705200000|  0%| F|  |TAMS 0x0000000705000000| PB 0x0000000705000000| Untracked 
|  22|0x0000000705200000, 0x0000000705200000, 0x0000000705400000|  0%| F|  |TAMS 0x0000000705200000| PB 0x0000000705200000| Untracked 
|  23|0x0000000705400000, 0x0000000705400000, 0x0000000705600000|  0%| F|  |TAMS 0x0000000705400000| PB 0x0000000705400000| Untracked 
|  24|0x0000000705600000, 0x0000000705600000, 0x0000000705800000|  0%| F|  |TAMS 0x0000000705600000| PB 0x0000000705600000| Untracked 
|  25|0x0000000705800000, 0x0000000705800000, 0x0000000705a00000|  0%| F|  |TAMS 0x0000000705800000| PB 0x0000000705800000| Untracked 
|  26|0x0000000705a00000, 0x0000000705a00000, 0x0000000705c00000|  0%| F|  |TAMS 0x0000000705a00000| PB 0x0000000705a00000| Untracked 
|  27|0x0000000705c00000, 0x0000000705c00000, 0x0000000705e00000|  0%| F|  |TAMS 0x0000000705c00000| PB 0x0000000705c00000| Untracked 
|  28|0x0000000705e00000, 0x0000000705e00000, 0x0000000706000000|  0%| F|  |TAMS 0x0000000705e00000| PB 0x0000000705e00000| Untracked 
|  29|0x0000000706000000, 0x0000000706000000, 0x0000000706200000|  0%| F|  |TAMS 0x0000000706000000| PB 0x0000000706000000| Untracked 
|  30|0x0000000706200000, 0x0000000706200000, 0x0000000706400000|  0%| F|  |TAMS 0x0000000706200000| PB 0x0000000706200000| Untracked 
|  31|0x0000000706400000, 0x0000000706400000, 0x0000000706600000|  0%| F|  |TAMS 0x0000000706400000| PB 0x0000000706400000| Untracked 
|  32|0x0000000706600000, 0x0000000706600000, 0x0000000706800000|  0%| F|  |TAMS 0x0000000706600000| PB 0x0000000706600000| Untracked 
|  33|0x0000000706800000, 0x0000000706800000, 0x0000000706a00000|  0%| F|  |TAMS 0x0000000706800000| PB 0x0000000706800000| Untracked 
|  34|0x0000000706a00000, 0x0000000706a00000, 0x0000000706c00000|  0%| F|  |TAMS 0x0000000706a00000| PB 0x0000000706a00000| Untracked 
|  35|0x0000000706c00000, 0x0000000706c00000, 0x0000000706e00000|  0%| F|  |TAMS 0x0000000706c00000| PB 0x0000000706c00000| Untracked 
|  36|0x0000000706e00000, 0x0000000706e00000, 0x0000000707000000|  0%| F|  |TAMS 0x0000000706e00000| PB 0x0000000706e00000| Untracked 
|  37|0x0000000707000000, 0x0000000707000000, 0x0000000707200000|  0%| F|  |TAMS 0x0000000707000000| PB 0x0000000707000000| Untracked 
|  38|0x0000000707200000, 0x0000000707200000, 0x0000000707400000|  0%| F|  |TAMS 0x0000000707200000| PB 0x0000000707200000| Untracked 
|  39|0x0000000707400000, 0x0000000707400000, 0x0000000707600000|  0%| F|  |TAMS 0x0000000707400000| PB 0x0000000707400000| Untracked 
|  40|0x0000000707600000, 0x0000000707600000, 0x0000000707800000|  0%| F|  |TAMS 0x0000000707600000| PB 0x0000000707600000| Untracked 
|  41|0x0000000707800000, 0x0000000707800000, 0x0000000707a00000|  0%| F|  |TAMS 0x0000000707800000| PB 0x0000000707800000| Untracked 
|  42|0x0000000707a00000, 0x0000000707a00000, 0x0000000707c00000|  0%| F|  |TAMS 0x0000000707a00000| PB 0x0000000707a00000| Untracked 
|  43|0x0000000707c00000, 0x0000000707c00000, 0x0000000707e00000|  0%| F|  |TAMS 0x0000000707c00000| PB 0x0000000707c00000| Untracked 
|  44|0x0000000707e00000, 0x0000000707e00000, 0x0000000708000000|  0%| F|  |TAMS 0x0000000707e00000| PB 0x0000000707e00000| Untracked 
|  45|0x0000000708000000, 0x0000000708000000, 0x0000000708200000|  0%| F|  |TAMS 0x0000000708000000| PB 0x0000000708000000| Untracked 
|  46|0x0000000708200000, 0x0000000708200000, 0x0000000708400000|  0%| F|  |TAMS 0x0000000708200000| PB 0x0000000708200000| Untracked 
|  47|0x0000000708400000, 0x0000000708400000, 0x0000000708600000|  0%| F|  |TAMS 0x0000000708400000| PB 0x0000000708400000| Untracked 
|  48|0x0000000708600000, 0x0000000708600000, 0x0000000708800000|  0%| F|  |TAMS 0x0000000708600000| PB 0x0000000708600000| Untracked 
|  49|0x0000000708800000, 0x0000000708800000, 0x0000000708a00000|  0%| F|  |TAMS 0x0000000708800000| PB 0x0000000708800000| Untracked 
|  50|0x0000000708a00000, 0x0000000708a00000, 0x0000000708c00000|  0%| F|  |TAMS 0x0000000708a00000| PB 0x0000000708a00000| Untracked 
|  51|0x0000000708c00000, 0x0000000708c00000, 0x0000000708e00000|  0%| F|  |TAMS 0x0000000708c00000| PB 0x0000000708c00000| Untracked 
|  52|0x0000000708e00000, 0x0000000708e00000, 0x0000000709000000|  0%| F|  |TAMS 0x0000000708e00000| PB 0x0000000708e00000| Untracked 
|  53|0x0000000709000000, 0x0000000709000000, 0x0000000709200000|  0%| F|  |TAMS 0x0000000709000000| PB 0x0000000709000000| Untracked 
|  54|0x0000000709200000, 0x0000000709200000, 0x0000000709400000|  0%| F|  |TAMS 0x0000000709200000| PB 0x0000000709200000| Untracked 
|  55|0x0000000709400000, 0x0000000709400000, 0x0000000709600000|  0%| F|  |TAMS 0x0000000709400000| PB 0x0000000709400000| Untracked 
|  56|0x0000000709600000, 0x0000000709600000, 0x0000000709800000|  0%| F|  |TAMS 0x0000000709600000| PB 0x0000000709600000| Untracked 
|  57|0x0000000709800000, 0x0000000709800000, 0x0000000709a00000|  0%| F|  |TAMS 0x0000000709800000| PB 0x0000000709800000| Untracked 
|  58|0x0000000709a00000, 0x0000000709a00000, 0x0000000709c00000|  0%| F|  |TAMS 0x0000000709a00000| PB 0x0000000709a00000| Untracked 
|  59|0x0000000709c00000, 0x0000000709c00000, 0x0000000709e00000|  0%| F|  |TAMS 0x0000000709c00000| PB 0x0000000709c00000| Untracked 
|  60|0x0000000709e00000, 0x0000000709e00000, 0x000000070a000000|  0%| F|  |TAMS 0x0000000709e00000| PB 0x0000000709e00000| Untracked 
|  61|0x000000070a000000, 0x000000070a000000, 0x000000070a200000|  0%| F|  |TAMS 0x000000070a000000| PB 0x000000070a000000| Untracked 
|  62|0x000000070a200000, 0x000000070a200000, 0x000000070a400000|  0%| F|  |TAMS 0x000000070a200000| PB 0x000000070a200000| Untracked 
|  63|0x000000070a400000, 0x000000070a400000, 0x000000070a600000|  0%| F|  |TAMS 0x000000070a400000| PB 0x000000070a400000| Untracked 
|  64|0x000000070a600000, 0x000000070a600000, 0x000000070a800000|  0%| F|  |TAMS 0x000000070a600000| PB 0x000000070a600000| Untracked 
|  65|0x000000070a800000, 0x000000070a800000, 0x000000070aa00000|  0%| F|  |TAMS 0x000000070a800000| PB 0x000000070a800000| Untracked 
|  66|0x000000070aa00000, 0x000000070aa00000, 0x000000070ac00000|  0%| F|  |TAMS 0x000000070aa00000| PB 0x000000070aa00000| Untracked 
|  67|0x000000070ac00000, 0x000000070ac00000, 0x000000070ae00000|  0%| F|  |TAMS 0x000000070ac00000| PB 0x000000070ac00000| Untracked 
|  68|0x000000070ae00000, 0x000000070ae00000, 0x000000070b000000|  0%| F|  |TAMS 0x000000070ae00000| PB 0x000000070ae00000| Untracked 
|  69|0x000000070b000000, 0x000000070b000000, 0x000000070b200000|  0%| F|  |TAMS 0x000000070b000000| PB 0x000000070b000000| Untracked 
|  70|0x000000070b200000, 0x000000070b200000, 0x000000070b400000|  0%| F|  |TAMS 0x000000070b200000| PB 0x000000070b200000| Untracked 
|  71|0x000000070b400000, 0x000000070b400000, 0x000000070b600000|  0%| F|  |TAMS 0x000000070b400000| PB 0x000000070b400000| Untracked 
|  72|0x000000070b600000, 0x000000070b600000, 0x000000070b800000|  0%| F|  |TAMS 0x000000070b600000| PB 0x000000070b600000| Untracked 
|  73|0x000000070b800000, 0x000000070b800000, 0x000000070ba00000|  0%| F|  |TAMS 0x000000070b800000| PB 0x000000070b800000| Untracked 
|  74|0x000000070ba00000, 0x000000070ba00000, 0x000000070bc00000|  0%| F|  |TAMS 0x000000070ba00000| PB 0x000000070ba00000| Untracked 
|  75|0x000000070bc00000, 0x000000070bc00000, 0x000000070be00000|  0%| F|  |TAMS 0x000000070bc00000| PB 0x000000070bc00000| Untracked 
|  76|0x000000070be00000, 0x000000070be00000, 0x000000070c000000|  0%| F|  |TAMS 0x000000070be00000| PB 0x000000070be00000| Untracked 
|  77|0x000000070c000000, 0x000000070c000000, 0x000000070c200000|  0%| F|  |TAMS 0x000000070c000000| PB 0x000000070c000000| Untracked 
|  78|0x000000070c200000, 0x000000070c200000, 0x000000070c400000|  0%| F|  |TAMS 0x000000070c200000| PB 0x000000070c200000| Untracked 
|  79|0x000000070c400000, 0x000000070c400000, 0x000000070c600000|  0%| F|  |TAMS 0x000000070c400000| PB 0x000000070c400000| Untracked 
|  80|0x000000070c600000, 0x000000070c600000, 0x000000070c800000|  0%| F|  |TAMS 0x000000070c600000| PB 0x000000070c600000| Untracked 
|  81|0x000000070c800000, 0x000000070c800000, 0x000000070ca00000|  0%| F|  |TAMS 0x000000070c800000| PB 0x000000070c800000| Untracked 
|  82|0x000000070ca00000, 0x000000070ca00000, 0x000000070cc00000|  0%| F|  |TAMS 0x000000070ca00000| PB 0x000000070ca00000| Untracked 
|  83|0x000000070cc00000, 0x000000070cc00000, 0x000000070ce00000|  0%| F|  |TAMS 0x000000070cc00000| PB 0x000000070cc00000| Untracked 
|  84|0x000000070ce00000, 0x000000070ce00000, 0x000000070d000000|  0%| F|  |TAMS 0x000000070ce00000| PB 0x000000070ce00000| Untracked 
|  85|0x000000070d000000, 0x000000070d000000, 0x000000070d200000|  0%| F|  |TAMS 0x000000070d000000| PB 0x000000070d000000| Untracked 
|  86|0x000000070d200000, 0x000000070d200000, 0x000000070d400000|  0%| F|  |TAMS 0x000000070d200000| PB 0x000000070d200000| Untracked 
|  87|0x000000070d400000, 0x000000070d400000, 0x000000070d600000|  0%| F|  |TAMS 0x000000070d400000| PB 0x000000070d400000| Untracked 
|  88|0x000000070d600000, 0x000000070d600000, 0x000000070d800000|  0%| F|  |TAMS 0x000000070d600000| PB 0x000000070d600000| Untracked 
|  89|0x000000070d800000, 0x000000070d800000, 0x000000070da00000|  0%| F|  |TAMS 0x000000070d800000| PB 0x000000070d800000| Untracked 
|  90|0x000000070da00000, 0x000000070da00000, 0x000000070dc00000|  0%| F|  |TAMS 0x000000070da00000| PB 0x000000070da00000| Untracked 
|  91|0x000000070dc00000, 0x000000070dc00000, 0x000000070de00000|  0%| F|  |TAMS 0x000000070dc00000| PB 0x000000070dc00000| Untracked 
|  92|0x000000070de00000, 0x000000070de00000, 0x000000070e000000|  0%| F|  |TAMS 0x000000070de00000| PB 0x000000070de00000| Untracked 
|  93|0x000000070e000000, 0x000000070e000000, 0x000000070e200000|  0%| F|  |TAMS 0x000000070e000000| PB 0x000000070e000000| Untracked 
|  94|0x000000070e200000, 0x000000070e200000, 0x000000070e400000|  0%| F|  |TAMS 0x000000070e200000| PB 0x000000070e200000| Untracked 
|  95|0x000000070e400000, 0x000000070e400000, 0x000000070e600000|  0%| F|  |TAMS 0x000000070e400000| PB 0x000000070e400000| Untracked 
|  96|0x000000070e600000, 0x000000070e600000, 0x000000070e800000|  0%| F|  |TAMS 0x000000070e600000| PB 0x000000070e600000| Untracked 
|  97|0x000000070e800000, 0x000000070e800000, 0x000000070ea00000|  0%| F|  |TAMS 0x000000070e800000| PB 0x000000070e800000| Untracked 
|  98|0x000000070ea00000, 0x000000070ea00000, 0x000000070ec00000|  0%| F|  |TAMS 0x000000070ea00000| PB 0x000000070ea00000| Untracked 
|  99|0x000000070ec00000, 0x000000070ec00000, 0x000000070ee00000|  0%| F|  |TAMS 0x000000070ec00000| PB 0x000000070ec00000| Untracked 
| 100|0x000000070ee00000, 0x000000070ee00000, 0x000000070f000000|  0%| F|  |TAMS 0x000000070ee00000| PB 0x000000070ee00000| Untracked 
| 101|0x000000070f000000, 0x000000070f000000, 0x000000070f200000|  0%| F|  |TAMS 0x000000070f000000| PB 0x000000070f000000| Untracked 
| 102|0x000000070f200000, 0x000000070f200000, 0x000000070f400000|  0%| F|  |TAMS 0x000000070f200000| PB 0x000000070f200000| Untracked 
| 103|0x000000070f400000, 0x000000070f400000, 0x000000070f600000|  0%| F|  |TAMS 0x000000070f400000| PB 0x000000070f400000| Untracked 
| 104|0x000000070f600000, 0x000000070f600000, 0x000000070f800000|  0%| F|  |TAMS 0x000000070f600000| PB 0x000000070f600000| Untracked 
| 105|0x000000070f800000, 0x000000070f800000, 0x000000070fa00000|  0%| F|  |TAMS 0x000000070f800000| PB 0x000000070f800000| Untracked 
| 106|0x000000070fa00000, 0x000000070fa00000, 0x000000070fc00000|  0%| F|  |TAMS 0x000000070fa00000| PB 0x000000070fa00000| Untracked 
| 107|0x000000070fc00000, 0x000000070fc00000, 0x000000070fe00000|  0%| F|  |TAMS 0x000000070fc00000| PB 0x000000070fc00000| Untracked 
| 108|0x000000070fe00000, 0x000000070ff6f498, 0x0000000710000000| 71%| E|  |TAMS 0x000000070fe00000| PB 0x000000070fe00000| Complete 
| 109|0x0000000710000000, 0x0000000710200000, 0x0000000710200000|100%| E|CS|TAMS 0x0000000710000000| PB 0x0000000710000000| Complete 
| 110|0x0000000710200000, 0x0000000710400000, 0x0000000710400000|100%| E|CS|TAMS 0x0000000710200000| PB 0x0000000710200000| Complete 
| 111|0x0000000710400000, 0x0000000710600000, 0x0000000710600000|100%| E|  |TAMS 0x0000000710400000| PB 0x0000000710400000| Complete 
| 112|0x0000000710600000, 0x0000000710800000, 0x0000000710800000|100%| E|CS|TAMS 0x0000000710600000| PB 0x0000000710600000| Complete 
| 113|0x0000000710800000, 0x0000000710a00000, 0x0000000710a00000|100%| E|CS|TAMS 0x0000000710800000| PB 0x0000000710800000| Complete 
| 114|0x0000000710a00000, 0x0000000710c00000, 0x0000000710c00000|100%| S|CS|TAMS 0x0000000710a00000| PB 0x0000000710a00000| Complete 
| 115|0x0000000710c00000, 0x0000000710e00000, 0x0000000710e00000|100%| S|CS|TAMS 0x0000000710c00000| PB 0x0000000710c00000| Complete 
| 116|0x0000000710e00000, 0x0000000711000000, 0x0000000711000000|100%| E|CS|TAMS 0x0000000710e00000| PB 0x0000000710e00000| Complete 
| 117|0x0000000711000000, 0x0000000711200000, 0x0000000711200000|100%| E|CS|TAMS 0x0000000711000000| PB 0x0000000711000000| Complete 
| 118|0x0000000711200000, 0x0000000711400000, 0x0000000711400000|100%| E|CS|TAMS 0x0000000711200000| PB 0x0000000711200000| Complete 
| 119|0x0000000711400000, 0x0000000711600000, 0x0000000711600000|100%| E|CS|TAMS 0x0000000711400000| PB 0x0000000711400000| Complete 
| 120|0x0000000711600000, 0x0000000711800000, 0x0000000711800000|100%| E|CS|TAMS 0x0000000711600000| PB 0x0000000711600000| Complete 
| 121|0x0000000711800000, 0x0000000711a00000, 0x0000000711a00000|100%| E|CS|TAMS 0x0000000711800000| PB 0x0000000711800000| Complete 
| 122|0x0000000711a00000, 0x0000000711c00000, 0x0000000711c00000|100%| E|CS|TAMS 0x0000000711a00000| PB 0x0000000711a00000| Complete 
| 123|0x0000000711c00000, 0x0000000711e00000, 0x0000000711e00000|100%| E|CS|TAMS 0x0000000711c00000| PB 0x0000000711c00000| Complete 
| 124|0x0000000711e00000, 0x0000000712000000, 0x0000000712000000|100%| E|CS|TAMS 0x0000000711e00000| PB 0x0000000711e00000| Complete 
| 125|0x0000000712000000, 0x0000000712200000, 0x0000000712200000|100%| E|CS|TAMS 0x0000000712000000| PB 0x0000000712000000| Complete 
| 126|0x0000000712200000, 0x0000000712400000, 0x0000000712400000|100%| E|CS|TAMS 0x0000000712200000| PB 0x0000000712200000| Complete 

Card table byte_map: [0x000001e41d2c0000,0x000001e41dab0000] _byte_map_base: 0x000001e419aad000

Marking Bits: (CMBitMap*) 0x000001e40a6b3b20
 Bits: [0x000001e41dab0000, 0x000001e421a18000)

Polling page: 0x000001e408650000

Metaspace:

Usage:
  Non-class:     17.46 MB used.
      Class:      1.95 MB used.
       Both:     19.42 MB used.

Virtual space:
  Non-class space:       64.00 MB reserved,      17.56 MB ( 27%) committed,  1 nodes.
      Class space:        1.00 GB reserved,       2.06 MB ( <1%) committed,  1 nodes.
             Both:        1.06 GB reserved,      19.62 MB (  2%) committed. 

Chunk freelists:
   Non-Class:  14.23 MB
       Class:  13.97 MB
        Both:  28.20 MB

MaxMetaspaceSize: unlimited
CompressedClassSpaceSize: 1.00 GB
Initial GC threshold: 21.00 MB
Current GC threshold: 21.00 MB
CDS: off
 - commit_granule_bytes: 65536.
 - commit_granule_words: 8192.
 - virtual_space_node_default_size: 8388608.
 - enlarge_chunks_in_place: 1.
 - use_allocation_guard: 0.


Internal statistics:

num_allocs_failed_limit: 0.
num_arena_births: 134.
num_arena_deaths: 0.
num_vsnodes_births: 2.
num_vsnodes_deaths: 0.
num_space_committed: 313.
num_space_uncommitted: 0.
num_chunks_returned_to_freelist: 0.
num_chunks_taken_from_freelist: 435.
num_chunk_merges: 0.
num_chunk_splits: 296.
num_chunks_enlarged: 228.
num_inconsistent_stats: 0.

CodeHeap 'non-profiled nmethods': size=120000Kb used=789Kb max_used=789Kb free=119210Kb
 bounds [0x000001e415270000, 0x000001e4154e0000, 0x000001e41c7a0000]
CodeHeap 'profiled nmethods': size=120000Kb used=4703Kb max_used=4703Kb free=115296Kb
 bounds [0x000001e40d7a0000, 0x000001e40dc40000, 0x000001e414cd0000]
CodeHeap 'non-nmethods': size=5760Kb used=1390Kb max_used=1406Kb free=4369Kb
 bounds [0x000001e414cd0000, 0x000001e414f40000, 0x000001e415270000]
 total_blobs=2762 nmethods=2259 adapters=407
 compilation: enabled
              stopped_count=0, restarted_count=0
 full_count=0

Compilation events (20 events):
Event: 74.764 Thread 0x000001e424659790 2253       4       java.lang.ThreadLocal$ThreadLocalMap::getEntry (42 bytes)
Event: 74.767 Thread 0x000001e424659790 nmethod 2253 0x000001e415334810 code [0x000001e4153349c0, 0x000001e415334b30]
Event: 74.960 Thread 0x000001e424659790 2254       4       java.lang.StringLatin1::inflate (34 bytes)
Event: 74.970 Thread 0x000001e424659790 nmethod 2254 0x000001e415334c90 code [0x000001e415334e20, 0x000001e415335038]
Event: 75.050 Thread 0x000001e42465c760 2255       3       java.lang.String::getChars (55 bytes)
Event: 75.051 Thread 0x000001e42465c760 nmethod 2255 0x000001e40dc33910 code [0x000001e40dc33b40, 0x000001e40dc34248]
Event: 75.411 Thread 0x000001e42465c760 2256       1       java.lang.reflect.Constructor::getDeclaringClass (5 bytes)
Event: 75.411 Thread 0x000001e42465c760 nmethod 2256 0x000001e415335110 code [0x000001e4153352a0, 0x000001e415335370]
Event: 75.412 Thread 0x000001e42465c760 2257       3       java.lang.invoke.MethodType::dropParameterTypes (162 bytes)
Event: 75.413 Thread 0x000001e42465c760 nmethod 2257 0x000001e40dc34590 code [0x000001e40dc348a0, 0x000001e40dc357a0]
Event: 75.414 Thread 0x000001e42465c760 2259       3       java.lang.invoke.MethodHandleNatives::refKindHasReceiver (33 bytes)
Event: 75.415 Thread 0x000001e42465c760 nmethod 2259 0x000001e40dc35d10 code [0x000001e40dc35ea0, 0x000001e40dc35ff0]
Event: 76.069 Thread 0x000001e42465c760 2260       3       java.lang.String::encodeUTF8 (141 bytes)
Event: 76.070 Thread 0x000001e42465c760 nmethod 2260 0x000001e40dc36090 code [0x000001e40dc362e0, 0x000001e40dc369e0]
Event: 76.070 Thread 0x000001e42465c760 2261       3       java.lang.invoke.VarHandleByteArrayAsInts$ArrayHandle::index (12 bytes)
Event: 76.070 Thread 0x000001e42465c760 nmethod 2261 0x000001e40dc36c90 code [0x000001e40dc36e40, 0x000001e40dc36f88]
Event: 76.070 Thread 0x000001e42465c760 2262       3       java.lang.invoke.VarHandleByteArrayAsInts$ArrayHandle::get (36 bytes)
Event: 76.071 Thread 0x000001e42465c760 nmethod 2262 0x000001e40dc37090 code [0x000001e40dc37260, 0x000001e40dc37638]
Event: 76.071 Thread 0x000001e42465c760 2263       3       java.lang.String::encode (48 bytes)
Event: 76.071 Thread 0x000001e42465c760 nmethod 2263 0x000001e40dc37810 code [0x000001e40dc37a20, 0x000001e40dc37d68]

GC Heap History (2 events):
Event: 43.023 GC heap before
{Heap before GC invocations=0 (full 0):
 garbage-first heap   total 260096K, used 20480K [0x0000000702600000, 0x0000000800000000)
  region size 2048K, 11 young (22528K), 0 survivors (0K)
 Metaspace       used 15306K, committed 15552K, reserved 1114112K
  class space    used 1536K, committed 1664K, reserved 1048576K
}
Event: 43.115 GC heap after
{Heap after GC invocations=1 (full 0):
 garbage-first heap   total 260096K, used 4440K [0x0000000702600000, 0x0000000800000000)
  region size 2048K, 2 young (4096K), 2 survivors (4096K)
 Metaspace       used 15306K, committed 15552K, reserved 1114112K
  class space    used 1536K, committed 1664K, reserved 1048576K
}

Dll operation events (2 events):
Event: 0.264 Loaded shared library C:\Program Files\Android\Android Studio\jbr\bin\java.dll
Event: 0.592 Loaded shared library C:\Program Files\Android\Android Studio\jbr\bin\zip.dll

Deoptimization events (20 events):
Event: 71.046 Thread 0x000001e40a64f530 Uncommon trap: trap_request=0xffffff45 fr.pc=0x000001e4152fc594 relative=0x0000000000000994
Event: 71.046 Thread 0x000001e40a64f530 Uncommon trap: reason=unstable_if action=reinterpret pc=0x000001e4152fc594 method=java.util.regex.Matcher.find()Z @ 34 c2
Event: 71.046 Thread 0x000001e40a64f530 DEOPT PACKING pc=0x000001e4152fc594 sp=0x0000006d019fe2a0
Event: 71.046 Thread 0x000001e40a64f530 DEOPT UNPACKING pc=0x000001e414d246a2 sp=0x0000006d019fe1f8 mode 2
Event: 71.047 Thread 0x000001e40a64f530 Uncommon trap: trap_request=0xffffff45 fr.pc=0x000001e4152defbc relative=0x000000000000039c
Event: 71.047 Thread 0x000001e40a64f530 Uncommon trap: reason=unstable_if action=reinterpret pc=0x000001e4152defbc method=java.util.regex.Pattern$NotBehind.match(Ljava/util/regex/Matcher;ILjava/lang/CharSequence;)Z @ 128 c2
Event: 71.047 Thread 0x000001e40a64f530 DEOPT PACKING pc=0x000001e4152defbc sp=0x0000006d019fe120
Event: 71.047 Thread 0x000001e40a64f530 DEOPT UNPACKING pc=0x000001e414d246a2 sp=0x0000006d019fe0d0 mode 2
Event: 71.561 Thread 0x000001e40a64f530 DEOPT PACKING pc=0x000001e40db5b190 sp=0x0000006d019fe870
Event: 71.561 Thread 0x000001e40a64f530 DEOPT UNPACKING pc=0x000001e414d24e42 sp=0x0000006d019fdcf0 mode 0
Event: 71.561 Thread 0x000001e40a64f530 DEOPT PACKING pc=0x000001e40db5b190 sp=0x0000006d019fe870
Event: 71.561 Thread 0x000001e40a64f530 DEOPT UNPACKING pc=0x000001e414d24e42 sp=0x0000006d019fdcf0 mode 0
Event: 71.568 Thread 0x000001e40a64f530 DEOPT PACKING pc=0x000001e40db5b190 sp=0x0000006d019fe870
Event: 71.568 Thread 0x000001e40a64f530 DEOPT UNPACKING pc=0x000001e414d24e42 sp=0x0000006d019fdcf0 mode 0
Event: 71.568 Thread 0x000001e40a64f530 DEOPT PACKING pc=0x000001e40db5b190 sp=0x0000006d019fe870
Event: 71.569 Thread 0x000001e40a64f530 DEOPT UNPACKING pc=0x000001e414d24e42 sp=0x0000006d019fdcf0 mode 0
Event: 75.061 Thread 0x000001e40a64f530 Uncommon trap: trap_request=0xffffff6e fr.pc=0x000001e4152bba54 relative=0x0000000000000414
Event: 75.061 Thread 0x000001e40a64f530 Uncommon trap: reason=loop_limit_check action=maybe_recompile pc=0x000001e4152bba54 method=java.lang.StringLatin1.indexOf([BI[BII)I @ 37 c2
Event: 75.061 Thread 0x000001e40a64f530 DEOPT PACKING pc=0x000001e4152bba54 sp=0x0000006d019fb010
Event: 75.404 Thread 0x000001e40a64f530 DEOPT UNPACKING pc=0x000001e414d246a2 sp=0x0000006d019faf70 mode 2

Classes loaded (20 events):
Event: 76.085 Loading class java/net/Inet6AddressImpl
Event: 76.085 Loading class java/net/InetAddressImpl
Event: 76.107 Loading class java/net/InetAddressImpl done
Event: 76.108 Loading class java/net/Inet6AddressImpl done
Event: 76.108 Loading class java/net/Inet4AddressImpl
Event: 76.111 Loading class java/net/Inet4AddressImpl done
Event: 76.111 Loading class java/net/spi/InetAddressResolver$LookupPolicy
Event: 76.111 Loading class java/net/spi/InetAddressResolver$LookupPolicy done
Event: 76.111 Loading class java/net/InetAddress$PlatformResolver
Event: 76.111 Loading class java/net/spi/InetAddressResolver
Event: 76.111 Loading class java/net/spi/InetAddressResolver done
Event: 76.111 Loading class java/net/InetAddress$PlatformResolver done
Event: 76.111 Loading class java/net/Inet4Address
Event: 76.112 Loading class java/net/Inet4Address done
Event: 76.112 Loading class java/net/Inet6Address
Event: 76.112 Loading class java/net/Inet6Address done
Event: 76.112 Loading class java/net/Inet6Address$Inet6AddressHolder
Event: 76.113 Loading class java/net/Inet6Address$Inet6AddressHolder done
Event: 76.113 Loading class java/net/DefaultInterface
Event: 76.113 Loading class java/net/DefaultInterface done

Classes unloaded (0 events):
No events

Classes redefined (0 events):
No events

Internal exceptions (20 events):
Event: 59.264 Thread 0x000001e40a64f530 Exception <a 'sun/nio/fs/WindowsException'{0x0000000711940fc8}> (0x0000000711940fc8) 
thrown [s\src\hotspot\share\prims\jni.cpp, line 537]
Event: 59.264 Thread 0x000001e40a64f530 Exception <a 'sun/nio/fs/WindowsException'{0x0000000711941570}> (0x0000000711941570) 
thrown [s\src\hotspot\share\prims\jni.cpp, line 537]
Event: 59.268 Thread 0x000001e40a64f530 Exception <a 'sun/nio/fs/WindowsException'{0x0000000711945988}> (0x0000000711945988) 
thrown [s\src\hotspot\share\prims\jni.cpp, line 537]
Event: 59.268 Thread 0x000001e40a64f530 Exception <a 'sun/nio/fs/WindowsException'{0x0000000711945f20}> (0x0000000711945f20) 
thrown [s\src\hotspot\share\prims\jni.cpp, line 537]
Event: 59.270 Thread 0x000001e40a64f530 Exception <a 'sun/nio/fs/WindowsException'{0x0000000711947c08}> (0x0000000711947c08) 
thrown [s\src\hotspot\share\prims\jni.cpp, line 537]
Event: 59.270 Thread 0x000001e40a64f530 Exception <a 'sun/nio/fs/WindowsException'{0x0000000711948210}> (0x0000000711948210) 
thrown [s\src\hotspot\share\prims\jni.cpp, line 537]
Event: 59.271 Thread 0x000001e40a64f530 Exception <a 'sun/nio/fs/WindowsException'{0x0000000711949a30}> (0x0000000711949a30) 
thrown [s\src\hotspot\share\prims\jni.cpp, line 537]
Event: 59.271 Thread 0x000001e40a64f530 Exception <a 'sun/nio/fs/WindowsException'{0x000000071194a310}> (0x000000071194a310) 
thrown [s\src\hotspot\share\prims\jni.cpp, line 537]
Event: 59.272 Thread 0x000001e40a64f530 Exception <a 'sun/nio/fs/WindowsException'{0x000000071194bc18}> (0x000000071194bc18) 
thrown [s\src\hotspot\share\prims\jni.cpp, line 537]
Event: 59.273 Thread 0x000001e40a64f530 Exception <a 'sun/nio/fs/WindowsException'{0x000000071194c568}> (0x000000071194c568) 
thrown [s\src\hotspot\share\prims\jni.cpp, line 537]
Event: 59.277 Thread 0x000001e40a64f530 Exception <a 'sun/nio/fs/WindowsException'{0x000000071194ea28}> (0x000000071194ea28) 
thrown [s\src\hotspot\share\prims\jni.cpp, line 537]
Event: 59.344 Thread 0x000001e40a64f530 Exception <a 'sun/nio/fs/WindowsException'{0x000000071194f3a0}> (0x000000071194f3a0) 
thrown [s\src\hotspot\share\prims\jni.cpp, line 537]
Event: 59.350 Thread 0x000001e40a64f530 Exception <a 'sun/nio/fs/WindowsException'{0x0000000711950ea8}> (0x0000000711950ea8) 
thrown [s\src\hotspot\share\prims\jni.cpp, line 537]
Event: 59.350 Thread 0x000001e40a64f530 Exception <a 'sun/nio/fs/WindowsException'{0x0000000711951af8}> (0x0000000711951af8) 
thrown [s\src\hotspot\share\prims\jni.cpp, line 537]
Event: 67.634 Thread 0x000001e40a64f530 Exception <a 'java/lang/NoSuchMethodError'{0x000000071133ece0}: 'java.lang.Object java.lang.invoke.DirectMethodHandle$Holder.newInvokeSpecial(java.lang.Object, double)'> (0x000000071133ece0) 
thrown [s\src\hotspot\share\interpreter\linkResolver.cpp, line 784]
Event: 69.406 Thread 0x000001e40a64f530 Exception <a 'sun/nio/fs/WindowsException'{0x000000071104e158}> (0x000000071104e158) 
thrown [s\src\hotspot\share\prims\jni.cpp, line 537]
Event: 69.407 Thread 0x000001e40a64f530 Exception <a 'java/lang/NoSuchMethodError'{0x000000071104ed28}: 'int java.lang.invoke.DirectMethodHandle$Holder.invokeInterface(java.lang.Object, java.lang.Object)'> (0x000000071104ed28) 
thrown [s\src\hotspot\share\interpreter\linkResolver.cpp, line 784]
Event: 69.410 Thread 0x000001e40a64f530 Exception <a 'java/lang/NoSuchMethodError'{0x00000007110583d0}: 'void java.lang.invoke.DirectMethodHandle$Holder.invokeStatic(java.lang.Object, int, java.lang.Object)'> (0x00000007110583d0) 
thrown [s\src\hotspot\share\interpreter\linkResolver.cpp, line 784]
Event: 69.753 Thread 0x000001e40a64f530 Exception <a 'java/lang/NoSuchMethodError'{0x0000000711069e98}: 'java.lang.Object java.lang.invoke.DirectMethodHandle$Holder.newInvokeSpecial(java.lang.Object, java.lang.Object, java.lang.Object, java.lang.Object, java.lang.Object, java.lang.Object)'> (0x0000000711069e98) 
thrown [s\src\hotspot\share\interpreter\linkResolver.cpp, line 784]
Event: 69.793 Thread 0x000001e429408250 Implicit null exception at 0x000001e41530dd87 to 0x000001e41530de84

ZGC Phase Switch (0 events):
No events

VM Operations (20 events):
Event: 67.210 Executing VM operation: HandshakeAllThreads (Deoptimize)
Event: 67.210 Executing VM operation: HandshakeAllThreads (Deoptimize) done
Event: 67.630 Executing VM operation: HandshakeAllThreads (Deoptimize)
Event: 67.630 Executing VM operation: HandshakeAllThreads (Deoptimize) done
Event: 68.637 Executing VM operation: Cleanup
Event: 68.652 Executing VM operation: Cleanup done
Event: 69.661 Executing VM operation: Cleanup
Event: 69.747 Executing VM operation: Cleanup done
Event: 70.779 Executing VM operation: Cleanup
Event: 70.912 Executing VM operation: Cleanup done
Event: 71.935 Executing VM operation: Cleanup
Event: 72.051 Executing VM operation: Cleanup done
Event: 73.064 Executing VM operation: Cleanup
Event: 74.441 Executing VM operation: Cleanup done
Event: 75.446 Executing VM operation: Cleanup
Event: 75.446 Executing VM operation: Cleanup done
Event: 76.083 Executing VM operation: HandshakeAllThreads (Deoptimize)
Event: 76.083 Executing VM operation: HandshakeAllThreads (Deoptimize) done
Event: 77.085 Executing VM operation: Cleanup
Event: 77.085 Executing VM operation: Cleanup done

Memory protections (0 events):
No events

Nmethod flushes (0 events):
No events

Events (20 events):
Event: 69.831 Thread 0x000001e429724740 Thread exited: 0x000001e429724740
Event: 69.855 Thread 0x000001e429722d00 Thread exited: 0x000001e429722d00
Event: 69.880 Thread 0x000001e429bf0fd0 Thread exited: 0x000001e429bf0fd0
Event: 69.880 Thread 0x000001e429408250 Thread exited: 0x000001e429408250
Event: 69.880 Thread 0x000001e42983c970 Thread exited: 0x000001e42983c970
Event: 69.880 Thread 0x000001e4295c0f20 Thread exited: 0x000001e4295c0f20
Event: 69.880 Thread 0x000001e42983d000 Thread exited: 0x000001e42983d000
Event: 69.907 Thread 0x000001e429407be0 Thread exited: 0x000001e429407be0
Event: 70.212 Thread 0x000001e4295c0240 Thread exited: 0x000001e4295c0240
Event: 70.214 Thread 0x000001e42983af30 Thread exited: 0x000001e42983af30
Event: 70.215 Thread 0x000001e4295c08b0 Thread exited: 0x000001e4295c08b0
Event: 70.220 Thread 0x000001e42983b5c0 Thread exited: 0x000001e42983b5c0
Event: 70.220 Thread 0x000001e42983d690 Thread exited: 0x000001e42983d690
Event: 70.225 Thread 0x000001e42983c2e0 Thread exited: 0x000001e42983c2e0
Event: 70.225 Thread 0x000001e42983a8a0 Thread exited: 0x000001e42983a8a0
Event: 70.226 Thread 0x000001e429722670 Thread exited: 0x000001e429722670
Event: 70.227 Thread 0x000001e429723390 Thread exited: 0x000001e429723390
Event: 70.400 Thread 0x000001e429407570 Thread exited: 0x000001e429407570
Event: 71.221 Thread 0x000001e42465c760 Thread added: 0x000001e429b79a30
Event: 71.403 Thread 0x000001e429b79a30 Thread exited: 0x000001e429b79a30


Dynamic libraries:
0x00007ff78cc40000 - 0x00007ff78cc4a000 	C:\Program Files\Android\Android Studio\jbr\bin\java.exe
0x00007ffe258a0000 - 0x00007ffe25b08000 	C:\WINDOWS\SYSTEM32\ntdll.dll
0x00007ffe24e80000 - 0x00007ffe24f49000 	C:\WINDOWS\System32\KERNEL32.DLL
0x00007ffe229f0000 - 0x00007ffe22de8000 	C:\WINDOWS\System32\KERNELBASE.dll
0x00007ffe23460000 - 0x00007ffe235ab000 	C:\WINDOWS\System32\ucrtbase.dll
0x00007ffdf3c20000 - 0x00007ffdf3c38000 	C:\Program Files\Android\Android Studio\jbr\bin\jli.dll
0x00007ffe241c0000 - 0x00007ffe24387000 	C:\WINDOWS\System32\USER32.dll
0x00007ffe23150000 - 0x00007ffe23177000 	C:\WINDOWS\System32\win32u.dll
0x00007ffe24190000 - 0x00007ffe241bb000 	C:\WINDOWS\System32\GDI32.dll
0x00007ffe22df0000 - 0x00007ffe22f1c000 	C:\WINDOWS\System32\gdi32full.dll
0x00007ffe233b0000 - 0x00007ffe23453000 	C:\WINDOWS\System32\msvcp_win.dll
0x00007ffe0fbb0000 - 0x00007ffe0fbcb000 	C:\Program Files\Android\Android Studio\jbr\bin\VCRUNTIME140.dll
0x00007ffe0af30000 - 0x00007ffe0b1c4000 	C:\WINDOWS\WinSxS\amd64_microsoft.windows.common-controls_6595b64144ccf1df_6.0.26100.7019_none_3e06ffa0e335b8a8\COMCTL32.dll
0x00007ffe240e0000 - 0x00007ffe24189000 	C:\WINDOWS\System32\msvcrt.dll
0x00007ffe25450000 - 0x00007ffe25481000 	C:\WINDOWS\System32\IMM32.DLL
0x00007ffe0fba0000 - 0x00007ffe0fbac000 	C:\Program Files\Android\Android Studio\jbr\bin\vcruntime140_1.dll
0x00007ffd6dc70000 - 0x00007ffd6dcfd000 	C:\Program Files\Android\Android Studio\jbr\bin\msvcp140.dll
0x00007ffd65fa0000 - 0x00007ffd66c2e000 	C:\Program Files\Android\Android Studio\jbr\bin\server\jvm.dll
0x00007ffe254f0000 - 0x00007ffe255a4000 	C:\WINDOWS\System32\ADVAPI32.dll
0x00007ffe251f0000 - 0x00007ffe25296000 	C:\WINDOWS\System32\sechost.dll
0x00007ffe24bf0000 - 0x00007ffe24d08000 	C:\WINDOWS\System32\RPCRT4.dll
0x00007ffe25170000 - 0x00007ffe251e4000 	C:\WINDOWS\System32\WS2_32.dll
0x00007ffe22850000 - 0x00007ffe228ae000 	C:\WINDOWS\SYSTEM32\POWRPROF.dll
0x00007ffe0b260000 - 0x00007ffe0b295000 	C:\WINDOWS\SYSTEM32\WINMM.dll
0x00007ffe12180000 - 0x00007ffe1218b000 	C:\WINDOWS\SYSTEM32\VERSION.dll
0x00007ffe22830000 - 0x00007ffe22844000 	C:\WINDOWS\SYSTEM32\UMPDC.dll
0x00007ffe21770000 - 0x00007ffe2178b000 	C:\WINDOWS\SYSTEM32\kernel.appcore.dll
0x00007ffde9100000 - 0x00007ffde910a000 	C:\Program Files\Android\Android Studio\jbr\bin\jimage.dll
0x00007ffe1d220000 - 0x00007ffe1d462000 	C:\WINDOWS\SYSTEM32\DBGHELP.DLL
0x00007ffe23b20000 - 0x00007ffe23eab000 	C:\WINDOWS\System32\combase.dll
0x00007ffe24f50000 - 0x00007ffe25027000 	C:\WINDOWS\System32\OLEAUT32.dll
0x00007ffe058d0000 - 0x00007ffe0590c000 	C:\WINDOWS\SYSTEM32\dbgcore.DLL
0x00007ffe22f20000 - 0x00007ffe22fc5000 	C:\WINDOWS\System32\bcryptPrimitives.dll
0x00007ffdc5860000 - 0x00007ffdc5880000 	C:\Program Files\Android\Android Studio\jbr\bin\java.dll
0x00007ffdc56f0000 - 0x00007ffdc5708000 	C:\Program Files\Android\Android Studio\jbr\bin\zip.dll
0x00007ffe24490000 - 0x00007ffe24bdf000 	C:\WINDOWS\System32\SHELL32.dll
0x00007ffe23240000 - 0x00007ffe233ab000 	C:\WINDOWS\System32\wintypes.dll
0x00007ffe205d0000 - 0x00007ffe20e2d000 	C:\WINDOWS\SYSTEM32\windows.storage.dll
0x00007ffe24390000 - 0x00007ffe24482000 	C:\WINDOWS\System32\SHCORE.dll
0x00007ffe23eb0000 - 0x00007ffe23f17000 	C:\WINDOWS\System32\shlwapi.dll
0x00007ffe22910000 - 0x00007ffe22939000 	C:\WINDOWS\SYSTEM32\profapi.dll
0x00007ffde7400000 - 0x00007ffde7410000 	C:\Program Files\Android\Android Studio\jbr\bin\net.dll
0x00007ffe13e10000 - 0x00007ffe13f38000 	C:\WINDOWS\SYSTEM32\WINHTTP.dll
0x00007ffe21cc0000 - 0x00007ffe21d2b000 	C:\WINDOWS\system32\mswsock.dll
0x00007ffdc56d0000 - 0x00007ffdc56e6000 	C:\Program Files\Android\Android Studio\jbr\bin\nio.dll
0x00007ffe220b0000 - 0x00007ffe220cb000 	C:\WINDOWS\SYSTEM32\CRYPTSP.dll
0x00007ffe216d0000 - 0x00007ffe2170a000 	C:\WINDOWS\system32\rsaenh.dll
0x00007ffe21d70000 - 0x00007ffe21d9b000 	C:\WINDOWS\SYSTEM32\USERENV.dll
0x00007ffe228e0000 - 0x00007ffe2290a000 	C:\WINDOWS\SYSTEM32\bcrypt.dll
0x00007ffe21f10000 - 0x00007ffe21f1c000 	C:\WINDOWS\SYSTEM32\CRYPTBASE.dll

dbghelp: loaded successfully - version: 4.0.5 - missing functions: none
symbol engine: initialized successfully - sym options: 0x614 - pdb path: .;C:\Program Files\Android\Android Studio\jbr\bin;C:\WINDOWS\SYSTEM32;C:\WINDOWS\WinSxS\amd64_microsoft.windows.common-controls_6595b64144ccf1df_6.0.26100.7019_none_3e06ffa0e335b8a8;C:\Program Files\Android\Android Studio\jbr\bin\server

VM Arguments:
jvm_args: -Dcom.android.sdklib.toolsdir=C:\SDK\cmdline-tools\latest\bin\\.. 
java_command: com.android.sdklib.tool.sdkmanager.SdkManagerCli --licenses
java_class_path (initial): C:\SDK\cmdline-tools\latest\bin\..\lib\sdkmanager-classpath.jar
Launcher Type: SUN_STANDARD

[Global flags]
     intx CICompilerCount                          = 4                                         {product} {ergonomic}
     uint ConcGCThreads                            = 2                                         {product} {ergonomic}
     uint G1ConcRefinementThreads                  = 8                                         {product} {ergonomic}
   size_t G1HeapRegionSize                         = 2097152                                   {product} {ergonomic}
    uintx GCDrainStackTargetSize                   = 64                                        {product} {ergonomic}
   size_t InitialHeapSize                          = 266338304                                 {product} {ergonomic}
   size_t MarkStackSize                            = 4194304                                   {product} {ergonomic}
   size_t MaxHeapSize                              = 4255121408                                {product} {ergonomic}
   size_t MaxNewSize                               = 2552233984                                {product} {ergonomic}
   size_t MinHeapDeltaBytes                        = 2097152                                   {product} {ergonomic}
   size_t MinHeapSize                              = 8388608                                   {product} {ergonomic}
    uintx NonNMethodCodeHeapSize                   = 5839372                                {pd product} {ergonomic}
    uintx NonProfiledCodeHeapSize                  = 122909434                              {pd product} {ergonomic}
    uintx ProfiledCodeHeapSize                     = 122909434                              {pd product} {ergonomic}
    uintx ReservedCodeCacheSize                    = 251658240                              {pd product} {ergonomic}
     bool SegmentedCodeCache                       = true                                      {product} {ergonomic}
   size_t SoftMaxHeapSize                          = 4255121408                             {manageable} {ergonomic}
     bool UseCompressedOops                        = true                           {product lp64_product} {ergonomic}
     bool UseG1GC                                  = true                                      {product} {ergonomic}
     bool UseLargePagesIndividualAllocation        = false                                  {pd product} {ergonomic}

Logging:
Log output configuration:
 #0: stdout all=warning uptime,level,tags foldmultilines=false
 #1: stderr all=off uptime,level,tags foldmultilines=false

Environment Variables:
JAVA_HOME=C:\Program Files\Android\Android Studio\jbr
CLASSPATH=C:\SDK\cmdline-tools\latest\bin\..\lib\sdkmanager-classpath.jar
PATH=C:\Program Files\Android\Android Studio\jbr\bin;C:\Program Files\Common Files\Oracle\Java\javapath;C:\Java\jdk-21\bin;C:\Python313\Scripts\;C:\Python313\;C:\WINDOWS\system32;C:\WINDOWS;C:\WINDOWS\System32\Wbem;C:\WINDOWS\System32\WindowsPowerShell\v1.0\;C:\WINDOWS\System32\OpenSSH\;C:\Program Files\nodejs\;C:\ProgramData\chocolatey\bin;C:\Program Files\Git\cmd;C:\flutter\bin;C:\SDK\cmdline-tools\latest\bin;C:\SDK\platform-tools;C:\SDK\build-tools\36.1.0-rc1;C:\Java\jdk-21\BIN;C:\Users\Nkosinathi Radebe\.wasmer\bin;C:\Users\Nkosinathi Radebe\.wasmer\globals\wapm_packages\.bin;C:\Users\Nkosinathi Radebe\AppData\Local\Pub\Cache\bin;C:\Users\Nkosinathi Radebe\AppData\Roaming\npm;C:\Program Files\cursor\resources\app\bin;c:\Users\Nkosinathi Radebe\AppData\Local\Programs\Trae\bin;C:\Java\jdk-21\bin;C:\Python313\Scripts\;C:\Python313\;C:\WINDOWS\system32;C:\WINDOWS;C:\WINDOWS\System32\Wbem;C:\WINDOWS\System32\WindowsPowerShell\v1.0\;C:\WINDOWS\System32\OpenSSH\;C:\Program Files\nodejs\;C:\ProgramData\chocolatey\bin;C:\Program Files\Git\cmd;C:\flutter\bin;C:\SDK\cmdline-tools\latest\bin;C:\SDK\platform-tools;C:\SDK\build-tools\36.1.0-rc1;C:\Java\jdk-21\bin;C:\Python313\Scripts\;C:\Python313\;C:\WINDOWS\system32;C:\WINDOWS;C:\WINDOWS\System32\Wbem;C:\WINDOWS\System32\WindowsPowerShell\v1.0\;C:\WINDOWS\System32\OpenSSH\;C:\Program Files\nodejs\;C:\ProgramData\chocolatey\bin;C:\Program Files\Git\cmd;C:\flutter\bin;C:\SDK\cmdline-tools\latest\bin;C:\SDK\platform-tools;C:\SDK\build-tools\36.1.0-rc1;C:\Users\Nkosinathi Radebe\.wasmer\bin;C:\Users\Nkosinathi Radebe\AppData\Local\Pub\Cache\bin;C:\Users\Nkosinahi Radebe\AppData\Roaming\npm;C:\Users\Nkosinathi Radebe\AppData\Local\Programs\Windsurf\bin;C:\flutter\bin\mingit\cmd
USERNAME=Nkosinathi Radebe
OS=Windows_NT
PROCESSOR_IDENTIFIER=Intel64 Family 6 Model 142 Stepping 12, GenuineIntel
TMP=C:\Users\NKOSIN~1\AppData\Local\Temp
TEMP=C:\Users\NKOSIN~1\AppData\Local\Temp




Periodic native trim disabled

JNI global refs:
JNI global refs: 18, weak refs: 0

JNI global refs memory usage: 835, weak refs: 201

Process memory usage:
Resident Set Size: 103428K (0% of 16620632K total physical memory with 1584768K free physical memory)

OOME stack traces (most recent first):
Classloader memory used:
Loader bootstrap                                                                       : 13641K
Loader jdk.internal.loader.ClassLoaders$AppClassLoader                                 : 6238K
Loader jdk.internal.loader.ClassLoaders$PlatformClassLoader                            : 2696B

---------------  S Y S T E M  ---------------

OS:
 Windows 11 , 64 bit Build 26100 (10.0.26100.7019)
OS uptime: 0 days 10:59 hours
Hyper-V role detected

CPU: total 8 (initial active 8) (4 cores per cpu, 2 threads per core) family 6 model 142 stepping 12 microcode 0xde, cx8, cmov, fxsr, ht, mmx, 3dnowpref, sse, sse2, sse3, ssse3, sse4.1, sse4.2, popcnt, lzcnt, tsc, tscinvbit, avx, avx2, aes, erms, clmul, bmi1, bmi2, adx, fma, vzeroupper, clflush, clflushopt, hv, rdtscp, f16c
Processor Information for the first 8 processors :
  Max Mhz: 1800, Current Mhz: 1600, Mhz Limit: 1584

Memory: 4k page, system-wide physical 16231M (1543M free)
TotalPageFile size 46498M (AvailPageFile size 3725M)
current process WorkingSet (physical memory assigned to process): 101M, peak: 104M
current process commit charge ("private bytes"): 358M, peak: 364M

vm_info: OpenJDK 64-Bit Server VM (21.0.7+-13880790-b1038.58) for windows-amd64 JRE (21.0.7+-13880790-b1038.58), built on 2025-08-04T20:56:21Z by "builder" with MS VC++ 16.10 / 16.11 (VS2019)

END.
